[DEBUG] 2018-02-12 18:26:50.420 [main] IntegratorServiceImpl - Adding Integrator [org.hibernate.cfg.beanvalidation.BeanValidationIntegrator].
[DEBUG] 2018-02-12 18:26:50.433 [main] IntegratorServiceImpl - Adding Integrator [org.hibernate.secure.spi.JaccIntegrator].
[DEBUG] 2018-02-12 18:26:50.440 [main] IntegratorServiceImpl - Adding Integrator [org.hibernate.cache.internal.CollectionCacheInvalidator].
[INFO ] 2018-02-12 18:26:50.604 [main] Version - HHH000412: Hibernate Core {5.2.12.Final}
[INFO ] 2018-02-12 18:26:50.606 [main] Environment - HHH000206: hibernate.properties not found
[DEBUG] 2018-02-12 18:26:50.669 [main] LocalXmlResourceResolver - Interpreting public/system identifier : [-//Hibernate/Hibernate Configuration DTD//EN] - [http://www.hibernate.org/dtd/hibernate-configuration-3.0.dtd]
[DEBUG] 2018-02-12 18:26:50.673 [main] LocalXmlResourceResolver - Recognized hibernate-configuration identifier; attempting to resolve on classpath under org/hibernate/
[DEBUG] 2018-02-12 18:26:50.681 [main] JaxbCfgProcessor - cfg.xml document did not define namespaces; wrapping in custom event reader to introduce namespace information
[DEBUG] 2018-02-12 18:26:51.083 [main] ServiceBinding - Overriding existing service binding [org.hibernate.secure.spi.JaccService]
[DEBUG] 2018-02-12 18:26:51.144 [main] RegionFactoryInitiator - Cache region factory : org.hibernate.cache.internal.NoCachingRegionFactory
[INFO ] 2018-02-12 18:26:51.167 [main] Version - HCANN000001: Hibernate Commons Annotations {5.0.1.Final}
[DEBUG] 2018-02-12 18:26:51.220 [main] BasicTypeRegistry - Adding type registration boolean -> org.hibernate.type.BooleanType@238d68ff
[DEBUG] 2018-02-12 18:26:51.220 [main] BasicTypeRegistry - Adding type registration boolean -> org.hibernate.type.BooleanType@238d68ff
[DEBUG] 2018-02-12 18:26:51.220 [main] BasicTypeRegistry - Adding type registration java.lang.Boolean -> org.hibernate.type.BooleanType@238d68ff
[DEBUG] 2018-02-12 18:26:51.221 [main] BasicTypeRegistry - Adding type registration numeric_boolean -> org.hibernate.type.NumericBooleanType@76b07f29
[DEBUG] 2018-02-12 18:26:51.224 [main] BasicTypeRegistry - Adding type registration true_false -> org.hibernate.type.TrueFalseType@7d61eb55
[DEBUG] 2018-02-12 18:26:51.225 [main] BasicTypeRegistry - Adding type registration yes_no -> org.hibernate.type.YesNoType@4c2bb6e0
[DEBUG] 2018-02-12 18:26:51.227 [main] BasicTypeRegistry - Adding type registration byte -> org.hibernate.type.ByteType@536dbea0
[DEBUG] 2018-02-12 18:26:51.227 [main] BasicTypeRegistry - Adding type registration byte -> org.hibernate.type.ByteType@536dbea0
[DEBUG] 2018-02-12 18:26:51.228 [main] BasicTypeRegistry - Adding type registration java.lang.Byte -> org.hibernate.type.ByteType@536dbea0
[DEBUG] 2018-02-12 18:26:51.231 [main] BasicTypeRegistry - Adding type registration character -> org.hibernate.type.CharacterType@18ece7f4
[DEBUG] 2018-02-12 18:26:51.232 [main] BasicTypeRegistry - Adding type registration char -> org.hibernate.type.CharacterType@18ece7f4
[DEBUG] 2018-02-12 18:26:51.233 [main] BasicTypeRegistry - Adding type registration java.lang.Character -> org.hibernate.type.CharacterType@18ece7f4
[DEBUG] 2018-02-12 18:26:51.235 [main] BasicTypeRegistry - Adding type registration short -> org.hibernate.type.ShortType@35b74c5c
[DEBUG] 2018-02-12 18:26:51.236 [main] BasicTypeRegistry - Adding type registration short -> org.hibernate.type.ShortType@35b74c5c
[DEBUG] 2018-02-12 18:26:51.236 [main] BasicTypeRegistry - Adding type registration java.lang.Short -> org.hibernate.type.ShortType@35b74c5c
[DEBUG] 2018-02-12 18:26:51.238 [main] BasicTypeRegistry - Adding type registration integer -> org.hibernate.type.IntegerType@1169afe1
[DEBUG] 2018-02-12 18:26:51.239 [main] BasicTypeRegistry - Adding type registration int -> org.hibernate.type.IntegerType@1169afe1
[DEBUG] 2018-02-12 18:26:51.239 [main] BasicTypeRegistry - Adding type registration java.lang.Integer -> org.hibernate.type.IntegerType@1169afe1
[DEBUG] 2018-02-12 18:26:51.241 [main] BasicTypeRegistry - Adding type registration long -> org.hibernate.type.LongType@72d6b3ba
[DEBUG] 2018-02-12 18:26:51.241 [main] BasicTypeRegistry - Adding type registration long -> org.hibernate.type.LongType@72d6b3ba
[DEBUG] 2018-02-12 18:26:51.241 [main] BasicTypeRegistry - Adding type registration java.lang.Long -> org.hibernate.type.LongType@72d6b3ba
[DEBUG] 2018-02-12 18:26:51.243 [main] BasicTypeRegistry - Adding type registration float -> org.hibernate.type.FloatType@478db956
[DEBUG] 2018-02-12 18:26:51.243 [main] BasicTypeRegistry - Adding type registration float -> org.hibernate.type.FloatType@478db956
[DEBUG] 2018-02-12 18:26:51.244 [main] BasicTypeRegistry - Adding type registration java.lang.Float -> org.hibernate.type.FloatType@478db956
[DEBUG] 2018-02-12 18:26:51.246 [main] BasicTypeRegistry - Adding type registration double -> org.hibernate.type.DoubleType@19b843ba
[DEBUG] 2018-02-12 18:26:51.246 [main] BasicTypeRegistry - Adding type registration double -> org.hibernate.type.DoubleType@19b843ba
[DEBUG] 2018-02-12 18:26:51.247 [main] BasicTypeRegistry - Adding type registration java.lang.Double -> org.hibernate.type.DoubleType@19b843ba
[DEBUG] 2018-02-12 18:26:51.248 [main] BasicTypeRegistry - Adding type registration big_decimal -> org.hibernate.type.BigDecimalType@3cfdd820
[DEBUG] 2018-02-12 18:26:51.248 [main] BasicTypeRegistry - Adding type registration java.math.BigDecimal -> org.hibernate.type.BigDecimalType@3cfdd820
[DEBUG] 2018-02-12 18:26:51.250 [main] BasicTypeRegistry - Adding type registration big_integer -> org.hibernate.type.BigIntegerType@dc9876b
[DEBUG] 2018-02-12 18:26:51.250 [main] BasicTypeRegistry - Adding type registration java.math.BigInteger -> org.hibernate.type.BigIntegerType@dc9876b
[DEBUG] 2018-02-12 18:26:51.251 [main] BasicTypeRegistry - Adding type registration string -> org.hibernate.type.StringType@57a3e26a
[DEBUG] 2018-02-12 18:26:51.251 [main] BasicTypeRegistry - Adding type registration java.lang.String -> org.hibernate.type.StringType@57a3e26a
[DEBUG] 2018-02-12 18:26:51.252 [main] BasicTypeRegistry - Adding type registration nstring -> org.hibernate.type.StringNVarcharType@3b5fad2d
[DEBUG] 2018-02-12 18:26:51.253 [main] BasicTypeRegistry - Adding type registration ncharacter -> org.hibernate.type.CharacterNCharType@74f6c5d8
[DEBUG] 2018-02-12 18:26:51.255 [main] BasicTypeRegistry - Adding type registration url -> org.hibernate.type.UrlType@4bbf6d0e
[DEBUG] 2018-02-12 18:26:51.255 [main] BasicTypeRegistry - Adding type registration java.net.URL -> org.hibernate.type.UrlType@4bbf6d0e
[DEBUG] 2018-02-12 18:26:51.257 [main] BasicTypeRegistry - Adding type registration Duration -> org.hibernate.type.DurationType@13bc8645
[DEBUG] 2018-02-12 18:26:51.257 [main] BasicTypeRegistry - Adding type registration java.time.Duration -> org.hibernate.type.DurationType@13bc8645
[DEBUG] 2018-02-12 18:26:51.288 [main] BasicTypeRegistry - Adding type registration Instant -> org.hibernate.type.InstantType@5f20155b
[DEBUG] 2018-02-12 18:26:51.289 [main] BasicTypeRegistry - Adding type registration java.time.Instant -> org.hibernate.type.InstantType@5f20155b
[DEBUG] 2018-02-12 18:26:51.292 [main] BasicTypeRegistry - Adding type registration LocalDateTime -> org.hibernate.type.LocalDateTimeType@7d94beb9
[DEBUG] 2018-02-12 18:26:51.294 [main] BasicTypeRegistry - Adding type registration java.time.LocalDateTime -> org.hibernate.type.LocalDateTimeType@7d94beb9
[DEBUG] 2018-02-12 18:26:51.299 [main] BasicTypeRegistry - Adding type registration LocalDate -> org.hibernate.type.LocalDateType@4d6025c5
[DEBUG] 2018-02-12 18:26:51.300 [main] BasicTypeRegistry - Adding type registration java.time.LocalDate -> org.hibernate.type.LocalDateType@4d6025c5
[DEBUG] 2018-02-12 18:26:51.313 [main] BasicTypeRegistry - Adding type registration LocalTime -> org.hibernate.type.LocalTimeType@4f4c4b1a
[DEBUG] 2018-02-12 18:26:51.313 [main] BasicTypeRegistry - Adding type registration java.time.LocalTime -> org.hibernate.type.LocalTimeType@4f4c4b1a
[DEBUG] 2018-02-12 18:26:51.316 [main] BasicTypeRegistry - Adding type registration OffsetDateTime -> org.hibernate.type.OffsetDateTimeType@4fa1c212
[DEBUG] 2018-02-12 18:26:51.316 [main] BasicTypeRegistry - Adding type registration java.time.OffsetDateTime -> org.hibernate.type.OffsetDateTimeType@4fa1c212
[DEBUG] 2018-02-12 18:26:51.318 [main] BasicTypeRegistry - Adding type registration OffsetTime -> org.hibernate.type.OffsetTimeType@352ff4da
[DEBUG] 2018-02-12 18:26:51.318 [main] BasicTypeRegistry - Adding type registration java.time.OffsetTime -> org.hibernate.type.OffsetTimeType@352ff4da
[DEBUG] 2018-02-12 18:26:51.325 [main] BasicTypeRegistry - Adding type registration ZonedDateTime -> org.hibernate.type.ZonedDateTimeType@1cd629b3
[DEBUG] 2018-02-12 18:26:51.325 [main] BasicTypeRegistry - Adding type registration java.time.ZonedDateTime -> org.hibernate.type.ZonedDateTimeType@1cd629b3
[DEBUG] 2018-02-12 18:26:51.330 [main] BasicTypeRegistry - Adding type registration date -> org.hibernate.type.DateType@1cb346ea
[DEBUG] 2018-02-12 18:26:51.330 [main] BasicTypeRegistry - Adding type registration java.sql.Date -> org.hibernate.type.DateType@1cb346ea
[DEBUG] 2018-02-12 18:26:51.332 [main] BasicTypeRegistry - Adding type registration time -> org.hibernate.type.TimeType@e3c0e40
[DEBUG] 2018-02-12 18:26:51.332 [main] BasicTypeRegistry - Adding type registration java.sql.Time -> org.hibernate.type.TimeType@e3c0e40
[DEBUG] 2018-02-12 18:26:51.336 [main] BasicTypeRegistry - Adding type registration timestamp -> org.hibernate.type.TimestampType@11d8ae8b
[DEBUG] 2018-02-12 18:26:51.337 [main] BasicTypeRegistry - Adding type registration java.sql.Timestamp -> org.hibernate.type.TimestampType@11d8ae8b
[DEBUG] 2018-02-12 18:26:51.337 [main] BasicTypeRegistry - Adding type registration java.util.Date -> org.hibernate.type.TimestampType@11d8ae8b
[DEBUG] 2018-02-12 18:26:51.341 [main] BasicTypeRegistry - Adding type registration dbtimestamp -> org.hibernate.type.DbTimestampType@2b72cb8a
[DEBUG] 2018-02-12 18:26:51.342 [main] BasicTypeRegistry - Adding type registration calendar -> org.hibernate.type.CalendarType@4bf48f6
[DEBUG] 2018-02-12 18:26:51.343 [main] BasicTypeRegistry - Adding type registration java.util.Calendar -> org.hibernate.type.CalendarType@4bf48f6
[DEBUG] 2018-02-12 18:26:51.343 [main] BasicTypeRegistry - Adding type registration java.util.GregorianCalendar -> org.hibernate.type.CalendarType@4bf48f6
[DEBUG] 2018-02-12 18:26:51.344 [main] BasicTypeRegistry - Adding type registration calendar_date -> org.hibernate.type.CalendarDateType@62833051
[DEBUG] 2018-02-12 18:26:51.345 [main] BasicTypeRegistry - Adding type registration locale -> org.hibernate.type.LocaleType@13b3d178
[DEBUG] 2018-02-12 18:26:51.348 [main] BasicTypeRegistry - Adding type registration java.util.Locale -> org.hibernate.type.LocaleType@13b3d178
[DEBUG] 2018-02-12 18:26:51.349 [main] BasicTypeRegistry - Adding type registration currency -> org.hibernate.type.CurrencyType@51c693d
[DEBUG] 2018-02-12 18:26:51.349 [main] BasicTypeRegistry - Adding type registration java.util.Currency -> org.hibernate.type.CurrencyType@51c693d
[DEBUG] 2018-02-12 18:26:51.351 [main] BasicTypeRegistry - Adding type registration timezone -> org.hibernate.type.TimeZoneType@7fc4780b
[DEBUG] 2018-02-12 18:26:51.351 [main] BasicTypeRegistry - Adding type registration java.util.TimeZone -> org.hibernate.type.TimeZoneType@7fc4780b
[DEBUG] 2018-02-12 18:26:51.352 [main] BasicTypeRegistry - Adding type registration class -> org.hibernate.type.ClassType@6b6776cb
[DEBUG] 2018-02-12 18:26:51.352 [main] BasicTypeRegistry - Adding type registration java.lang.Class -> org.hibernate.type.ClassType@6b6776cb
[DEBUG] 2018-02-12 18:26:51.354 [main] BasicTypeRegistry - Adding type registration uuid-binary -> org.hibernate.type.UUIDBinaryType@4a3631f8
[DEBUG] 2018-02-12 18:26:51.355 [main] BasicTypeRegistry - Adding type registration java.util.UUID -> org.hibernate.type.UUIDBinaryType@4a3631f8
[DEBUG] 2018-02-12 18:26:51.355 [main] BasicTypeRegistry - Adding type registration uuid-char -> org.hibernate.type.UUIDCharType@52e7a6b2
[DEBUG] 2018-02-12 18:26:51.357 [main] BasicTypeRegistry - Adding type registration binary -> org.hibernate.type.BinaryType@44a59da3
[DEBUG] 2018-02-12 18:26:51.357 [main] BasicTypeRegistry - Adding type registration byte[] -> org.hibernate.type.BinaryType@44a59da3
[DEBUG] 2018-02-12 18:26:51.357 [main] BasicTypeRegistry - Adding type registration [B -> org.hibernate.type.BinaryType@44a59da3
[DEBUG] 2018-02-12 18:26:51.359 [main] BasicTypeRegistry - Adding type registration wrapper-binary -> org.hibernate.type.WrapperBinaryType@4b5189ac
[DEBUG] 2018-02-12 18:26:51.359 [main] BasicTypeRegistry - Adding type registration Byte[] -> org.hibernate.type.WrapperBinaryType@4b5189ac
[DEBUG] 2018-02-12 18:26:51.359 [main] BasicTypeRegistry - Adding type registration [Ljava.lang.Byte; -> org.hibernate.type.WrapperBinaryType@4b5189ac
[DEBUG] 2018-02-12 18:26:51.360 [main] BasicTypeRegistry - Adding type registration row_version -> org.hibernate.type.RowVersionType@404bbcbd
[DEBUG] 2018-02-12 18:26:51.361 [main] BasicTypeRegistry - Adding type registration image -> org.hibernate.type.ImageType@a307a8c
[DEBUG] 2018-02-12 18:26:51.371 [main] BasicTypeRegistry - Adding type registration characters -> org.hibernate.type.CharArrayType@421e361
[DEBUG] 2018-02-12 18:26:51.371 [main] BasicTypeRegistry - Adding type registration char[] -> org.hibernate.type.CharArrayType@421e361
[DEBUG] 2018-02-12 18:26:51.371 [main] BasicTypeRegistry - Adding type registration [C -> org.hibernate.type.CharArrayType@421e361
[DEBUG] 2018-02-12 18:26:51.374 [main] BasicTypeRegistry - Adding type registration wrapper-characters -> org.hibernate.type.CharacterArrayType@4b34fff9
[DEBUG] 2018-02-12 18:26:51.374 [main] BasicTypeRegistry - Adding type registration [Ljava.lang.Character; -> org.hibernate.type.CharacterArrayType@4b34fff9
[DEBUG] 2018-02-12 18:26:51.374 [main] BasicTypeRegistry - Adding type registration Character[] -> org.hibernate.type.CharacterArrayType@4b34fff9
[DEBUG] 2018-02-12 18:26:51.375 [main] BasicTypeRegistry - Adding type registration text -> org.hibernate.type.TextType@57c03d88
[DEBUG] 2018-02-12 18:26:51.376 [main] BasicTypeRegistry - Adding type registration ntext -> org.hibernate.type.NTextType@518caac3
[DEBUG] 2018-02-12 18:26:51.386 [main] BasicTypeRegistry - Adding type registration blob -> org.hibernate.type.BlobType@2a225dd7
[DEBUG] 2018-02-12 18:26:51.386 [main] BasicTypeRegistry - Adding type registration java.sql.Blob -> org.hibernate.type.BlobType@2a225dd7
[DEBUG] 2018-02-12 18:26:51.386 [main] BasicTypeRegistry - Adding type registration materialized_blob -> org.hibernate.type.MaterializedBlobType@6fa34d52
[DEBUG] 2018-02-12 18:26:51.478 [main] BasicTypeRegistry - Adding type registration clob -> org.hibernate.type.ClobType@6cdba6dc
[DEBUG] 2018-02-12 18:26:51.478 [main] BasicTypeRegistry - Adding type registration java.sql.Clob -> org.hibernate.type.ClobType@6cdba6dc
[DEBUG] 2018-02-12 18:26:51.484 [main] BasicTypeRegistry - Adding type registration nclob -> org.hibernate.type.NClobType@7674b62c
[DEBUG] 2018-02-12 18:26:51.484 [main] BasicTypeRegistry - Adding type registration java.sql.NClob -> org.hibernate.type.NClobType@7674b62c
[DEBUG] 2018-02-12 18:26:51.485 [main] BasicTypeRegistry - Adding type registration materialized_clob -> org.hibernate.type.MaterializedClobType@45a4b042
[DEBUG] 2018-02-12 18:26:51.486 [main] BasicTypeRegistry - Adding type registration materialized_nclob -> org.hibernate.type.MaterializedNClobType@6cb6decd
[DEBUG] 2018-02-12 18:26:51.488 [main] BasicTypeRegistry - Adding type registration serializable -> org.hibernate.type.SerializableType@2474f125
[DEBUG] 2018-02-12 18:26:51.493 [main] BasicTypeRegistry - Adding type registration object -> org.hibernate.type.ObjectType@2ce6c6ec
[DEBUG] 2018-02-12 18:26:51.493 [main] BasicTypeRegistry - Adding type registration java.lang.Object -> org.hibernate.type.ObjectType@2ce6c6ec
[DEBUG] 2018-02-12 18:26:51.493 [main] BasicTypeRegistry - Adding type registration imm_date -> org.hibernate.type.AdaptedImmutableType@6676f6a0
[DEBUG] 2018-02-12 18:26:51.494 [main] BasicTypeRegistry - Adding type registration imm_time -> org.hibernate.type.AdaptedImmutableType@7cbd9d24
[DEBUG] 2018-02-12 18:26:51.494 [main] BasicTypeRegistry - Adding type registration imm_timestamp -> org.hibernate.type.AdaptedImmutableType@1672fe87
[DEBUG] 2018-02-12 18:26:51.494 [main] BasicTypeRegistry - Adding type registration imm_dbtimestamp -> org.hibernate.type.AdaptedImmutableType@5026735c
[DEBUG] 2018-02-12 18:26:51.494 [main] BasicTypeRegistry - Adding type registration imm_calendar -> org.hibernate.type.AdaptedImmutableType@1b45c0e
[DEBUG] 2018-02-12 18:26:51.497 [main] BasicTypeRegistry - Adding type registration imm_calendar_date -> org.hibernate.type.AdaptedImmutableType@11f0a5a1
[DEBUG] 2018-02-12 18:26:51.498 [main] BasicTypeRegistry - Adding type registration imm_binary -> org.hibernate.type.AdaptedImmutableType@10f7f7de
[DEBUG] 2018-02-12 18:26:51.498 [main] BasicTypeRegistry - Adding type registration imm_serializable -> org.hibernate.type.AdaptedImmutableType@73a8da0f
[INFO ] 2018-02-12 18:26:51.512 [main] C3P0ConnectionProvider - HHH010002: C3P0 using driver: com.mysql.jdbc.Driver at URL: jdbc:mysql://localhost:3306/myBikePlace
[INFO ] 2018-02-12 18:26:51.514 [main] C3P0ConnectionProvider - HHH10001001: Connection properties: {user=root, password=****}
[INFO ] 2018-02-12 18:26:51.515 [main] C3P0ConnectionProvider - HHH10001003: Autocommit mode: false
[INFO ] 2018-02-12 18:26:51.856 [main] C3P0ConnectionProvider - HHH10001007: JDBC isolation level: <unknown>
[DEBUG] 2018-02-12 18:26:52.578 [main] JdbcEnvironmentInitiator - Database ->
       name : MySQL
    version : 5.7.20
      major : 5
      minor : 7
[DEBUG] 2018-02-12 18:26:52.578 [main] JdbcEnvironmentInitiator - Driver ->
       name : MySQL Connector Java
    version : mysql-connector-java-5.1.39 ( Revision: 3289a357af6d09ecc1a10fd3c26e95183e5790ad )
      major : 5
      minor : 1
[DEBUG] 2018-02-12 18:26:52.578 [main] JdbcEnvironmentInitiator - JDBC version : 4.0
[INFO ] 2018-02-12 18:26:52.602 [main] Dialect - HHH000400: Using dialect: org.hibernate.dialect.MySQL5Dialect
[DEBUG] 2018-02-12 18:26:52.695 [main] IdentifierHelperBuilder - JDBC driver metadata reported database stores quoted identifiers in more than one case
[DEBUG] 2018-02-12 18:26:52.707 [main] IdentifierHelperBuilder - IdentifierCaseStrategy for both quoted and unquoted identifiers was set to the same strategy [MIXED]; that will likely lead to problems in schema update and validation if using quoted identifiers
[DEBUG] 2018-02-12 18:26:52.822 [main] DefaultIdentifierGeneratorFactory - Registering IdentifierGenerator strategy [uuid2] -> [org.hibernate.id.UUIDGenerator]
[DEBUG] 2018-02-12 18:26:52.823 [main] DefaultIdentifierGeneratorFactory - Registering IdentifierGenerator strategy [guid] -> [org.hibernate.id.GUIDGenerator]
[DEBUG] 2018-02-12 18:26:52.825 [main] DefaultIdentifierGeneratorFactory - Registering IdentifierGenerator strategy [uuid] -> [org.hibernate.id.UUIDHexGenerator]
[DEBUG] 2018-02-12 18:26:52.825 [main] DefaultIdentifierGeneratorFactory - Registering IdentifierGenerator strategy [uuid.hex] -> [org.hibernate.id.UUIDHexGenerator]
[DEBUG] 2018-02-12 18:26:52.825 [main] DefaultIdentifierGeneratorFactory - Registering IdentifierGenerator strategy [assigned] -> [org.hibernate.id.Assigned]
[DEBUG] 2018-02-12 18:26:52.827 [main] DefaultIdentifierGeneratorFactory - Registering IdentifierGenerator strategy [identity] -> [org.hibernate.id.IdentityGenerator]
[DEBUG] 2018-02-12 18:26:52.832 [main] DefaultIdentifierGeneratorFactory - Registering IdentifierGenerator strategy [select] -> [org.hibernate.id.SelectGenerator]
[DEBUG] 2018-02-12 18:26:52.835 [main] DefaultIdentifierGeneratorFactory - Registering IdentifierGenerator strategy [sequence] -> [org.hibernate.id.enhanced.SequenceStyleGenerator]
[DEBUG] 2018-02-12 18:26:52.837 [main] DefaultIdentifierGeneratorFactory - Registering IdentifierGenerator strategy [seqhilo] -> [org.hibernate.id.SequenceHiLoGenerator]
[DEBUG] 2018-02-12 18:26:52.838 [main] DefaultIdentifierGeneratorFactory - Registering IdentifierGenerator strategy [increment] -> [org.hibernate.id.IncrementGenerator]
[DEBUG] 2018-02-12 18:26:52.838 [main] DefaultIdentifierGeneratorFactory - Registering IdentifierGenerator strategy [foreign] -> [org.hibernate.id.ForeignGenerator]
[DEBUG] 2018-02-12 18:26:52.839 [main] DefaultIdentifierGeneratorFactory - Registering IdentifierGenerator strategy [sequence-identity] -> [org.hibernate.id.SequenceIdentityGenerator]
[DEBUG] 2018-02-12 18:26:52.840 [main] DefaultIdentifierGeneratorFactory - Registering IdentifierGenerator strategy [enhanced-sequence] -> [org.hibernate.id.enhanced.SequenceStyleGenerator]
[DEBUG] 2018-02-12 18:26:52.841 [main] DefaultIdentifierGeneratorFactory - Registering IdentifierGenerator strategy [enhanced-table] -> [org.hibernate.id.enhanced.TableGenerator]
[DEBUG] 2018-02-12 18:26:52.923 [main] Namespace - Created database namespace [logicalName=Name{catalog=null, schema=null}, physicalName=Name{catalog=null, schema=null}]
[DEBUG] 2018-02-12 18:26:53.020 [main] AnnotationBinder - Binding entity from annotated class: edu.matc.entity.User
[DEBUG] 2018-02-12 18:26:53.065 [main] Ejb3Column - Binding column: Ejb3DiscriminatorColumn{logicalColumnName'DTYPE', discriminatorTypeName='string'}
[DEBUG] 2018-02-12 18:26:53.093 [main] EntityBinder - Import with entity name User
[DEBUG] 2018-02-12 18:26:53.101 [main] EntityBinder - Bind entity edu.matc.entity.User on table user
[DEBUG] 2018-02-12 18:26:53.152 [main] Ejb3Column - Binding column: Ejb3Column{table=org.hibernate.mapping.Table(user), mappingColumn=UserId, insertable=true, updatable=true, unique=false}
[DEBUG] 2018-02-12 18:26:53.172 [main] PropertyBinder - MetadataSourceProcessor property UserId with lazy=false
[DEBUG] 2018-02-12 18:26:53.176 [main] AbstractPropertyHolder - Attempting to locate auto-apply AttributeConverter for property [edu.matc.entity.User:UserId]
[DEBUG] 2018-02-12 18:26:53.179 [main] SimpleValueBinder - building SimpleValue for UserId
[DEBUG] 2018-02-12 18:26:53.186 [main] PropertyBinder - Building property UserId
[DEBUG] 2018-02-12 18:26:53.195 [main] Ejb3Column - Binding column: Ejb3Column{table=org.hibernate.mapping.Table(user), mappingColumn=createDate, insertable=true, updatable=true, unique=false}
[DEBUG] 2018-02-12 18:26:53.196 [main] PropertyBinder - MetadataSourceProcessor property createDate with lazy=false
[DEBUG] 2018-02-12 18:26:53.197 [main] AbstractPropertyHolder - Attempting to locate auto-apply AttributeConverter for property [edu.matc.entity.User:createDate]
[DEBUG] 2018-02-12 18:26:53.197 [main] SimpleValueBinder - building SimpleValue for createDate
[DEBUG] 2018-02-12 18:26:53.197 [main] PropertyBinder - Building property createDate
[DEBUG] 2018-02-12 18:26:53.197 [main] Ejb3Column - Binding column: Ejb3Column{table=org.hibernate.mapping.Table(user), mappingColumn=email, insertable=true, updatable=true, unique=false}
[DEBUG] 2018-02-12 18:26:53.198 [main] PropertyBinder - MetadataSourceProcessor property email with lazy=false
[DEBUG] 2018-02-12 18:26:53.198 [main] AbstractPropertyHolder - Attempting to locate auto-apply AttributeConverter for property [edu.matc.entity.User:email]
[DEBUG] 2018-02-12 18:26:53.198 [main] SimpleValueBinder - building SimpleValue for email
[DEBUG] 2018-02-12 18:26:53.198 [main] PropertyBinder - Building property email
[DEBUG] 2018-02-12 18:26:53.199 [main] Ejb3Column - Binding column: Ejb3Column{table=org.hibernate.mapping.Table(user), mappingColumn=firstName, insertable=true, updatable=true, unique=false}
[DEBUG] 2018-02-12 18:26:53.199 [main] PropertyBinder - MetadataSourceProcessor property firstName with lazy=false
[DEBUG] 2018-02-12 18:26:53.199 [main] AbstractPropertyHolder - Attempting to locate auto-apply AttributeConverter for property [edu.matc.entity.User:firstName]
[DEBUG] 2018-02-12 18:26:53.199 [main] SimpleValueBinder - building SimpleValue for firstName
[DEBUG] 2018-02-12 18:26:53.199 [main] PropertyBinder - Building property firstName
[DEBUG] 2018-02-12 18:26:53.200 [main] Ejb3Column - Binding column: Ejb3Column{table=org.hibernate.mapping.Table(user), mappingColumn=lastName, insertable=true, updatable=true, unique=false}
[DEBUG] 2018-02-12 18:26:53.200 [main] PropertyBinder - MetadataSourceProcessor property lastName with lazy=false
[DEBUG] 2018-02-12 18:26:53.200 [main] AbstractPropertyHolder - Attempting to locate auto-apply AttributeConverter for property [edu.matc.entity.User:lastName]
[DEBUG] 2018-02-12 18:26:53.200 [main] SimpleValueBinder - building SimpleValue for lastName
[DEBUG] 2018-02-12 18:26:53.200 [main] PropertyBinder - Building property lastName
[DEBUG] 2018-02-12 18:26:53.200 [main] Ejb3Column - Binding column: Ejb3Column{table=org.hibernate.mapping.Table(user), mappingColumn=password, insertable=true, updatable=true, unique=false}
[DEBUG] 2018-02-12 18:26:53.200 [main] PropertyBinder - MetadataSourceProcessor property password with lazy=false
[DEBUG] 2018-02-12 18:26:53.200 [main] AbstractPropertyHolder - Attempting to locate auto-apply AttributeConverter for property [edu.matc.entity.User:password]
[DEBUG] 2018-02-12 18:26:53.200 [main] SimpleValueBinder - building SimpleValue for password
[DEBUG] 2018-02-12 18:26:53.201 [main] PropertyBinder - Building property password
[DEBUG] 2018-02-12 18:26:53.201 [main] Ejb3Column - Binding column: Ejb3Column{table=org.hibernate.mapping.Table(user), mappingColumn=updateDate, insertable=true, updatable=true, unique=false}
[DEBUG] 2018-02-12 18:26:53.201 [main] PropertyBinder - MetadataSourceProcessor property updateDate with lazy=false
[DEBUG] 2018-02-12 18:26:53.201 [main] AbstractPropertyHolder - Attempting to locate auto-apply AttributeConverter for property [edu.matc.entity.User:updateDate]
[DEBUG] 2018-02-12 18:26:53.203 [main] SimpleValueBinder - building SimpleValue for updateDate
[DEBUG] 2018-02-12 18:26:53.203 [main] PropertyBinder - Building property updateDate
[DEBUG] 2018-02-12 18:26:53.203 [main] Ejb3Column - Binding column: Ejb3Column{table=org.hibernate.mapping.Table(user), mappingColumn=userName, insertable=true, updatable=true, unique=false}
[DEBUG] 2018-02-12 18:26:53.203 [main] PropertyBinder - MetadataSourceProcessor property userName with lazy=false
[DEBUG] 2018-02-12 18:26:53.203 [main] AbstractPropertyHolder - Attempting to locate auto-apply AttributeConverter for property [edu.matc.entity.User:userName]
[DEBUG] 2018-02-12 18:26:53.203 [main] SimpleValueBinder - building SimpleValue for userName
[DEBUG] 2018-02-12 18:26:53.203 [main] PropertyBinder - Building property userName
[DEBUG] 2018-02-12 18:26:53.208 [main] SimpleValueBinder - Starting fillSimpleValue for UserId
[DEBUG] 2018-02-12 18:26:53.209 [main] SimpleValueBinder - Starting fillSimpleValue for createDate
[DEBUG] 2018-02-12 18:26:53.209 [main] SimpleValueBinder - Starting fillSimpleValue for email
[DEBUG] 2018-02-12 18:26:53.209 [main] SimpleValueBinder - Starting fillSimpleValue for firstName
[DEBUG] 2018-02-12 18:26:53.209 [main] SimpleValueBinder - Starting fillSimpleValue for lastName
[DEBUG] 2018-02-12 18:26:53.209 [main] SimpleValueBinder - Starting fillSimpleValue for password
[DEBUG] 2018-02-12 18:26:53.209 [main] SimpleValueBinder - Starting fillSimpleValue for updateDate
[DEBUG] 2018-02-12 18:26:53.209 [main] SimpleValueBinder - Starting fillSimpleValue for userName
[DEBUG] 2018-02-12 18:26:53.212 [main] PrimaryKey - Forcing column [userid] to be non-null as it is part of the primary key for table [user]
[DEBUG] 2018-02-12 18:26:53.311 [main] SessionFactoryImpl - Building session factory
[DEBUG] 2018-02-12 18:26:53.313 [main] Settings - SessionFactory name : null
[DEBUG] 2018-02-12 18:26:53.313 [main] Settings - Automatic flush during beforeCompletion(): enabled
[DEBUG] 2018-02-12 18:26:53.313 [main] Settings - Automatic session close at end of transaction: disabled
[DEBUG] 2018-02-12 18:26:53.314 [main] Settings - Statistics: disabled
[DEBUG] 2018-02-12 18:26:53.314 [main] Settings - Deleted entity synthetic identifier rollback: disabled
[DEBUG] 2018-02-12 18:26:53.314 [main] Settings - Default entity-mode: pojo
[DEBUG] 2018-02-12 18:26:53.314 [main] Settings - Check Nullability in Core (should be disabled when Bean Validation is on): enabled
[DEBUG] 2018-02-12 18:26:53.314 [main] Settings - Allow initialization of lazy state outside session : disabled
[DEBUG] 2018-02-12 18:26:53.315 [main] Settings - Using BatchFetchStyle : LEGACY
[DEBUG] 2018-02-12 18:26:53.315 [main] Settings - Default batch fetch size: -1
[DEBUG] 2018-02-12 18:26:53.315 [main] Settings - Maximum outer join fetch depth: 2
[DEBUG] 2018-02-12 18:26:53.315 [main] Settings - Default null ordering: NONE
[DEBUG] 2018-02-12 18:26:53.315 [main] Settings - Order SQL updates by primary key: disabled
[DEBUG] 2018-02-12 18:26:53.315 [main] Settings - Order SQL inserts for batching: disabled
[DEBUG] 2018-02-12 18:26:53.315 [main] Settings - multi-tenancy strategy : NONE
[DEBUG] 2018-02-12 18:26:53.315 [main] Settings - JTA Track by Thread: enabled
[DEBUG] 2018-02-12 18:26:53.315 [main] Settings - Query language substitutions: {}
[DEBUG] 2018-02-12 18:26:53.315 [main] Settings - JPA query language strict compliance: disabled
[DEBUG] 2018-02-12 18:26:53.315 [main] Settings - Named query checking : enabled
[DEBUG] 2018-02-12 18:26:53.315 [main] Settings - Second-level cache: enabled
[DEBUG] 2018-02-12 18:26:53.316 [main] Settings - Second-level query cache: disabled
[DEBUG] 2018-02-12 18:26:53.316 [main] Settings - Second-level query cache factory: org.hibernate.cache.internal.StandardQueryCacheFactory@2d10e0b1
[DEBUG] 2018-02-12 18:26:53.316 [main] Settings - Second-level cache region prefix: null
[DEBUG] 2018-02-12 18:26:53.316 [main] Settings - Optimize second-level cache for minimal puts: disabled
[DEBUG] 2018-02-12 18:26:53.316 [main] Settings - Structured second-level cache entries: disabled
[DEBUG] 2018-02-12 18:26:53.316 [main] Settings - Second-level cache direct-reference entries: disabled
[DEBUG] 2018-02-12 18:26:53.316 [main] Settings - Automatic eviction of collection cache: disabled
[DEBUG] 2018-02-12 18:26:53.316 [main] Settings - JDBC batch size: 15
[DEBUG] 2018-02-12 18:26:53.316 [main] Settings - JDBC batch updates for versioned data: enabled
[DEBUG] 2018-02-12 18:26:53.316 [main] Settings - Scrollable result sets: enabled
[DEBUG] 2018-02-12 18:26:53.316 [main] Settings - Wrap result sets: disabled
[DEBUG] 2018-02-12 18:26:53.316 [main] Settings - JDBC3 getGeneratedKeys(): enabled
[DEBUG] 2018-02-12 18:26:53.316 [main] Settings - JDBC result set fetch size: null
[DEBUG] 2018-02-12 18:26:53.317 [main] Settings - Connection release mode: AFTER_TRANSACTION
[DEBUG] 2018-02-12 18:26:53.317 [main] Settings - Generate SQL with comments: disabled
[DEBUG] 2018-02-12 18:26:53.463 [main] SessionFactoryImpl - Session factory constructed with filter configurations : {}
[DEBUG] 2018-02-12 18:26:53.464 [main] SessionFactoryImpl - Instantiating session factory with properties: {gopherProxySet=false, awt.toolkit=sun.lwawt.macosx.LWCToolkit, file.encoding.pkg=sun.io, java.specification.version=1.8, sun.cpu.isalist=, hibernate.c3p0.idle_test_period=3000, sun.jnu.encoding=UTF-8, hibernate.c3p0.min_size=5, java.class.path=/Users/sighguy4/IdeaProjects/myBikePlace/target/test-classes:/Users/sighguy4/IdeaProjects/myBikePlace/target/classes:/Users/sighguy4/.m2/repository/junit/junit/4.12/junit-4.12.jar:/Users/sighguy4/.m2/repository/org/hamcrest/hamcrest-core/1.3/hamcrest-core-1.3.jar:/Users/sighguy4/.m2/repository/javax/javaee-web-api/7.0/javaee-web-api-7.0.jar:/Users/sighguy4/.m2/repository/mysql/mysql-connector-java/5.1.39/mysql-connector-java-5.1.39.jar:/Users/sighguy4/.m2/repository/org/apache/logging/log4j/log4j-api/2.10.0/log4j-api-2.10.0.jar:/Users/sighguy4/.m2/repository/org/apache/logging/log4j/log4j-core/2.10.0/log4j-core-2.10.0.jar:/Users/sighguy4/.m2/repository/org/junit/jupiter/junit-jupiter-engine/5.0.0/junit-jupiter-engine-5.0.0.jar:/Users/sighguy4/.m2/repository/org/apiguardian/apiguardian-api/1.0.0/apiguardian-api-1.0.0.jar:/Users/sighguy4/.m2/repository/org/junit/platform/junit-platform-engine/1.0.0/junit-platform-engine-1.0.0.jar:/Users/sighguy4/.m2/repository/org/junit/platform/junit-platform-commons/1.0.0/junit-platform-commons-1.0.0.jar:/Users/sighguy4/.m2/repository/org/opentest4j/opentest4j/1.0.0/opentest4j-1.0.0.jar:/Users/sighguy4/.m2/repository/org/junit/jupiter/junit-jupiter-api/5.0.0/junit-jupiter-api-5.0.0.jar:/Users/sighguy4/.m2/repository/org/junit/platform/junit-platform-runner/1.0.0/junit-platform-runner-1.0.0.jar:/Users/sighguy4/.m2/repository/org/junit/platform/junit-platform-launcher/1.0.0/junit-platform-launcher-1.0.0.jar:/Users/sighguy4/.m2/repository/org/junit/platform/junit-platform-suite-api/1.0.0/junit-platform-suite-api-1.0.0.jar:/Users/sighguy4/.m2/repository/org/junit/vintage/junit-vintage-engine/4.12.0/junit-vintage-engine-4.12.0.jar:/Users/sighguy4/.m2/repository/org/hibernate/hibernate-core/5.2.12.Final/hibernate-core-5.2.12.Final.jar:/Users/sighguy4/.m2/repository/org/jboss/logging/jboss-logging/3.3.0.Final/jboss-logging-3.3.0.Final.jar:/Users/sighguy4/.m2/repository/org/hibernate/javax/persistence/hibernate-jpa-2.1-api/1.0.0.Final/hibernate-jpa-2.1-api-1.0.0.Final.jar:/Users/sighguy4/.m2/repository/org/javassist/javassist/3.20.0-GA/javassist-3.20.0-GA.jar:/Users/sighguy4/.m2/repository/antlr/antlr/2.7.7/antlr-2.7.7.jar:/Users/sighguy4/.m2/repository/org/jboss/spec/javax/transaction/jboss-transaction-api_1.2_spec/1.0.1.Final/jboss-transaction-api_1.2_spec-1.0.1.Final.jar:/Users/sighguy4/.m2/repository/org/jboss/jandex/2.0.3.Final/jandex-2.0.3.Final.jar:/Users/sighguy4/.m2/repository/com/fasterxml/classmate/1.3.0/classmate-1.3.0.jar:/Users/sighguy4/.m2/repository/dom4j/dom4j/1.6.1/dom4j-1.6.1.jar:/Users/sighguy4/.m2/repository/org/hibernate/common/hibernate-commons-annotations/5.0.1.Final/hibernate-commons-annotations-5.0.1.Final.jar:/Users/sighguy4/.m2/repository/org/hibernate/hibernate-c3p0/5.2.12.Final/hibernate-c3p0-5.2.12.Final.jar:/Users/sighguy4/.m2/repository/com/mchange/c3p0/0.9.5.2/c3p0-0.9.5.2.jar:/Users/sighguy4/.m2/repository/com/mchange/mchange-commons-java/0.2.11/mchange-commons-java-0.2.11.jar:, java.vm.vendor=Oracle Corporation, sun.arch.data.model=64, java.vendor.url=http://java.oracle.com/, user.timezone=America/Chicago, os.name=Mac OS X, java.vm.specification.version=1.8, sun.java.launcher=SUN_STANDARD, user.country=US, sun.boot.library.path=/Library/Java/JavaVirtualMachines/jdk1.8.0_152.jdk/Contents/Home/jre/lib, sun.java.command=/Users/sighguy4/IdeaProjects/myBikePlace/target/surefire/surefirebooter3507146712390297113.jar /Users/sighguy4/IdeaProjects/myBikePlace/target/surefire/surefire8734875447620135182tmp /Users/sighguy4/IdeaProjects/myBikePlace/target/surefire/surefire_06560731195072665056tmp, http.nonProxyHosts=local|*.local|169.254/16|*.169.254/16, surefire.test.class.path=/Users/sighguy4/IdeaProjects/myBikePlace/target/test-classes:/Users/sighguy4/IdeaProjects/myBikePlace/target/classes:/Users/sighguy4/.m2/repository/junit/junit/4.12/junit-4.12.jar:/Users/sighguy4/.m2/repository/org/hamcrest/hamcrest-core/1.3/hamcrest-core-1.3.jar:/Users/sighguy4/.m2/repository/javax/javaee-web-api/7.0/javaee-web-api-7.0.jar:/Users/sighguy4/.m2/repository/mysql/mysql-connector-java/5.1.39/mysql-connector-java-5.1.39.jar:/Users/sighguy4/.m2/repository/org/apache/logging/log4j/log4j-api/2.10.0/log4j-api-2.10.0.jar:/Users/sighguy4/.m2/repository/org/apache/logging/log4j/log4j-core/2.10.0/log4j-core-2.10.0.jar:/Users/sighguy4/.m2/repository/org/junit/jupiter/junit-jupiter-engine/5.0.0/junit-jupiter-engine-5.0.0.jar:/Users/sighguy4/.m2/repository/org/apiguardian/apiguardian-api/1.0.0/apiguardian-api-1.0.0.jar:/Users/sighguy4/.m2/repository/org/junit/platform/junit-platform-engine/1.0.0/junit-platform-engine-1.0.0.jar:/Users/sighguy4/.m2/repository/org/junit/platform/junit-platform-commons/1.0.0/junit-platform-commons-1.0.0.jar:/Users/sighguy4/.m2/repository/org/opentest4j/opentest4j/1.0.0/opentest4j-1.0.0.jar:/Users/sighguy4/.m2/repository/org/junit/jupiter/junit-jupiter-api/5.0.0/junit-jupiter-api-5.0.0.jar:/Users/sighguy4/.m2/repository/org/junit/platform/junit-platform-runner/1.0.0/junit-platform-runner-1.0.0.jar:/Users/sighguy4/.m2/repository/org/junit/platform/junit-platform-launcher/1.0.0/junit-platform-launcher-1.0.0.jar:/Users/sighguy4/.m2/repository/org/junit/platform/junit-platform-suite-api/1.0.0/junit-platform-suite-api-1.0.0.jar:/Users/sighguy4/.m2/repository/org/junit/vintage/junit-vintage-engine/4.12.0/junit-vintage-engine-4.12.0.jar:/Users/sighguy4/.m2/repository/org/hibernate/hibernate-core/5.2.12.Final/hibernate-core-5.2.12.Final.jar:/Users/sighguy4/.m2/repository/org/jboss/logging/jboss-logging/3.3.0.Final/jboss-logging-3.3.0.Final.jar:/Users/sighguy4/.m2/repository/org/hibernate/javax/persistence/hibernate-jpa-2.1-api/1.0.0.Final/hibernate-jpa-2.1-api-1.0.0.Final.jar:/Users/sighguy4/.m2/repository/org/javassist/javassist/3.20.0-GA/javassist-3.20.0-GA.jar:/Users/sighguy4/.m2/repository/antlr/antlr/2.7.7/antlr-2.7.7.jar:/Users/sighguy4/.m2/repository/org/jboss/spec/javax/transaction/jboss-transaction-api_1.2_spec/1.0.1.Final/jboss-transaction-api_1.2_spec-1.0.1.Final.jar:/Users/sighguy4/.m2/repository/org/jboss/jandex/2.0.3.Final/jandex-2.0.3.Final.jar:/Users/sighguy4/.m2/repository/com/fasterxml/classmate/1.3.0/classmate-1.3.0.jar:/Users/sighguy4/.m2/repository/dom4j/dom4j/1.6.1/dom4j-1.6.1.jar:/Users/sighguy4/.m2/repository/org/hibernate/common/hibernate-commons-annotations/5.0.1.Final/hibernate-commons-annotations-5.0.1.Final.jar:/Users/sighguy4/.m2/repository/org/hibernate/hibernate-c3p0/5.2.12.Final/hibernate-c3p0-5.2.12.Final.jar:/Users/sighguy4/.m2/repository/com/mchange/c3p0/0.9.5.2/c3p0-0.9.5.2.jar:/Users/sighguy4/.m2/repository/com/mchange/mchange-commons-java/0.2.11/mchange-commons-java-0.2.11.jar:, sun.cpu.endian=little, user.home=/Users/sighguy4, hibernate.c3p0.max_statements=50, user.language=en, java.specification.vendor=Oracle Corporation, java.home=/Library/Java/JavaVirtualMachines/jdk1.8.0_152.jdk/Contents/Home/jre, file.separator=/, basedir=/Users/sighguy4/IdeaProjects/myBikePlace, line.separator=
, hibernate.c3p0.timeout=300, java.vm.specification.vendor=Oracle Corporation, java.specification.name=Java Platform API Specification, java.awt.graphicsenv=sun.awt.CGraphicsEnvironment, surefire.real.class.path=/Users/sighguy4/IdeaProjects/myBikePlace/target/surefire/surefirebooter3507146712390297113.jar, sun.boot.class.path=/Library/Java/JavaVirtualMachines/jdk1.8.0_152.jdk/Contents/Home/jre/lib/resources.jar:/Library/Java/JavaVirtualMachines/jdk1.8.0_152.jdk/Contents/Home/jre/lib/rt.jar:/Library/Java/JavaVirtualMachines/jdk1.8.0_152.jdk/Contents/Home/jre/lib/sunrsasign.jar:/Library/Java/JavaVirtualMachines/jdk1.8.0_152.jdk/Contents/Home/jre/lib/jsse.jar:/Library/Java/JavaVirtualMachines/jdk1.8.0_152.jdk/Contents/Home/jre/lib/jce.jar:/Library/Java/JavaVirtualMachines/jdk1.8.0_152.jdk/Contents/Home/jre/lib/charsets.jar:/Library/Java/JavaVirtualMachines/jdk1.8.0_152.jdk/Contents/Home/jre/lib/jfr.jar:/Library/Java/JavaVirtualMachines/jdk1.8.0_152.jdk/Contents/Home/jre/classes, connection.password=Belguim#66, sun.management.compiler=HotSpot 64-Bit Tiered Compilers, hibernate.c3p0.max_size=20, ftp.nonProxyHosts=local|*.local|169.254/16|*.169.254/16, java.runtime.version=1.8.0_152-b16, user.name=sighguy4, path.separator=:, hibernate.connection.username=root, os.version=10.12.6, java.endorsed.dirs=/Library/Java/JavaVirtualMachines/jdk1.8.0_152.jdk/Contents/Home/jre/lib/endorsed, java.runtime.name=Java(TM) SE Runtime Environment, hibernate.connection.url=jdbc:mysql://localhost:3306/myBikePlace, file.encoding=UTF-8, java.vm.name=Java HotSpot(TM) 64-Bit Server VM, localRepository=/Users/sighguy4/.m2/repository, hibernate.connection.driver_class=com.mysql.jdbc.Driver, java.vendor.url.bug=http://bugreport.sun.com/bugreport/, java.io.tmpdir=/var/folders/9d/xsg98tsj1dn630h6j241zf3h0000gn/T/, idea.version=2017.3.4, java.version=1.8.0_152, user.dir=/Users/sighguy4/IdeaProjects/myBikePlace, os.arch=x86_64, connection.username=root, java.vm.specification.name=Java Virtual Machine Specification, hibernate.connection.password=****, java.awt.printerjob=sun.lwawt.macosx.CPrinterJob, sun.os.patch.level=unknown, connection.driver_class=com.mysql.jdbc.Driver, hibernate.boot.CfgXmlAccessService.key=org.hibernate.boot.cfgxml.spi.LoadedConfig@2187fff7, java.library.path=/Users/sighguy4/Library/Java/Extensions:/Library/Java/Extensions:/Network/Library/Java/Extensions:/System/Library/Java/Extensions:/usr/lib/java:., java.vendor=Oracle Corporation, java.vm.info=mixed mode, java.vm.version=25.152-b16, hibernate.bytecode.use_reflection_optimizer=false, sun.io.unicode.encoding=UnicodeBig, java.ext.dirs=/Users/sighguy4/Library/Java/Extensions:/Library/Java/JavaVirtualMachines/jdk1.8.0_152.jdk/Contents/Home/jre/lib/ext:/Library/Java/Extensions:/Network/Library/Java/Extensions:/System/Library/Java/Extensions:/usr/lib/java, connection.url=jdbc:mysql://localhost:3306/myBikePlace, java.class.version=52.0, socksNonProxyHosts=local|*.local|169.254/16|*.169.254/16}
[DEBUG] 2018-02-12 18:26:53.523 [main] TypeSafeActivator - Unable to acquire Bean Validation ValidatorFactory, skipping activation
[DEBUG] 2018-02-12 18:26:53.524 [main] JaccIntegrator - Skipping JACC integration as it was not enabled
[DEBUG] 2018-02-12 18:26:53.528 [main] SessionFactoryImpl - Instantiated session factory
[DEBUG] 2018-02-12 18:26:53.662 [main] ClassLoaderAccessImpl - Not known whether passed class name [edu.matc.entity.User] is safe
[DEBUG] 2018-02-12 18:26:53.662 [main] ClassLoaderAccessImpl - No temp ClassLoader provided; using live ClassLoader for loading potentially unsafe class : edu.matc.entity.User
[DEBUG] 2018-02-12 18:26:53.689 [main] ClassLoaderAccessImpl - Not known whether passed class name [edu.matc.entity.User] is safe
[DEBUG] 2018-02-12 18:26:53.689 [main] ClassLoaderAccessImpl - No temp ClassLoader provided; using live ClassLoader for loading potentially unsafe class : edu.matc.entity.User
[DEBUG] 2018-02-12 18:26:53.828 [main] AbstractEntityPersister - Static SQL for entity: edu.matc.entity.User
[DEBUG] 2018-02-12 18:26:53.828 [main] AbstractEntityPersister -  Version select: select UserId from user where UserId =?
[DEBUG] 2018-02-12 18:26:53.828 [main] AbstractEntityPersister -  Snapshot select: select user_.UserId, user_.createDate as createDa2_0_, user_.email as email3_0_, user_.firstName as firstNam4_0_, user_.lastName as lastName5_0_, user_.password as password6_0_, user_.updateDate as updateDa7_0_, user_.userName as userName8_0_ from user user_ where user_.UserId=?
[DEBUG] 2018-02-12 18:26:53.828 [main] AbstractEntityPersister -  Insert 0: insert into user (createDate, email, firstName, lastName, password, updateDate, userName, UserId) values (?, ?, ?, ?, ?, ?, ?, ?)
[DEBUG] 2018-02-12 18:26:53.828 [main] AbstractEntityPersister -  Update 0: update user set createDate=?, email=?, firstName=?, lastName=?, password=?, updateDate=?, userName=? where UserId=?
[DEBUG] 2018-02-12 18:26:53.828 [main] AbstractEntityPersister -  Delete 0: delete from user where UserId=?
[DEBUG] 2018-02-12 18:26:53.829 [main] AbstractEntityPersister -  Identity insert: insert into user (createDate, email, firstName, lastName, password, updateDate, userName) values (?, ?, ?, ?, ?, ?, ?)
[DEBUG] 2018-02-12 18:26:53.908 [main] QuerySpacesImpl - Adding QuerySpace : uid = <gen:0> -> org.hibernate.loader.plan.build.internal.spaces.EntityQuerySpaceImpl@5fa47fea]
[DEBUG] 2018-02-12 18:26:53.915 [main] MetamodelGraphWalker - Visiting attribute path : createDate
[DEBUG] 2018-02-12 18:26:53.916 [main] MetamodelGraphWalker - Visiting attribute path : email
[DEBUG] 2018-02-12 18:26:53.916 [main] MetamodelGraphWalker - Visiting attribute path : firstName
[DEBUG] 2018-02-12 18:26:53.916 [main] MetamodelGraphWalker - Visiting attribute path : lastName
[DEBUG] 2018-02-12 18:26:53.916 [main] MetamodelGraphWalker - Visiting attribute path : password
[DEBUG] 2018-02-12 18:26:53.916 [main] MetamodelGraphWalker - Visiting attribute path : updateDate
[DEBUG] 2018-02-12 18:26:53.916 [main] MetamodelGraphWalker - Visiting attribute path : userName
[DEBUG] 2018-02-12 18:26:53.917 [main] FetchStyleLoadPlanBuildingAssociationVisitationStrategy - Building LoadPlan...
[DEBUG] 2018-02-12 18:26:53.936 [main] LoadQueryJoinAndFetchProcessor - processing queryspace <gen:0>
[DEBUG] 2018-02-12 18:26:53.942 [main] LoadPlanTreePrinter - LoadPlan(entity=edu.matc.entity.User)
    - Returns
       - EntityReturnImpl(entity=edu.matc.entity.User, querySpaceUid=<gen:0>, path=edu.matc.entity.User)
    - QuerySpaces
       - EntityQuerySpaceImpl(uid=<gen:0>, entity=edu.matc.entity.User)
          - SQL table alias mapping - user0_
          - alias suffix - 0_
          - suffixed key columns - {UserId1_0_0_}

[DEBUG] 2018-02-12 18:26:53.950 [main] EntityLoader - Static select for entity edu.matc.entity.User [NONE]: select user0_.UserId as UserId1_0_0_, user0_.createDate as createDa2_0_0_, user0_.email as email3_0_0_, user0_.firstName as firstNam4_0_0_, user0_.lastName as lastName5_0_0_, user0_.password as password6_0_0_, user0_.updateDate as updateDa7_0_0_, user0_.userName as userName8_0_0_ from user user0_ where user0_.UserId=?
[DEBUG] 2018-02-12 18:26:53.951 [main] QuerySpacesImpl - Adding QuerySpace : uid = <gen:0> -> org.hibernate.loader.plan.build.internal.spaces.EntityQuerySpaceImpl@78d50a3c]
[DEBUG] 2018-02-12 18:26:53.951 [main] MetamodelGraphWalker - Visiting attribute path : createDate
[DEBUG] 2018-02-12 18:26:53.951 [main] MetamodelGraphWalker - Visiting attribute path : email
[DEBUG] 2018-02-12 18:26:53.951 [main] MetamodelGraphWalker - Visiting attribute path : firstName
[DEBUG] 2018-02-12 18:26:53.951 [main] MetamodelGraphWalker - Visiting attribute path : lastName
[DEBUG] 2018-02-12 18:26:53.951 [main] MetamodelGraphWalker - Visiting attribute path : password
[DEBUG] 2018-02-12 18:26:53.951 [main] MetamodelGraphWalker - Visiting attribute path : updateDate
[DEBUG] 2018-02-12 18:26:53.951 [main] MetamodelGraphWalker - Visiting attribute path : userName
[DEBUG] 2018-02-12 18:26:53.951 [main] FetchStyleLoadPlanBuildingAssociationVisitationStrategy - Building LoadPlan...
[DEBUG] 2018-02-12 18:26:53.952 [main] LoadQueryJoinAndFetchProcessor - processing queryspace <gen:0>
[DEBUG] 2018-02-12 18:26:53.952 [main] LoadPlanTreePrinter - LoadPlan(entity=edu.matc.entity.User)
    - Returns
       - EntityReturnImpl(entity=edu.matc.entity.User, querySpaceUid=<gen:0>, path=edu.matc.entity.User)
    - QuerySpaces
       - EntityQuerySpaceImpl(uid=<gen:0>, entity=edu.matc.entity.User)
          - SQL table alias mapping - user0_
          - alias suffix - 0_
          - suffixed key columns - {UserId1_0_0_}

[DEBUG] 2018-02-12 18:26:53.952 [main] EntityLoader - Static select for entity edu.matc.entity.User [READ]: select user0_.UserId as UserId1_0_0_, user0_.createDate as createDa2_0_0_, user0_.email as email3_0_0_, user0_.firstName as firstNam4_0_0_, user0_.lastName as lastName5_0_0_, user0_.password as password6_0_0_, user0_.updateDate as updateDa7_0_0_, user0_.userName as userName8_0_0_ from user user0_ where user0_.UserId=?
[DEBUG] 2018-02-12 18:26:53.952 [main] QuerySpacesImpl - Adding QuerySpace : uid = <gen:0> -> org.hibernate.loader.plan.build.internal.spaces.EntityQuerySpaceImpl@cda4919]
[DEBUG] 2018-02-12 18:26:53.953 [main] MetamodelGraphWalker - Visiting attribute path : createDate
[DEBUG] 2018-02-12 18:26:53.953 [main] MetamodelGraphWalker - Visiting attribute path : email
[DEBUG] 2018-02-12 18:26:53.953 [main] MetamodelGraphWalker - Visiting attribute path : firstName
[DEBUG] 2018-02-12 18:26:53.953 [main] MetamodelGraphWalker - Visiting attribute path : lastName
[DEBUG] 2018-02-12 18:26:53.953 [main] MetamodelGraphWalker - Visiting attribute path : password
[DEBUG] 2018-02-12 18:26:53.953 [main] MetamodelGraphWalker - Visiting attribute path : updateDate
[DEBUG] 2018-02-12 18:26:53.953 [main] MetamodelGraphWalker - Visiting attribute path : userName
[DEBUG] 2018-02-12 18:26:53.953 [main] FetchStyleLoadPlanBuildingAssociationVisitationStrategy - Building LoadPlan...
[DEBUG] 2018-02-12 18:26:53.954 [main] LoadQueryJoinAndFetchProcessor - processing queryspace <gen:0>
[DEBUG] 2018-02-12 18:26:53.954 [main] LoadPlanTreePrinter - LoadPlan(entity=edu.matc.entity.User)
    - Returns
       - EntityReturnImpl(entity=edu.matc.entity.User, querySpaceUid=<gen:0>, path=edu.matc.entity.User)
    - QuerySpaces
       - EntityQuerySpaceImpl(uid=<gen:0>, entity=edu.matc.entity.User)
          - SQL table alias mapping - user0_
          - alias suffix - 0_
          - suffixed key columns - {UserId1_0_0_}

[DEBUG] 2018-02-12 18:26:53.955 [main] EntityLoader - Static select for entity edu.matc.entity.User [UPGRADE]: select user0_.UserId as UserId1_0_0_, user0_.createDate as createDa2_0_0_, user0_.email as email3_0_0_, user0_.firstName as firstNam4_0_0_, user0_.lastName as lastName5_0_0_, user0_.password as password6_0_0_, user0_.updateDate as updateDa7_0_0_, user0_.userName as userName8_0_0_ from user user0_ where user0_.UserId=? for update
[DEBUG] 2018-02-12 18:26:53.955 [main] QuerySpacesImpl - Adding QuerySpace : uid = <gen:0> -> org.hibernate.loader.plan.build.internal.spaces.EntityQuerySpaceImpl@2f19f2aa]
[DEBUG] 2018-02-12 18:26:53.955 [main] MetamodelGraphWalker - Visiting attribute path : createDate
[DEBUG] 2018-02-12 18:26:53.955 [main] MetamodelGraphWalker - Visiting attribute path : email
[DEBUG] 2018-02-12 18:26:53.955 [main] MetamodelGraphWalker - Visiting attribute path : firstName
[DEBUG] 2018-02-12 18:26:53.955 [main] MetamodelGraphWalker - Visiting attribute path : lastName
[DEBUG] 2018-02-12 18:26:53.956 [main] MetamodelGraphWalker - Visiting attribute path : password
[DEBUG] 2018-02-12 18:26:53.956 [main] MetamodelGraphWalker - Visiting attribute path : updateDate
[DEBUG] 2018-02-12 18:26:53.956 [main] MetamodelGraphWalker - Visiting attribute path : userName
[DEBUG] 2018-02-12 18:26:53.956 [main] FetchStyleLoadPlanBuildingAssociationVisitationStrategy - Building LoadPlan...
[DEBUG] 2018-02-12 18:26:53.956 [main] LoadQueryJoinAndFetchProcessor - processing queryspace <gen:0>
[DEBUG] 2018-02-12 18:26:53.957 [main] LoadPlanTreePrinter - LoadPlan(entity=edu.matc.entity.User)
    - Returns
       - EntityReturnImpl(entity=edu.matc.entity.User, querySpaceUid=<gen:0>, path=edu.matc.entity.User)
    - QuerySpaces
       - EntityQuerySpaceImpl(uid=<gen:0>, entity=edu.matc.entity.User)
          - SQL table alias mapping - user0_
          - alias suffix - 0_
          - suffixed key columns - {UserId1_0_0_}

[DEBUG] 2018-02-12 18:26:53.957 [main] EntityLoader - Static select for entity edu.matc.entity.User [UPGRADE_NOWAIT]: select user0_.UserId as UserId1_0_0_, user0_.createDate as createDa2_0_0_, user0_.email as email3_0_0_, user0_.firstName as firstNam4_0_0_, user0_.lastName as lastName5_0_0_, user0_.password as password6_0_0_, user0_.updateDate as updateDa7_0_0_, user0_.userName as userName8_0_0_ from user user0_ where user0_.UserId=? for update
[DEBUG] 2018-02-12 18:26:53.957 [main] QuerySpacesImpl - Adding QuerySpace : uid = <gen:0> -> org.hibernate.loader.plan.build.internal.spaces.EntityQuerySpaceImpl@6a078481]
[DEBUG] 2018-02-12 18:26:53.957 [main] MetamodelGraphWalker - Visiting attribute path : createDate
[DEBUG] 2018-02-12 18:26:53.958 [main] MetamodelGraphWalker - Visiting attribute path : email
[DEBUG] 2018-02-12 18:26:53.958 [main] MetamodelGraphWalker - Visiting attribute path : firstName
[DEBUG] 2018-02-12 18:26:53.958 [main] MetamodelGraphWalker - Visiting attribute path : lastName
[DEBUG] 2018-02-12 18:26:53.958 [main] MetamodelGraphWalker - Visiting attribute path : password
[DEBUG] 2018-02-12 18:26:53.958 [main] MetamodelGraphWalker - Visiting attribute path : updateDate
[DEBUG] 2018-02-12 18:26:53.958 [main] MetamodelGraphWalker - Visiting attribute path : userName
[DEBUG] 2018-02-12 18:26:53.961 [main] FetchStyleLoadPlanBuildingAssociationVisitationStrategy - Building LoadPlan...
[DEBUG] 2018-02-12 18:26:53.961 [main] LoadQueryJoinAndFetchProcessor - processing queryspace <gen:0>
[DEBUG] 2018-02-12 18:26:53.961 [main] LoadPlanTreePrinter - LoadPlan(entity=edu.matc.entity.User)
    - Returns
       - EntityReturnImpl(entity=edu.matc.entity.User, querySpaceUid=<gen:0>, path=edu.matc.entity.User)
    - QuerySpaces
       - EntityQuerySpaceImpl(uid=<gen:0>, entity=edu.matc.entity.User)
          - SQL table alias mapping - user0_
          - alias suffix - 0_
          - suffixed key columns - {UserId1_0_0_}

[DEBUG] 2018-02-12 18:26:53.962 [main] EntityLoader - Static select for entity edu.matc.entity.User [UPGRADE_SKIPLOCKED]: select user0_.UserId as UserId1_0_0_, user0_.createDate as createDa2_0_0_, user0_.email as email3_0_0_, user0_.firstName as firstNam4_0_0_, user0_.lastName as lastName5_0_0_, user0_.password as password6_0_0_, user0_.updateDate as updateDa7_0_0_, user0_.userName as userName8_0_0_ from user user0_ where user0_.UserId=? for update
[DEBUG] 2018-02-12 18:26:53.963 [main] QuerySpacesImpl - Adding QuerySpace : uid = <gen:0> -> org.hibernate.loader.plan.build.internal.spaces.EntityQuerySpaceImpl@1929425f]
[DEBUG] 2018-02-12 18:26:53.965 [main] MetamodelGraphWalker - Visiting attribute path : createDate
[DEBUG] 2018-02-12 18:26:53.966 [main] MetamodelGraphWalker - Visiting attribute path : email
[DEBUG] 2018-02-12 18:26:53.966 [main] MetamodelGraphWalker - Visiting attribute path : firstName
[DEBUG] 2018-02-12 18:26:53.966 [main] MetamodelGraphWalker - Visiting attribute path : lastName
[DEBUG] 2018-02-12 18:26:53.966 [main] MetamodelGraphWalker - Visiting attribute path : password
[DEBUG] 2018-02-12 18:26:53.966 [main] MetamodelGraphWalker - Visiting attribute path : updateDate
[DEBUG] 2018-02-12 18:26:53.966 [main] MetamodelGraphWalker - Visiting attribute path : userName
[DEBUG] 2018-02-12 18:26:53.966 [main] FetchStyleLoadPlanBuildingAssociationVisitationStrategy - Building LoadPlan...
[DEBUG] 2018-02-12 18:26:53.966 [main] LoadQueryJoinAndFetchProcessor - processing queryspace <gen:0>
[DEBUG] 2018-02-12 18:26:53.967 [main] LoadPlanTreePrinter - LoadPlan(entity=edu.matc.entity.User)
    - Returns
       - EntityReturnImpl(entity=edu.matc.entity.User, querySpaceUid=<gen:0>, path=edu.matc.entity.User)
    - QuerySpaces
       - EntityQuerySpaceImpl(uid=<gen:0>, entity=edu.matc.entity.User)
          - SQL table alias mapping - user0_
          - alias suffix - 0_
          - suffixed key columns - {UserId1_0_0_}

[DEBUG] 2018-02-12 18:26:53.967 [main] EntityLoader - Static select for entity edu.matc.entity.User [FORCE]: select user0_.UserId as UserId1_0_0_, user0_.createDate as createDa2_0_0_, user0_.email as email3_0_0_, user0_.firstName as firstNam4_0_0_, user0_.lastName as lastName5_0_0_, user0_.password as password6_0_0_, user0_.updateDate as updateDa7_0_0_, user0_.userName as userName8_0_0_ from user user0_ where user0_.UserId=? for update
[DEBUG] 2018-02-12 18:26:53.967 [main] QuerySpacesImpl - Adding QuerySpace : uid = <gen:0> -> org.hibernate.loader.plan.build.internal.spaces.EntityQuerySpaceImpl@27f3b6d6]
[DEBUG] 2018-02-12 18:26:53.967 [main] MetamodelGraphWalker - Visiting attribute path : createDate
[DEBUG] 2018-02-12 18:26:53.968 [main] MetamodelGraphWalker - Visiting attribute path : email
[DEBUG] 2018-02-12 18:26:53.968 [main] MetamodelGraphWalker - Visiting attribute path : firstName
[DEBUG] 2018-02-12 18:26:53.968 [main] MetamodelGraphWalker - Visiting attribute path : lastName
[DEBUG] 2018-02-12 18:26:53.968 [main] MetamodelGraphWalker - Visiting attribute path : password
[DEBUG] 2018-02-12 18:26:53.968 [main] MetamodelGraphWalker - Visiting attribute path : updateDate
[DEBUG] 2018-02-12 18:26:53.968 [main] MetamodelGraphWalker - Visiting attribute path : userName
[DEBUG] 2018-02-12 18:26:53.968 [main] FetchStyleLoadPlanBuildingAssociationVisitationStrategy - Building LoadPlan...
[DEBUG] 2018-02-12 18:26:53.969 [main] LoadQueryJoinAndFetchProcessor - processing queryspace <gen:0>
[DEBUG] 2018-02-12 18:26:53.969 [main] LoadPlanTreePrinter - LoadPlan(entity=edu.matc.entity.User)
    - Returns
       - EntityReturnImpl(entity=edu.matc.entity.User, querySpaceUid=<gen:0>, path=edu.matc.entity.User)
    - QuerySpaces
       - EntityQuerySpaceImpl(uid=<gen:0>, entity=edu.matc.entity.User)
          - SQL table alias mapping - user0_
          - alias suffix - 0_
          - suffixed key columns - {UserId1_0_0_}

[DEBUG] 2018-02-12 18:26:53.972 [main] EntityLoader - Static select for entity edu.matc.entity.User [PESSIMISTIC_READ]: select user0_.UserId as UserId1_0_0_, user0_.createDate as createDa2_0_0_, user0_.email as email3_0_0_, user0_.firstName as firstNam4_0_0_, user0_.lastName as lastName5_0_0_, user0_.password as password6_0_0_, user0_.updateDate as updateDa7_0_0_, user0_.userName as userName8_0_0_ from user user0_ where user0_.UserId=? lock in share mode
[DEBUG] 2018-02-12 18:26:53.973 [main] QuerySpacesImpl - Adding QuerySpace : uid = <gen:0> -> org.hibernate.loader.plan.build.internal.spaces.EntityQuerySpaceImpl@2617f816]
[DEBUG] 2018-02-12 18:26:53.973 [main] MetamodelGraphWalker - Visiting attribute path : createDate
[DEBUG] 2018-02-12 18:26:53.973 [main] MetamodelGraphWalker - Visiting attribute path : email
[DEBUG] 2018-02-12 18:26:53.973 [main] MetamodelGraphWalker - Visiting attribute path : firstName
[DEBUG] 2018-02-12 18:26:53.973 [main] MetamodelGraphWalker - Visiting attribute path : lastName
[DEBUG] 2018-02-12 18:26:53.974 [main] MetamodelGraphWalker - Visiting attribute path : password
[DEBUG] 2018-02-12 18:26:53.975 [main] MetamodelGraphWalker - Visiting attribute path : updateDate
[DEBUG] 2018-02-12 18:26:53.975 [main] MetamodelGraphWalker - Visiting attribute path : userName
[DEBUG] 2018-02-12 18:26:53.975 [main] FetchStyleLoadPlanBuildingAssociationVisitationStrategy - Building LoadPlan...
[DEBUG] 2018-02-12 18:26:53.975 [main] LoadQueryJoinAndFetchProcessor - processing queryspace <gen:0>
[DEBUG] 2018-02-12 18:26:53.976 [main] LoadPlanTreePrinter - LoadPlan(entity=edu.matc.entity.User)
    - Returns
       - EntityReturnImpl(entity=edu.matc.entity.User, querySpaceUid=<gen:0>, path=edu.matc.entity.User)
    - QuerySpaces
       - EntityQuerySpaceImpl(uid=<gen:0>, entity=edu.matc.entity.User)
          - SQL table alias mapping - user0_
          - alias suffix - 0_
          - suffixed key columns - {UserId1_0_0_}

[DEBUG] 2018-02-12 18:26:53.976 [main] EntityLoader - Static select for entity edu.matc.entity.User [PESSIMISTIC_WRITE]: select user0_.UserId as UserId1_0_0_, user0_.createDate as createDa2_0_0_, user0_.email as email3_0_0_, user0_.firstName as firstNam4_0_0_, user0_.lastName as lastName5_0_0_, user0_.password as password6_0_0_, user0_.updateDate as updateDa7_0_0_, user0_.userName as userName8_0_0_ from user user0_ where user0_.UserId=? for update
[DEBUG] 2018-02-12 18:26:53.978 [main] QuerySpacesImpl - Adding QuerySpace : uid = <gen:0> -> org.hibernate.loader.plan.build.internal.spaces.EntityQuerySpaceImpl@5d10455d]
[DEBUG] 2018-02-12 18:26:53.978 [main] MetamodelGraphWalker - Visiting attribute path : createDate
[DEBUG] 2018-02-12 18:26:53.978 [main] MetamodelGraphWalker - Visiting attribute path : email
[DEBUG] 2018-02-12 18:26:53.978 [main] MetamodelGraphWalker - Visiting attribute path : firstName
[DEBUG] 2018-02-12 18:26:53.978 [main] MetamodelGraphWalker - Visiting attribute path : lastName
[DEBUG] 2018-02-12 18:26:53.978 [main] MetamodelGraphWalker - Visiting attribute path : password
[DEBUG] 2018-02-12 18:26:53.978 [main] MetamodelGraphWalker - Visiting attribute path : updateDate
[DEBUG] 2018-02-12 18:26:53.978 [main] MetamodelGraphWalker - Visiting attribute path : userName
[DEBUG] 2018-02-12 18:26:53.978 [main] FetchStyleLoadPlanBuildingAssociationVisitationStrategy - Building LoadPlan...
[DEBUG] 2018-02-12 18:26:53.979 [main] LoadQueryJoinAndFetchProcessor - processing queryspace <gen:0>
[DEBUG] 2018-02-12 18:26:53.979 [main] LoadPlanTreePrinter - LoadPlan(entity=edu.matc.entity.User)
    - Returns
       - EntityReturnImpl(entity=edu.matc.entity.User, querySpaceUid=<gen:0>, path=edu.matc.entity.User)
    - QuerySpaces
       - EntityQuerySpaceImpl(uid=<gen:0>, entity=edu.matc.entity.User)
          - SQL table alias mapping - user0_
          - alias suffix - 0_
          - suffixed key columns - {UserId1_0_0_}

[DEBUG] 2018-02-12 18:26:53.979 [main] EntityLoader - Static select for entity edu.matc.entity.User [PESSIMISTIC_FORCE_INCREMENT]: select user0_.UserId as UserId1_0_0_, user0_.createDate as createDa2_0_0_, user0_.email as email3_0_0_, user0_.firstName as firstNam4_0_0_, user0_.lastName as lastName5_0_0_, user0_.password as password6_0_0_, user0_.updateDate as updateDa7_0_0_, user0_.userName as userName8_0_0_ from user user0_ where user0_.UserId=? for update
[DEBUG] 2018-02-12 18:26:53.980 [main] QuerySpacesImpl - Adding QuerySpace : uid = <gen:0> -> org.hibernate.loader.plan.build.internal.spaces.EntityQuerySpaceImpl@4a951911]
[DEBUG] 2018-02-12 18:26:53.980 [main] MetamodelGraphWalker - Visiting attribute path : createDate
[DEBUG] 2018-02-12 18:26:53.980 [main] MetamodelGraphWalker - Visiting attribute path : email
[DEBUG] 2018-02-12 18:26:53.980 [main] MetamodelGraphWalker - Visiting attribute path : firstName
[DEBUG] 2018-02-12 18:26:53.980 [main] MetamodelGraphWalker - Visiting attribute path : lastName
[DEBUG] 2018-02-12 18:26:53.980 [main] MetamodelGraphWalker - Visiting attribute path : password
[DEBUG] 2018-02-12 18:26:53.980 [main] MetamodelGraphWalker - Visiting attribute path : updateDate
[DEBUG] 2018-02-12 18:26:53.980 [main] MetamodelGraphWalker - Visiting attribute path : userName
[DEBUG] 2018-02-12 18:26:53.980 [main] FetchStyleLoadPlanBuildingAssociationVisitationStrategy - Building LoadPlan...
[DEBUG] 2018-02-12 18:26:53.981 [main] LoadQueryJoinAndFetchProcessor - processing queryspace <gen:0>
[DEBUG] 2018-02-12 18:26:53.981 [main] LoadPlanTreePrinter - LoadPlan(entity=edu.matc.entity.User)
    - Returns
       - EntityReturnImpl(entity=edu.matc.entity.User, querySpaceUid=<gen:0>, path=edu.matc.entity.User)
    - QuerySpaces
       - EntityQuerySpaceImpl(uid=<gen:0>, entity=edu.matc.entity.User)
          - SQL table alias mapping - user0_
          - alias suffix - 0_
          - suffixed key columns - {UserId1_0_0_}

[DEBUG] 2018-02-12 18:26:53.981 [main] EntityLoader - Static select for entity edu.matc.entity.User [OPTIMISTIC]: select user0_.UserId as UserId1_0_0_, user0_.createDate as createDa2_0_0_, user0_.email as email3_0_0_, user0_.firstName as firstNam4_0_0_, user0_.lastName as lastName5_0_0_, user0_.password as password6_0_0_, user0_.updateDate as updateDa7_0_0_, user0_.userName as userName8_0_0_ from user user0_ where user0_.UserId=?
[DEBUG] 2018-02-12 18:26:53.982 [main] QuerySpacesImpl - Adding QuerySpace : uid = <gen:0> -> org.hibernate.loader.plan.build.internal.spaces.EntityQuerySpaceImpl@a53bb6f]
[DEBUG] 2018-02-12 18:26:53.982 [main] MetamodelGraphWalker - Visiting attribute path : createDate
[DEBUG] 2018-02-12 18:26:53.982 [main] MetamodelGraphWalker - Visiting attribute path : email
[DEBUG] 2018-02-12 18:26:53.982 [main] MetamodelGraphWalker - Visiting attribute path : firstName
[DEBUG] 2018-02-12 18:26:53.982 [main] MetamodelGraphWalker - Visiting attribute path : lastName
[DEBUG] 2018-02-12 18:26:53.982 [main] MetamodelGraphWalker - Visiting attribute path : password
[DEBUG] 2018-02-12 18:26:53.982 [main] MetamodelGraphWalker - Visiting attribute path : updateDate
[DEBUG] 2018-02-12 18:26:53.982 [main] MetamodelGraphWalker - Visiting attribute path : userName
[DEBUG] 2018-02-12 18:26:53.982 [main] FetchStyleLoadPlanBuildingAssociationVisitationStrategy - Building LoadPlan...
[DEBUG] 2018-02-12 18:26:53.983 [main] LoadQueryJoinAndFetchProcessor - processing queryspace <gen:0>
[DEBUG] 2018-02-12 18:26:53.984 [main] LoadPlanTreePrinter - LoadPlan(entity=edu.matc.entity.User)
    - Returns
       - EntityReturnImpl(entity=edu.matc.entity.User, querySpaceUid=<gen:0>, path=edu.matc.entity.User)
    - QuerySpaces
       - EntityQuerySpaceImpl(uid=<gen:0>, entity=edu.matc.entity.User)
          - SQL table alias mapping - user0_
          - alias suffix - 0_
          - suffixed key columns - {UserId1_0_0_}

[DEBUG] 2018-02-12 18:26:53.984 [main] EntityLoader - Static select for entity edu.matc.entity.User [OPTIMISTIC_FORCE_INCREMENT]: select user0_.UserId as UserId1_0_0_, user0_.createDate as createDa2_0_0_, user0_.email as email3_0_0_, user0_.firstName as firstNam4_0_0_, user0_.lastName as lastName5_0_0_, user0_.password as password6_0_0_, user0_.updateDate as updateDa7_0_0_, user0_.userName as userName8_0_0_ from user user0_ where user0_.UserId=?
[DEBUG] 2018-02-12 18:26:54.017 [main] Loader - Static select for action ACTION_MERGE on entity edu.matc.entity.User: select user0_.UserId as UserId1_0_0_, user0_.createDate as createDa2_0_0_, user0_.email as email3_0_0_, user0_.firstName as firstNam4_0_0_, user0_.lastName as lastName5_0_0_, user0_.password as password6_0_0_, user0_.updateDate as updateDa7_0_0_, user0_.userName as userName8_0_0_ from user user0_ where user0_.UserId=?
[DEBUG] 2018-02-12 18:26:54.019 [main] Loader - Static select for action ACTION_REFRESH on entity edu.matc.entity.User: select user0_.UserId as UserId1_0_0_, user0_.createDate as createDa2_0_0_, user0_.email as email3_0_0_, user0_.firstName as firstNam4_0_0_, user0_.lastName as lastName5_0_0_, user0_.password as password6_0_0_, user0_.updateDate as updateDa7_0_0_, user0_.userName as userName8_0_0_ from user user0_ where user0_.UserId=?
[DEBUG] 2018-02-12 18:26:54.073 [main] SchemaManagementToolCoordinator - No actions specified; doing nothing
[DEBUG] 2018-02-12 18:26:54.073 [main] JtaPlatformInitiator - No JtaPlatform was specified, checking resolver
[DEBUG] 2018-02-12 18:26:54.077 [main] JtaPlatformResolverInitiator - No JtaPlatformResolver was specified, using default [org.hibernate.engine.transaction.jta.platform.internal.StandardJtaPlatformResolver]
[DEBUG] 2018-02-12 18:26:54.090 [main] StandardJtaPlatformResolver - Could not resolve JtaPlatform, using default [org.hibernate.engine.transaction.jta.platform.internal.NoJtaPlatform]
[DEBUG] 2018-02-12 18:26:54.092 [main] NamedQueryRepository - Checking 0 named HQL queries
[DEBUG] 2018-02-12 18:26:54.092 [main] NamedQueryRepository - Checking 0 named SQL queries
[DEBUG] 2018-02-12 18:26:54.094 [main] SessionFactoryRegistry - Initializing SessionFactoryRegistry : org.hibernate.internal.SessionFactoryRegistry@110844f6
[DEBUG] 2018-02-12 18:26:54.100 [main] SessionFactoryRegistry - Registering SessionFactory: cce97065-6902-4e1a-bab9-6bf8edb197df (<unnamed>)
[DEBUG] 2018-02-12 18:26:54.100 [main] SessionFactoryRegistry - Not binding SessionFactory to JNDI, no JNDI name configured
[DEBUG] 2018-02-12 18:26:54.294 [main] StatisticsInitiator - Statistics initialized [enabled=false]
[DEBUG] 2018-02-12 18:26:54.316 [main] SQL - select user0_.UserId as UserId1_0_0_, user0_.createDate as createDa2_0_0_, user0_.email as email3_0_0_, user0_.firstName as firstNam4_0_0_, user0_.lastName as lastName5_0_0_, user0_.password as password6_0_0_, user0_.updateDate as updateDa7_0_0_, user0_.userName as userName8_0_0_ from user user0_ where user0_.UserId=?
[DEBUG] 2018-02-12 18:26:54.361 [main] ResultSetProcessorImpl - Starting ResultSet row #0
[DEBUG] 2018-02-12 18:26:54.362 [main] EntityReferenceInitializerImpl - On call to EntityIdentifierReaderImpl#resolve, EntityKey was already known; should only happen on root returns with an optional identifier specified
[DEBUG] 2018-02-12 18:26:54.382 [main] TwoPhaseLoad - Resolving associations for [edu.matc.entity.User#3]
[DEBUG] 2018-02-12 18:26:54.384 [main] TwoPhaseLoad - Done materializing entity [edu.matc.entity.User#3]
[DEBUG] 2018-02-12 18:26:54.385 [main] ResourceRegistryStandardImpl - HHH000387: ResultSet's statement was not registered
[DEBUG] 2018-02-12 18:26:54.385 [main] AbstractLoadPlanBasedEntityLoader - Done entity load : edu.matc.entity.User#3
[DEBUG] 2018-02-12 18:26:54.386 [main] LogicalConnectionManagedImpl - Initiating JDBC connection release from afterTransaction
[DEBUG] 2018-02-12 18:26:54.391 [main] TransactionImpl - begin
[DEBUG] 2018-02-12 18:26:54.404 [main] TransactionImpl - committing
[DEBUG] 2018-02-12 18:26:54.405 [main] AbstractFlushingEventListener - Processing flush-time cascades
[DEBUG] 2018-02-12 18:26:54.405 [main] AbstractFlushingEventListener - Dirty checking collections
[DEBUG] 2018-02-12 18:26:54.407 [main] AbstractFlushingEventListener - Flushed: 0 insertions, 0 updates, 1 deletions to 1 objects
[DEBUG] 2018-02-12 18:26:54.408 [main] AbstractFlushingEventListener - Flushed: 0 (re)creations, 0 updates, 0 removals to 0 collections
[DEBUG] 2018-02-12 18:26:54.410 [main] EntityPrinter - Listing entities:
[DEBUG] 2018-02-12 18:26:54.410 [main] EntityPrinter - edu.matc.entity.User{firstName=Barney, lastName=Curry, password=supersecret3, updateDate=2018-02-12 18:26:54.0, UserId=3, userName=bcurry, email=bcurry@yahoo.com, createDate=2018-02-12 18:26:54.0}
[DEBUG] 2018-02-12 18:26:54.419 [main] SQL - delete from user where UserId=?
[DEBUG] 2018-02-12 18:26:54.425 [main] LogicalConnectionManagedImpl - Initiating JDBC connection release from afterTransaction
[DEBUG] 2018-02-12 18:26:54.426 [main] LogicalConnectionManagedImpl - Initiating JDBC connection release from afterTransaction
[DEBUG] 2018-02-12 18:26:54.426 [main] JdbcCoordinatorImpl - HHH000420: Closing un-released batch
[DEBUG] 2018-02-12 18:26:54.427 [main] SQL - select user0_.UserId as UserId1_0_0_, user0_.createDate as createDa2_0_0_, user0_.email as email3_0_0_, user0_.firstName as firstNam4_0_0_, user0_.lastName as lastName5_0_0_, user0_.password as password6_0_0_, user0_.updateDate as updateDa7_0_0_, user0_.userName as userName8_0_0_ from user user0_ where user0_.UserId=?
[DEBUG] 2018-02-12 18:26:54.428 [main] ResourceRegistryStandardImpl - HHH000387: ResultSet's statement was not registered
[DEBUG] 2018-02-12 18:26:54.428 [main] AbstractLoadPlanBasedEntityLoader - Done entity load : edu.matc.entity.User#3
[DEBUG] 2018-02-12 18:26:54.429 [main] LogicalConnectionManagedImpl - Initiating JDBC connection release from afterTransaction
[DEBUG] 2018-02-12 18:26:54.515 [main] CriteriaQueryImpl - Rendered criteria query -> select generatedAlias0 from User as generatedAlias0 where generatedAlias0.lastName like :param0
[DEBUG] 2018-02-12 18:26:54.551 [main] QueryTranslatorFactoryInitiator - QueryTranslatorFactory : org.hibernate.hql.internal.ast.ASTQueryTranslatorFactory@303a5119
[INFO ] 2018-02-12 18:26:54.551 [main] QueryTranslatorFactoryInitiator - HHH000397: Using ASTQueryTranslatorFactory
[DEBUG] 2018-02-12 18:26:54.696 [main] QueryTranslatorImpl - parse() - HQL: select generatedAlias0 from edu.matc.entity.User as generatedAlias0 where generatedAlias0.lastName like :param0
[DEBUG] 2018-02-12 18:26:54.738 [main] ErrorCounter - throwQueryException() : no errors
[DEBUG] 2018-02-12 18:26:54.749 [main] QueryTranslatorImpl - --- HQL AST ---
 \-[QUERY] Node: 'query'
    +-[SELECT_FROM] Node: 'SELECT_FROM'
    |  +-[FROM] Node: 'from'
    |  |  \-[RANGE] Node: 'RANGE'
    |  |     +-[DOT] Node: '.'
    |  |     |  +-[DOT] Node: '.'
    |  |     |  |  +-[DOT] Node: '.'
    |  |     |  |  |  +-[IDENT] Node: 'edu'
    |  |     |  |  |  \-[IDENT] Node: 'matc'
    |  |     |  |  \-[IDENT] Node: 'entity'
    |  |     |  \-[IDENT] Node: 'User'
    |  |     \-[ALIAS] Node: 'generatedAlias0'
    |  \-[SELECT] Node: 'select'
    |     \-[IDENT] Node: 'generatedAlias0'
    \-[WHERE] Node: 'where'
       \-[LIKE] Node: 'like'
          +-[DOT] Node: '.'
          |  +-[IDENT] Node: 'generatedAlias0'
          |  \-[IDENT] Node: 'lastName'
          \-[COLON] Node: ':'
             \-[IDENT] Node: 'param0'

[DEBUG] 2018-02-12 18:26:54.815 [main] HqlSqlBaseWalker - select << begin [level=1, statement=select]
[DEBUG] 2018-02-12 18:26:54.860 [main] FromElement - FromClause{level=1} : edu.matc.entity.User (generatedAlias0) -> user0_
[DEBUG] 2018-02-12 18:26:54.862 [main] FromReferenceNode - Resolved : generatedAlias0 -> user0_.UserId
[DEBUG] 2018-02-12 18:26:54.867 [main] FromReferenceNode - Resolved : generatedAlias0 -> user0_.UserId
[DEBUG] 2018-02-12 18:26:54.869 [main] DotNode - getDataType() : lastName -> org.hibernate.type.StringType@57a3e26a
[DEBUG] 2018-02-12 18:26:54.873 [main] FromReferenceNode - Resolved : generatedAlias0.lastName -> user0_.lastName
[DEBUG] 2018-02-12 18:26:54.878 [main] HqlSqlBaseWalker - select : finishing up [level=1, statement=select]
[DEBUG] 2018-02-12 18:26:54.879 [main] HqlSqlWalker - processQuery() :  ( SELECT ( {select clause} user0_.UserId ) ( FromClause{level=1} user user0_ ) ( where ( like ( user0_.lastName user0_.UserId lastName ) ? ) ) )
[DEBUG] 2018-02-12 18:26:54.897 [main] JoinProcessor - Using FROM fragment [user user0_]
[DEBUG] 2018-02-12 18:26:54.897 [main] HqlSqlBaseWalker - select >> end [level=1, statement=select]
[DEBUG] 2018-02-12 18:26:54.901 [main] QueryTranslatorImpl - --- SQL AST ---
 \-[SELECT] QueryNode: 'SELECT'  querySpaces (user)
    +-[SELECT_CLAUSE] SelectClause: '{select clause}'
    |  +-[ALIAS_REF] IdentNode: 'user0_.UserId as UserId1_0_' {alias=generatedAlias0, className=edu.matc.entity.User, tableAlias=user0_}
    |  \-[SQL_TOKEN] SqlFragment: 'user0_.createDate as createDa2_0_, user0_.email as email3_0_, user0_.firstName as firstNam4_0_, user0_.lastName as lastName5_0_, user0_.password as password6_0_, user0_.updateDate as updateDa7_0_, user0_.userName as userName8_0_'
    +-[FROM] FromClause: 'from' FromClause{level=1, fromElementCounter=1, fromElements=1, fromElementByClassAlias=[generatedAlias0], fromElementByTableAlias=[user0_], fromElementsByPath=[], collectionJoinFromElementsByPath=[], impliedElements=[]}
    |  \-[FROM_FRAGMENT] FromElement: 'user user0_' FromElement{explicit,not a collection join,not a fetch join,fetch non-lazy properties,classAlias=generatedAlias0,role=null,tableName=user,tableAlias=user0_,origin=null,columns={,className=edu.matc.entity.User}}
    \-[WHERE] SqlNode: 'where'
       \-[LIKE] BinaryLogicOperatorNode: 'like'
          +-[DOT] DotNode: 'user0_.lastName' {propertyName=lastName,dereferenceType=PRIMITIVE,getPropertyPath=lastName,path=generatedAlias0.lastName,tableAlias=user0_,className=edu.matc.entity.User,classAlias=generatedAlias0}
          |  +-[ALIAS_REF] IdentNode: 'user0_.UserId' {alias=generatedAlias0, className=edu.matc.entity.User, tableAlias=user0_}
          |  \-[IDENT] IdentNode: 'lastName' {originalText=lastName}
          \-[NAMED_PARAM] ParameterNode: '?' {name=param0, expectedType=org.hibernate.type.StringType@57a3e26a}

[DEBUG] 2018-02-12 18:26:54.901 [main] ErrorCounter - throwQueryException() : no errors
[DEBUG] 2018-02-12 18:26:54.918 [main] QueryTranslatorImpl - HQL: select generatedAlias0 from edu.matc.entity.User as generatedAlias0 where generatedAlias0.lastName like :param0
[DEBUG] 2018-02-12 18:26:54.919 [main] QueryTranslatorImpl - SQL: select user0_.UserId as UserId1_0_, user0_.createDate as createDa2_0_, user0_.email as email3_0_, user0_.firstName as firstNam4_0_, user0_.lastName as lastName5_0_, user0_.password as password6_0_, user0_.updateDate as updateDa7_0_, user0_.userName as userName8_0_ from user user0_ where user0_.lastName like ?
[DEBUG] 2018-02-12 18:26:54.919 [main] ErrorCounter - throwQueryException() : no errors
[DEBUG] 2018-02-12 18:26:55.100 [main] SQL - select user0_.UserId as UserId1_0_, user0_.createDate as createDa2_0_, user0_.email as email3_0_, user0_.firstName as firstNam4_0_, user0_.lastName as lastName5_0_, user0_.password as password6_0_, user0_.updateDate as updateDa7_0_, user0_.userName as userName8_0_ from user user0_ where user0_.lastName like ?
[DEBUG] 2018-02-12 18:26:55.104 [main] Loader - Result set row: 0
[DEBUG] 2018-02-12 18:26:55.105 [main] Loader - Result row: EntityKey[edu.matc.entity.User#1]
[DEBUG] 2018-02-12 18:26:55.106 [main] Loader - Result set row: 1
[DEBUG] 2018-02-12 18:26:55.106 [main] Loader - Result row: EntityKey[edu.matc.entity.User#3]
[DEBUG] 2018-02-12 18:26:55.107 [main] Loader - Result set row: 2
[DEBUG] 2018-02-12 18:26:55.107 [main] Loader - Result row: EntityKey[edu.matc.entity.User#4]
[DEBUG] 2018-02-12 18:26:55.107 [main] TwoPhaseLoad - Resolving associations for [edu.matc.entity.User#1]
[DEBUG] 2018-02-12 18:26:55.107 [main] TwoPhaseLoad - Done materializing entity [edu.matc.entity.User#1]
[DEBUG] 2018-02-12 18:26:55.107 [main] TwoPhaseLoad - Resolving associations for [edu.matc.entity.User#3]
[DEBUG] 2018-02-12 18:26:55.107 [main] TwoPhaseLoad - Done materializing entity [edu.matc.entity.User#3]
[DEBUG] 2018-02-12 18:26:55.107 [main] TwoPhaseLoad - Resolving associations for [edu.matc.entity.User#4]
[DEBUG] 2018-02-12 18:26:55.108 [main] TwoPhaseLoad - Done materializing entity [edu.matc.entity.User#4]
[DEBUG] 2018-02-12 18:26:55.110 [main] LogicalConnectionManagedImpl - Initiating JDBC connection release from afterTransaction
[DEBUG] 2018-02-12 18:26:55.146 [main] CriteriaQueryImpl - Rendered criteria query -> select generatedAlias0 from User as generatedAlias0 where generatedAlias0.lastName like :param0
[DEBUG] 2018-02-12 18:26:55.146 [main] SQL - select user0_.UserId as UserId1_0_, user0_.createDate as createDa2_0_, user0_.email as email3_0_, user0_.firstName as firstNam4_0_, user0_.lastName as lastName5_0_, user0_.password as password6_0_, user0_.updateDate as updateDa7_0_, user0_.userName as userName8_0_ from user user0_ where user0_.lastName like ?
[DEBUG] 2018-02-12 18:26:55.151 [main] Loader - Result set row: 0
[DEBUG] 2018-02-12 18:26:55.154 [main] Loader - Result row: EntityKey[edu.matc.entity.User#3]
[DEBUG] 2018-02-12 18:26:55.154 [main] TwoPhaseLoad - Resolving associations for [edu.matc.entity.User#3]
[DEBUG] 2018-02-12 18:26:55.154 [main] TwoPhaseLoad - Done materializing entity [edu.matc.entity.User#3]
[DEBUG] 2018-02-12 18:26:55.155 [main] LogicalConnectionManagedImpl - Initiating JDBC connection release from afterTransaction
[DEBUG] 2018-02-12 18:26:55.191 [main] CriteriaQueryImpl - Rendered criteria query -> select generatedAlias0 from User as generatedAlias0 where generatedAlias0.lastName like :param0
[DEBUG] 2018-02-12 18:26:55.192 [main] SQL - select user0_.UserId as UserId1_0_, user0_.createDate as createDa2_0_, user0_.email as email3_0_, user0_.firstName as firstNam4_0_, user0_.lastName as lastName5_0_, user0_.password as password6_0_, user0_.updateDate as updateDa7_0_, user0_.userName as userName8_0_ from user user0_ where user0_.lastName like ?
[DEBUG] 2018-02-12 18:26:55.195 [main] Loader - Result set row: 0
[DEBUG] 2018-02-12 18:26:55.195 [main] Loader - Result row: EntityKey[edu.matc.entity.User#1]
[DEBUG] 2018-02-12 18:26:55.195 [main] Loader - Result set row: 1
[DEBUG] 2018-02-12 18:26:55.195 [main] Loader - Result row: EntityKey[edu.matc.entity.User#3]
[DEBUG] 2018-02-12 18:26:55.196 [main] Loader - Result set row: 2
[DEBUG] 2018-02-12 18:26:55.196 [main] Loader - Result row: EntityKey[edu.matc.entity.User#4]
[DEBUG] 2018-02-12 18:26:55.196 [main] TwoPhaseLoad - Resolving associations for [edu.matc.entity.User#1]
[DEBUG] 2018-02-12 18:26:55.196 [main] TwoPhaseLoad - Done materializing entity [edu.matc.entity.User#1]
[DEBUG] 2018-02-12 18:26:55.196 [main] TwoPhaseLoad - Resolving associations for [edu.matc.entity.User#3]
[DEBUG] 2018-02-12 18:26:55.196 [main] TwoPhaseLoad - Done materializing entity [edu.matc.entity.User#3]
[DEBUG] 2018-02-12 18:26:55.196 [main] TwoPhaseLoad - Resolving associations for [edu.matc.entity.User#4]
[DEBUG] 2018-02-12 18:26:55.196 [main] TwoPhaseLoad - Done materializing entity [edu.matc.entity.User#4]
[DEBUG] 2018-02-12 18:26:55.197 [main] LogicalConnectionManagedImpl - Initiating JDBC connection release from afterTransaction
[DEBUG] 2018-02-12 18:26:55.211 [main] SQL - select user0_.UserId as UserId1_0_0_, user0_.createDate as createDa2_0_0_, user0_.email as email3_0_0_, user0_.firstName as firstNam4_0_0_, user0_.lastName as lastName5_0_0_, user0_.password as password6_0_0_, user0_.updateDate as updateDa7_0_0_, user0_.userName as userName8_0_0_ from user user0_ where user0_.UserId=?
[DEBUG] 2018-02-12 18:26:55.212 [main] ResultSetProcessorImpl - Starting ResultSet row #0
[DEBUG] 2018-02-12 18:26:55.213 [main] EntityReferenceInitializerImpl - On call to EntityIdentifierReaderImpl#resolve, EntityKey was already known; should only happen on root returns with an optional identifier specified
[DEBUG] 2018-02-12 18:26:55.213 [main] TwoPhaseLoad - Resolving associations for [edu.matc.entity.User#3]
[DEBUG] 2018-02-12 18:26:55.213 [main] TwoPhaseLoad - Done materializing entity [edu.matc.entity.User#3]
[DEBUG] 2018-02-12 18:26:55.213 [main] ResourceRegistryStandardImpl - HHH000387: ResultSet's statement was not registered
[DEBUG] 2018-02-12 18:26:55.213 [main] AbstractLoadPlanBasedEntityLoader - Done entity load : edu.matc.entity.User#3
[DEBUG] 2018-02-12 18:26:55.214 [main] LogicalConnectionManagedImpl - Initiating JDBC connection release from afterTransaction
[DEBUG] 2018-02-12 18:26:55.232 [main] SQL - select user0_.UserId as UserId1_0_0_, user0_.createDate as createDa2_0_0_, user0_.email as email3_0_0_, user0_.firstName as firstNam4_0_0_, user0_.lastName as lastName5_0_0_, user0_.password as password6_0_0_, user0_.updateDate as updateDa7_0_0_, user0_.userName as userName8_0_0_ from user user0_ where user0_.UserId=?
[DEBUG] 2018-02-12 18:26:55.234 [main] ResultSetProcessorImpl - Starting ResultSet row #0
[DEBUG] 2018-02-12 18:26:55.234 [main] EntityReferenceInitializerImpl - On call to EntityIdentifierReaderImpl#resolve, EntityKey was already known; should only happen on root returns with an optional identifier specified
[DEBUG] 2018-02-12 18:26:55.234 [main] TwoPhaseLoad - Resolving associations for [edu.matc.entity.User#3]
[DEBUG] 2018-02-12 18:26:55.235 [main] TwoPhaseLoad - Done materializing entity [edu.matc.entity.User#3]
[DEBUG] 2018-02-12 18:26:55.235 [main] ResourceRegistryStandardImpl - HHH000387: ResultSet's statement was not registered
[DEBUG] 2018-02-12 18:26:55.235 [main] AbstractLoadPlanBasedEntityLoader - Done entity load : edu.matc.entity.User#3
[DEBUG] 2018-02-12 18:26:55.235 [main] LogicalConnectionManagedImpl - Initiating JDBC connection release from afterTransaction
[DEBUG] 2018-02-12 18:26:55.239 [main] SQL - select user0_.UserId as UserId1_0_0_, user0_.createDate as createDa2_0_0_, user0_.email as email3_0_0_, user0_.firstName as firstNam4_0_0_, user0_.lastName as lastName5_0_0_, user0_.password as password6_0_0_, user0_.updateDate as updateDa7_0_0_, user0_.userName as userName8_0_0_ from user user0_ where user0_.UserId=?
[DEBUG] 2018-02-12 18:26:55.241 [main] ResultSetProcessorImpl - Starting ResultSet row #0
[DEBUG] 2018-02-12 18:26:55.241 [main] EntityReferenceInitializerImpl - On call to EntityIdentifierReaderImpl#resolve, EntityKey was already known; should only happen on root returns with an optional identifier specified
[DEBUG] 2018-02-12 18:26:55.242 [main] TwoPhaseLoad - Resolving associations for [edu.matc.entity.User#3]
[DEBUG] 2018-02-12 18:26:55.242 [main] TwoPhaseLoad - Done materializing entity [edu.matc.entity.User#3]
[DEBUG] 2018-02-12 18:26:55.242 [main] ResourceRegistryStandardImpl - HHH000387: ResultSet's statement was not registered
[DEBUG] 2018-02-12 18:26:55.243 [main] AbstractLoadPlanBasedEntityLoader - Done entity load : edu.matc.entity.User#3
[DEBUG] 2018-02-12 18:26:55.243 [main] LogicalConnectionManagedImpl - Initiating JDBC connection release from afterTransaction
[DEBUG] 2018-02-12 18:26:55.256 [main] CriteriaQueryImpl - Rendered criteria query -> select generatedAlias0 from User as generatedAlias0
[DEBUG] 2018-02-12 18:26:55.257 [main] QueryTranslatorImpl - parse() - HQL: select generatedAlias0 from edu.matc.entity.User as generatedAlias0
[DEBUG] 2018-02-12 18:26:55.258 [main] ErrorCounter - throwQueryException() : no errors
[DEBUG] 2018-02-12 18:26:55.259 [main] QueryTranslatorImpl - --- HQL AST ---
 \-[QUERY] Node: 'query'
    \-[SELECT_FROM] Node: 'SELECT_FROM'
       +-[FROM] Node: 'from'
       |  \-[RANGE] Node: 'RANGE'
       |     +-[DOT] Node: '.'
       |     |  +-[DOT] Node: '.'
       |     |  |  +-[DOT] Node: '.'
       |     |  |  |  +-[IDENT] Node: 'edu'
       |     |  |  |  \-[IDENT] Node: 'matc'
       |     |  |  \-[IDENT] Node: 'entity'
       |     |  \-[IDENT] Node: 'User'
       |     \-[ALIAS] Node: 'generatedAlias0'
       \-[SELECT] Node: 'select'
          \-[IDENT] Node: 'generatedAlias0'

[DEBUG] 2018-02-12 18:26:55.259 [main] HqlSqlBaseWalker - select << begin [level=1, statement=select]
[DEBUG] 2018-02-12 18:26:55.259 [main] FromElement - FromClause{level=1} : edu.matc.entity.User (generatedAlias0) -> user0_
[DEBUG] 2018-02-12 18:26:55.259 [main] FromReferenceNode - Resolved : generatedAlias0 -> user0_.UserId
[DEBUG] 2018-02-12 18:26:55.259 [main] HqlSqlBaseWalker - select : finishing up [level=1, statement=select]
[DEBUG] 2018-02-12 18:26:55.259 [main] HqlSqlWalker - processQuery() :  ( SELECT ( {select clause} user0_.UserId ) ( FromClause{level=1} user user0_ ) )
[DEBUG] 2018-02-12 18:26:55.260 [main] JoinProcessor - Using FROM fragment [user user0_]
[DEBUG] 2018-02-12 18:26:55.260 [main] HqlSqlBaseWalker - select >> end [level=1, statement=select]
[DEBUG] 2018-02-12 18:26:55.263 [main] QueryTranslatorImpl - --- SQL AST ---
 \-[SELECT] QueryNode: 'SELECT'  querySpaces (user)
    +-[SELECT_CLAUSE] SelectClause: '{select clause}'
    |  +-[ALIAS_REF] IdentNode: 'user0_.UserId as UserId1_0_' {alias=generatedAlias0, className=edu.matc.entity.User, tableAlias=user0_}
    |  \-[SQL_TOKEN] SqlFragment: 'user0_.createDate as createDa2_0_, user0_.email as email3_0_, user0_.firstName as firstNam4_0_, user0_.lastName as lastName5_0_, user0_.password as password6_0_, user0_.updateDate as updateDa7_0_, user0_.userName as userName8_0_'
    \-[FROM] FromClause: 'from' FromClause{level=1, fromElementCounter=1, fromElements=1, fromElementByClassAlias=[generatedAlias0], fromElementByTableAlias=[user0_], fromElementsByPath=[], collectionJoinFromElementsByPath=[], impliedElements=[]}
       \-[FROM_FRAGMENT] FromElement: 'user user0_' FromElement{explicit,not a collection join,not a fetch join,fetch non-lazy properties,classAlias=generatedAlias0,role=null,tableName=user,tableAlias=user0_,origin=null,columns={,className=edu.matc.entity.User}}

[DEBUG] 2018-02-12 18:26:55.264 [main] ErrorCounter - throwQueryException() : no errors
[DEBUG] 2018-02-12 18:26:55.264 [main] QueryTranslatorImpl - HQL: select generatedAlias0 from edu.matc.entity.User as generatedAlias0
[DEBUG] 2018-02-12 18:26:55.264 [main] QueryTranslatorImpl - SQL: select user0_.UserId as UserId1_0_, user0_.createDate as createDa2_0_, user0_.email as email3_0_, user0_.firstName as firstNam4_0_, user0_.lastName as lastName5_0_, user0_.password as password6_0_, user0_.updateDate as updateDa7_0_, user0_.userName as userName8_0_ from user user0_
[DEBUG] 2018-02-12 18:26:55.264 [main] ErrorCounter - throwQueryException() : no errors
[DEBUG] 2018-02-12 18:26:55.265 [main] SQL - select user0_.UserId as UserId1_0_, user0_.createDate as createDa2_0_, user0_.email as email3_0_, user0_.firstName as firstNam4_0_, user0_.lastName as lastName5_0_, user0_.password as password6_0_, user0_.updateDate as updateDa7_0_, user0_.userName as userName8_0_ from user user0_
[DEBUG] 2018-02-12 18:26:55.271 [main] Loader - Result set row: 0
[DEBUG] 2018-02-12 18:26:55.272 [main] Loader - Result row: EntityKey[edu.matc.entity.User#1]
[DEBUG] 2018-02-12 18:26:55.272 [main] Loader - Result set row: 1
[DEBUG] 2018-02-12 18:26:55.272 [main] Loader - Result row: EntityKey[edu.matc.entity.User#2]
[DEBUG] 2018-02-12 18:26:55.273 [main] Loader - Result set row: 2
[DEBUG] 2018-02-12 18:26:55.273 [main] Loader - Result row: EntityKey[edu.matc.entity.User#3]
[DEBUG] 2018-02-12 18:26:55.274 [main] Loader - Result set row: 3
[DEBUG] 2018-02-12 18:26:55.274 [main] Loader - Result row: EntityKey[edu.matc.entity.User#4]
[DEBUG] 2018-02-12 18:26:55.275 [main] Loader - Result set row: 4
[DEBUG] 2018-02-12 18:26:55.275 [main] Loader - Result row: EntityKey[edu.matc.entity.User#5]
[DEBUG] 2018-02-12 18:26:55.275 [main] Loader - Result set row: 5
[DEBUG] 2018-02-12 18:26:55.275 [main] Loader - Result row: EntityKey[edu.matc.entity.User#6]
[DEBUG] 2018-02-12 18:26:55.276 [main] TwoPhaseLoad - Resolving associations for [edu.matc.entity.User#1]
[DEBUG] 2018-02-12 18:26:55.276 [main] TwoPhaseLoad - Done materializing entity [edu.matc.entity.User#1]
[DEBUG] 2018-02-12 18:26:55.276 [main] TwoPhaseLoad - Resolving associations for [edu.matc.entity.User#2]
[DEBUG] 2018-02-12 18:26:55.276 [main] TwoPhaseLoad - Done materializing entity [edu.matc.entity.User#2]
[DEBUG] 2018-02-12 18:26:55.276 [main] TwoPhaseLoad - Resolving associations for [edu.matc.entity.User#3]
[DEBUG] 2018-02-12 18:26:55.276 [main] TwoPhaseLoad - Done materializing entity [edu.matc.entity.User#3]
[DEBUG] 2018-02-12 18:26:55.276 [main] TwoPhaseLoad - Resolving associations for [edu.matc.entity.User#4]
[DEBUG] 2018-02-12 18:26:55.276 [main] TwoPhaseLoad - Done materializing entity [edu.matc.entity.User#4]
[DEBUG] 2018-02-12 18:26:55.276 [main] TwoPhaseLoad - Resolving associations for [edu.matc.entity.User#5]
[DEBUG] 2018-02-12 18:26:55.277 [main] TwoPhaseLoad - Done materializing entity [edu.matc.entity.User#5]
[DEBUG] 2018-02-12 18:26:55.281 [main] TwoPhaseLoad - Resolving associations for [edu.matc.entity.User#6]
[DEBUG] 2018-02-12 18:26:55.281 [main] TwoPhaseLoad - Done materializing entity [edu.matc.entity.User#6]
[DEBUG] 2018-02-12 18:26:55.282 [main] LogicalConnectionManagedImpl - Initiating JDBC connection release from afterTransaction
[DEBUG] 2018-02-12 18:26:55.302 [main] TransactionImpl - begin
[DEBUG] 2018-02-12 18:26:55.309 [main] ActionQueue - Executing identity-insert immediately
[DEBUG] 2018-02-12 18:26:55.311 [main] SQL - insert into user (createDate, email, firstName, lastName, password, updateDate, userName) values (?, ?, ?, ?, ?, ?, ?)
[DEBUG] 2018-02-12 18:26:55.318 [main] IdentifierGeneratorHelper - Natively generated identity: 16
[DEBUG] 2018-02-12 18:26:55.319 [main] ResourceRegistryStandardImpl - HHH000387: ResultSet's statement was not registered
[DEBUG] 2018-02-12 18:26:55.321 [main] TransactionImpl - committing
[DEBUG] 2018-02-12 18:26:55.321 [main] AbstractFlushingEventListener - Processing flush-time cascades
[DEBUG] 2018-02-12 18:26:55.321 [main] AbstractFlushingEventListener - Dirty checking collections
[DEBUG] 2018-02-12 18:26:55.322 [main] AbstractFlushingEventListener - Flushed: 0 insertions, 0 updates, 0 deletions to 1 objects
[DEBUG] 2018-02-12 18:26:55.322 [main] AbstractFlushingEventListener - Flushed: 0 (re)creations, 0 updates, 0 removals to 0 collections
[DEBUG] 2018-02-12 18:26:55.322 [main] EntityPrinter - Listing entities:
[DEBUG] 2018-02-12 18:26:55.322 [main] EntityPrinter - edu.matc.entity.User{firstName=Fred, lastName=Flintstone, password=supersecret7, updateDate=2018-02-12 18:26:55.301, UserId=16, userName=fflintstone, email=fflintstone@gmail.com, createDate=2018-02-12 18:26:55.301}
[DEBUG] 2018-02-12 18:26:55.323 [main] LogicalConnectionManagedImpl - Initiating JDBC connection release from afterTransaction
[DEBUG] 2018-02-12 18:26:55.324 [main] LogicalConnectionManagedImpl - Initiating JDBC connection release from afterTransaction
[DEBUG] 2018-02-12 18:26:55.326 [main] SQL - select user0_.UserId as UserId1_0_0_, user0_.createDate as createDa2_0_0_, user0_.email as email3_0_0_, user0_.firstName as firstNam4_0_0_, user0_.lastName as lastName5_0_0_, user0_.password as password6_0_0_, user0_.updateDate as updateDa7_0_0_, user0_.userName as userName8_0_0_ from user user0_ where user0_.UserId=?
[DEBUG] 2018-02-12 18:26:55.327 [main] ResultSetProcessorImpl - Starting ResultSet row #0
[DEBUG] 2018-02-12 18:26:55.328 [main] EntityReferenceInitializerImpl - On call to EntityIdentifierReaderImpl#resolve, EntityKey was already known; should only happen on root returns with an optional identifier specified
[DEBUG] 2018-02-12 18:26:55.328 [main] TwoPhaseLoad - Resolving associations for [edu.matc.entity.User#16]
[DEBUG] 2018-02-12 18:26:55.328 [main] TwoPhaseLoad - Done materializing entity [edu.matc.entity.User#16]
[DEBUG] 2018-02-12 18:26:55.328 [main] ResourceRegistryStandardImpl - HHH000387: ResultSet's statement was not registered
[DEBUG] 2018-02-12 18:26:55.329 [main] AbstractLoadPlanBasedEntityLoader - Done entity load : edu.matc.entity.User#16
[DEBUG] 2018-02-12 18:26:55.329 [main] LogicalConnectionManagedImpl - Initiating JDBC connection release from afterTransaction
