[DEBUG] 2018-02-12 19:53:31.000 [main] IntegratorServiceImpl - Adding Integrator [org.hibernate.cfg.beanvalidation.BeanValidationIntegrator].
[DEBUG] 2018-02-12 19:53:31.016 [main] IntegratorServiceImpl - Adding Integrator [org.hibernate.secure.spi.JaccIntegrator].
[DEBUG] 2018-02-12 19:53:31.083 [main] IntegratorServiceImpl - Adding Integrator [org.hibernate.cache.internal.CollectionCacheInvalidator].
[INFO ] 2018-02-12 19:53:31.398 [main] Version - HHH000412: Hibernate Core {5.2.12.Final}
[INFO ] 2018-02-12 19:53:31.421 [main] Environment - HHH000206: hibernate.properties not found
[DEBUG] 2018-02-12 19:53:31.634 [main] LocalXmlResourceResolver - Interpreting public/system identifier : [-//Hibernate/Hibernate Configuration DTD//EN] - [http://www.hibernate.org/dtd/hibernate-configuration-3.0.dtd]
[DEBUG] 2018-02-12 19:53:31.640 [main] LocalXmlResourceResolver - Recognized hibernate-configuration identifier; attempting to resolve on classpath under org/hibernate/
[DEBUG] 2018-02-12 19:53:31.689 [main] JaxbCfgProcessor - cfg.xml document did not define namespaces; wrapping in custom event reader to introduce namespace information
[DEBUG] 2018-02-12 19:53:32.297 [main] ServiceBinding - Overriding existing service binding [org.hibernate.secure.spi.JaccService]
[DEBUG] 2018-02-12 19:53:32.336 [main] RegionFactoryInitiator - Cache region factory : org.hibernate.cache.internal.NoCachingRegionFactory
[INFO ] 2018-02-12 19:53:32.359 [main] Version - HCANN000001: Hibernate Commons Annotations {5.0.1.Final}
[DEBUG] 2018-02-12 19:53:32.452 [main] BasicTypeRegistry - Adding type registration boolean -> org.hibernate.type.BooleanType@46d59067
[DEBUG] 2018-02-12 19:53:32.452 [main] BasicTypeRegistry - Adding type registration boolean -> org.hibernate.type.BooleanType@46d59067
[DEBUG] 2018-02-12 19:53:32.455 [main] BasicTypeRegistry - Adding type registration java.lang.Boolean -> org.hibernate.type.BooleanType@46d59067
[DEBUG] 2018-02-12 19:53:32.459 [main] BasicTypeRegistry - Adding type registration numeric_boolean -> org.hibernate.type.NumericBooleanType@5dafbe45
[DEBUG] 2018-02-12 19:53:32.468 [main] BasicTypeRegistry - Adding type registration true_false -> org.hibernate.type.TrueFalseType@12591ac8
[DEBUG] 2018-02-12 19:53:32.470 [main] BasicTypeRegistry - Adding type registration yes_no -> org.hibernate.type.YesNoType@41330d4f
[DEBUG] 2018-02-12 19:53:32.493 [main] BasicTypeRegistry - Adding type registration byte -> org.hibernate.type.ByteType@37313c65
[DEBUG] 2018-02-12 19:53:32.499 [main] BasicTypeRegistry - Adding type registration byte -> org.hibernate.type.ByteType@37313c65
[DEBUG] 2018-02-12 19:53:32.499 [main] BasicTypeRegistry - Adding type registration java.lang.Byte -> org.hibernate.type.ByteType@37313c65
[DEBUG] 2018-02-12 19:53:32.505 [main] BasicTypeRegistry - Adding type registration character -> org.hibernate.type.CharacterType@7486b455
[DEBUG] 2018-02-12 19:53:32.506 [main] BasicTypeRegistry - Adding type registration char -> org.hibernate.type.CharacterType@7486b455
[DEBUG] 2018-02-12 19:53:32.506 [main] BasicTypeRegistry - Adding type registration java.lang.Character -> org.hibernate.type.CharacterType@7486b455
[DEBUG] 2018-02-12 19:53:32.599 [main] BasicTypeRegistry - Adding type registration short -> org.hibernate.type.ShortType@49c90a9c
[DEBUG] 2018-02-12 19:53:32.599 [main] BasicTypeRegistry - Adding type registration short -> org.hibernate.type.ShortType@49c90a9c
[DEBUG] 2018-02-12 19:53:32.600 [main] BasicTypeRegistry - Adding type registration java.lang.Short -> org.hibernate.type.ShortType@49c90a9c
[DEBUG] 2018-02-12 19:53:32.601 [main] BasicTypeRegistry - Adding type registration integer -> org.hibernate.type.IntegerType@f58853c
[DEBUG] 2018-02-12 19:53:32.601 [main] BasicTypeRegistry - Adding type registration int -> org.hibernate.type.IntegerType@f58853c
[DEBUG] 2018-02-12 19:53:32.602 [main] BasicTypeRegistry - Adding type registration java.lang.Integer -> org.hibernate.type.IntegerType@f58853c
[DEBUG] 2018-02-12 19:53:32.604 [main] BasicTypeRegistry - Adding type registration long -> org.hibernate.type.LongType@13d73f29
[DEBUG] 2018-02-12 19:53:32.604 [main] BasicTypeRegistry - Adding type registration long -> org.hibernate.type.LongType@13d73f29
[DEBUG] 2018-02-12 19:53:32.609 [main] BasicTypeRegistry - Adding type registration java.lang.Long -> org.hibernate.type.LongType@13d73f29
[DEBUG] 2018-02-12 19:53:32.626 [main] BasicTypeRegistry - Adding type registration float -> org.hibernate.type.FloatType@6d5620ce
[DEBUG] 2018-02-12 19:53:32.627 [main] BasicTypeRegistry - Adding type registration float -> org.hibernate.type.FloatType@6d5620ce
[DEBUG] 2018-02-12 19:53:32.627 [main] BasicTypeRegistry - Adding type registration java.lang.Float -> org.hibernate.type.FloatType@6d5620ce
[DEBUG] 2018-02-12 19:53:32.629 [main] BasicTypeRegistry - Adding type registration double -> org.hibernate.type.DoubleType@147e2ae7
[DEBUG] 2018-02-12 19:53:32.629 [main] BasicTypeRegistry - Adding type registration double -> org.hibernate.type.DoubleType@147e2ae7
[DEBUG] 2018-02-12 19:53:32.629 [main] BasicTypeRegistry - Adding type registration java.lang.Double -> org.hibernate.type.DoubleType@147e2ae7
[DEBUG] 2018-02-12 19:53:32.631 [main] BasicTypeRegistry - Adding type registration big_decimal -> org.hibernate.type.BigDecimalType@3bcd05cb
[DEBUG] 2018-02-12 19:53:32.631 [main] BasicTypeRegistry - Adding type registration java.math.BigDecimal -> org.hibernate.type.BigDecimalType@3bcd05cb
[DEBUG] 2018-02-12 19:53:32.633 [main] BasicTypeRegistry - Adding type registration big_integer -> org.hibernate.type.BigIntegerType@24959ca4
[DEBUG] 2018-02-12 19:53:32.633 [main] BasicTypeRegistry - Adding type registration java.math.BigInteger -> org.hibernate.type.BigIntegerType@24959ca4
[DEBUG] 2018-02-12 19:53:32.635 [main] BasicTypeRegistry - Adding type registration string -> org.hibernate.type.StringType@1a5a4e19
[DEBUG] 2018-02-12 19:53:32.635 [main] BasicTypeRegistry - Adding type registration java.lang.String -> org.hibernate.type.StringType@1a5a4e19
[DEBUG] 2018-02-12 19:53:32.636 [main] BasicTypeRegistry - Adding type registration nstring -> org.hibernate.type.StringNVarcharType@41f69e84
[DEBUG] 2018-02-12 19:53:32.638 [main] BasicTypeRegistry - Adding type registration ncharacter -> org.hibernate.type.CharacterNCharType@64b0598
[DEBUG] 2018-02-12 19:53:32.639 [main] BasicTypeRegistry - Adding type registration url -> org.hibernate.type.UrlType@50f6ac94
[DEBUG] 2018-02-12 19:53:32.640 [main] BasicTypeRegistry - Adding type registration java.net.URL -> org.hibernate.type.UrlType@50f6ac94
[DEBUG] 2018-02-12 19:53:32.641 [main] BasicTypeRegistry - Adding type registration Duration -> org.hibernate.type.DurationType@5038d0b5
[DEBUG] 2018-02-12 19:53:32.642 [main] BasicTypeRegistry - Adding type registration java.time.Duration -> org.hibernate.type.DurationType@5038d0b5
[DEBUG] 2018-02-12 19:53:32.670 [main] BasicTypeRegistry - Adding type registration Instant -> org.hibernate.type.InstantType@18317edc
[DEBUG] 2018-02-12 19:53:32.671 [main] BasicTypeRegistry - Adding type registration java.time.Instant -> org.hibernate.type.InstantType@18317edc
[DEBUG] 2018-02-12 19:53:32.673 [main] BasicTypeRegistry - Adding type registration LocalDateTime -> org.hibernate.type.LocalDateTimeType@4149c063
[DEBUG] 2018-02-12 19:53:32.673 [main] BasicTypeRegistry - Adding type registration java.time.LocalDateTime -> org.hibernate.type.LocalDateTimeType@4149c063
[DEBUG] 2018-02-12 19:53:32.676 [main] BasicTypeRegistry - Adding type registration LocalDate -> org.hibernate.type.LocalDateType@53f3bdbd
[DEBUG] 2018-02-12 19:53:32.676 [main] BasicTypeRegistry - Adding type registration java.time.LocalDate -> org.hibernate.type.LocalDateType@53f3bdbd
[DEBUG] 2018-02-12 19:53:32.679 [main] BasicTypeRegistry - Adding type registration LocalTime -> org.hibernate.type.LocalTimeType@4ef74c30
[DEBUG] 2018-02-12 19:53:32.679 [main] BasicTypeRegistry - Adding type registration java.time.LocalTime -> org.hibernate.type.LocalTimeType@4ef74c30
[DEBUG] 2018-02-12 19:53:32.683 [main] BasicTypeRegistry - Adding type registration OffsetDateTime -> org.hibernate.type.OffsetDateTimeType@536dbea0
[DEBUG] 2018-02-12 19:53:32.683 [main] BasicTypeRegistry - Adding type registration java.time.OffsetDateTime -> org.hibernate.type.OffsetDateTimeType@536dbea0
[DEBUG] 2018-02-12 19:53:32.687 [main] BasicTypeRegistry - Adding type registration OffsetTime -> org.hibernate.type.OffsetTimeType@18ece7f4
[DEBUG] 2018-02-12 19:53:32.687 [main] BasicTypeRegistry - Adding type registration java.time.OffsetTime -> org.hibernate.type.OffsetTimeType@18ece7f4
[DEBUG] 2018-02-12 19:53:32.693 [main] BasicTypeRegistry - Adding type registration ZonedDateTime -> org.hibernate.type.ZonedDateTimeType@1ebea008
[DEBUG] 2018-02-12 19:53:32.694 [main] BasicTypeRegistry - Adding type registration java.time.ZonedDateTime -> org.hibernate.type.ZonedDateTimeType@1ebea008
[DEBUG] 2018-02-12 19:53:32.697 [main] BasicTypeRegistry - Adding type registration date -> org.hibernate.type.DateType@35a3d49f
[DEBUG] 2018-02-12 19:53:32.697 [main] BasicTypeRegistry - Adding type registration java.sql.Date -> org.hibernate.type.DateType@35a3d49f
[DEBUG] 2018-02-12 19:53:32.699 [main] BasicTypeRegistry - Adding type registration time -> org.hibernate.type.TimeType@c667f46
[DEBUG] 2018-02-12 19:53:32.699 [main] BasicTypeRegistry - Adding type registration java.sql.Time -> org.hibernate.type.TimeType@c667f46
[DEBUG] 2018-02-12 19:53:32.702 [main] BasicTypeRegistry - Adding type registration timestamp -> org.hibernate.type.TimestampType@19b843ba
[DEBUG] 2018-02-12 19:53:32.702 [main] BasicTypeRegistry - Adding type registration java.sql.Timestamp -> org.hibernate.type.TimestampType@19b843ba
[DEBUG] 2018-02-12 19:53:32.702 [main] BasicTypeRegistry - Adding type registration java.util.Date -> org.hibernate.type.TimestampType@19b843ba
[DEBUG] 2018-02-12 19:53:32.705 [main] BasicTypeRegistry - Adding type registration dbtimestamp -> org.hibernate.type.DbTimestampType@456d6c1e
[DEBUG] 2018-02-12 19:53:32.707 [main] BasicTypeRegistry - Adding type registration calendar -> org.hibernate.type.CalendarType@6f8e8894
[DEBUG] 2018-02-12 19:53:32.707 [main] BasicTypeRegistry - Adding type registration java.util.Calendar -> org.hibernate.type.CalendarType@6f8e8894
[DEBUG] 2018-02-12 19:53:32.707 [main] BasicTypeRegistry - Adding type registration java.util.GregorianCalendar -> org.hibernate.type.CalendarType@6f8e8894
[DEBUG] 2018-02-12 19:53:32.708 [main] BasicTypeRegistry - Adding type registration calendar_date -> org.hibernate.type.CalendarDateType@e25951c
[DEBUG] 2018-02-12 19:53:32.710 [main] BasicTypeRegistry - Adding type registration locale -> org.hibernate.type.LocaleType@19976a65
[DEBUG] 2018-02-12 19:53:32.710 [main] BasicTypeRegistry - Adding type registration java.util.Locale -> org.hibernate.type.LocaleType@19976a65
[DEBUG] 2018-02-12 19:53:32.713 [main] BasicTypeRegistry - Adding type registration currency -> org.hibernate.type.CurrencyType@4bc222e
[DEBUG] 2018-02-12 19:53:32.713 [main] BasicTypeRegistry - Adding type registration java.util.Currency -> org.hibernate.type.CurrencyType@4bc222e
[DEBUG] 2018-02-12 19:53:32.715 [main] BasicTypeRegistry - Adding type registration timezone -> org.hibernate.type.TimeZoneType@3eb91815
[DEBUG] 2018-02-12 19:53:32.715 [main] BasicTypeRegistry - Adding type registration java.util.TimeZone -> org.hibernate.type.TimeZoneType@3eb91815
[DEBUG] 2018-02-12 19:53:32.752 [main] BasicTypeRegistry - Adding type registration class -> org.hibernate.type.ClassType@34b9f960
[DEBUG] 2018-02-12 19:53:32.753 [main] BasicTypeRegistry - Adding type registration java.lang.Class -> org.hibernate.type.ClassType@34b9f960
[DEBUG] 2018-02-12 19:53:32.755 [main] BasicTypeRegistry - Adding type registration uuid-binary -> org.hibernate.type.UUIDBinaryType@24c22fe
[DEBUG] 2018-02-12 19:53:32.755 [main] BasicTypeRegistry - Adding type registration java.util.UUID -> org.hibernate.type.UUIDBinaryType@24c22fe
[DEBUG] 2018-02-12 19:53:32.759 [main] BasicTypeRegistry - Adding type registration uuid-char -> org.hibernate.type.UUIDCharType@7ba8c737
[DEBUG] 2018-02-12 19:53:32.799 [main] BasicTypeRegistry - Adding type registration binary -> org.hibernate.type.BinaryType@31edaa7d
[DEBUG] 2018-02-12 19:53:32.799 [main] BasicTypeRegistry - Adding type registration byte[] -> org.hibernate.type.BinaryType@31edaa7d
[DEBUG] 2018-02-12 19:53:32.799 [main] BasicTypeRegistry - Adding type registration [B -> org.hibernate.type.BinaryType@31edaa7d
[DEBUG] 2018-02-12 19:53:32.801 [main] BasicTypeRegistry - Adding type registration wrapper-binary -> org.hibernate.type.WrapperBinaryType@6950ed69
[DEBUG] 2018-02-12 19:53:32.802 [main] BasicTypeRegistry - Adding type registration Byte[] -> org.hibernate.type.WrapperBinaryType@6950ed69
[DEBUG] 2018-02-12 19:53:32.802 [main] BasicTypeRegistry - Adding type registration [Ljava.lang.Byte; -> org.hibernate.type.WrapperBinaryType@6950ed69
[DEBUG] 2018-02-12 19:53:32.804 [main] BasicTypeRegistry - Adding type registration row_version -> org.hibernate.type.RowVersionType@189cbd7c
[DEBUG] 2018-02-12 19:53:32.805 [main] BasicTypeRegistry - Adding type registration image -> org.hibernate.type.ImageType@2205a05d
[DEBUG] 2018-02-12 19:53:32.807 [main] BasicTypeRegistry - Adding type registration characters -> org.hibernate.type.CharArrayType@5f20155b
[DEBUG] 2018-02-12 19:53:32.808 [main] BasicTypeRegistry - Adding type registration char[] -> org.hibernate.type.CharArrayType@5f20155b
[DEBUG] 2018-02-12 19:53:32.808 [main] BasicTypeRegistry - Adding type registration [C -> org.hibernate.type.CharArrayType@5f20155b
[DEBUG] 2018-02-12 19:53:32.814 [main] BasicTypeRegistry - Adding type registration wrapper-characters -> org.hibernate.type.CharacterArrayType@7d94beb9
[DEBUG] 2018-02-12 19:53:32.815 [main] BasicTypeRegistry - Adding type registration [Ljava.lang.Character; -> org.hibernate.type.CharacterArrayType@7d94beb9
[DEBUG] 2018-02-12 19:53:32.815 [main] BasicTypeRegistry - Adding type registration Character[] -> org.hibernate.type.CharacterArrayType@7d94beb9
[DEBUG] 2018-02-12 19:53:32.816 [main] BasicTypeRegistry - Adding type registration text -> org.hibernate.type.TextType@37911f88
[DEBUG] 2018-02-12 19:53:32.817 [main] BasicTypeRegistry - Adding type registration ntext -> org.hibernate.type.NTextType@4ea5b703
[DEBUG] 2018-02-12 19:53:32.834 [main] BasicTypeRegistry - Adding type registration blob -> org.hibernate.type.BlobType@651aed93
[DEBUG] 2018-02-12 19:53:32.834 [main] BasicTypeRegistry - Adding type registration java.sql.Blob -> org.hibernate.type.BlobType@651aed93
[DEBUG] 2018-02-12 19:53:32.836 [main] BasicTypeRegistry - Adding type registration materialized_blob -> org.hibernate.type.MaterializedBlobType@5456afaa
[DEBUG] 2018-02-12 19:53:32.846 [main] BasicTypeRegistry - Adding type registration clob -> org.hibernate.type.ClobType@12299890
[DEBUG] 2018-02-12 19:53:32.846 [main] BasicTypeRegistry - Adding type registration java.sql.Clob -> org.hibernate.type.ClobType@12299890
[DEBUG] 2018-02-12 19:53:32.852 [main] BasicTypeRegistry - Adding type registration nclob -> org.hibernate.type.NClobType@3b79fd76
[DEBUG] 2018-02-12 19:53:32.853 [main] BasicTypeRegistry - Adding type registration java.sql.NClob -> org.hibernate.type.NClobType@3b79fd76
[DEBUG] 2018-02-12 19:53:32.853 [main] BasicTypeRegistry - Adding type registration materialized_clob -> org.hibernate.type.MaterializedClobType@1f81aa00
[DEBUG] 2018-02-12 19:53:32.895 [main] BasicTypeRegistry - Adding type registration materialized_nclob -> org.hibernate.type.MaterializedNClobType@1787bc24
[DEBUG] 2018-02-12 19:53:33.022 [main] BasicTypeRegistry - Adding type registration serializable -> org.hibernate.type.SerializableType@4a3631f8
[DEBUG] 2018-02-12 19:53:33.027 [main] BasicTypeRegistry - Adding type registration object -> org.hibernate.type.ObjectType@3ddc6915
[DEBUG] 2018-02-12 19:53:33.027 [main] BasicTypeRegistry - Adding type registration java.lang.Object -> org.hibernate.type.ObjectType@3ddc6915
[DEBUG] 2018-02-12 19:53:33.028 [main] BasicTypeRegistry - Adding type registration imm_date -> org.hibernate.type.AdaptedImmutableType@404bbcbd
[DEBUG] 2018-02-12 19:53:33.028 [main] BasicTypeRegistry - Adding type registration imm_time -> org.hibernate.type.AdaptedImmutableType@1e81f160
[DEBUG] 2018-02-12 19:53:33.028 [main] BasicTypeRegistry - Adding type registration imm_timestamp -> org.hibernate.type.AdaptedImmutableType@1acaf3d
[DEBUG] 2018-02-12 19:53:33.028 [main] BasicTypeRegistry - Adding type registration imm_dbtimestamp -> org.hibernate.type.AdaptedImmutableType@6986852
[DEBUG] 2018-02-12 19:53:33.028 [main] BasicTypeRegistry - Adding type registration imm_calendar -> org.hibernate.type.AdaptedImmutableType@1bab8268
[DEBUG] 2018-02-12 19:53:33.028 [main] BasicTypeRegistry - Adding type registration imm_calendar_date -> org.hibernate.type.AdaptedImmutableType@a307a8c
[DEBUG] 2018-02-12 19:53:33.028 [main] BasicTypeRegistry - Adding type registration imm_binary -> org.hibernate.type.AdaptedImmutableType@6e01f9b0
[DEBUG] 2018-02-12 19:53:33.028 [main] BasicTypeRegistry - Adding type registration imm_serializable -> org.hibernate.type.AdaptedImmutableType@2b9ed6da
[INFO ] 2018-02-12 19:53:33.042 [main] C3P0ConnectionProvider - HHH010002: C3P0 using driver: com.mysql.jdbc.Driver at URL: jdbc:mysql://localhost:3306/myBikePlace
[INFO ] 2018-02-12 19:53:33.042 [main] C3P0ConnectionProvider - HHH10001001: Connection properties: {user=root, password=****}
[INFO ] 2018-02-12 19:53:33.043 [main] C3P0ConnectionProvider - HHH10001003: Autocommit mode: false
[INFO ] 2018-02-12 19:53:33.483 [main] C3P0ConnectionProvider - HHH10001007: JDBC isolation level: <unknown>
[DEBUG] 2018-02-12 19:53:34.261 [main] JdbcEnvironmentInitiator - Database ->
       name : MySQL
    version : 5.7.20
      major : 5
      minor : 7
[DEBUG] 2018-02-12 19:53:34.261 [main] JdbcEnvironmentInitiator - Driver ->
       name : MySQL Connector Java
    version : mysql-connector-java-5.1.39 ( Revision: 3289a357af6d09ecc1a10fd3c26e95183e5790ad )
      major : 5
      minor : 1
[DEBUG] 2018-02-12 19:53:34.262 [main] JdbcEnvironmentInitiator - JDBC version : 4.0
[INFO ] 2018-02-12 19:53:34.284 [main] Dialect - HHH000400: Using dialect: org.hibernate.dialect.MySQL5Dialect
[DEBUG] 2018-02-12 19:53:34.386 [main] IdentifierHelperBuilder - JDBC driver metadata reported database stores quoted identifiers in more than one case
[DEBUG] 2018-02-12 19:53:34.389 [main] IdentifierHelperBuilder - IdentifierCaseStrategy for both quoted and unquoted identifiers was set to the same strategy [MIXED]; that will likely lead to problems in schema update and validation if using quoted identifiers
[DEBUG] 2018-02-12 19:53:34.521 [main] DefaultIdentifierGeneratorFactory - Registering IdentifierGenerator strategy [uuid2] -> [org.hibernate.id.UUIDGenerator]
[DEBUG] 2018-02-12 19:53:34.522 [main] DefaultIdentifierGeneratorFactory - Registering IdentifierGenerator strategy [guid] -> [org.hibernate.id.GUIDGenerator]
[DEBUG] 2018-02-12 19:53:34.523 [main] DefaultIdentifierGeneratorFactory - Registering IdentifierGenerator strategy [uuid] -> [org.hibernate.id.UUIDHexGenerator]
[DEBUG] 2018-02-12 19:53:34.523 [main] DefaultIdentifierGeneratorFactory - Registering IdentifierGenerator strategy [uuid.hex] -> [org.hibernate.id.UUIDHexGenerator]
[DEBUG] 2018-02-12 19:53:34.524 [main] DefaultIdentifierGeneratorFactory - Registering IdentifierGenerator strategy [assigned] -> [org.hibernate.id.Assigned]
[DEBUG] 2018-02-12 19:53:34.526 [main] DefaultIdentifierGeneratorFactory - Registering IdentifierGenerator strategy [identity] -> [org.hibernate.id.IdentityGenerator]
[DEBUG] 2018-02-12 19:53:34.526 [main] DefaultIdentifierGeneratorFactory - Registering IdentifierGenerator strategy [select] -> [org.hibernate.id.SelectGenerator]
[DEBUG] 2018-02-12 19:53:34.529 [main] DefaultIdentifierGeneratorFactory - Registering IdentifierGenerator strategy [sequence] -> [org.hibernate.id.enhanced.SequenceStyleGenerator]
[DEBUG] 2018-02-12 19:53:34.530 [main] DefaultIdentifierGeneratorFactory - Registering IdentifierGenerator strategy [seqhilo] -> [org.hibernate.id.SequenceHiLoGenerator]
[DEBUG] 2018-02-12 19:53:34.533 [main] DefaultIdentifierGeneratorFactory - Registering IdentifierGenerator strategy [increment] -> [org.hibernate.id.IncrementGenerator]
[DEBUG] 2018-02-12 19:53:34.534 [main] DefaultIdentifierGeneratorFactory - Registering IdentifierGenerator strategy [foreign] -> [org.hibernate.id.ForeignGenerator]
[DEBUG] 2018-02-12 19:53:34.534 [main] DefaultIdentifierGeneratorFactory - Registering IdentifierGenerator strategy [sequence-identity] -> [org.hibernate.id.SequenceIdentityGenerator]
[DEBUG] 2018-02-12 19:53:34.535 [main] DefaultIdentifierGeneratorFactory - Registering IdentifierGenerator strategy [enhanced-sequence] -> [org.hibernate.id.enhanced.SequenceStyleGenerator]
[DEBUG] 2018-02-12 19:53:34.536 [main] DefaultIdentifierGeneratorFactory - Registering IdentifierGenerator strategy [enhanced-table] -> [org.hibernate.id.enhanced.TableGenerator]
[DEBUG] 2018-02-12 19:53:34.636 [main] Namespace - Created database namespace [logicalName=Name{catalog=null, schema=null}, physicalName=Name{catalog=null, schema=null}]
[DEBUG] 2018-02-12 19:53:34.706 [main] AnnotationBinder - Binding entity from annotated class: edu.matc.entity.User
[DEBUG] 2018-02-12 19:53:34.795 [main] Ejb3Column - Binding column: Ejb3DiscriminatorColumn{logicalColumnName'DTYPE', discriminatorTypeName='string'}
[DEBUG] 2018-02-12 19:53:34.814 [main] EntityBinder - Import with entity name User
[DEBUG] 2018-02-12 19:53:34.825 [main] EntityBinder - Bind entity edu.matc.entity.User on table user
[DEBUG] 2018-02-12 19:53:34.908 [main] Ejb3Column - Binding column: Ejb3Column{table=org.hibernate.mapping.Table(user), mappingColumn=userId, insertable=true, updatable=true, unique=false}
[DEBUG] 2018-02-12 19:53:34.920 [main] PropertyBinder - MetadataSourceProcessor property UserId with lazy=false
[DEBUG] 2018-02-12 19:53:34.926 [main] AbstractPropertyHolder - Attempting to locate auto-apply AttributeConverter for property [edu.matc.entity.User:UserId]
[DEBUG] 2018-02-12 19:53:34.931 [main] SimpleValueBinder - building SimpleValue for UserId
[DEBUG] 2018-02-12 19:53:34.936 [main] PropertyBinder - Building property UserId
[DEBUG] 2018-02-12 19:53:34.946 [main] Ejb3Column - Binding column: Ejb3Column{table=org.hibernate.mapping.Table(user), mappingColumn=createDate, insertable=true, updatable=true, unique=false}
[DEBUG] 2018-02-12 19:53:34.946 [main] PropertyBinder - MetadataSourceProcessor property createDate with lazy=false
[DEBUG] 2018-02-12 19:53:34.946 [main] AbstractPropertyHolder - Attempting to locate auto-apply AttributeConverter for property [edu.matc.entity.User:createDate]
[DEBUG] 2018-02-12 19:53:34.947 [main] SimpleValueBinder - building SimpleValue for createDate
[DEBUG] 2018-02-12 19:53:34.947 [main] PropertyBinder - Building property createDate
[DEBUG] 2018-02-12 19:53:34.947 [main] Ejb3Column - Binding column: Ejb3Column{table=org.hibernate.mapping.Table(user), mappingColumn=email, insertable=true, updatable=true, unique=false}
[DEBUG] 2018-02-12 19:53:34.948 [main] PropertyBinder - MetadataSourceProcessor property email with lazy=false
[DEBUG] 2018-02-12 19:53:34.948 [main] AbstractPropertyHolder - Attempting to locate auto-apply AttributeConverter for property [edu.matc.entity.User:email]
[DEBUG] 2018-02-12 19:53:34.948 [main] SimpleValueBinder - building SimpleValue for email
[DEBUG] 2018-02-12 19:53:34.948 [main] PropertyBinder - Building property email
[DEBUG] 2018-02-12 19:53:34.948 [main] Ejb3Column - Binding column: Ejb3Column{table=org.hibernate.mapping.Table(user), mappingColumn=firstName, insertable=true, updatable=true, unique=false}
[DEBUG] 2018-02-12 19:53:34.948 [main] PropertyBinder - MetadataSourceProcessor property firstName with lazy=false
[DEBUG] 2018-02-12 19:53:34.948 [main] AbstractPropertyHolder - Attempting to locate auto-apply AttributeConverter for property [edu.matc.entity.User:firstName]
[DEBUG] 2018-02-12 19:53:34.948 [main] SimpleValueBinder - building SimpleValue for firstName
[DEBUG] 2018-02-12 19:53:34.948 [main] PropertyBinder - Building property firstName
[DEBUG] 2018-02-12 19:53:34.949 [main] Ejb3Column - Binding column: Ejb3Column{table=org.hibernate.mapping.Table(user), mappingColumn=lastName, insertable=true, updatable=true, unique=false}
[DEBUG] 2018-02-12 19:53:34.949 [main] PropertyBinder - MetadataSourceProcessor property lastName with lazy=false
[DEBUG] 2018-02-12 19:53:34.951 [main] AbstractPropertyHolder - Attempting to locate auto-apply AttributeConverter for property [edu.matc.entity.User:lastName]
[DEBUG] 2018-02-12 19:53:34.952 [main] SimpleValueBinder - building SimpleValue for lastName
[DEBUG] 2018-02-12 19:53:34.952 [main] PropertyBinder - Building property lastName
[DEBUG] 2018-02-12 19:53:34.952 [main] Ejb3Column - Binding column: Ejb3Column{table=org.hibernate.mapping.Table(user), mappingColumn=password, insertable=true, updatable=true, unique=false}
[DEBUG] 2018-02-12 19:53:34.953 [main] PropertyBinder - MetadataSourceProcessor property password with lazy=false
[DEBUG] 2018-02-12 19:53:34.955 [main] AbstractPropertyHolder - Attempting to locate auto-apply AttributeConverter for property [edu.matc.entity.User:password]
[DEBUG] 2018-02-12 19:53:34.956 [main] SimpleValueBinder - building SimpleValue for password
[DEBUG] 2018-02-12 19:53:34.956 [main] PropertyBinder - Building property password
[DEBUG] 2018-02-12 19:53:34.956 [main] Ejb3Column - Binding column: Ejb3Column{table=org.hibernate.mapping.Table(user), mappingColumn=updateDate, insertable=true, updatable=true, unique=false}
[DEBUG] 2018-02-12 19:53:34.956 [main] PropertyBinder - MetadataSourceProcessor property updateDate with lazy=false
[DEBUG] 2018-02-12 19:53:34.957 [main] AbstractPropertyHolder - Attempting to locate auto-apply AttributeConverter for property [edu.matc.entity.User:updateDate]
[DEBUG] 2018-02-12 19:53:34.957 [main] SimpleValueBinder - building SimpleValue for updateDate
[DEBUG] 2018-02-12 19:53:34.957 [main] PropertyBinder - Building property updateDate
[DEBUG] 2018-02-12 19:53:34.957 [main] Ejb3Column - Binding column: Ejb3Column{table=org.hibernate.mapping.Table(user), mappingColumn=userName, insertable=true, updatable=true, unique=false}
[DEBUG] 2018-02-12 19:53:34.957 [main] PropertyBinder - MetadataSourceProcessor property userName with lazy=false
[DEBUG] 2018-02-12 19:53:34.957 [main] AbstractPropertyHolder - Attempting to locate auto-apply AttributeConverter for property [edu.matc.entity.User:userName]
[DEBUG] 2018-02-12 19:53:34.957 [main] SimpleValueBinder - building SimpleValue for userName
[DEBUG] 2018-02-12 19:53:34.957 [main] PropertyBinder - Building property userName
[DEBUG] 2018-02-12 19:53:34.963 [main] SimpleValueBinder - Starting fillSimpleValue for UserId
[DEBUG] 2018-02-12 19:53:34.964 [main] SimpleValueBinder - Starting fillSimpleValue for createDate
[DEBUG] 2018-02-12 19:53:34.964 [main] SimpleValueBinder - Starting fillSimpleValue for email
[DEBUG] 2018-02-12 19:53:34.964 [main] SimpleValueBinder - Starting fillSimpleValue for firstName
[DEBUG] 2018-02-12 19:53:34.964 [main] SimpleValueBinder - Starting fillSimpleValue for lastName
[DEBUG] 2018-02-12 19:53:34.964 [main] SimpleValueBinder - Starting fillSimpleValue for password
[DEBUG] 2018-02-12 19:53:34.964 [main] SimpleValueBinder - Starting fillSimpleValue for updateDate
[DEBUG] 2018-02-12 19:53:34.964 [main] SimpleValueBinder - Starting fillSimpleValue for userName
[DEBUG] 2018-02-12 19:53:34.967 [main] PrimaryKey - Forcing column [userid] to be non-null as it is part of the primary key for table [user]
[DEBUG] 2018-02-12 19:53:35.076 [main] SessionFactoryImpl - Building session factory
[DEBUG] 2018-02-12 19:53:35.079 [main] Settings - SessionFactory name : null
[DEBUG] 2018-02-12 19:53:35.079 [main] Settings - Automatic flush during beforeCompletion(): enabled
[DEBUG] 2018-02-12 19:53:35.080 [main] Settings - Automatic session close at end of transaction: disabled
[DEBUG] 2018-02-12 19:53:35.080 [main] Settings - Statistics: disabled
[DEBUG] 2018-02-12 19:53:35.080 [main] Settings - Deleted entity synthetic identifier rollback: disabled
[DEBUG] 2018-02-12 19:53:35.080 [main] Settings - Default entity-mode: pojo
[DEBUG] 2018-02-12 19:53:35.080 [main] Settings - Check Nullability in Core (should be disabled when Bean Validation is on): enabled
[DEBUG] 2018-02-12 19:53:35.080 [main] Settings - Allow initialization of lazy state outside session : disabled
[DEBUG] 2018-02-12 19:53:35.080 [main] Settings - Using BatchFetchStyle : LEGACY
[DEBUG] 2018-02-12 19:53:35.080 [main] Settings - Default batch fetch size: -1
[DEBUG] 2018-02-12 19:53:35.080 [main] Settings - Maximum outer join fetch depth: 2
[DEBUG] 2018-02-12 19:53:35.080 [main] Settings - Default null ordering: NONE
[DEBUG] 2018-02-12 19:53:35.080 [main] Settings - Order SQL updates by primary key: disabled
[DEBUG] 2018-02-12 19:53:35.080 [main] Settings - Order SQL inserts for batching: disabled
[DEBUG] 2018-02-12 19:53:35.080 [main] Settings - multi-tenancy strategy : NONE
[DEBUG] 2018-02-12 19:53:35.081 [main] Settings - JTA Track by Thread: enabled
[DEBUG] 2018-02-12 19:53:35.081 [main] Settings - Query language substitutions: {}
[DEBUG] 2018-02-12 19:53:35.081 [main] Settings - JPA query language strict compliance: disabled
[DEBUG] 2018-02-12 19:53:35.081 [main] Settings - Named query checking : enabled
[DEBUG] 2018-02-12 19:53:35.081 [main] Settings - Second-level cache: enabled
[DEBUG] 2018-02-12 19:53:35.081 [main] Settings - Second-level query cache: disabled
[DEBUG] 2018-02-12 19:53:35.081 [main] Settings - Second-level query cache factory: org.hibernate.cache.internal.StandardQueryCacheFactory@107ed6fc
[DEBUG] 2018-02-12 19:53:35.081 [main] Settings - Second-level cache region prefix: null
[DEBUG] 2018-02-12 19:53:35.081 [main] Settings - Optimize second-level cache for minimal puts: disabled
[DEBUG] 2018-02-12 19:53:35.081 [main] Settings - Structured second-level cache entries: disabled
[DEBUG] 2018-02-12 19:53:35.082 [main] Settings - Second-level cache direct-reference entries: disabled
[DEBUG] 2018-02-12 19:53:35.082 [main] Settings - Automatic eviction of collection cache: disabled
[DEBUG] 2018-02-12 19:53:35.082 [main] Settings - JDBC batch size: 15
[DEBUG] 2018-02-12 19:53:35.082 [main] Settings - JDBC batch updates for versioned data: enabled
[DEBUG] 2018-02-12 19:53:35.082 [main] Settings - Scrollable result sets: enabled
[DEBUG] 2018-02-12 19:53:35.082 [main] Settings - Wrap result sets: disabled
[DEBUG] 2018-02-12 19:53:35.082 [main] Settings - JDBC3 getGeneratedKeys(): enabled
[DEBUG] 2018-02-12 19:53:35.082 [main] Settings - JDBC result set fetch size: null
[DEBUG] 2018-02-12 19:53:35.082 [main] Settings - Connection release mode: AFTER_TRANSACTION
[DEBUG] 2018-02-12 19:53:35.083 [main] Settings - Generate SQL with comments: disabled
[DEBUG] 2018-02-12 19:53:35.183 [main] SessionFactoryImpl - Session factory constructed with filter configurations : {}
[DEBUG] 2018-02-12 19:53:35.183 [main] SessionFactoryImpl - Instantiating session factory with properties: {gopherProxySet=false, awt.toolkit=sun.lwawt.macosx.LWCToolkit, file.encoding.pkg=sun.io, java.specification.version=1.8, hibernate.c3p0.idle_test_period=3000, sun.cpu.isalist=, sun.jnu.encoding=UTF-8, hibernate.c3p0.min_size=5, java.class.path=/Applications/IntelliJ IDEA.app/Contents/lib/idea_rt.jar:/Applications/IntelliJ IDEA.app/Contents/plugins/junit/lib/junit-rt.jar:/Applications/IntelliJ IDEA.app/Contents/plugins/junit/lib/junit5-rt.jar:/Library/Java/JavaVirtualMachines/jdk1.8.0_152.jdk/Contents/Home/jre/lib/charsets.jar:/Library/Java/JavaVirtualMachines/jdk1.8.0_152.jdk/Contents/Home/jre/lib/deploy.jar:/Library/Java/JavaVirtualMachines/jdk1.8.0_152.jdk/Contents/Home/jre/lib/ext/cldrdata.jar:/Library/Java/JavaVirtualMachines/jdk1.8.0_152.jdk/Contents/Home/jre/lib/ext/dnsns.jar:/Library/Java/JavaVirtualMachines/jdk1.8.0_152.jdk/Contents/Home/jre/lib/ext/jaccess.jar:/Library/Java/JavaVirtualMachines/jdk1.8.0_152.jdk/Contents/Home/jre/lib/ext/jfxrt.jar:/Library/Java/JavaVirtualMachines/jdk1.8.0_152.jdk/Contents/Home/jre/lib/ext/localedata.jar:/Library/Java/JavaVirtualMachines/jdk1.8.0_152.jdk/Contents/Home/jre/lib/ext/nashorn.jar:/Library/Java/JavaVirtualMachines/jdk1.8.0_152.jdk/Contents/Home/jre/lib/ext/sunec.jar:/Library/Java/JavaVirtualMachines/jdk1.8.0_152.jdk/Contents/Home/jre/lib/ext/sunjce_provider.jar:/Library/Java/JavaVirtualMachines/jdk1.8.0_152.jdk/Contents/Home/jre/lib/ext/sunpkcs11.jar:/Library/Java/JavaVirtualMachines/jdk1.8.0_152.jdk/Contents/Home/jre/lib/ext/zipfs.jar:/Library/Java/JavaVirtualMachines/jdk1.8.0_152.jdk/Contents/Home/jre/lib/javaws.jar:/Library/Java/JavaVirtualMachines/jdk1.8.0_152.jdk/Contents/Home/jre/lib/jce.jar:/Library/Java/JavaVirtualMachines/jdk1.8.0_152.jdk/Contents/Home/jre/lib/jfr.jar:/Library/Java/JavaVirtualMachines/jdk1.8.0_152.jdk/Contents/Home/jre/lib/jfxswt.jar:/Library/Java/JavaVirtualMachines/jdk1.8.0_152.jdk/Contents/Home/jre/lib/jsse.jar:/Library/Java/JavaVirtualMachines/jdk1.8.0_152.jdk/Contents/Home/jre/lib/management-agent.jar:/Library/Java/JavaVirtualMachines/jdk1.8.0_152.jdk/Contents/Home/jre/lib/plugin.jar:/Library/Java/JavaVirtualMachines/jdk1.8.0_152.jdk/Contents/Home/jre/lib/resources.jar:/Library/Java/JavaVirtualMachines/jdk1.8.0_152.jdk/Contents/Home/jre/lib/rt.jar:/Library/Java/JavaVirtualMachines/jdk1.8.0_152.jdk/Contents/Home/lib/ant-javafx.jar:/Library/Java/JavaVirtualMachines/jdk1.8.0_152.jdk/Contents/Home/lib/dt.jar:/Library/Java/JavaVirtualMachines/jdk1.8.0_152.jdk/Contents/Home/lib/javafx-mx.jar:/Library/Java/JavaVirtualMachines/jdk1.8.0_152.jdk/Contents/Home/lib/jconsole.jar:/Library/Java/JavaVirtualMachines/jdk1.8.0_152.jdk/Contents/Home/lib/packager.jar:/Library/Java/JavaVirtualMachines/jdk1.8.0_152.jdk/Contents/Home/lib/sa-jdi.jar:/Library/Java/JavaVirtualMachines/jdk1.8.0_152.jdk/Contents/Home/lib/tools.jar:/Users/sighguy4/IdeaProjects/myBikePlace/target/test-classes:/Users/sighguy4/IdeaProjects/myBikePlace/target/classes:/Users/sighguy4/.m2/repository/junit/junit/4.12/junit-4.12.jar:/Users/sighguy4/.m2/repository/org/hamcrest/hamcrest-core/1.3/hamcrest-core-1.3.jar:/Users/sighguy4/.m2/repository/javax/javaee-web-api/7.0/javaee-web-api-7.0.jar:/Users/sighguy4/.m2/repository/mysql/mysql-connector-java/5.1.39/mysql-connector-java-5.1.39.jar:/Users/sighguy4/.m2/repository/org/apache/logging/log4j/log4j-api/2.10.0/log4j-api-2.10.0.jar:/Users/sighguy4/.m2/repository/org/apache/logging/log4j/log4j-core/2.10.0/log4j-core-2.10.0.jar:/Users/sighguy4/.m2/repository/org/junit/jupiter/junit-jupiter-engine/5.0.0/junit-jupiter-engine-5.0.0.jar:/Users/sighguy4/.m2/repository/org/apiguardian/apiguardian-api/1.0.0/apiguardian-api-1.0.0.jar:/Users/sighguy4/.m2/repository/org/junit/platform/junit-platform-engine/1.0.0/junit-platform-engine-1.0.0.jar:/Users/sighguy4/.m2/repository/org/junit/platform/junit-platform-commons/1.0.0/junit-platform-commons-1.0.0.jar:/Users/sighguy4/.m2/repository/org/opentest4j/opentest4j/1.0.0/opentest4j-1.0.0.jar:/Users/sighguy4/.m2/repository/org/junit/jupiter/junit-jupiter-api/5.0.0/junit-jupiter-api-5.0.0.jar:/Users/sighguy4/.m2/repository/org/junit/platform/junit-platform-runner/1.0.0/junit-platform-runner-1.0.0.jar:/Users/sighguy4/.m2/repository/org/junit/platform/junit-platform-launcher/1.0.0/junit-platform-launcher-1.0.0.jar:/Users/sighguy4/.m2/repository/org/junit/platform/junit-platform-suite-api/1.0.0/junit-platform-suite-api-1.0.0.jar:/Users/sighguy4/.m2/repository/org/junit/vintage/junit-vintage-engine/4.12.0/junit-vintage-engine-4.12.0.jar:/Users/sighguy4/.m2/repository/org/hibernate/hibernate-core/5.2.12.Final/hibernate-core-5.2.12.Final.jar:/Users/sighguy4/.m2/repository/org/jboss/logging/jboss-logging/3.3.0.Final/jboss-logging-3.3.0.Final.jar:/Users/sighguy4/.m2/repository/org/hibernate/javax/persistence/hibernate-jpa-2.1-api/1.0.0.Final/hibernate-jpa-2.1-api-1.0.0.Final.jar:/Users/sighguy4/.m2/repository/org/javassist/javassist/3.20.0-GA/javassist-3.20.0-GA.jar:/Users/sighguy4/.m2/repository/antlr/antlr/2.7.7/antlr-2.7.7.jar:/Users/sighguy4/.m2/repository/org/jboss/spec/javax/transaction/jboss-transaction-api_1.2_spec/1.0.1.Final/jboss-transaction-api_1.2_spec-1.0.1.Final.jar:/Users/sighguy4/.m2/repository/org/jboss/jandex/2.0.3.Final/jandex-2.0.3.Final.jar:/Users/sighguy4/.m2/repository/com/fasterxml/classmate/1.3.0/classmate-1.3.0.jar:/Users/sighguy4/.m2/repository/dom4j/dom4j/1.6.1/dom4j-1.6.1.jar:/Users/sighguy4/.m2/repository/org/hibernate/common/hibernate-commons-annotations/5.0.1.Final/hibernate-commons-annotations-5.0.1.Final.jar:/Users/sighguy4/.m2/repository/org/hibernate/hibernate-c3p0/5.2.12.Final/hibernate-c3p0-5.2.12.Final.jar:/Users/sighguy4/.m2/repository/com/mchange/c3p0/0.9.5.2/c3p0-0.9.5.2.jar:/Users/sighguy4/.m2/repository/com/mchange/mchange-commons-java/0.2.11/mchange-commons-java-0.2.11.jar:/Applications/IntelliJ IDEA.app/Contents/lib/idea_rt.jar, java.vm.vendor=Oracle Corporation, sun.arch.data.model=64, idea.test.cyclic.buffer.size=1048576, java.vendor.url=http://java.oracle.com/, user.timezone=America/Chicago, os.name=Mac OS X, java.vm.specification.version=1.8, user.country=US, sun.java.launcher=SUN_STANDARD, sun.boot.library.path=/Library/Java/JavaVirtualMachines/jdk1.8.0_152.jdk/Contents/Home/jre/lib, sun.java.command=com.intellij.rt.execution.junit.JUnitStarter -ideVersion5 -junit5 edu.matc.persistence.UserDaoTest,getUserSuccess, http.nonProxyHosts=local|*.local|169.254/16|*.169.254/16, sun.cpu.endian=little, hibernate.c3p0.max_statements=50, user.home=/Users/sighguy4, user.language=en, java.specification.vendor=Oracle Corporation, java.home=/Library/Java/JavaVirtualMachines/jdk1.8.0_152.jdk/Contents/Home/jre, file.separator=/, line.separator=
, hibernate.c3p0.timeout=300, java.vm.specification.vendor=Oracle Corporation, java.specification.name=Java Platform API Specification, java.awt.graphicsenv=sun.awt.CGraphicsEnvironment, sun.boot.class.path=/Library/Java/JavaVirtualMachines/jdk1.8.0_152.jdk/Contents/Home/jre/lib/resources.jar:/Library/Java/JavaVirtualMachines/jdk1.8.0_152.jdk/Contents/Home/jre/lib/rt.jar:/Library/Java/JavaVirtualMachines/jdk1.8.0_152.jdk/Contents/Home/jre/lib/sunrsasign.jar:/Library/Java/JavaVirtualMachines/jdk1.8.0_152.jdk/Contents/Home/jre/lib/jsse.jar:/Library/Java/JavaVirtualMachines/jdk1.8.0_152.jdk/Contents/Home/jre/lib/jce.jar:/Library/Java/JavaVirtualMachines/jdk1.8.0_152.jdk/Contents/Home/jre/lib/charsets.jar:/Library/Java/JavaVirtualMachines/jdk1.8.0_152.jdk/Contents/Home/jre/lib/jfr.jar:/Library/Java/JavaVirtualMachines/jdk1.8.0_152.jdk/Contents/Home/jre/classes, connection.password=Belguim#66, sun.management.compiler=HotSpot 64-Bit Tiered Compilers, hibernate.c3p0.max_size=20, ftp.nonProxyHosts=local|*.local|169.254/16|*.169.254/16, java.runtime.version=1.8.0_152-b16, user.name=sighguy4, path.separator=:, hibernate.connection.username=root, os.version=10.12.6, java.endorsed.dirs=/Library/Java/JavaVirtualMachines/jdk1.8.0_152.jdk/Contents/Home/jre/lib/endorsed, java.runtime.name=Java(TM) SE Runtime Environment, hibernate.connection.url=jdbc:mysql://localhost:3306/myBikePlace, file.encoding=UTF-8, java.vm.name=Java HotSpot(TM) 64-Bit Server VM, hibernate.connection.driver_class=com.mysql.jdbc.Driver, java.vendor.url.bug=http://bugreport.sun.com/bugreport/, java.io.tmpdir=/var/folders/9d/xsg98tsj1dn630h6j241zf3h0000gn/T/, java.version=1.8.0_152, user.dir=/Users/sighguy4/IdeaProjects/myBikePlace, os.arch=x86_64, connection.username=root, java.vm.specification.name=Java Virtual Machine Specification, hibernate.connection.password=****, java.awt.printerjob=sun.lwawt.macosx.CPrinterJob, sun.os.patch.level=unknown, connection.driver_class=com.mysql.jdbc.Driver, hibernate.boot.CfgXmlAccessService.key=org.hibernate.boot.cfgxml.spi.LoadedConfig@74bdc168, java.library.path=/Users/sighguy4/Library/Java/Extensions:/Library/Java/Extensions:/Network/Library/Java/Extensions:/System/Library/Java/Extensions:/usr/lib/java:., java.vm.info=mixed mode, java.vendor=Oracle Corporation, java.vm.version=25.152-b16, hibernate.bytecode.use_reflection_optimizer=false, java.ext.dirs=/Users/sighguy4/Library/Java/Extensions:/Library/Java/JavaVirtualMachines/jdk1.8.0_152.jdk/Contents/Home/jre/lib/ext:/Library/Java/Extensions:/Network/Library/Java/Extensions:/System/Library/Java/Extensions:/usr/lib/java, sun.io.unicode.encoding=UnicodeBig, connection.url=jdbc:mysql://localhost:3306/myBikePlace, java.class.version=52.0, socksNonProxyHosts=local|*.local|169.254/16|*.169.254/16}
[DEBUG] 2018-02-12 19:53:35.212 [main] TypeSafeActivator - Unable to acquire Bean Validation ValidatorFactory, skipping activation
[DEBUG] 2018-02-12 19:53:35.213 [main] JaccIntegrator - Skipping JACC integration as it was not enabled
[DEBUG] 2018-02-12 19:53:35.216 [main] SessionFactoryImpl - Instantiated session factory
[DEBUG] 2018-02-12 19:53:35.342 [main] ClassLoaderAccessImpl - Not known whether passed class name [edu.matc.entity.User] is safe
[DEBUG] 2018-02-12 19:53:35.342 [main] ClassLoaderAccessImpl - No temp ClassLoader provided; using live ClassLoader for loading potentially unsafe class : edu.matc.entity.User
[DEBUG] 2018-02-12 19:53:35.437 [main] ClassLoaderAccessImpl - Not known whether passed class name [edu.matc.entity.User] is safe
[DEBUG] 2018-02-12 19:53:35.438 [main] ClassLoaderAccessImpl - No temp ClassLoader provided; using live ClassLoader for loading potentially unsafe class : edu.matc.entity.User
[DEBUG] 2018-02-12 19:53:35.691 [main] AbstractEntityPersister - Static SQL for entity: edu.matc.entity.User
[DEBUG] 2018-02-12 19:53:35.691 [main] AbstractEntityPersister -  Version select: select userId from user where userId =?
[DEBUG] 2018-02-12 19:53:35.692 [main] AbstractEntityPersister -  Snapshot select: select user_.userId, user_.createDate as createDa2_0_, user_.email as email3_0_, user_.firstName as firstNam4_0_, user_.lastName as lastName5_0_, user_.password as password6_0_, user_.updateDate as updateDa7_0_, user_.userName as userName8_0_ from user user_ where user_.userId=?
[DEBUG] 2018-02-12 19:53:35.692 [main] AbstractEntityPersister -  Insert 0: insert into user (createDate, email, firstName, lastName, password, updateDate, userName, userId) values (?, ?, ?, ?, ?, ?, ?, ?)
[DEBUG] 2018-02-12 19:53:35.692 [main] AbstractEntityPersister -  Update 0: update user set createDate=?, email=?, firstName=?, lastName=?, password=?, updateDate=?, userName=? where userId=?
[DEBUG] 2018-02-12 19:53:35.692 [main] AbstractEntityPersister -  Delete 0: delete from user where userId=?
[DEBUG] 2018-02-12 19:53:35.692 [main] AbstractEntityPersister -  Identity insert: insert into user (createDate, email, firstName, lastName, password, updateDate, userName) values (?, ?, ?, ?, ?, ?, ?)
[DEBUG] 2018-02-12 19:53:35.769 [main] QuerySpacesImpl - Adding QuerySpace : uid = <gen:0> -> org.hibernate.loader.plan.build.internal.spaces.EntityQuerySpaceImpl@79ab3a71]
[DEBUG] 2018-02-12 19:53:35.773 [main] MetamodelGraphWalker - Visiting attribute path : createDate
[DEBUG] 2018-02-12 19:53:35.773 [main] MetamodelGraphWalker - Visiting attribute path : email
[DEBUG] 2018-02-12 19:53:35.773 [main] MetamodelGraphWalker - Visiting attribute path : firstName
[DEBUG] 2018-02-12 19:53:35.773 [main] MetamodelGraphWalker - Visiting attribute path : lastName
[DEBUG] 2018-02-12 19:53:35.773 [main] MetamodelGraphWalker - Visiting attribute path : password
[DEBUG] 2018-02-12 19:53:35.773 [main] MetamodelGraphWalker - Visiting attribute path : updateDate
[DEBUG] 2018-02-12 19:53:35.773 [main] MetamodelGraphWalker - Visiting attribute path : userName
[DEBUG] 2018-02-12 19:53:35.778 [main] FetchStyleLoadPlanBuildingAssociationVisitationStrategy - Building LoadPlan...
[DEBUG] 2018-02-12 19:53:35.872 [main] LoadQueryJoinAndFetchProcessor - processing queryspace <gen:0>
[DEBUG] 2018-02-12 19:53:35.879 [main] LoadPlanTreePrinter - LoadPlan(entity=edu.matc.entity.User)
    - Returns
       - EntityReturnImpl(entity=edu.matc.entity.User, querySpaceUid=<gen:0>, path=edu.matc.entity.User)
    - QuerySpaces
       - EntityQuerySpaceImpl(uid=<gen:0>, entity=edu.matc.entity.User)
          - SQL table alias mapping - user0_
          - alias suffix - 0_
          - suffixed key columns - {userId1_0_0_}

[DEBUG] 2018-02-12 19:53:35.887 [main] EntityLoader - Static select for entity edu.matc.entity.User [NONE]: select user0_.userId as userId1_0_0_, user0_.createDate as createDa2_0_0_, user0_.email as email3_0_0_, user0_.firstName as firstNam4_0_0_, user0_.lastName as lastName5_0_0_, user0_.password as password6_0_0_, user0_.updateDate as updateDa7_0_0_, user0_.userName as userName8_0_0_ from user user0_ where user0_.userId=?
[DEBUG] 2018-02-12 19:53:35.887 [main] QuerySpacesImpl - Adding QuerySpace : uid = <gen:0> -> org.hibernate.loader.plan.build.internal.spaces.EntityQuerySpaceImpl@5bb3d42d]
[DEBUG] 2018-02-12 19:53:35.887 [main] MetamodelGraphWalker - Visiting attribute path : createDate
[DEBUG] 2018-02-12 19:53:35.888 [main] MetamodelGraphWalker - Visiting attribute path : email
[DEBUG] 2018-02-12 19:53:35.888 [main] MetamodelGraphWalker - Visiting attribute path : firstName
[DEBUG] 2018-02-12 19:53:35.888 [main] MetamodelGraphWalker - Visiting attribute path : lastName
[DEBUG] 2018-02-12 19:53:35.888 [main] MetamodelGraphWalker - Visiting attribute path : password
[DEBUG] 2018-02-12 19:53:35.888 [main] MetamodelGraphWalker - Visiting attribute path : updateDate
[DEBUG] 2018-02-12 19:53:35.888 [main] MetamodelGraphWalker - Visiting attribute path : userName
[DEBUG] 2018-02-12 19:53:35.889 [main] FetchStyleLoadPlanBuildingAssociationVisitationStrategy - Building LoadPlan...
[DEBUG] 2018-02-12 19:53:35.890 [main] LoadQueryJoinAndFetchProcessor - processing queryspace <gen:0>
[DEBUG] 2018-02-12 19:53:35.890 [main] LoadPlanTreePrinter - LoadPlan(entity=edu.matc.entity.User)
    - Returns
       - EntityReturnImpl(entity=edu.matc.entity.User, querySpaceUid=<gen:0>, path=edu.matc.entity.User)
    - QuerySpaces
       - EntityQuerySpaceImpl(uid=<gen:0>, entity=edu.matc.entity.User)
          - SQL table alias mapping - user0_
          - alias suffix - 0_
          - suffixed key columns - {userId1_0_0_}

[DEBUG] 2018-02-12 19:53:35.890 [main] EntityLoader - Static select for entity edu.matc.entity.User [READ]: select user0_.userId as userId1_0_0_, user0_.createDate as createDa2_0_0_, user0_.email as email3_0_0_, user0_.firstName as firstNam4_0_0_, user0_.lastName as lastName5_0_0_, user0_.password as password6_0_0_, user0_.updateDate as updateDa7_0_0_, user0_.userName as userName8_0_0_ from user user0_ where user0_.userId=?
[DEBUG] 2018-02-12 19:53:35.890 [main] QuerySpacesImpl - Adding QuerySpace : uid = <gen:0> -> org.hibernate.loader.plan.build.internal.spaces.EntityQuerySpaceImpl@2c1dc8e]
[DEBUG] 2018-02-12 19:53:35.890 [main] MetamodelGraphWalker - Visiting attribute path : createDate
[DEBUG] 2018-02-12 19:53:35.890 [main] MetamodelGraphWalker - Visiting attribute path : email
[DEBUG] 2018-02-12 19:53:35.890 [main] MetamodelGraphWalker - Visiting attribute path : firstName
[DEBUG] 2018-02-12 19:53:35.890 [main] MetamodelGraphWalker - Visiting attribute path : lastName
[DEBUG] 2018-02-12 19:53:35.891 [main] MetamodelGraphWalker - Visiting attribute path : password
[DEBUG] 2018-02-12 19:53:35.891 [main] MetamodelGraphWalker - Visiting attribute path : updateDate
[DEBUG] 2018-02-12 19:53:35.891 [main] MetamodelGraphWalker - Visiting attribute path : userName
[DEBUG] 2018-02-12 19:53:35.891 [main] FetchStyleLoadPlanBuildingAssociationVisitationStrategy - Building LoadPlan...
[DEBUG] 2018-02-12 19:53:35.891 [main] LoadQueryJoinAndFetchProcessor - processing queryspace <gen:0>
[DEBUG] 2018-02-12 19:53:35.891 [main] LoadPlanTreePrinter - LoadPlan(entity=edu.matc.entity.User)
    - Returns
       - EntityReturnImpl(entity=edu.matc.entity.User, querySpaceUid=<gen:0>, path=edu.matc.entity.User)
    - QuerySpaces
       - EntityQuerySpaceImpl(uid=<gen:0>, entity=edu.matc.entity.User)
          - SQL table alias mapping - user0_
          - alias suffix - 0_
          - suffixed key columns - {userId1_0_0_}

[DEBUG] 2018-02-12 19:53:35.891 [main] EntityLoader - Static select for entity edu.matc.entity.User [UPGRADE]: select user0_.userId as userId1_0_0_, user0_.createDate as createDa2_0_0_, user0_.email as email3_0_0_, user0_.firstName as firstNam4_0_0_, user0_.lastName as lastName5_0_0_, user0_.password as password6_0_0_, user0_.updateDate as updateDa7_0_0_, user0_.userName as userName8_0_0_ from user user0_ where user0_.userId=? for update
[DEBUG] 2018-02-12 19:53:35.891 [main] QuerySpacesImpl - Adding QuerySpace : uid = <gen:0> -> org.hibernate.loader.plan.build.internal.spaces.EntityQuerySpaceImpl@4e7095ac]
[DEBUG] 2018-02-12 19:53:35.892 [main] MetamodelGraphWalker - Visiting attribute path : createDate
[DEBUG] 2018-02-12 19:53:35.892 [main] MetamodelGraphWalker - Visiting attribute path : email
[DEBUG] 2018-02-12 19:53:35.892 [main] MetamodelGraphWalker - Visiting attribute path : firstName
[DEBUG] 2018-02-12 19:53:35.892 [main] MetamodelGraphWalker - Visiting attribute path : lastName
[DEBUG] 2018-02-12 19:53:35.892 [main] MetamodelGraphWalker - Visiting attribute path : password
[DEBUG] 2018-02-12 19:53:35.892 [main] MetamodelGraphWalker - Visiting attribute path : updateDate
[DEBUG] 2018-02-12 19:53:35.892 [main] MetamodelGraphWalker - Visiting attribute path : userName
[DEBUG] 2018-02-12 19:53:35.892 [main] FetchStyleLoadPlanBuildingAssociationVisitationStrategy - Building LoadPlan...
[DEBUG] 2018-02-12 19:53:35.893 [main] LoadQueryJoinAndFetchProcessor - processing queryspace <gen:0>
[DEBUG] 2018-02-12 19:53:35.893 [main] LoadPlanTreePrinter - LoadPlan(entity=edu.matc.entity.User)
    - Returns
       - EntityReturnImpl(entity=edu.matc.entity.User, querySpaceUid=<gen:0>, path=edu.matc.entity.User)
    - QuerySpaces
       - EntityQuerySpaceImpl(uid=<gen:0>, entity=edu.matc.entity.User)
          - SQL table alias mapping - user0_
          - alias suffix - 0_
          - suffixed key columns - {userId1_0_0_}

[DEBUG] 2018-02-12 19:53:35.893 [main] EntityLoader - Static select for entity edu.matc.entity.User [UPGRADE_NOWAIT]: select user0_.userId as userId1_0_0_, user0_.createDate as createDa2_0_0_, user0_.email as email3_0_0_, user0_.firstName as firstNam4_0_0_, user0_.lastName as lastName5_0_0_, user0_.password as password6_0_0_, user0_.updateDate as updateDa7_0_0_, user0_.userName as userName8_0_0_ from user user0_ where user0_.userId=? for update
[DEBUG] 2018-02-12 19:53:35.893 [main] QuerySpacesImpl - Adding QuerySpace : uid = <gen:0> -> org.hibernate.loader.plan.build.internal.spaces.EntityQuerySpaceImpl@29b732a2]
[DEBUG] 2018-02-12 19:53:35.893 [main] MetamodelGraphWalker - Visiting attribute path : createDate
[DEBUG] 2018-02-12 19:53:35.893 [main] MetamodelGraphWalker - Visiting attribute path : email
[DEBUG] 2018-02-12 19:53:35.893 [main] MetamodelGraphWalker - Visiting attribute path : firstName
[DEBUG] 2018-02-12 19:53:35.894 [main] MetamodelGraphWalker - Visiting attribute path : lastName
[DEBUG] 2018-02-12 19:53:35.894 [main] MetamodelGraphWalker - Visiting attribute path : password
[DEBUG] 2018-02-12 19:53:35.894 [main] MetamodelGraphWalker - Visiting attribute path : updateDate
[DEBUG] 2018-02-12 19:53:35.894 [main] MetamodelGraphWalker - Visiting attribute path : userName
[DEBUG] 2018-02-12 19:53:35.894 [main] FetchStyleLoadPlanBuildingAssociationVisitationStrategy - Building LoadPlan...
[DEBUG] 2018-02-12 19:53:35.894 [main] LoadQueryJoinAndFetchProcessor - processing queryspace <gen:0>
[DEBUG] 2018-02-12 19:53:35.894 [main] LoadPlanTreePrinter - LoadPlan(entity=edu.matc.entity.User)
    - Returns
       - EntityReturnImpl(entity=edu.matc.entity.User, querySpaceUid=<gen:0>, path=edu.matc.entity.User)
    - QuerySpaces
       - EntityQuerySpaceImpl(uid=<gen:0>, entity=edu.matc.entity.User)
          - SQL table alias mapping - user0_
          - alias suffix - 0_
          - suffixed key columns - {userId1_0_0_}

[DEBUG] 2018-02-12 19:53:35.895 [main] EntityLoader - Static select for entity edu.matc.entity.User [UPGRADE_SKIPLOCKED]: select user0_.userId as userId1_0_0_, user0_.createDate as createDa2_0_0_, user0_.email as email3_0_0_, user0_.firstName as firstNam4_0_0_, user0_.lastName as lastName5_0_0_, user0_.password as password6_0_0_, user0_.updateDate as updateDa7_0_0_, user0_.userName as userName8_0_0_ from user user0_ where user0_.userId=? for update
[DEBUG] 2018-02-12 19:53:35.895 [main] QuerySpacesImpl - Adding QuerySpace : uid = <gen:0> -> org.hibernate.loader.plan.build.internal.spaces.EntityQuerySpaceImpl@51671b08]
[DEBUG] 2018-02-12 19:53:35.895 [main] MetamodelGraphWalker - Visiting attribute path : createDate
[DEBUG] 2018-02-12 19:53:35.895 [main] MetamodelGraphWalker - Visiting attribute path : email
[DEBUG] 2018-02-12 19:53:35.895 [main] MetamodelGraphWalker - Visiting attribute path : firstName
[DEBUG] 2018-02-12 19:53:35.895 [main] MetamodelGraphWalker - Visiting attribute path : lastName
[DEBUG] 2018-02-12 19:53:35.895 [main] MetamodelGraphWalker - Visiting attribute path : password
[DEBUG] 2018-02-12 19:53:35.895 [main] MetamodelGraphWalker - Visiting attribute path : updateDate
[DEBUG] 2018-02-12 19:53:35.895 [main] MetamodelGraphWalker - Visiting attribute path : userName
[DEBUG] 2018-02-12 19:53:35.895 [main] FetchStyleLoadPlanBuildingAssociationVisitationStrategy - Building LoadPlan...
[DEBUG] 2018-02-12 19:53:35.896 [main] LoadQueryJoinAndFetchProcessor - processing queryspace <gen:0>
[DEBUG] 2018-02-12 19:53:35.896 [main] LoadPlanTreePrinter - LoadPlan(entity=edu.matc.entity.User)
    - Returns
       - EntityReturnImpl(entity=edu.matc.entity.User, querySpaceUid=<gen:0>, path=edu.matc.entity.User)
    - QuerySpaces
       - EntityQuerySpaceImpl(uid=<gen:0>, entity=edu.matc.entity.User)
          - SQL table alias mapping - user0_
          - alias suffix - 0_
          - suffixed key columns - {userId1_0_0_}

[DEBUG] 2018-02-12 19:53:35.896 [main] EntityLoader - Static select for entity edu.matc.entity.User [FORCE]: select user0_.userId as userId1_0_0_, user0_.createDate as createDa2_0_0_, user0_.email as email3_0_0_, user0_.firstName as firstNam4_0_0_, user0_.lastName as lastName5_0_0_, user0_.password as password6_0_0_, user0_.updateDate as updateDa7_0_0_, user0_.userName as userName8_0_0_ from user user0_ where user0_.userId=? for update
[DEBUG] 2018-02-12 19:53:35.896 [main] QuerySpacesImpl - Adding QuerySpace : uid = <gen:0> -> org.hibernate.loader.plan.build.internal.spaces.EntityQuerySpaceImpl@1162410a]
[DEBUG] 2018-02-12 19:53:35.896 [main] MetamodelGraphWalker - Visiting attribute path : createDate
[DEBUG] 2018-02-12 19:53:35.896 [main] MetamodelGraphWalker - Visiting attribute path : email
[DEBUG] 2018-02-12 19:53:35.896 [main] MetamodelGraphWalker - Visiting attribute path : firstName
[DEBUG] 2018-02-12 19:53:35.897 [main] MetamodelGraphWalker - Visiting attribute path : lastName
[DEBUG] 2018-02-12 19:53:35.897 [main] MetamodelGraphWalker - Visiting attribute path : password
[DEBUG] 2018-02-12 19:53:35.897 [main] MetamodelGraphWalker - Visiting attribute path : updateDate
[DEBUG] 2018-02-12 19:53:35.897 [main] MetamodelGraphWalker - Visiting attribute path : userName
[DEBUG] 2018-02-12 19:53:35.897 [main] FetchStyleLoadPlanBuildingAssociationVisitationStrategy - Building LoadPlan...
[DEBUG] 2018-02-12 19:53:35.897 [main] LoadQueryJoinAndFetchProcessor - processing queryspace <gen:0>
[DEBUG] 2018-02-12 19:53:35.897 [main] LoadPlanTreePrinter - LoadPlan(entity=edu.matc.entity.User)
    - Returns
       - EntityReturnImpl(entity=edu.matc.entity.User, querySpaceUid=<gen:0>, path=edu.matc.entity.User)
    - QuerySpaces
       - EntityQuerySpaceImpl(uid=<gen:0>, entity=edu.matc.entity.User)
          - SQL table alias mapping - user0_
          - alias suffix - 0_
          - suffixed key columns - {userId1_0_0_}

[DEBUG] 2018-02-12 19:53:35.897 [main] EntityLoader - Static select for entity edu.matc.entity.User [PESSIMISTIC_READ]: select user0_.userId as userId1_0_0_, user0_.createDate as createDa2_0_0_, user0_.email as email3_0_0_, user0_.firstName as firstNam4_0_0_, user0_.lastName as lastName5_0_0_, user0_.password as password6_0_0_, user0_.updateDate as updateDa7_0_0_, user0_.userName as userName8_0_0_ from user user0_ where user0_.userId=? lock in share mode
[DEBUG] 2018-02-12 19:53:35.898 [main] QuerySpacesImpl - Adding QuerySpace : uid = <gen:0> -> org.hibernate.loader.plan.build.internal.spaces.EntityQuerySpaceImpl@62df0ff3]
[DEBUG] 2018-02-12 19:53:35.898 [main] MetamodelGraphWalker - Visiting attribute path : createDate
[DEBUG] 2018-02-12 19:53:35.898 [main] MetamodelGraphWalker - Visiting attribute path : email
[DEBUG] 2018-02-12 19:53:35.898 [main] MetamodelGraphWalker - Visiting attribute path : firstName
[DEBUG] 2018-02-12 19:53:35.898 [main] MetamodelGraphWalker - Visiting attribute path : lastName
[DEBUG] 2018-02-12 19:53:35.898 [main] MetamodelGraphWalker - Visiting attribute path : password
[DEBUG] 2018-02-12 19:53:35.898 [main] MetamodelGraphWalker - Visiting attribute path : updateDate
[DEBUG] 2018-02-12 19:53:35.898 [main] MetamodelGraphWalker - Visiting attribute path : userName
[DEBUG] 2018-02-12 19:53:35.898 [main] FetchStyleLoadPlanBuildingAssociationVisitationStrategy - Building LoadPlan...
[DEBUG] 2018-02-12 19:53:35.898 [main] LoadQueryJoinAndFetchProcessor - processing queryspace <gen:0>
[DEBUG] 2018-02-12 19:53:35.899 [main] LoadPlanTreePrinter - LoadPlan(entity=edu.matc.entity.User)
    - Returns
       - EntityReturnImpl(entity=edu.matc.entity.User, querySpaceUid=<gen:0>, path=edu.matc.entity.User)
    - QuerySpaces
       - EntityQuerySpaceImpl(uid=<gen:0>, entity=edu.matc.entity.User)
          - SQL table alias mapping - user0_
          - alias suffix - 0_
          - suffixed key columns - {userId1_0_0_}

[DEBUG] 2018-02-12 19:53:35.899 [main] EntityLoader - Static select for entity edu.matc.entity.User [PESSIMISTIC_WRITE]: select user0_.userId as userId1_0_0_, user0_.createDate as createDa2_0_0_, user0_.email as email3_0_0_, user0_.firstName as firstNam4_0_0_, user0_.lastName as lastName5_0_0_, user0_.password as password6_0_0_, user0_.updateDate as updateDa7_0_0_, user0_.userName as userName8_0_0_ from user user0_ where user0_.userId=? for update
[DEBUG] 2018-02-12 19:53:35.899 [main] QuerySpacesImpl - Adding QuerySpace : uid = <gen:0> -> org.hibernate.loader.plan.build.internal.spaces.EntityQuerySpaceImpl@62e8f862]
[DEBUG] 2018-02-12 19:53:35.899 [main] MetamodelGraphWalker - Visiting attribute path : createDate
[DEBUG] 2018-02-12 19:53:35.899 [main] MetamodelGraphWalker - Visiting attribute path : email
[DEBUG] 2018-02-12 19:53:35.899 [main] MetamodelGraphWalker - Visiting attribute path : firstName
[DEBUG] 2018-02-12 19:53:35.899 [main] MetamodelGraphWalker - Visiting attribute path : lastName
[DEBUG] 2018-02-12 19:53:35.899 [main] MetamodelGraphWalker - Visiting attribute path : password
[DEBUG] 2018-02-12 19:53:35.899 [main] MetamodelGraphWalker - Visiting attribute path : updateDate
[DEBUG] 2018-02-12 19:53:35.900 [main] MetamodelGraphWalker - Visiting attribute path : userName
[DEBUG] 2018-02-12 19:53:35.900 [main] FetchStyleLoadPlanBuildingAssociationVisitationStrategy - Building LoadPlan...
[DEBUG] 2018-02-12 19:53:35.900 [main] LoadQueryJoinAndFetchProcessor - processing queryspace <gen:0>
[DEBUG] 2018-02-12 19:53:35.900 [main] LoadPlanTreePrinter - LoadPlan(entity=edu.matc.entity.User)
    - Returns
       - EntityReturnImpl(entity=edu.matc.entity.User, querySpaceUid=<gen:0>, path=edu.matc.entity.User)
    - QuerySpaces
       - EntityQuerySpaceImpl(uid=<gen:0>, entity=edu.matc.entity.User)
          - SQL table alias mapping - user0_
          - alias suffix - 0_
          - suffixed key columns - {userId1_0_0_}

[DEBUG] 2018-02-12 19:53:35.900 [main] EntityLoader - Static select for entity edu.matc.entity.User [PESSIMISTIC_FORCE_INCREMENT]: select user0_.userId as userId1_0_0_, user0_.createDate as createDa2_0_0_, user0_.email as email3_0_0_, user0_.firstName as firstNam4_0_0_, user0_.lastName as lastName5_0_0_, user0_.password as password6_0_0_, user0_.updateDate as updateDa7_0_0_, user0_.userName as userName8_0_0_ from user user0_ where user0_.userId=? for update
[DEBUG] 2018-02-12 19:53:35.900 [main] QuerySpacesImpl - Adding QuerySpace : uid = <gen:0> -> org.hibernate.loader.plan.build.internal.spaces.EntityQuerySpaceImpl@3c49fab6]
[DEBUG] 2018-02-12 19:53:35.900 [main] MetamodelGraphWalker - Visiting attribute path : createDate
[DEBUG] 2018-02-12 19:53:35.901 [main] MetamodelGraphWalker - Visiting attribute path : email
[DEBUG] 2018-02-12 19:53:35.901 [main] MetamodelGraphWalker - Visiting attribute path : firstName
[DEBUG] 2018-02-12 19:53:35.901 [main] MetamodelGraphWalker - Visiting attribute path : lastName
[DEBUG] 2018-02-12 19:53:35.901 [main] MetamodelGraphWalker - Visiting attribute path : password
[DEBUG] 2018-02-12 19:53:35.901 [main] MetamodelGraphWalker - Visiting attribute path : updateDate
[DEBUG] 2018-02-12 19:53:35.901 [main] MetamodelGraphWalker - Visiting attribute path : userName
[DEBUG] 2018-02-12 19:53:35.901 [main] FetchStyleLoadPlanBuildingAssociationVisitationStrategy - Building LoadPlan...
[DEBUG] 2018-02-12 19:53:35.901 [main] LoadQueryJoinAndFetchProcessor - processing queryspace <gen:0>
[DEBUG] 2018-02-12 19:53:35.901 [main] LoadPlanTreePrinter - LoadPlan(entity=edu.matc.entity.User)
    - Returns
       - EntityReturnImpl(entity=edu.matc.entity.User, querySpaceUid=<gen:0>, path=edu.matc.entity.User)
    - QuerySpaces
       - EntityQuerySpaceImpl(uid=<gen:0>, entity=edu.matc.entity.User)
          - SQL table alias mapping - user0_
          - alias suffix - 0_
          - suffixed key columns - {userId1_0_0_}

[DEBUG] 2018-02-12 19:53:35.901 [main] EntityLoader - Static select for entity edu.matc.entity.User [OPTIMISTIC]: select user0_.userId as userId1_0_0_, user0_.createDate as createDa2_0_0_, user0_.email as email3_0_0_, user0_.firstName as firstNam4_0_0_, user0_.lastName as lastName5_0_0_, user0_.password as password6_0_0_, user0_.updateDate as updateDa7_0_0_, user0_.userName as userName8_0_0_ from user user0_ where user0_.userId=?
[DEBUG] 2018-02-12 19:53:35.902 [main] QuerySpacesImpl - Adding QuerySpace : uid = <gen:0> -> org.hibernate.loader.plan.build.internal.spaces.EntityQuerySpaceImpl@74518890]
[DEBUG] 2018-02-12 19:53:35.902 [main] MetamodelGraphWalker - Visiting attribute path : createDate
[DEBUG] 2018-02-12 19:53:35.902 [main] MetamodelGraphWalker - Visiting attribute path : email
[DEBUG] 2018-02-12 19:53:35.902 [main] MetamodelGraphWalker - Visiting attribute path : firstName
[DEBUG] 2018-02-12 19:53:35.902 [main] MetamodelGraphWalker - Visiting attribute path : lastName
[DEBUG] 2018-02-12 19:53:35.902 [main] MetamodelGraphWalker - Visiting attribute path : password
[DEBUG] 2018-02-12 19:53:35.902 [main] MetamodelGraphWalker - Visiting attribute path : updateDate
[DEBUG] 2018-02-12 19:53:35.902 [main] MetamodelGraphWalker - Visiting attribute path : userName
[DEBUG] 2018-02-12 19:53:35.903 [main] FetchStyleLoadPlanBuildingAssociationVisitationStrategy - Building LoadPlan...
[DEBUG] 2018-02-12 19:53:35.903 [main] LoadQueryJoinAndFetchProcessor - processing queryspace <gen:0>
[DEBUG] 2018-02-12 19:53:35.903 [main] LoadPlanTreePrinter - LoadPlan(entity=edu.matc.entity.User)
    - Returns
       - EntityReturnImpl(entity=edu.matc.entity.User, querySpaceUid=<gen:0>, path=edu.matc.entity.User)
    - QuerySpaces
       - EntityQuerySpaceImpl(uid=<gen:0>, entity=edu.matc.entity.User)
          - SQL table alias mapping - user0_
          - alias suffix - 0_
          - suffixed key columns - {userId1_0_0_}

[DEBUG] 2018-02-12 19:53:35.903 [main] EntityLoader - Static select for entity edu.matc.entity.User [OPTIMISTIC_FORCE_INCREMENT]: select user0_.userId as userId1_0_0_, user0_.createDate as createDa2_0_0_, user0_.email as email3_0_0_, user0_.firstName as firstNam4_0_0_, user0_.lastName as lastName5_0_0_, user0_.password as password6_0_0_, user0_.updateDate as updateDa7_0_0_, user0_.userName as userName8_0_0_ from user user0_ where user0_.userId=?
[DEBUG] 2018-02-12 19:53:35.940 [main] Loader - Static select for action ACTION_MERGE on entity edu.matc.entity.User: select user0_.userId as userId1_0_0_, user0_.createDate as createDa2_0_0_, user0_.email as email3_0_0_, user0_.firstName as firstNam4_0_0_, user0_.lastName as lastName5_0_0_, user0_.password as password6_0_0_, user0_.updateDate as updateDa7_0_0_, user0_.userName as userName8_0_0_ from user user0_ where user0_.userId=?
[DEBUG] 2018-02-12 19:53:35.941 [main] Loader - Static select for action ACTION_REFRESH on entity edu.matc.entity.User: select user0_.userId as userId1_0_0_, user0_.createDate as createDa2_0_0_, user0_.email as email3_0_0_, user0_.firstName as firstNam4_0_0_, user0_.lastName as lastName5_0_0_, user0_.password as password6_0_0_, user0_.updateDate as updateDa7_0_0_, user0_.userName as userName8_0_0_ from user user0_ where user0_.userId=?
[DEBUG] 2018-02-12 19:53:36.028 [main] SchemaManagementToolCoordinator - No actions specified; doing nothing
[DEBUG] 2018-02-12 19:53:36.028 [main] JtaPlatformInitiator - No JtaPlatform was specified, checking resolver
[DEBUG] 2018-02-12 19:53:36.029 [main] JtaPlatformResolverInitiator - No JtaPlatformResolver was specified, using default [org.hibernate.engine.transaction.jta.platform.internal.StandardJtaPlatformResolver]
[DEBUG] 2018-02-12 19:53:36.074 [main] StandardJtaPlatformResolver - Could not resolve JtaPlatform, using default [org.hibernate.engine.transaction.jta.platform.internal.NoJtaPlatform]
[DEBUG] 2018-02-12 19:53:36.076 [main] NamedQueryRepository - Checking 0 named HQL queries
[DEBUG] 2018-02-12 19:53:36.076 [main] NamedQueryRepository - Checking 0 named SQL queries
[DEBUG] 2018-02-12 19:53:36.106 [main] SessionFactoryRegistry - Initializing SessionFactoryRegistry : org.hibernate.internal.SessionFactoryRegistry@15f193b8
[DEBUG] 2018-02-12 19:53:36.109 [main] SessionFactoryRegistry - Registering SessionFactory: c425aa17-82d6-45dd-8b57-0e6e770f39f2 (<unnamed>)
[DEBUG] 2018-02-12 19:53:36.109 [main] SessionFactoryRegistry - Not binding SessionFactory to JNDI, no JNDI name configured
[DEBUG] 2018-02-12 19:53:36.538 [main] StatisticsInitiator - Statistics initialized [enabled=false]
[DEBUG] 2018-02-12 19:53:36.661 [main] CriteriaQueryImpl - Rendered criteria query -> select generatedAlias0 from User as generatedAlias0
[DEBUG] 2018-02-12 19:53:36.713 [main] QueryTranslatorFactoryInitiator - QueryTranslatorFactory : org.hibernate.hql.internal.ast.ASTQueryTranslatorFactory@1450078a
[INFO ] 2018-02-12 19:53:36.714 [main] QueryTranslatorFactoryInitiator - HHH000397: Using ASTQueryTranslatorFactory
[DEBUG] 2018-02-12 19:53:36.851 [main] QueryTranslatorImpl - parse() - HQL: select generatedAlias0 from edu.matc.entity.User as generatedAlias0
[DEBUG] 2018-02-12 19:53:36.861 [main] ErrorCounter - throwQueryException() : no errors
[DEBUG] 2018-02-12 19:53:36.864 [main] QueryTranslatorImpl - --- HQL AST ---
 \-[QUERY] Node: 'query'
    \-[SELECT_FROM] Node: 'SELECT_FROM'
       +-[FROM] Node: 'from'
       |  \-[RANGE] Node: 'RANGE'
       |     +-[DOT] Node: '.'
       |     |  +-[DOT] Node: '.'
       |     |  |  +-[DOT] Node: '.'
       |     |  |  |  +-[IDENT] Node: 'edu'
       |     |  |  |  \-[IDENT] Node: 'matc'
       |     |  |  \-[IDENT] Node: 'entity'
       |     |  \-[IDENT] Node: 'User'
       |     \-[ALIAS] Node: 'generatedAlias0'
       \-[SELECT] Node: 'select'
          \-[IDENT] Node: 'generatedAlias0'

[DEBUG] 2018-02-12 19:53:36.955 [main] HqlSqlBaseWalker - select << begin [level=1, statement=select]
[DEBUG] 2018-02-12 19:53:36.987 [main] FromElement - FromClause{level=1} : edu.matc.entity.User (generatedAlias0) -> user0_
[DEBUG] 2018-02-12 19:53:36.989 [main] FromReferenceNode - Resolved : generatedAlias0 -> user0_.userId
[DEBUG] 2018-02-12 19:53:36.995 [main] HqlSqlBaseWalker - select : finishing up [level=1, statement=select]
[DEBUG] 2018-02-12 19:53:36.995 [main] HqlSqlWalker - processQuery() :  ( SELECT ( {select clause} user0_.userId ) ( FromClause{level=1} user user0_ ) )
[DEBUG] 2018-02-12 19:53:37.040 [main] JoinProcessor - Using FROM fragment [user user0_]
[DEBUG] 2018-02-12 19:53:37.041 [main] HqlSqlBaseWalker - select >> end [level=1, statement=select]
[DEBUG] 2018-02-12 19:53:37.048 [main] QueryTranslatorImpl - --- SQL AST ---
 \-[SELECT] QueryNode: 'SELECT'  querySpaces (user)
    +-[SELECT_CLAUSE] SelectClause: '{select clause}'
    |  +-[ALIAS_REF] IdentNode: 'user0_.userId as userId1_0_' {alias=generatedAlias0, className=edu.matc.entity.User, tableAlias=user0_}
    |  \-[SQL_TOKEN] SqlFragment: 'user0_.createDate as createDa2_0_, user0_.email as email3_0_, user0_.firstName as firstNam4_0_, user0_.lastName as lastName5_0_, user0_.password as password6_0_, user0_.updateDate as updateDa7_0_, user0_.userName as userName8_0_'
    \-[FROM] FromClause: 'from' FromClause{level=1, fromElementCounter=1, fromElements=1, fromElementByClassAlias=[generatedAlias0], fromElementByTableAlias=[user0_], fromElementsByPath=[], collectionJoinFromElementsByPath=[], impliedElements=[]}
       \-[FROM_FRAGMENT] FromElement: 'user user0_' FromElement{explicit,not a collection join,not a fetch join,fetch non-lazy properties,classAlias=generatedAlias0,role=null,tableName=user,tableAlias=user0_,origin=null,columns={,className=edu.matc.entity.User}}

[DEBUG] 2018-02-12 19:53:37.048 [main] ErrorCounter - throwQueryException() : no errors
[DEBUG] 2018-02-12 19:53:37.074 [main] QueryTranslatorImpl - HQL: select generatedAlias0 from edu.matc.entity.User as generatedAlias0
[DEBUG] 2018-02-12 19:53:37.074 [main] QueryTranslatorImpl - SQL: select user0_.userId as userId1_0_, user0_.createDate as createDa2_0_, user0_.email as email3_0_, user0_.firstName as firstNam4_0_, user0_.lastName as lastName5_0_, user0_.password as password6_0_, user0_.updateDate as updateDa7_0_, user0_.userName as userName8_0_ from user user0_
[DEBUG] 2018-02-12 19:53:37.074 [main] ErrorCounter - throwQueryException() : no errors
[DEBUG] 2018-02-12 19:53:37.154 [main] SQL - select user0_.userId as userId1_0_, user0_.createDate as createDa2_0_, user0_.email as email3_0_, user0_.firstName as firstNam4_0_, user0_.lastName as lastName5_0_, user0_.password as password6_0_, user0_.updateDate as updateDa7_0_, user0_.userName as userName8_0_ from user user0_
[DEBUG] 2018-02-12 19:53:37.199 [main] Loader - Result set row: 0
[DEBUG] 2018-02-12 19:53:37.204 [main] Loader - Result row: EntityKey[edu.matc.entity.User#1]
[DEBUG] 2018-02-12 19:53:37.224 [main] Loader - Result set row: 1
[DEBUG] 2018-02-12 19:53:37.225 [main] Loader - Result row: EntityKey[edu.matc.entity.User#2]
[DEBUG] 2018-02-12 19:53:37.225 [main] Loader - Result set row: 2
[DEBUG] 2018-02-12 19:53:37.225 [main] Loader - Result row: EntityKey[edu.matc.entity.User#3]
[DEBUG] 2018-02-12 19:53:37.225 [main] Loader - Result set row: 3
[DEBUG] 2018-02-12 19:53:37.226 [main] Loader - Result row: EntityKey[edu.matc.entity.User#4]
[DEBUG] 2018-02-12 19:53:37.226 [main] Loader - Result set row: 4
[DEBUG] 2018-02-12 19:53:37.226 [main] Loader - Result row: EntityKey[edu.matc.entity.User#5]
[DEBUG] 2018-02-12 19:53:37.226 [main] Loader - Result set row: 5
[DEBUG] 2018-02-12 19:53:37.226 [main] Loader - Result row: EntityKey[edu.matc.entity.User#6]
[DEBUG] 2018-02-12 19:53:37.228 [main] TwoPhaseLoad - Resolving associations for [edu.matc.entity.User#1]
[DEBUG] 2018-02-12 19:53:37.232 [main] TwoPhaseLoad - Done materializing entity [edu.matc.entity.User#1]
[DEBUG] 2018-02-12 19:53:37.232 [main] TwoPhaseLoad - Resolving associations for [edu.matc.entity.User#2]
[DEBUG] 2018-02-12 19:53:37.233 [main] TwoPhaseLoad - Done materializing entity [edu.matc.entity.User#2]
[DEBUG] 2018-02-12 19:53:37.233 [main] TwoPhaseLoad - Resolving associations for [edu.matc.entity.User#3]
[DEBUG] 2018-02-12 19:53:37.233 [main] TwoPhaseLoad - Done materializing entity [edu.matc.entity.User#3]
[DEBUG] 2018-02-12 19:53:37.233 [main] TwoPhaseLoad - Resolving associations for [edu.matc.entity.User#4]
[DEBUG] 2018-02-12 19:53:37.233 [main] TwoPhaseLoad - Done materializing entity [edu.matc.entity.User#4]
[DEBUG] 2018-02-12 19:53:37.233 [main] TwoPhaseLoad - Resolving associations for [edu.matc.entity.User#5]
[DEBUG] 2018-02-12 19:53:37.252 [main] TwoPhaseLoad - Done materializing entity [edu.matc.entity.User#5]
[DEBUG] 2018-02-12 19:53:37.252 [main] TwoPhaseLoad - Resolving associations for [edu.matc.entity.User#6]
[DEBUG] 2018-02-12 19:53:37.252 [main] TwoPhaseLoad - Done materializing entity [edu.matc.entity.User#6]
[DEBUG] 2018-02-12 19:53:37.261 [main] LogicalConnectionManagedImpl - Initiating JDBC connection release from afterTransaction
