[DEBUG] 2018-02-12 19:57:19.983 [main] IntegratorServiceImpl - Adding Integrator [org.hibernate.cfg.beanvalidation.BeanValidationIntegrator].
[DEBUG] 2018-02-12 19:57:20.017 [main] IntegratorServiceImpl - Adding Integrator [org.hibernate.secure.spi.JaccIntegrator].
[DEBUG] 2018-02-12 19:57:20.025 [main] IntegratorServiceImpl - Adding Integrator [org.hibernate.cache.internal.CollectionCacheInvalidator].
[INFO ] 2018-02-12 19:57:20.408 [main] Version - HHH000412: Hibernate Core {5.2.12.Final}
[INFO ] 2018-02-12 19:57:20.411 [main] Environment - HHH000206: hibernate.properties not found
[DEBUG] 2018-02-12 19:57:20.544 [main] LocalXmlResourceResolver - Interpreting public/system identifier : [-//Hibernate/Hibernate Configuration DTD//EN] - [http://www.hibernate.org/dtd/hibernate-configuration-3.0.dtd]
[DEBUG] 2018-02-12 19:57:20.545 [main] LocalXmlResourceResolver - Recognized hibernate-configuration identifier; attempting to resolve on classpath under org/hibernate/
[DEBUG] 2018-02-12 19:57:20.557 [main] JaxbCfgProcessor - cfg.xml document did not define namespaces; wrapping in custom event reader to introduce namespace information
[DEBUG] 2018-02-12 19:57:21.153 [main] ServiceBinding - Overriding existing service binding [org.hibernate.secure.spi.JaccService]
[DEBUG] 2018-02-12 19:57:21.356 [main] RegionFactoryInitiator - Cache region factory : org.hibernate.cache.internal.NoCachingRegionFactory
[INFO ] 2018-02-12 19:57:21.371 [main] Version - HCANN000001: Hibernate Commons Annotations {5.0.1.Final}
[DEBUG] 2018-02-12 19:57:21.426 [main] BasicTypeRegistry - Adding type registration boolean -> org.hibernate.type.BooleanType@6cd24612
[DEBUG] 2018-02-12 19:57:21.426 [main] BasicTypeRegistry - Adding type registration boolean -> org.hibernate.type.BooleanType@6cd24612
[DEBUG] 2018-02-12 19:57:21.427 [main] BasicTypeRegistry - Adding type registration java.lang.Boolean -> org.hibernate.type.BooleanType@6cd24612
[DEBUG] 2018-02-12 19:57:21.429 [main] BasicTypeRegistry - Adding type registration numeric_boolean -> org.hibernate.type.NumericBooleanType@f68f0dc
[DEBUG] 2018-02-12 19:57:21.430 [main] BasicTypeRegistry - Adding type registration true_false -> org.hibernate.type.TrueFalseType@1b66c0fb
[DEBUG] 2018-02-12 19:57:21.431 [main] BasicTypeRegistry - Adding type registration yes_no -> org.hibernate.type.YesNoType@7dc19a70
[DEBUG] 2018-02-12 19:57:21.437 [main] BasicTypeRegistry - Adding type registration byte -> org.hibernate.type.ByteType@23941fb4
[DEBUG] 2018-02-12 19:57:21.437 [main] BasicTypeRegistry - Adding type registration byte -> org.hibernate.type.ByteType@23941fb4
[DEBUG] 2018-02-12 19:57:21.437 [main] BasicTypeRegistry - Adding type registration java.lang.Byte -> org.hibernate.type.ByteType@23941fb4
[DEBUG] 2018-02-12 19:57:21.440 [main] BasicTypeRegistry - Adding type registration character -> org.hibernate.type.CharacterType@1f9f6368
[DEBUG] 2018-02-12 19:57:21.440 [main] BasicTypeRegistry - Adding type registration char -> org.hibernate.type.CharacterType@1f9f6368
[DEBUG] 2018-02-12 19:57:21.440 [main] BasicTypeRegistry - Adding type registration java.lang.Character -> org.hibernate.type.CharacterType@1f9f6368
[DEBUG] 2018-02-12 19:57:21.443 [main] BasicTypeRegistry - Adding type registration short -> org.hibernate.type.ShortType@6f36c2f0
[DEBUG] 2018-02-12 19:57:21.444 [main] BasicTypeRegistry - Adding type registration short -> org.hibernate.type.ShortType@6f36c2f0
[DEBUG] 2018-02-12 19:57:21.444 [main] BasicTypeRegistry - Adding type registration java.lang.Short -> org.hibernate.type.ShortType@6f36c2f0
[DEBUG] 2018-02-12 19:57:21.446 [main] BasicTypeRegistry - Adding type registration integer -> org.hibernate.type.IntegerType@3b35a229
[DEBUG] 2018-02-12 19:57:21.446 [main] BasicTypeRegistry - Adding type registration int -> org.hibernate.type.IntegerType@3b35a229
[DEBUG] 2018-02-12 19:57:21.446 [main] BasicTypeRegistry - Adding type registration java.lang.Integer -> org.hibernate.type.IntegerType@3b35a229
[DEBUG] 2018-02-12 19:57:21.448 [main] BasicTypeRegistry - Adding type registration long -> org.hibernate.type.LongType@5e3f861
[DEBUG] 2018-02-12 19:57:21.448 [main] BasicTypeRegistry - Adding type registration long -> org.hibernate.type.LongType@5e3f861
[DEBUG] 2018-02-12 19:57:21.449 [main] BasicTypeRegistry - Adding type registration java.lang.Long -> org.hibernate.type.LongType@5e3f861
[DEBUG] 2018-02-12 19:57:21.451 [main] BasicTypeRegistry - Adding type registration float -> org.hibernate.type.FloatType@21be3395
[DEBUG] 2018-02-12 19:57:21.451 [main] BasicTypeRegistry - Adding type registration float -> org.hibernate.type.FloatType@21be3395
[DEBUG] 2018-02-12 19:57:21.452 [main] BasicTypeRegistry - Adding type registration java.lang.Float -> org.hibernate.type.FloatType@21be3395
[DEBUG] 2018-02-12 19:57:21.454 [main] BasicTypeRegistry - Adding type registration double -> org.hibernate.type.DoubleType@7098b907
[DEBUG] 2018-02-12 19:57:21.454 [main] BasicTypeRegistry - Adding type registration double -> org.hibernate.type.DoubleType@7098b907
[DEBUG] 2018-02-12 19:57:21.454 [main] BasicTypeRegistry - Adding type registration java.lang.Double -> org.hibernate.type.DoubleType@7098b907
[DEBUG] 2018-02-12 19:57:21.460 [main] BasicTypeRegistry - Adding type registration big_decimal -> org.hibernate.type.BigDecimalType@730d2164
[DEBUG] 2018-02-12 19:57:21.460 [main] BasicTypeRegistry - Adding type registration java.math.BigDecimal -> org.hibernate.type.BigDecimalType@730d2164
[DEBUG] 2018-02-12 19:57:21.461 [main] BasicTypeRegistry - Adding type registration big_integer -> org.hibernate.type.BigIntegerType@4ee203eb
[DEBUG] 2018-02-12 19:57:21.461 [main] BasicTypeRegistry - Adding type registration java.math.BigInteger -> org.hibernate.type.BigIntegerType@4ee203eb
[DEBUG] 2018-02-12 19:57:21.464 [main] BasicTypeRegistry - Adding type registration string -> org.hibernate.type.StringType@769a1df5
[DEBUG] 2018-02-12 19:57:21.464 [main] BasicTypeRegistry - Adding type registration java.lang.String -> org.hibernate.type.StringType@769a1df5
[DEBUG] 2018-02-12 19:57:21.465 [main] BasicTypeRegistry - Adding type registration nstring -> org.hibernate.type.StringNVarcharType@5167f57d
[DEBUG] 2018-02-12 19:57:21.466 [main] BasicTypeRegistry - Adding type registration ncharacter -> org.hibernate.type.CharacterNCharType@e3b3b2f
[DEBUG] 2018-02-12 19:57:21.468 [main] BasicTypeRegistry - Adding type registration url -> org.hibernate.type.UrlType@1a5b6f42
[DEBUG] 2018-02-12 19:57:21.468 [main] BasicTypeRegistry - Adding type registration java.net.URL -> org.hibernate.type.UrlType@1a5b6f42
[DEBUG] 2018-02-12 19:57:21.470 [main] BasicTypeRegistry - Adding type registration Duration -> org.hibernate.type.DurationType@7d9f158f
[DEBUG] 2018-02-12 19:57:21.471 [main] BasicTypeRegistry - Adding type registration java.time.Duration -> org.hibernate.type.DurationType@7d9f158f
[DEBUG] 2018-02-12 19:57:21.502 [main] BasicTypeRegistry - Adding type registration Instant -> org.hibernate.type.InstantType@5852c06f
[DEBUG] 2018-02-12 19:57:21.502 [main] BasicTypeRegistry - Adding type registration java.time.Instant -> org.hibernate.type.InstantType@5852c06f
[DEBUG] 2018-02-12 19:57:21.506 [main] BasicTypeRegistry - Adding type registration LocalDateTime -> org.hibernate.type.LocalDateTimeType@376a0d86
[DEBUG] 2018-02-12 19:57:21.507 [main] BasicTypeRegistry - Adding type registration java.time.LocalDateTime -> org.hibernate.type.LocalDateTimeType@376a0d86
[DEBUG] 2018-02-12 19:57:21.509 [main] BasicTypeRegistry - Adding type registration LocalDate -> org.hibernate.type.LocalDateType@6c7a164b
[DEBUG] 2018-02-12 19:57:21.509 [main] BasicTypeRegistry - Adding type registration java.time.LocalDate -> org.hibernate.type.LocalDateType@6c7a164b
[DEBUG] 2018-02-12 19:57:21.513 [main] BasicTypeRegistry - Adding type registration LocalTime -> org.hibernate.type.LocalTimeType@3f1d2e23
[DEBUG] 2018-02-12 19:57:21.513 [main] BasicTypeRegistry - Adding type registration java.time.LocalTime -> org.hibernate.type.LocalTimeType@3f1d2e23
[DEBUG] 2018-02-12 19:57:21.516 [main] BasicTypeRegistry - Adding type registration OffsetDateTime -> org.hibernate.type.OffsetDateTimeType@1f760b47
[DEBUG] 2018-02-12 19:57:21.517 [main] BasicTypeRegistry - Adding type registration java.time.OffsetDateTime -> org.hibernate.type.OffsetDateTimeType@1f760b47
[DEBUG] 2018-02-12 19:57:21.520 [main] BasicTypeRegistry - Adding type registration OffsetTime -> org.hibernate.type.OffsetTimeType@4c5ae43b
[DEBUG] 2018-02-12 19:57:21.520 [main] BasicTypeRegistry - Adding type registration java.time.OffsetTime -> org.hibernate.type.OffsetTimeType@4c5ae43b
[DEBUG] 2018-02-12 19:57:21.526 [main] BasicTypeRegistry - Adding type registration ZonedDateTime -> org.hibernate.type.ZonedDateTimeType@163370c2
[DEBUG] 2018-02-12 19:57:21.526 [main] BasicTypeRegistry - Adding type registration java.time.ZonedDateTime -> org.hibernate.type.ZonedDateTimeType@163370c2
[DEBUG] 2018-02-12 19:57:21.530 [main] BasicTypeRegistry - Adding type registration date -> org.hibernate.type.DateType@6ca18a14
[DEBUG] 2018-02-12 19:57:21.530 [main] BasicTypeRegistry - Adding type registration java.sql.Date -> org.hibernate.type.DateType@6ca18a14
[DEBUG] 2018-02-12 19:57:21.532 [main] BasicTypeRegistry - Adding type registration time -> org.hibernate.type.TimeType@2462cb01
[DEBUG] 2018-02-12 19:57:21.532 [main] BasicTypeRegistry - Adding type registration java.sql.Time -> org.hibernate.type.TimeType@2462cb01
[DEBUG] 2018-02-12 19:57:21.540 [main] BasicTypeRegistry - Adding type registration timestamp -> org.hibernate.type.TimestampType@1e13529a
[DEBUG] 2018-02-12 19:57:21.540 [main] BasicTypeRegistry - Adding type registration java.sql.Timestamp -> org.hibernate.type.TimestampType@1e13529a
[DEBUG] 2018-02-12 19:57:21.541 [main] BasicTypeRegistry - Adding type registration java.util.Date -> org.hibernate.type.TimestampType@1e13529a
[DEBUG] 2018-02-12 19:57:21.551 [main] BasicTypeRegistry - Adding type registration dbtimestamp -> org.hibernate.type.DbTimestampType@6b0d80ed
[DEBUG] 2018-02-12 19:57:21.554 [main] BasicTypeRegistry - Adding type registration calendar -> org.hibernate.type.CalendarType@15f47664
[DEBUG] 2018-02-12 19:57:21.554 [main] BasicTypeRegistry - Adding type registration java.util.Calendar -> org.hibernate.type.CalendarType@15f47664
[DEBUG] 2018-02-12 19:57:21.554 [main] BasicTypeRegistry - Adding type registration java.util.GregorianCalendar -> org.hibernate.type.CalendarType@15f47664
[DEBUG] 2018-02-12 19:57:21.561 [main] BasicTypeRegistry - Adding type registration calendar_date -> org.hibernate.type.CalendarDateType@2f666ebb
[DEBUG] 2018-02-12 19:57:21.562 [main] BasicTypeRegistry - Adding type registration locale -> org.hibernate.type.LocaleType@75c56eb9
[DEBUG] 2018-02-12 19:57:21.563 [main] BasicTypeRegistry - Adding type registration java.util.Locale -> org.hibernate.type.LocaleType@75c56eb9
[DEBUG] 2018-02-12 19:57:21.567 [main] BasicTypeRegistry - Adding type registration currency -> org.hibernate.type.CurrencyType@5e17553a
[DEBUG] 2018-02-12 19:57:21.571 [main] BasicTypeRegistry - Adding type registration java.util.Currency -> org.hibernate.type.CurrencyType@5e17553a
[DEBUG] 2018-02-12 19:57:21.574 [main] BasicTypeRegistry - Adding type registration timezone -> org.hibernate.type.TimeZoneType@27912e3
[DEBUG] 2018-02-12 19:57:21.575 [main] BasicTypeRegistry - Adding type registration java.util.TimeZone -> org.hibernate.type.TimeZoneType@27912e3
[DEBUG] 2018-02-12 19:57:21.579 [main] BasicTypeRegistry - Adding type registration class -> org.hibernate.type.ClassType@30b6ffe0
[DEBUG] 2018-02-12 19:57:21.579 [main] BasicTypeRegistry - Adding type registration java.lang.Class -> org.hibernate.type.ClassType@30b6ffe0
[DEBUG] 2018-02-12 19:57:21.582 [main] BasicTypeRegistry - Adding type registration uuid-binary -> org.hibernate.type.UUIDBinaryType@1890516e
[DEBUG] 2018-02-12 19:57:21.583 [main] BasicTypeRegistry - Adding type registration java.util.UUID -> org.hibernate.type.UUIDBinaryType@1890516e
[DEBUG] 2018-02-12 19:57:21.586 [main] BasicTypeRegistry - Adding type registration uuid-char -> org.hibernate.type.UUIDCharType@2bec854f
[DEBUG] 2018-02-12 19:57:21.588 [main] BasicTypeRegistry - Adding type registration binary -> org.hibernate.type.BinaryType@205d38da
[DEBUG] 2018-02-12 19:57:21.588 [main] BasicTypeRegistry - Adding type registration byte[] -> org.hibernate.type.BinaryType@205d38da
[DEBUG] 2018-02-12 19:57:21.588 [main] BasicTypeRegistry - Adding type registration [B -> org.hibernate.type.BinaryType@205d38da
[DEBUG] 2018-02-12 19:57:21.590 [main] BasicTypeRegistry - Adding type registration wrapper-binary -> org.hibernate.type.WrapperBinaryType@48b67364
[DEBUG] 2018-02-12 19:57:21.590 [main] BasicTypeRegistry - Adding type registration Byte[] -> org.hibernate.type.WrapperBinaryType@48b67364
[DEBUG] 2018-02-12 19:57:21.590 [main] BasicTypeRegistry - Adding type registration [Ljava.lang.Byte; -> org.hibernate.type.WrapperBinaryType@48b67364
[DEBUG] 2018-02-12 19:57:21.592 [main] BasicTypeRegistry - Adding type registration row_version -> org.hibernate.type.RowVersionType@44be0077
[DEBUG] 2018-02-12 19:57:21.593 [main] BasicTypeRegistry - Adding type registration image -> org.hibernate.type.ImageType@51a9ad5e
[DEBUG] 2018-02-12 19:57:21.597 [main] BasicTypeRegistry - Adding type registration characters -> org.hibernate.type.CharArrayType@609bcfb6
[DEBUG] 2018-02-12 19:57:21.597 [main] BasicTypeRegistry - Adding type registration char[] -> org.hibernate.type.CharArrayType@609bcfb6
[DEBUG] 2018-02-12 19:57:21.597 [main] BasicTypeRegistry - Adding type registration [C -> org.hibernate.type.CharArrayType@609bcfb6
[DEBUG] 2018-02-12 19:57:21.598 [main] BasicTypeRegistry - Adding type registration wrapper-characters -> org.hibernate.type.CharacterArrayType@7b993c65
[DEBUG] 2018-02-12 19:57:21.598 [main] BasicTypeRegistry - Adding type registration [Ljava.lang.Character; -> org.hibernate.type.CharacterArrayType@7b993c65
[DEBUG] 2018-02-12 19:57:21.599 [main] BasicTypeRegistry - Adding type registration Character[] -> org.hibernate.type.CharacterArrayType@7b993c65
[DEBUG] 2018-02-12 19:57:21.600 [main] BasicTypeRegistry - Adding type registration text -> org.hibernate.type.TextType@407a7f2a
[DEBUG] 2018-02-12 19:57:21.604 [main] BasicTypeRegistry - Adding type registration ntext -> org.hibernate.type.NTextType@4f4c4b1a
[DEBUG] 2018-02-12 19:57:21.617 [main] BasicTypeRegistry - Adding type registration blob -> org.hibernate.type.BlobType@6692b6c6
[DEBUG] 2018-02-12 19:57:21.617 [main] BasicTypeRegistry - Adding type registration java.sql.Blob -> org.hibernate.type.BlobType@6692b6c6
[DEBUG] 2018-02-12 19:57:21.618 [main] BasicTypeRegistry - Adding type registration materialized_blob -> org.hibernate.type.MaterializedBlobType@39d76cb5
[DEBUG] 2018-02-12 19:57:21.625 [main] BasicTypeRegistry - Adding type registration clob -> org.hibernate.type.ClobType@1c39680d
[DEBUG] 2018-02-12 19:57:21.625 [main] BasicTypeRegistry - Adding type registration java.sql.Clob -> org.hibernate.type.ClobType@1c39680d
[DEBUG] 2018-02-12 19:57:21.631 [main] BasicTypeRegistry - Adding type registration nclob -> org.hibernate.type.NClobType@6b6776cb
[DEBUG] 2018-02-12 19:57:21.631 [main] BasicTypeRegistry - Adding type registration java.sql.NClob -> org.hibernate.type.NClobType@6b6776cb
[DEBUG] 2018-02-12 19:57:21.632 [main] BasicTypeRegistry - Adding type registration materialized_clob -> org.hibernate.type.MaterializedClobType@544d57e
[DEBUG] 2018-02-12 19:57:21.723 [main] BasicTypeRegistry - Adding type registration materialized_nclob -> org.hibernate.type.MaterializedNClobType@797b0699
[DEBUG] 2018-02-12 19:57:21.725 [main] BasicTypeRegistry - Adding type registration serializable -> org.hibernate.type.SerializableType@29a5f4e7
[DEBUG] 2018-02-12 19:57:21.730 [main] BasicTypeRegistry - Adding type registration object -> org.hibernate.type.ObjectType@1e81f160
[DEBUG] 2018-02-12 19:57:21.730 [main] BasicTypeRegistry - Adding type registration java.lang.Object -> org.hibernate.type.ObjectType@1e81f160
[DEBUG] 2018-02-12 19:57:21.731 [main] BasicTypeRegistry - Adding type registration imm_date -> org.hibernate.type.AdaptedImmutableType@1bab8268
[DEBUG] 2018-02-12 19:57:21.731 [main] BasicTypeRegistry - Adding type registration imm_time -> org.hibernate.type.AdaptedImmutableType@a307a8c
[DEBUG] 2018-02-12 19:57:21.731 [main] BasicTypeRegistry - Adding type registration imm_timestamp -> org.hibernate.type.AdaptedImmutableType@6e01f9b0
[DEBUG] 2018-02-12 19:57:21.731 [main] BasicTypeRegistry - Adding type registration imm_dbtimestamp -> org.hibernate.type.AdaptedImmutableType@2b9ed6da
[DEBUG] 2018-02-12 19:57:21.731 [main] BasicTypeRegistry - Adding type registration imm_calendar -> org.hibernate.type.AdaptedImmutableType@6c61a903
[DEBUG] 2018-02-12 19:57:21.731 [main] BasicTypeRegistry - Adding type registration imm_calendar_date -> org.hibernate.type.AdaptedImmutableType@658c5a19
[DEBUG] 2018-02-12 19:57:21.732 [main] BasicTypeRegistry - Adding type registration imm_binary -> org.hibernate.type.AdaptedImmutableType@421e361
[DEBUG] 2018-02-12 19:57:21.732 [main] BasicTypeRegistry - Adding type registration imm_serializable -> org.hibernate.type.AdaptedImmutableType@59d4cd39
[INFO ] 2018-02-12 19:57:21.750 [main] C3P0ConnectionProvider - HHH010002: C3P0 using driver: com.mysql.jdbc.Driver at URL: jdbc:mysql://localhost:3306/myBikePlace
[INFO ] 2018-02-12 19:57:21.750 [main] C3P0ConnectionProvider - HHH10001001: Connection properties: {user=root, password=****}
[INFO ] 2018-02-12 19:57:21.750 [main] C3P0ConnectionProvider - HHH10001003: Autocommit mode: false
[INFO ] 2018-02-12 19:57:22.013 [main] C3P0ConnectionProvider - HHH10001007: JDBC isolation level: <unknown>
[DEBUG] 2018-02-12 19:57:22.696 [main] JdbcEnvironmentInitiator - Database ->
       name : MySQL
    version : 5.7.20
      major : 5
      minor : 7
[DEBUG] 2018-02-12 19:57:22.697 [main] JdbcEnvironmentInitiator - Driver ->
       name : MySQL Connector Java
    version : mysql-connector-java-5.1.39 ( Revision: 3289a357af6d09ecc1a10fd3c26e95183e5790ad )
      major : 5
      minor : 1
[DEBUG] 2018-02-12 19:57:22.697 [main] JdbcEnvironmentInitiator - JDBC version : 4.0
[INFO ] 2018-02-12 19:57:22.718 [main] Dialect - HHH000400: Using dialect: org.hibernate.dialect.MySQL5Dialect
[DEBUG] 2018-02-12 19:57:22.797 [main] IdentifierHelperBuilder - JDBC driver metadata reported database stores quoted identifiers in more than one case
[DEBUG] 2018-02-12 19:57:22.800 [main] IdentifierHelperBuilder - IdentifierCaseStrategy for both quoted and unquoted identifiers was set to the same strategy [MIXED]; that will likely lead to problems in schema update and validation if using quoted identifiers
[DEBUG] 2018-02-12 19:57:22.898 [main] DefaultIdentifierGeneratorFactory - Registering IdentifierGenerator strategy [uuid2] -> [org.hibernate.id.UUIDGenerator]
[DEBUG] 2018-02-12 19:57:22.899 [main] DefaultIdentifierGeneratorFactory - Registering IdentifierGenerator strategy [guid] -> [org.hibernate.id.GUIDGenerator]
[DEBUG] 2018-02-12 19:57:22.900 [main] DefaultIdentifierGeneratorFactory - Registering IdentifierGenerator strategy [uuid] -> [org.hibernate.id.UUIDHexGenerator]
[DEBUG] 2018-02-12 19:57:22.900 [main] DefaultIdentifierGeneratorFactory - Registering IdentifierGenerator strategy [uuid.hex] -> [org.hibernate.id.UUIDHexGenerator]
[DEBUG] 2018-02-12 19:57:22.901 [main] DefaultIdentifierGeneratorFactory - Registering IdentifierGenerator strategy [assigned] -> [org.hibernate.id.Assigned]
[DEBUG] 2018-02-12 19:57:22.903 [main] DefaultIdentifierGeneratorFactory - Registering IdentifierGenerator strategy [identity] -> [org.hibernate.id.IdentityGenerator]
[DEBUG] 2018-02-12 19:57:22.905 [main] DefaultIdentifierGeneratorFactory - Registering IdentifierGenerator strategy [select] -> [org.hibernate.id.SelectGenerator]
[DEBUG] 2018-02-12 19:57:22.913 [main] DefaultIdentifierGeneratorFactory - Registering IdentifierGenerator strategy [sequence] -> [org.hibernate.id.enhanced.SequenceStyleGenerator]
[DEBUG] 2018-02-12 19:57:22.915 [main] DefaultIdentifierGeneratorFactory - Registering IdentifierGenerator strategy [seqhilo] -> [org.hibernate.id.SequenceHiLoGenerator]
[DEBUG] 2018-02-12 19:57:22.916 [main] DefaultIdentifierGeneratorFactory - Registering IdentifierGenerator strategy [increment] -> [org.hibernate.id.IncrementGenerator]
[DEBUG] 2018-02-12 19:57:22.917 [main] DefaultIdentifierGeneratorFactory - Registering IdentifierGenerator strategy [foreign] -> [org.hibernate.id.ForeignGenerator]
[DEBUG] 2018-02-12 19:57:22.920 [main] DefaultIdentifierGeneratorFactory - Registering IdentifierGenerator strategy [sequence-identity] -> [org.hibernate.id.SequenceIdentityGenerator]
[DEBUG] 2018-02-12 19:57:22.921 [main] DefaultIdentifierGeneratorFactory - Registering IdentifierGenerator strategy [enhanced-sequence] -> [org.hibernate.id.enhanced.SequenceStyleGenerator]
[DEBUG] 2018-02-12 19:57:22.924 [main] DefaultIdentifierGeneratorFactory - Registering IdentifierGenerator strategy [enhanced-table] -> [org.hibernate.id.enhanced.TableGenerator]
[DEBUG] 2018-02-12 19:57:22.988 [main] Namespace - Created database namespace [logicalName=Name{catalog=null, schema=null}, physicalName=Name{catalog=null, schema=null}]
[DEBUG] 2018-02-12 19:57:23.065 [main] AnnotationBinder - Binding entity from annotated class: edu.matc.entity.User
[DEBUG] 2018-02-12 19:57:23.109 [main] Ejb3Column - Binding column: Ejb3DiscriminatorColumn{logicalColumnName'DTYPE', discriminatorTypeName='string'}
[DEBUG] 2018-02-12 19:57:23.121 [main] EntityBinder - Import with entity name User
[DEBUG] 2018-02-12 19:57:23.145 [main] EntityBinder - Bind entity edu.matc.entity.User on table user
[DEBUG] 2018-02-12 19:57:23.192 [main] Ejb3Column - Binding column: Ejb3Column{table=org.hibernate.mapping.Table(user), mappingColumn=userId, insertable=true, updatable=true, unique=false}
[DEBUG] 2018-02-12 19:57:23.199 [main] PropertyBinder - MetadataSourceProcessor property UserId with lazy=false
[DEBUG] 2018-02-12 19:57:23.202 [main] AbstractPropertyHolder - Attempting to locate auto-apply AttributeConverter for property [edu.matc.entity.User:UserId]
[DEBUG] 2018-02-12 19:57:23.210 [main] SimpleValueBinder - building SimpleValue for UserId
[DEBUG] 2018-02-12 19:57:23.214 [main] PropertyBinder - Building property UserId
[DEBUG] 2018-02-12 19:57:23.222 [main] Ejb3Column - Binding column: Ejb3Column{table=org.hibernate.mapping.Table(user), mappingColumn=createDate, insertable=true, updatable=true, unique=false}
[DEBUG] 2018-02-12 19:57:23.223 [main] PropertyBinder - MetadataSourceProcessor property createDate with lazy=false
[DEBUG] 2018-02-12 19:57:23.223 [main] AbstractPropertyHolder - Attempting to locate auto-apply AttributeConverter for property [edu.matc.entity.User:createDate]
[DEBUG] 2018-02-12 19:57:23.223 [main] SimpleValueBinder - building SimpleValue for createDate
[DEBUG] 2018-02-12 19:57:23.223 [main] PropertyBinder - Building property createDate
[DEBUG] 2018-02-12 19:57:23.226 [main] Ejb3Column - Binding column: Ejb3Column{table=org.hibernate.mapping.Table(user), mappingColumn=email, insertable=true, updatable=true, unique=false}
[DEBUG] 2018-02-12 19:57:23.227 [main] PropertyBinder - MetadataSourceProcessor property email with lazy=false
[DEBUG] 2018-02-12 19:57:23.227 [main] AbstractPropertyHolder - Attempting to locate auto-apply AttributeConverter for property [edu.matc.entity.User:email]
[DEBUG] 2018-02-12 19:57:23.228 [main] SimpleValueBinder - building SimpleValue for email
[DEBUG] 2018-02-12 19:57:23.229 [main] PropertyBinder - Building property email
[DEBUG] 2018-02-12 19:57:23.229 [main] Ejb3Column - Binding column: Ejb3Column{table=org.hibernate.mapping.Table(user), mappingColumn=firstName, insertable=true, updatable=true, unique=false}
[DEBUG] 2018-02-12 19:57:23.229 [main] PropertyBinder - MetadataSourceProcessor property firstName with lazy=false
[DEBUG] 2018-02-12 19:57:23.229 [main] AbstractPropertyHolder - Attempting to locate auto-apply AttributeConverter for property [edu.matc.entity.User:firstName]
[DEBUG] 2018-02-12 19:57:23.230 [main] SimpleValueBinder - building SimpleValue for firstName
[DEBUG] 2018-02-12 19:57:23.230 [main] PropertyBinder - Building property firstName
[DEBUG] 2018-02-12 19:57:23.230 [main] Ejb3Column - Binding column: Ejb3Column{table=org.hibernate.mapping.Table(user), mappingColumn=lastName, insertable=true, updatable=true, unique=false}
[DEBUG] 2018-02-12 19:57:23.230 [main] PropertyBinder - MetadataSourceProcessor property lastName with lazy=false
[DEBUG] 2018-02-12 19:57:23.230 [main] AbstractPropertyHolder - Attempting to locate auto-apply AttributeConverter for property [edu.matc.entity.User:lastName]
[DEBUG] 2018-02-12 19:57:23.231 [main] SimpleValueBinder - building SimpleValue for lastName
[DEBUG] 2018-02-12 19:57:23.231 [main] PropertyBinder - Building property lastName
[DEBUG] 2018-02-12 19:57:23.231 [main] Ejb3Column - Binding column: Ejb3Column{table=org.hibernate.mapping.Table(user), mappingColumn=password, insertable=true, updatable=true, unique=false}
[DEBUG] 2018-02-12 19:57:23.231 [main] PropertyBinder - MetadataSourceProcessor property password with lazy=false
[DEBUG] 2018-02-12 19:57:23.231 [main] AbstractPropertyHolder - Attempting to locate auto-apply AttributeConverter for property [edu.matc.entity.User:password]
[DEBUG] 2018-02-12 19:57:23.231 [main] SimpleValueBinder - building SimpleValue for password
[DEBUG] 2018-02-12 19:57:23.231 [main] PropertyBinder - Building property password
[DEBUG] 2018-02-12 19:57:23.232 [main] Ejb3Column - Binding column: Ejb3Column{table=org.hibernate.mapping.Table(user), mappingColumn=updateDate, insertable=true, updatable=true, unique=false}
[DEBUG] 2018-02-12 19:57:23.233 [main] PropertyBinder - MetadataSourceProcessor property updateDate with lazy=false
[DEBUG] 2018-02-12 19:57:23.233 [main] AbstractPropertyHolder - Attempting to locate auto-apply AttributeConverter for property [edu.matc.entity.User:updateDate]
[DEBUG] 2018-02-12 19:57:23.233 [main] SimpleValueBinder - building SimpleValue for updateDate
[DEBUG] 2018-02-12 19:57:23.233 [main] PropertyBinder - Building property updateDate
[DEBUG] 2018-02-12 19:57:23.233 [main] Ejb3Column - Binding column: Ejb3Column{table=org.hibernate.mapping.Table(user), mappingColumn=userName, insertable=true, updatable=true, unique=false}
[DEBUG] 2018-02-12 19:57:23.233 [main] PropertyBinder - MetadataSourceProcessor property userName with lazy=false
[DEBUG] 2018-02-12 19:57:23.233 [main] AbstractPropertyHolder - Attempting to locate auto-apply AttributeConverter for property [edu.matc.entity.User:userName]
[DEBUG] 2018-02-12 19:57:23.233 [main] SimpleValueBinder - building SimpleValue for userName
[DEBUG] 2018-02-12 19:57:23.234 [main] PropertyBinder - Building property userName
[DEBUG] 2018-02-12 19:57:23.242 [main] SimpleValueBinder - Starting fillSimpleValue for UserId
[DEBUG] 2018-02-12 19:57:23.244 [main] SimpleValueBinder - Starting fillSimpleValue for createDate
[DEBUG] 2018-02-12 19:57:23.247 [main] SimpleValueBinder - Starting fillSimpleValue for email
[DEBUG] 2018-02-12 19:57:23.247 [main] SimpleValueBinder - Starting fillSimpleValue for firstName
[DEBUG] 2018-02-12 19:57:23.247 [main] SimpleValueBinder - Starting fillSimpleValue for lastName
[DEBUG] 2018-02-12 19:57:23.247 [main] SimpleValueBinder - Starting fillSimpleValue for password
[DEBUG] 2018-02-12 19:57:23.247 [main] SimpleValueBinder - Starting fillSimpleValue for updateDate
[DEBUG] 2018-02-12 19:57:23.247 [main] SimpleValueBinder - Starting fillSimpleValue for userName
[DEBUG] 2018-02-12 19:57:23.249 [main] PrimaryKey - Forcing column [userid] to be non-null as it is part of the primary key for table [user]
[DEBUG] 2018-02-12 19:57:23.366 [main] SessionFactoryImpl - Building session factory
[DEBUG] 2018-02-12 19:57:23.367 [main] Settings - SessionFactory name : null
[DEBUG] 2018-02-12 19:57:23.367 [main] Settings - Automatic flush during beforeCompletion(): enabled
[DEBUG] 2018-02-12 19:57:23.368 [main] Settings - Automatic session close at end of transaction: disabled
[DEBUG] 2018-02-12 19:57:23.368 [main] Settings - Statistics: disabled
[DEBUG] 2018-02-12 19:57:23.368 [main] Settings - Deleted entity synthetic identifier rollback: disabled
[DEBUG] 2018-02-12 19:57:23.368 [main] Settings - Default entity-mode: pojo
[DEBUG] 2018-02-12 19:57:23.368 [main] Settings - Check Nullability in Core (should be disabled when Bean Validation is on): enabled
[DEBUG] 2018-02-12 19:57:23.368 [main] Settings - Allow initialization of lazy state outside session : disabled
[DEBUG] 2018-02-12 19:57:23.369 [main] Settings - Using BatchFetchStyle : LEGACY
[DEBUG] 2018-02-12 19:57:23.369 [main] Settings - Default batch fetch size: -1
[DEBUG] 2018-02-12 19:57:23.369 [main] Settings - Maximum outer join fetch depth: 2
[DEBUG] 2018-02-12 19:57:23.369 [main] Settings - Default null ordering: NONE
[DEBUG] 2018-02-12 19:57:23.369 [main] Settings - Order SQL updates by primary key: disabled
[DEBUG] 2018-02-12 19:57:23.369 [main] Settings - Order SQL inserts for batching: disabled
[DEBUG] 2018-02-12 19:57:23.369 [main] Settings - multi-tenancy strategy : NONE
[DEBUG] 2018-02-12 19:57:23.369 [main] Settings - JTA Track by Thread: enabled
[DEBUG] 2018-02-12 19:57:23.369 [main] Settings - Query language substitutions: {}
[DEBUG] 2018-02-12 19:57:23.369 [main] Settings - JPA query language strict compliance: disabled
[DEBUG] 2018-02-12 19:57:23.369 [main] Settings - Named query checking : enabled
[DEBUG] 2018-02-12 19:57:23.369 [main] Settings - Second-level cache: enabled
[DEBUG] 2018-02-12 19:57:23.370 [main] Settings - Second-level query cache: disabled
[DEBUG] 2018-02-12 19:57:23.370 [main] Settings - Second-level query cache factory: org.hibernate.cache.internal.StandardQueryCacheFactory@482d776b
[DEBUG] 2018-02-12 19:57:23.370 [main] Settings - Second-level cache region prefix: null
[DEBUG] 2018-02-12 19:57:23.370 [main] Settings - Optimize second-level cache for minimal puts: disabled
[DEBUG] 2018-02-12 19:57:23.370 [main] Settings - Structured second-level cache entries: disabled
[DEBUG] 2018-02-12 19:57:23.370 [main] Settings - Second-level cache direct-reference entries: disabled
[DEBUG] 2018-02-12 19:57:23.370 [main] Settings - Automatic eviction of collection cache: disabled
[DEBUG] 2018-02-12 19:57:23.370 [main] Settings - JDBC batch size: 15
[DEBUG] 2018-02-12 19:57:23.370 [main] Settings - JDBC batch updates for versioned data: enabled
[DEBUG] 2018-02-12 19:57:23.370 [main] Settings - Scrollable result sets: enabled
[DEBUG] 2018-02-12 19:57:23.370 [main] Settings - Wrap result sets: disabled
[DEBUG] 2018-02-12 19:57:23.370 [main] Settings - JDBC3 getGeneratedKeys(): enabled
[DEBUG] 2018-02-12 19:57:23.370 [main] Settings - JDBC result set fetch size: null
[DEBUG] 2018-02-12 19:57:23.370 [main] Settings - Connection release mode: AFTER_TRANSACTION
[DEBUG] 2018-02-12 19:57:23.371 [main] Settings - Generate SQL with comments: disabled
[DEBUG] 2018-02-12 19:57:23.471 [main] SessionFactoryImpl - Session factory constructed with filter configurations : {}
[DEBUG] 2018-02-12 19:57:23.471 [main] SessionFactoryImpl - Instantiating session factory with properties: {gopherProxySet=false, awt.toolkit=sun.lwawt.macosx.LWCToolkit, file.encoding.pkg=sun.io, java.specification.version=1.8, hibernate.c3p0.idle_test_period=3000, sun.cpu.isalist=, sun.jnu.encoding=UTF-8, hibernate.c3p0.min_size=5, java.class.path=/Applications/IntelliJ IDEA.app/Contents/lib/idea_rt.jar:/Applications/IntelliJ IDEA.app/Contents/plugins/junit/lib/junit-rt.jar:/Applications/IntelliJ IDEA.app/Contents/plugins/junit/lib/junit5-rt.jar:/Library/Java/JavaVirtualMachines/jdk1.8.0_152.jdk/Contents/Home/jre/lib/charsets.jar:/Library/Java/JavaVirtualMachines/jdk1.8.0_152.jdk/Contents/Home/jre/lib/deploy.jar:/Library/Java/JavaVirtualMachines/jdk1.8.0_152.jdk/Contents/Home/jre/lib/ext/cldrdata.jar:/Library/Java/JavaVirtualMachines/jdk1.8.0_152.jdk/Contents/Home/jre/lib/ext/dnsns.jar:/Library/Java/JavaVirtualMachines/jdk1.8.0_152.jdk/Contents/Home/jre/lib/ext/jaccess.jar:/Library/Java/JavaVirtualMachines/jdk1.8.0_152.jdk/Contents/Home/jre/lib/ext/jfxrt.jar:/Library/Java/JavaVirtualMachines/jdk1.8.0_152.jdk/Contents/Home/jre/lib/ext/localedata.jar:/Library/Java/JavaVirtualMachines/jdk1.8.0_152.jdk/Contents/Home/jre/lib/ext/nashorn.jar:/Library/Java/JavaVirtualMachines/jdk1.8.0_152.jdk/Contents/Home/jre/lib/ext/sunec.jar:/Library/Java/JavaVirtualMachines/jdk1.8.0_152.jdk/Contents/Home/jre/lib/ext/sunjce_provider.jar:/Library/Java/JavaVirtualMachines/jdk1.8.0_152.jdk/Contents/Home/jre/lib/ext/sunpkcs11.jar:/Library/Java/JavaVirtualMachines/jdk1.8.0_152.jdk/Contents/Home/jre/lib/ext/zipfs.jar:/Library/Java/JavaVirtualMachines/jdk1.8.0_152.jdk/Contents/Home/jre/lib/javaws.jar:/Library/Java/JavaVirtualMachines/jdk1.8.0_152.jdk/Contents/Home/jre/lib/jce.jar:/Library/Java/JavaVirtualMachines/jdk1.8.0_152.jdk/Contents/Home/jre/lib/jfr.jar:/Library/Java/JavaVirtualMachines/jdk1.8.0_152.jdk/Contents/Home/jre/lib/jfxswt.jar:/Library/Java/JavaVirtualMachines/jdk1.8.0_152.jdk/Contents/Home/jre/lib/jsse.jar:/Library/Java/JavaVirtualMachines/jdk1.8.0_152.jdk/Contents/Home/jre/lib/management-agent.jar:/Library/Java/JavaVirtualMachines/jdk1.8.0_152.jdk/Contents/Home/jre/lib/plugin.jar:/Library/Java/JavaVirtualMachines/jdk1.8.0_152.jdk/Contents/Home/jre/lib/resources.jar:/Library/Java/JavaVirtualMachines/jdk1.8.0_152.jdk/Contents/Home/jre/lib/rt.jar:/Library/Java/JavaVirtualMachines/jdk1.8.0_152.jdk/Contents/Home/lib/ant-javafx.jar:/Library/Java/JavaVirtualMachines/jdk1.8.0_152.jdk/Contents/Home/lib/dt.jar:/Library/Java/JavaVirtualMachines/jdk1.8.0_152.jdk/Contents/Home/lib/javafx-mx.jar:/Library/Java/JavaVirtualMachines/jdk1.8.0_152.jdk/Contents/Home/lib/jconsole.jar:/Library/Java/JavaVirtualMachines/jdk1.8.0_152.jdk/Contents/Home/lib/packager.jar:/Library/Java/JavaVirtualMachines/jdk1.8.0_152.jdk/Contents/Home/lib/sa-jdi.jar:/Library/Java/JavaVirtualMachines/jdk1.8.0_152.jdk/Contents/Home/lib/tools.jar:/Users/sighguy4/IdeaProjects/myBikePlace/target/test-classes:/Users/sighguy4/IdeaProjects/myBikePlace/target/classes:/Users/sighguy4/.m2/repository/junit/junit/4.12/junit-4.12.jar:/Users/sighguy4/.m2/repository/org/hamcrest/hamcrest-core/1.3/hamcrest-core-1.3.jar:/Users/sighguy4/.m2/repository/javax/javaee-web-api/7.0/javaee-web-api-7.0.jar:/Users/sighguy4/.m2/repository/mysql/mysql-connector-java/5.1.39/mysql-connector-java-5.1.39.jar:/Users/sighguy4/.m2/repository/org/apache/logging/log4j/log4j-api/2.10.0/log4j-api-2.10.0.jar:/Users/sighguy4/.m2/repository/org/apache/logging/log4j/log4j-core/2.10.0/log4j-core-2.10.0.jar:/Users/sighguy4/.m2/repository/org/junit/jupiter/junit-jupiter-engine/5.0.0/junit-jupiter-engine-5.0.0.jar:/Users/sighguy4/.m2/repository/org/apiguardian/apiguardian-api/1.0.0/apiguardian-api-1.0.0.jar:/Users/sighguy4/.m2/repository/org/junit/platform/junit-platform-engine/1.0.0/junit-platform-engine-1.0.0.jar:/Users/sighguy4/.m2/repository/org/junit/platform/junit-platform-commons/1.0.0/junit-platform-commons-1.0.0.jar:/Users/sighguy4/.m2/repository/org/opentest4j/opentest4j/1.0.0/opentest4j-1.0.0.jar:/Users/sighguy4/.m2/repository/org/junit/jupiter/junit-jupiter-api/5.0.0/junit-jupiter-api-5.0.0.jar:/Users/sighguy4/.m2/repository/org/junit/platform/junit-platform-runner/1.0.0/junit-platform-runner-1.0.0.jar:/Users/sighguy4/.m2/repository/org/junit/platform/junit-platform-launcher/1.0.0/junit-platform-launcher-1.0.0.jar:/Users/sighguy4/.m2/repository/org/junit/platform/junit-platform-suite-api/1.0.0/junit-platform-suite-api-1.0.0.jar:/Users/sighguy4/.m2/repository/org/junit/vintage/junit-vintage-engine/4.12.0/junit-vintage-engine-4.12.0.jar:/Users/sighguy4/.m2/repository/org/hibernate/hibernate-core/5.2.12.Final/hibernate-core-5.2.12.Final.jar:/Users/sighguy4/.m2/repository/org/jboss/logging/jboss-logging/3.3.0.Final/jboss-logging-3.3.0.Final.jar:/Users/sighguy4/.m2/repository/org/hibernate/javax/persistence/hibernate-jpa-2.1-api/1.0.0.Final/hibernate-jpa-2.1-api-1.0.0.Final.jar:/Users/sighguy4/.m2/repository/org/javassist/javassist/3.20.0-GA/javassist-3.20.0-GA.jar:/Users/sighguy4/.m2/repository/antlr/antlr/2.7.7/antlr-2.7.7.jar:/Users/sighguy4/.m2/repository/org/jboss/spec/javax/transaction/jboss-transaction-api_1.2_spec/1.0.1.Final/jboss-transaction-api_1.2_spec-1.0.1.Final.jar:/Users/sighguy4/.m2/repository/org/jboss/jandex/2.0.3.Final/jandex-2.0.3.Final.jar:/Users/sighguy4/.m2/repository/com/fasterxml/classmate/1.3.0/classmate-1.3.0.jar:/Users/sighguy4/.m2/repository/dom4j/dom4j/1.6.1/dom4j-1.6.1.jar:/Users/sighguy4/.m2/repository/org/hibernate/common/hibernate-commons-annotations/5.0.1.Final/hibernate-commons-annotations-5.0.1.Final.jar:/Users/sighguy4/.m2/repository/org/hibernate/hibernate-c3p0/5.2.12.Final/hibernate-c3p0-5.2.12.Final.jar:/Users/sighguy4/.m2/repository/com/mchange/c3p0/0.9.5.2/c3p0-0.9.5.2.jar:/Users/sighguy4/.m2/repository/com/mchange/mchange-commons-java/0.2.11/mchange-commons-java-0.2.11.jar:/Applications/IntelliJ IDEA.app/Contents/lib/idea_rt.jar, java.vm.vendor=Oracle Corporation, sun.arch.data.model=64, idea.test.cyclic.buffer.size=1048576, java.vendor.url=http://java.oracle.com/, user.timezone=America/Chicago, os.name=Mac OS X, java.vm.specification.version=1.8, user.country=US, sun.java.launcher=SUN_STANDARD, sun.boot.library.path=/Library/Java/JavaVirtualMachines/jdk1.8.0_152.jdk/Contents/Home/jre/lib, sun.java.command=com.intellij.rt.execution.junit.JUnitStarter -ideVersion5 -junit5 edu.matc.persistence.UserDaoTest, http.nonProxyHosts=local|*.local|169.254/16|*.169.254/16, sun.cpu.endian=little, hibernate.c3p0.max_statements=50, user.home=/Users/sighguy4, user.language=en, java.specification.vendor=Oracle Corporation, java.home=/Library/Java/JavaVirtualMachines/jdk1.8.0_152.jdk/Contents/Home/jre, file.separator=/, line.separator=
, hibernate.c3p0.timeout=300, java.vm.specification.vendor=Oracle Corporation, java.specification.name=Java Platform API Specification, java.awt.graphicsenv=sun.awt.CGraphicsEnvironment, sun.boot.class.path=/Library/Java/JavaVirtualMachines/jdk1.8.0_152.jdk/Contents/Home/jre/lib/resources.jar:/Library/Java/JavaVirtualMachines/jdk1.8.0_152.jdk/Contents/Home/jre/lib/rt.jar:/Library/Java/JavaVirtualMachines/jdk1.8.0_152.jdk/Contents/Home/jre/lib/sunrsasign.jar:/Library/Java/JavaVirtualMachines/jdk1.8.0_152.jdk/Contents/Home/jre/lib/jsse.jar:/Library/Java/JavaVirtualMachines/jdk1.8.0_152.jdk/Contents/Home/jre/lib/jce.jar:/Library/Java/JavaVirtualMachines/jdk1.8.0_152.jdk/Contents/Home/jre/lib/charsets.jar:/Library/Java/JavaVirtualMachines/jdk1.8.0_152.jdk/Contents/Home/jre/lib/jfr.jar:/Library/Java/JavaVirtualMachines/jdk1.8.0_152.jdk/Contents/Home/jre/classes, connection.password=Belguim#66, sun.management.compiler=HotSpot 64-Bit Tiered Compilers, hibernate.c3p0.max_size=20, ftp.nonProxyHosts=local|*.local|169.254/16|*.169.254/16, java.runtime.version=1.8.0_152-b16, user.name=sighguy4, path.separator=:, hibernate.connection.username=root, os.version=10.12.6, java.endorsed.dirs=/Library/Java/JavaVirtualMachines/jdk1.8.0_152.jdk/Contents/Home/jre/lib/endorsed, java.runtime.name=Java(TM) SE Runtime Environment, hibernate.connection.url=jdbc:mysql://localhost:3306/myBikePlace, file.encoding=UTF-8, java.vm.name=Java HotSpot(TM) 64-Bit Server VM, hibernate.connection.driver_class=com.mysql.jdbc.Driver, java.vendor.url.bug=http://bugreport.sun.com/bugreport/, java.io.tmpdir=/var/folders/9d/xsg98tsj1dn630h6j241zf3h0000gn/T/, java.version=1.8.0_152, user.dir=/Users/sighguy4/IdeaProjects/myBikePlace, os.arch=x86_64, connection.username=root, java.vm.specification.name=Java Virtual Machine Specification, hibernate.connection.password=****, java.awt.printerjob=sun.lwawt.macosx.CPrinterJob, sun.os.patch.level=unknown, connection.driver_class=com.mysql.jdbc.Driver, hibernate.boot.CfgXmlAccessService.key=org.hibernate.boot.cfgxml.spi.LoadedConfig@7bb3a9fe, java.library.path=/Users/sighguy4/Library/Java/Extensions:/Library/Java/Extensions:/Network/Library/Java/Extensions:/System/Library/Java/Extensions:/usr/lib/java:., java.vm.info=mixed mode, java.vendor=Oracle Corporation, java.vm.version=25.152-b16, hibernate.bytecode.use_reflection_optimizer=false, java.ext.dirs=/Users/sighguy4/Library/Java/Extensions:/Library/Java/JavaVirtualMachines/jdk1.8.0_152.jdk/Contents/Home/jre/lib/ext:/Library/Java/Extensions:/Network/Library/Java/Extensions:/System/Library/Java/Extensions:/usr/lib/java, sun.io.unicode.encoding=UnicodeBig, connection.url=jdbc:mysql://localhost:3306/myBikePlace, java.class.version=52.0, socksNonProxyHosts=local|*.local|169.254/16|*.169.254/16}
[DEBUG] 2018-02-12 19:57:23.506 [main] TypeSafeActivator - Unable to acquire Bean Validation ValidatorFactory, skipping activation
[DEBUG] 2018-02-12 19:57:23.506 [main] JaccIntegrator - Skipping JACC integration as it was not enabled
[DEBUG] 2018-02-12 19:57:23.508 [main] SessionFactoryImpl - Instantiated session factory
[DEBUG] 2018-02-12 19:57:23.626 [main] ClassLoaderAccessImpl - Not known whether passed class name [edu.matc.entity.User] is safe
[DEBUG] 2018-02-12 19:57:23.626 [main] ClassLoaderAccessImpl - No temp ClassLoader provided; using live ClassLoader for loading potentially unsafe class : edu.matc.entity.User
[DEBUG] 2018-02-12 19:57:23.671 [main] ClassLoaderAccessImpl - Not known whether passed class name [edu.matc.entity.User] is safe
[DEBUG] 2018-02-12 19:57:23.671 [main] ClassLoaderAccessImpl - No temp ClassLoader provided; using live ClassLoader for loading potentially unsafe class : edu.matc.entity.User
[DEBUG] 2018-02-12 19:57:23.816 [main] AbstractEntityPersister - Static SQL for entity: edu.matc.entity.User
[DEBUG] 2018-02-12 19:57:23.816 [main] AbstractEntityPersister -  Version select: select userId from user where userId =?
[DEBUG] 2018-02-12 19:57:23.817 [main] AbstractEntityPersister -  Snapshot select: select user_.userId, user_.createDate as createDa2_0_, user_.email as email3_0_, user_.firstName as firstNam4_0_, user_.lastName as lastName5_0_, user_.password as password6_0_, user_.updateDate as updateDa7_0_, user_.userName as userName8_0_ from user user_ where user_.userId=?
[DEBUG] 2018-02-12 19:57:23.817 [main] AbstractEntityPersister -  Insert 0: insert into user (createDate, email, firstName, lastName, password, updateDate, userName, userId) values (?, ?, ?, ?, ?, ?, ?, ?)
[DEBUG] 2018-02-12 19:57:23.817 [main] AbstractEntityPersister -  Update 0: update user set createDate=?, email=?, firstName=?, lastName=?, password=?, updateDate=?, userName=? where userId=?
[DEBUG] 2018-02-12 19:57:23.817 [main] AbstractEntityPersister -  Delete 0: delete from user where userId=?
[DEBUG] 2018-02-12 19:57:23.818 [main] AbstractEntityPersister -  Identity insert: insert into user (createDate, email, firstName, lastName, password, updateDate, userName) values (?, ?, ?, ?, ?, ?, ?)
[DEBUG] 2018-02-12 19:57:23.871 [main] QuerySpacesImpl - Adding QuerySpace : uid = <gen:0> -> org.hibernate.loader.plan.build.internal.spaces.EntityQuerySpaceImpl@51bde877]
[DEBUG] 2018-02-12 19:57:23.874 [main] MetamodelGraphWalker - Visiting attribute path : createDate
[DEBUG] 2018-02-12 19:57:23.874 [main] MetamodelGraphWalker - Visiting attribute path : email
[DEBUG] 2018-02-12 19:57:23.874 [main] MetamodelGraphWalker - Visiting attribute path : firstName
[DEBUG] 2018-02-12 19:57:23.874 [main] MetamodelGraphWalker - Visiting attribute path : lastName
[DEBUG] 2018-02-12 19:57:23.874 [main] MetamodelGraphWalker - Visiting attribute path : password
[DEBUG] 2018-02-12 19:57:23.874 [main] MetamodelGraphWalker - Visiting attribute path : updateDate
[DEBUG] 2018-02-12 19:57:23.874 [main] MetamodelGraphWalker - Visiting attribute path : userName
[DEBUG] 2018-02-12 19:57:23.874 [main] FetchStyleLoadPlanBuildingAssociationVisitationStrategy - Building LoadPlan...
[DEBUG] 2018-02-12 19:57:23.909 [main] LoadQueryJoinAndFetchProcessor - processing queryspace <gen:0>
[DEBUG] 2018-02-12 19:57:23.931 [main] LoadPlanTreePrinter - LoadPlan(entity=edu.matc.entity.User)
    - Returns
       - EntityReturnImpl(entity=edu.matc.entity.User, querySpaceUid=<gen:0>, path=edu.matc.entity.User)
    - QuerySpaces
       - EntityQuerySpaceImpl(uid=<gen:0>, entity=edu.matc.entity.User)
          - SQL table alias mapping - user0_
          - alias suffix - 0_
          - suffixed key columns - {userId1_0_0_}

[DEBUG] 2018-02-12 19:57:23.963 [main] EntityLoader - Static select for entity edu.matc.entity.User [NONE]: select user0_.userId as userId1_0_0_, user0_.createDate as createDa2_0_0_, user0_.email as email3_0_0_, user0_.firstName as firstNam4_0_0_, user0_.lastName as lastName5_0_0_, user0_.password as password6_0_0_, user0_.updateDate as updateDa7_0_0_, user0_.userName as userName8_0_0_ from user user0_ where user0_.userId=?
[DEBUG] 2018-02-12 19:57:23.964 [main] QuerySpacesImpl - Adding QuerySpace : uid = <gen:0> -> org.hibernate.loader.plan.build.internal.spaces.EntityQuerySpaceImpl@4e7095ac]
[DEBUG] 2018-02-12 19:57:23.965 [main] MetamodelGraphWalker - Visiting attribute path : createDate
[DEBUG] 2018-02-12 19:57:23.965 [main] MetamodelGraphWalker - Visiting attribute path : email
[DEBUG] 2018-02-12 19:57:23.965 [main] MetamodelGraphWalker - Visiting attribute path : firstName
[DEBUG] 2018-02-12 19:57:23.965 [main] MetamodelGraphWalker - Visiting attribute path : lastName
[DEBUG] 2018-02-12 19:57:23.965 [main] MetamodelGraphWalker - Visiting attribute path : password
[DEBUG] 2018-02-12 19:57:23.965 [main] MetamodelGraphWalker - Visiting attribute path : updateDate
[DEBUG] 2018-02-12 19:57:23.966 [main] MetamodelGraphWalker - Visiting attribute path : userName
[DEBUG] 2018-02-12 19:57:23.969 [main] FetchStyleLoadPlanBuildingAssociationVisitationStrategy - Building LoadPlan...
[DEBUG] 2018-02-12 19:57:23.969 [main] LoadQueryJoinAndFetchProcessor - processing queryspace <gen:0>
[DEBUG] 2018-02-12 19:57:23.970 [main] LoadPlanTreePrinter - LoadPlan(entity=edu.matc.entity.User)
    - Returns
       - EntityReturnImpl(entity=edu.matc.entity.User, querySpaceUid=<gen:0>, path=edu.matc.entity.User)
    - QuerySpaces
       - EntityQuerySpaceImpl(uid=<gen:0>, entity=edu.matc.entity.User)
          - SQL table alias mapping - user0_
          - alias suffix - 0_
          - suffixed key columns - {userId1_0_0_}

[DEBUG] 2018-02-12 19:57:23.970 [main] EntityLoader - Static select for entity edu.matc.entity.User [READ]: select user0_.userId as userId1_0_0_, user0_.createDate as createDa2_0_0_, user0_.email as email3_0_0_, user0_.firstName as firstNam4_0_0_, user0_.lastName as lastName5_0_0_, user0_.password as password6_0_0_, user0_.updateDate as updateDa7_0_0_, user0_.userName as userName8_0_0_ from user user0_ where user0_.userId=?
[DEBUG] 2018-02-12 19:57:23.970 [main] QuerySpacesImpl - Adding QuerySpace : uid = <gen:0> -> org.hibernate.loader.plan.build.internal.spaces.EntityQuerySpaceImpl@29b732a2]
[DEBUG] 2018-02-12 19:57:23.970 [main] MetamodelGraphWalker - Visiting attribute path : createDate
[DEBUG] 2018-02-12 19:57:23.970 [main] MetamodelGraphWalker - Visiting attribute path : email
[DEBUG] 2018-02-12 19:57:23.970 [main] MetamodelGraphWalker - Visiting attribute path : firstName
[DEBUG] 2018-02-12 19:57:23.970 [main] MetamodelGraphWalker - Visiting attribute path : lastName
[DEBUG] 2018-02-12 19:57:23.970 [main] MetamodelGraphWalker - Visiting attribute path : password
[DEBUG] 2018-02-12 19:57:23.970 [main] MetamodelGraphWalker - Visiting attribute path : updateDate
[DEBUG] 2018-02-12 19:57:23.970 [main] MetamodelGraphWalker - Visiting attribute path : userName
[DEBUG] 2018-02-12 19:57:23.971 [main] FetchStyleLoadPlanBuildingAssociationVisitationStrategy - Building LoadPlan...
[DEBUG] 2018-02-12 19:57:23.971 [main] LoadQueryJoinAndFetchProcessor - processing queryspace <gen:0>
[DEBUG] 2018-02-12 19:57:23.971 [main] LoadPlanTreePrinter - LoadPlan(entity=edu.matc.entity.User)
    - Returns
       - EntityReturnImpl(entity=edu.matc.entity.User, querySpaceUid=<gen:0>, path=edu.matc.entity.User)
    - QuerySpaces
       - EntityQuerySpaceImpl(uid=<gen:0>, entity=edu.matc.entity.User)
          - SQL table alias mapping - user0_
          - alias suffix - 0_
          - suffixed key columns - {userId1_0_0_}

[DEBUG] 2018-02-12 19:57:23.971 [main] EntityLoader - Static select for entity edu.matc.entity.User [UPGRADE]: select user0_.userId as userId1_0_0_, user0_.createDate as createDa2_0_0_, user0_.email as email3_0_0_, user0_.firstName as firstNam4_0_0_, user0_.lastName as lastName5_0_0_, user0_.password as password6_0_0_, user0_.updateDate as updateDa7_0_0_, user0_.userName as userName8_0_0_ from user user0_ where user0_.userId=? for update
[DEBUG] 2018-02-12 19:57:23.972 [main] QuerySpacesImpl - Adding QuerySpace : uid = <gen:0> -> org.hibernate.loader.plan.build.internal.spaces.EntityQuerySpaceImpl@51671b08]
[DEBUG] 2018-02-12 19:57:23.972 [main] MetamodelGraphWalker - Visiting attribute path : createDate
[DEBUG] 2018-02-12 19:57:23.972 [main] MetamodelGraphWalker - Visiting attribute path : email
[DEBUG] 2018-02-12 19:57:23.972 [main] MetamodelGraphWalker - Visiting attribute path : firstName
[DEBUG] 2018-02-12 19:57:23.972 [main] MetamodelGraphWalker - Visiting attribute path : lastName
[DEBUG] 2018-02-12 19:57:23.972 [main] MetamodelGraphWalker - Visiting attribute path : password
[DEBUG] 2018-02-12 19:57:23.972 [main] MetamodelGraphWalker - Visiting attribute path : updateDate
[DEBUG] 2018-02-12 19:57:23.972 [main] MetamodelGraphWalker - Visiting attribute path : userName
[DEBUG] 2018-02-12 19:57:23.972 [main] FetchStyleLoadPlanBuildingAssociationVisitationStrategy - Building LoadPlan...
[DEBUG] 2018-02-12 19:57:23.973 [main] LoadQueryJoinAndFetchProcessor - processing queryspace <gen:0>
[DEBUG] 2018-02-12 19:57:23.973 [main] LoadPlanTreePrinter - LoadPlan(entity=edu.matc.entity.User)
    - Returns
       - EntityReturnImpl(entity=edu.matc.entity.User, querySpaceUid=<gen:0>, path=edu.matc.entity.User)
    - QuerySpaces
       - EntityQuerySpaceImpl(uid=<gen:0>, entity=edu.matc.entity.User)
          - SQL table alias mapping - user0_
          - alias suffix - 0_
          - suffixed key columns - {userId1_0_0_}

[DEBUG] 2018-02-12 19:57:23.973 [main] EntityLoader - Static select for entity edu.matc.entity.User [UPGRADE_NOWAIT]: select user0_.userId as userId1_0_0_, user0_.createDate as createDa2_0_0_, user0_.email as email3_0_0_, user0_.firstName as firstNam4_0_0_, user0_.lastName as lastName5_0_0_, user0_.password as password6_0_0_, user0_.updateDate as updateDa7_0_0_, user0_.userName as userName8_0_0_ from user user0_ where user0_.userId=? for update
[DEBUG] 2018-02-12 19:57:23.973 [main] QuerySpacesImpl - Adding QuerySpace : uid = <gen:0> -> org.hibernate.loader.plan.build.internal.spaces.EntityQuerySpaceImpl@1162410a]
[DEBUG] 2018-02-12 19:57:23.973 [main] MetamodelGraphWalker - Visiting attribute path : createDate
[DEBUG] 2018-02-12 19:57:23.973 [main] MetamodelGraphWalker - Visiting attribute path : email
[DEBUG] 2018-02-12 19:57:23.973 [main] MetamodelGraphWalker - Visiting attribute path : firstName
[DEBUG] 2018-02-12 19:57:23.974 [main] MetamodelGraphWalker - Visiting attribute path : lastName
[DEBUG] 2018-02-12 19:57:23.974 [main] MetamodelGraphWalker - Visiting attribute path : password
[DEBUG] 2018-02-12 19:57:23.974 [main] MetamodelGraphWalker - Visiting attribute path : updateDate
[DEBUG] 2018-02-12 19:57:23.981 [main] MetamodelGraphWalker - Visiting attribute path : userName
[DEBUG] 2018-02-12 19:57:23.981 [main] FetchStyleLoadPlanBuildingAssociationVisitationStrategy - Building LoadPlan...
[DEBUG] 2018-02-12 19:57:23.982 [main] LoadQueryJoinAndFetchProcessor - processing queryspace <gen:0>
[DEBUG] 2018-02-12 19:57:23.984 [main] LoadPlanTreePrinter - LoadPlan(entity=edu.matc.entity.User)
    - Returns
       - EntityReturnImpl(entity=edu.matc.entity.User, querySpaceUid=<gen:0>, path=edu.matc.entity.User)
    - QuerySpaces
       - EntityQuerySpaceImpl(uid=<gen:0>, entity=edu.matc.entity.User)
          - SQL table alias mapping - user0_
          - alias suffix - 0_
          - suffixed key columns - {userId1_0_0_}

[DEBUG] 2018-02-12 19:57:23.984 [main] EntityLoader - Static select for entity edu.matc.entity.User [UPGRADE_SKIPLOCKED]: select user0_.userId as userId1_0_0_, user0_.createDate as createDa2_0_0_, user0_.email as email3_0_0_, user0_.firstName as firstNam4_0_0_, user0_.lastName as lastName5_0_0_, user0_.password as password6_0_0_, user0_.updateDate as updateDa7_0_0_, user0_.userName as userName8_0_0_ from user user0_ where user0_.userId=? for update
[DEBUG] 2018-02-12 19:57:23.985 [main] QuerySpacesImpl - Adding QuerySpace : uid = <gen:0> -> org.hibernate.loader.plan.build.internal.spaces.EntityQuerySpaceImpl@62df0ff3]
[DEBUG] 2018-02-12 19:57:23.985 [main] MetamodelGraphWalker - Visiting attribute path : createDate
[DEBUG] 2018-02-12 19:57:23.985 [main] MetamodelGraphWalker - Visiting attribute path : email
[DEBUG] 2018-02-12 19:57:23.985 [main] MetamodelGraphWalker - Visiting attribute path : firstName
[DEBUG] 2018-02-12 19:57:23.985 [main] MetamodelGraphWalker - Visiting attribute path : lastName
[DEBUG] 2018-02-12 19:57:23.985 [main] MetamodelGraphWalker - Visiting attribute path : password
[DEBUG] 2018-02-12 19:57:23.985 [main] MetamodelGraphWalker - Visiting attribute path : updateDate
[DEBUG] 2018-02-12 19:57:23.985 [main] MetamodelGraphWalker - Visiting attribute path : userName
[DEBUG] 2018-02-12 19:57:23.985 [main] FetchStyleLoadPlanBuildingAssociationVisitationStrategy - Building LoadPlan...
[DEBUG] 2018-02-12 19:57:23.985 [main] LoadQueryJoinAndFetchProcessor - processing queryspace <gen:0>
[DEBUG] 2018-02-12 19:57:23.986 [main] LoadPlanTreePrinter - LoadPlan(entity=edu.matc.entity.User)
    - Returns
       - EntityReturnImpl(entity=edu.matc.entity.User, querySpaceUid=<gen:0>, path=edu.matc.entity.User)
    - QuerySpaces
       - EntityQuerySpaceImpl(uid=<gen:0>, entity=edu.matc.entity.User)
          - SQL table alias mapping - user0_
          - alias suffix - 0_
          - suffixed key columns - {userId1_0_0_}

[DEBUG] 2018-02-12 19:57:23.990 [main] EntityLoader - Static select for entity edu.matc.entity.User [FORCE]: select user0_.userId as userId1_0_0_, user0_.createDate as createDa2_0_0_, user0_.email as email3_0_0_, user0_.firstName as firstNam4_0_0_, user0_.lastName as lastName5_0_0_, user0_.password as password6_0_0_, user0_.updateDate as updateDa7_0_0_, user0_.userName as userName8_0_0_ from user user0_ where user0_.userId=? for update
[DEBUG] 2018-02-12 19:57:23.990 [main] QuerySpacesImpl - Adding QuerySpace : uid = <gen:0> -> org.hibernate.loader.plan.build.internal.spaces.EntityQuerySpaceImpl@62e8f862]
[DEBUG] 2018-02-12 19:57:23.991 [main] MetamodelGraphWalker - Visiting attribute path : createDate
[DEBUG] 2018-02-12 19:57:23.991 [main] MetamodelGraphWalker - Visiting attribute path : email
[DEBUG] 2018-02-12 19:57:23.991 [main] MetamodelGraphWalker - Visiting attribute path : firstName
[DEBUG] 2018-02-12 19:57:23.991 [main] MetamodelGraphWalker - Visiting attribute path : lastName
[DEBUG] 2018-02-12 19:57:23.991 [main] MetamodelGraphWalker - Visiting attribute path : password
[DEBUG] 2018-02-12 19:57:23.991 [main] MetamodelGraphWalker - Visiting attribute path : updateDate
[DEBUG] 2018-02-12 19:57:23.991 [main] MetamodelGraphWalker - Visiting attribute path : userName
[DEBUG] 2018-02-12 19:57:23.991 [main] FetchStyleLoadPlanBuildingAssociationVisitationStrategy - Building LoadPlan...
[DEBUG] 2018-02-12 19:57:23.994 [main] LoadQueryJoinAndFetchProcessor - processing queryspace <gen:0>
[DEBUG] 2018-02-12 19:57:23.994 [main] LoadPlanTreePrinter - LoadPlan(entity=edu.matc.entity.User)
    - Returns
       - EntityReturnImpl(entity=edu.matc.entity.User, querySpaceUid=<gen:0>, path=edu.matc.entity.User)
    - QuerySpaces
       - EntityQuerySpaceImpl(uid=<gen:0>, entity=edu.matc.entity.User)
          - SQL table alias mapping - user0_
          - alias suffix - 0_
          - suffixed key columns - {userId1_0_0_}

[DEBUG] 2018-02-12 19:57:23.994 [main] EntityLoader - Static select for entity edu.matc.entity.User [PESSIMISTIC_READ]: select user0_.userId as userId1_0_0_, user0_.createDate as createDa2_0_0_, user0_.email as email3_0_0_, user0_.firstName as firstNam4_0_0_, user0_.lastName as lastName5_0_0_, user0_.password as password6_0_0_, user0_.updateDate as updateDa7_0_0_, user0_.userName as userName8_0_0_ from user user0_ where user0_.userId=? lock in share mode
[DEBUG] 2018-02-12 19:57:23.995 [main] QuerySpacesImpl - Adding QuerySpace : uid = <gen:0> -> org.hibernate.loader.plan.build.internal.spaces.EntityQuerySpaceImpl@3c49fab6]
[DEBUG] 2018-02-12 19:57:23.996 [main] MetamodelGraphWalker - Visiting attribute path : createDate
[DEBUG] 2018-02-12 19:57:23.996 [main] MetamodelGraphWalker - Visiting attribute path : email
[DEBUG] 2018-02-12 19:57:23.996 [main] MetamodelGraphWalker - Visiting attribute path : firstName
[DEBUG] 2018-02-12 19:57:23.996 [main] MetamodelGraphWalker - Visiting attribute path : lastName
[DEBUG] 2018-02-12 19:57:23.996 [main] MetamodelGraphWalker - Visiting attribute path : password
[DEBUG] 2018-02-12 19:57:23.996 [main] MetamodelGraphWalker - Visiting attribute path : updateDate
[DEBUG] 2018-02-12 19:57:23.996 [main] MetamodelGraphWalker - Visiting attribute path : userName
[DEBUG] 2018-02-12 19:57:23.996 [main] FetchStyleLoadPlanBuildingAssociationVisitationStrategy - Building LoadPlan...
[DEBUG] 2018-02-12 19:57:24.005 [main] LoadQueryJoinAndFetchProcessor - processing queryspace <gen:0>
[DEBUG] 2018-02-12 19:57:24.005 [main] LoadPlanTreePrinter - LoadPlan(entity=edu.matc.entity.User)
    - Returns
       - EntityReturnImpl(entity=edu.matc.entity.User, querySpaceUid=<gen:0>, path=edu.matc.entity.User)
    - QuerySpaces
       - EntityQuerySpaceImpl(uid=<gen:0>, entity=edu.matc.entity.User)
          - SQL table alias mapping - user0_
          - alias suffix - 0_
          - suffixed key columns - {userId1_0_0_}

[DEBUG] 2018-02-12 19:57:24.005 [main] EntityLoader - Static select for entity edu.matc.entity.User [PESSIMISTIC_WRITE]: select user0_.userId as userId1_0_0_, user0_.createDate as createDa2_0_0_, user0_.email as email3_0_0_, user0_.firstName as firstNam4_0_0_, user0_.lastName as lastName5_0_0_, user0_.password as password6_0_0_, user0_.updateDate as updateDa7_0_0_, user0_.userName as userName8_0_0_ from user user0_ where user0_.userId=? for update
[DEBUG] 2018-02-12 19:57:24.005 [main] QuerySpacesImpl - Adding QuerySpace : uid = <gen:0> -> org.hibernate.loader.plan.build.internal.spaces.EntityQuerySpaceImpl@74518890]
[DEBUG] 2018-02-12 19:57:24.006 [main] MetamodelGraphWalker - Visiting attribute path : createDate
[DEBUG] 2018-02-12 19:57:24.006 [main] MetamodelGraphWalker - Visiting attribute path : email
[DEBUG] 2018-02-12 19:57:24.006 [main] MetamodelGraphWalker - Visiting attribute path : firstName
[DEBUG] 2018-02-12 19:57:24.006 [main] MetamodelGraphWalker - Visiting attribute path : lastName
[DEBUG] 2018-02-12 19:57:24.006 [main] MetamodelGraphWalker - Visiting attribute path : password
[DEBUG] 2018-02-12 19:57:24.006 [main] MetamodelGraphWalker - Visiting attribute path : updateDate
[DEBUG] 2018-02-12 19:57:24.006 [main] MetamodelGraphWalker - Visiting attribute path : userName
[DEBUG] 2018-02-12 19:57:24.006 [main] FetchStyleLoadPlanBuildingAssociationVisitationStrategy - Building LoadPlan...
[DEBUG] 2018-02-12 19:57:24.007 [main] LoadQueryJoinAndFetchProcessor - processing queryspace <gen:0>
[DEBUG] 2018-02-12 19:57:24.007 [main] LoadPlanTreePrinter - LoadPlan(entity=edu.matc.entity.User)
    - Returns
       - EntityReturnImpl(entity=edu.matc.entity.User, querySpaceUid=<gen:0>, path=edu.matc.entity.User)
    - QuerySpaces
       - EntityQuerySpaceImpl(uid=<gen:0>, entity=edu.matc.entity.User)
          - SQL table alias mapping - user0_
          - alias suffix - 0_
          - suffixed key columns - {userId1_0_0_}

[DEBUG] 2018-02-12 19:57:24.007 [main] EntityLoader - Static select for entity edu.matc.entity.User [PESSIMISTIC_FORCE_INCREMENT]: select user0_.userId as userId1_0_0_, user0_.createDate as createDa2_0_0_, user0_.email as email3_0_0_, user0_.firstName as firstNam4_0_0_, user0_.lastName as lastName5_0_0_, user0_.password as password6_0_0_, user0_.updateDate as updateDa7_0_0_, user0_.userName as userName8_0_0_ from user user0_ where user0_.userId=? for update
[DEBUG] 2018-02-12 19:57:24.007 [main] QuerySpacesImpl - Adding QuerySpace : uid = <gen:0> -> org.hibernate.loader.plan.build.internal.spaces.EntityQuerySpaceImpl@3f3ddbd9]
[DEBUG] 2018-02-12 19:57:24.009 [main] MetamodelGraphWalker - Visiting attribute path : createDate
[DEBUG] 2018-02-12 19:57:24.009 [main] MetamodelGraphWalker - Visiting attribute path : email
[DEBUG] 2018-02-12 19:57:24.009 [main] MetamodelGraphWalker - Visiting attribute path : firstName
[DEBUG] 2018-02-12 19:57:24.009 [main] MetamodelGraphWalker - Visiting attribute path : lastName
[DEBUG] 2018-02-12 19:57:24.009 [main] MetamodelGraphWalker - Visiting attribute path : password
[DEBUG] 2018-02-12 19:57:24.009 [main] MetamodelGraphWalker - Visiting attribute path : updateDate
[DEBUG] 2018-02-12 19:57:24.009 [main] MetamodelGraphWalker - Visiting attribute path : userName
[DEBUG] 2018-02-12 19:57:24.009 [main] FetchStyleLoadPlanBuildingAssociationVisitationStrategy - Building LoadPlan...
[DEBUG] 2018-02-12 19:57:24.011 [main] LoadQueryJoinAndFetchProcessor - processing queryspace <gen:0>
[DEBUG] 2018-02-12 19:57:24.018 [main] LoadPlanTreePrinter - LoadPlan(entity=edu.matc.entity.User)
    - Returns
       - EntityReturnImpl(entity=edu.matc.entity.User, querySpaceUid=<gen:0>, path=edu.matc.entity.User)
    - QuerySpaces
       - EntityQuerySpaceImpl(uid=<gen:0>, entity=edu.matc.entity.User)
          - SQL table alias mapping - user0_
          - alias suffix - 0_
          - suffixed key columns - {userId1_0_0_}

[DEBUG] 2018-02-12 19:57:24.018 [main] EntityLoader - Static select for entity edu.matc.entity.User [OPTIMISTIC]: select user0_.userId as userId1_0_0_, user0_.createDate as createDa2_0_0_, user0_.email as email3_0_0_, user0_.firstName as firstNam4_0_0_, user0_.lastName as lastName5_0_0_, user0_.password as password6_0_0_, user0_.updateDate as updateDa7_0_0_, user0_.userName as userName8_0_0_ from user user0_ where user0_.userId=?
[DEBUG] 2018-02-12 19:57:24.018 [main] QuerySpacesImpl - Adding QuerySpace : uid = <gen:0> -> org.hibernate.loader.plan.build.internal.spaces.EntityQuerySpaceImpl@6c2d4cc6]
[DEBUG] 2018-02-12 19:57:24.022 [main] MetamodelGraphWalker - Visiting attribute path : createDate
[DEBUG] 2018-02-12 19:57:24.022 [main] MetamodelGraphWalker - Visiting attribute path : email
[DEBUG] 2018-02-12 19:57:24.022 [main] MetamodelGraphWalker - Visiting attribute path : firstName
[DEBUG] 2018-02-12 19:57:24.022 [main] MetamodelGraphWalker - Visiting attribute path : lastName
[DEBUG] 2018-02-12 19:57:24.022 [main] MetamodelGraphWalker - Visiting attribute path : password
[DEBUG] 2018-02-12 19:57:24.022 [main] MetamodelGraphWalker - Visiting attribute path : updateDate
[DEBUG] 2018-02-12 19:57:24.022 [main] MetamodelGraphWalker - Visiting attribute path : userName
[DEBUG] 2018-02-12 19:57:24.023 [main] FetchStyleLoadPlanBuildingAssociationVisitationStrategy - Building LoadPlan...
[DEBUG] 2018-02-12 19:57:24.028 [main] LoadQueryJoinAndFetchProcessor - processing queryspace <gen:0>
[DEBUG] 2018-02-12 19:57:24.031 [main] LoadPlanTreePrinter - LoadPlan(entity=edu.matc.entity.User)
    - Returns
       - EntityReturnImpl(entity=edu.matc.entity.User, querySpaceUid=<gen:0>, path=edu.matc.entity.User)
    - QuerySpaces
       - EntityQuerySpaceImpl(uid=<gen:0>, entity=edu.matc.entity.User)
          - SQL table alias mapping - user0_
          - alias suffix - 0_
          - suffixed key columns - {userId1_0_0_}

[DEBUG] 2018-02-12 19:57:24.061 [main] EntityLoader - Static select for entity edu.matc.entity.User [OPTIMISTIC_FORCE_INCREMENT]: select user0_.userId as userId1_0_0_, user0_.createDate as createDa2_0_0_, user0_.email as email3_0_0_, user0_.firstName as firstNam4_0_0_, user0_.lastName as lastName5_0_0_, user0_.password as password6_0_0_, user0_.updateDate as updateDa7_0_0_, user0_.userName as userName8_0_0_ from user user0_ where user0_.userId=?
[DEBUG] 2018-02-12 19:57:24.095 [main] Loader - Static select for action ACTION_MERGE on entity edu.matc.entity.User: select user0_.userId as userId1_0_0_, user0_.createDate as createDa2_0_0_, user0_.email as email3_0_0_, user0_.firstName as firstNam4_0_0_, user0_.lastName as lastName5_0_0_, user0_.password as password6_0_0_, user0_.updateDate as updateDa7_0_0_, user0_.userName as userName8_0_0_ from user user0_ where user0_.userId=?
[DEBUG] 2018-02-12 19:57:24.096 [main] Loader - Static select for action ACTION_REFRESH on entity edu.matc.entity.User: select user0_.userId as userId1_0_0_, user0_.createDate as createDa2_0_0_, user0_.email as email3_0_0_, user0_.firstName as firstNam4_0_0_, user0_.lastName as lastName5_0_0_, user0_.password as password6_0_0_, user0_.updateDate as updateDa7_0_0_, user0_.userName as userName8_0_0_ from user user0_ where user0_.userId=?
[DEBUG] 2018-02-12 19:57:24.133 [main] SchemaManagementToolCoordinator - No actions specified; doing nothing
[DEBUG] 2018-02-12 19:57:24.134 [main] JtaPlatformInitiator - No JtaPlatform was specified, checking resolver
[DEBUG] 2018-02-12 19:57:24.136 [main] JtaPlatformResolverInitiator - No JtaPlatformResolver was specified, using default [org.hibernate.engine.transaction.jta.platform.internal.StandardJtaPlatformResolver]
[DEBUG] 2018-02-12 19:57:24.142 [main] StandardJtaPlatformResolver - Could not resolve JtaPlatform, using default [org.hibernate.engine.transaction.jta.platform.internal.NoJtaPlatform]
[DEBUG] 2018-02-12 19:57:24.144 [main] NamedQueryRepository - Checking 0 named HQL queries
[DEBUG] 2018-02-12 19:57:24.144 [main] NamedQueryRepository - Checking 0 named SQL queries
[DEBUG] 2018-02-12 19:57:24.147 [main] SessionFactoryRegistry - Initializing SessionFactoryRegistry : org.hibernate.internal.SessionFactoryRegistry@72889280
[DEBUG] 2018-02-12 19:57:24.149 [main] SessionFactoryRegistry - Registering SessionFactory: 1a4f3b27-bf8c-46a6-a803-510e2d3c0bb7 (<unnamed>)
[DEBUG] 2018-02-12 19:57:24.149 [main] SessionFactoryRegistry - Not binding SessionFactory to JNDI, no JNDI name configured
[DEBUG] 2018-02-12 19:57:24.411 [main] StatisticsInitiator - Statistics initialized [enabled=false]
[DEBUG] 2018-02-12 19:57:24.432 [main] SQL - select user0_.userId as userId1_0_0_, user0_.createDate as createDa2_0_0_, user0_.email as email3_0_0_, user0_.firstName as firstNam4_0_0_, user0_.lastName as lastName5_0_0_, user0_.password as password6_0_0_, user0_.updateDate as updateDa7_0_0_, user0_.userName as userName8_0_0_ from user user0_ where user0_.userId=?
[DEBUG] 2018-02-12 19:57:24.494 [main] ResultSetProcessorImpl - Starting ResultSet row #0
[DEBUG] 2018-02-12 19:57:24.496 [main] EntityReferenceInitializerImpl - On call to EntityIdentifierReaderImpl#resolve, EntityKey was already known; should only happen on root returns with an optional identifier specified
[DEBUG] 2018-02-12 19:57:24.516 [main] TwoPhaseLoad - Resolving associations for [edu.matc.entity.User#3]
[DEBUG] 2018-02-12 19:57:24.520 [main] TwoPhaseLoad - Done materializing entity [edu.matc.entity.User#3]
[DEBUG] 2018-02-12 19:57:24.521 [main] ResourceRegistryStandardImpl - HHH000387: ResultSet's statement was not registered
[DEBUG] 2018-02-12 19:57:24.521 [main] AbstractLoadPlanBasedEntityLoader - Done entity load : edu.matc.entity.User#3
[DEBUG] 2018-02-12 19:57:24.522 [main] LogicalConnectionManagedImpl - Initiating JDBC connection release from afterTransaction
[DEBUG] 2018-02-12 19:57:24.529 [main] TransactionImpl - begin
[DEBUG] 2018-02-12 19:57:24.556 [main] TransactionImpl - committing
[DEBUG] 2018-02-12 19:57:24.558 [main] AbstractFlushingEventListener - Processing flush-time cascades
[DEBUG] 2018-02-12 19:57:24.558 [main] AbstractFlushingEventListener - Dirty checking collections
[DEBUG] 2018-02-12 19:57:24.566 [main] AbstractFlushingEventListener - Flushed: 0 insertions, 0 updates, 1 deletions to 1 objects
[DEBUG] 2018-02-12 19:57:24.566 [main] AbstractFlushingEventListener - Flushed: 0 (re)creations, 0 updates, 0 removals to 0 collections
[DEBUG] 2018-02-12 19:57:24.574 [main] EntityPrinter - Listing entities:
[DEBUG] 2018-02-12 19:57:24.575 [main] EntityPrinter - edu.matc.entity.User{firstName=Barney, lastName=Curry, password=supersecret3, updateDate=2018-02-12 19:57:24.0, UserId=3, userName=bcurry, email=bcurry@yahoo.com, createDate=2018-02-12 19:57:24.0}
[DEBUG] 2018-02-12 19:57:24.588 [main] SQL - delete from user where userId=?
[DEBUG] 2018-02-12 19:57:24.640 [main] LogicalConnectionManagedImpl - Initiating JDBC connection release from afterTransaction
[DEBUG] 2018-02-12 19:57:24.641 [main] LogicalConnectionManagedImpl - Initiating JDBC connection release from afterTransaction
[DEBUG] 2018-02-12 19:57:24.641 [main] JdbcCoordinatorImpl - HHH000420: Closing un-released batch
[DEBUG] 2018-02-12 19:57:24.643 [main] SQL - select user0_.userId as userId1_0_0_, user0_.createDate as createDa2_0_0_, user0_.email as email3_0_0_, user0_.firstName as firstNam4_0_0_, user0_.lastName as lastName5_0_0_, user0_.password as password6_0_0_, user0_.updateDate as updateDa7_0_0_, user0_.userName as userName8_0_0_ from user user0_ where user0_.userId=?
[DEBUG] 2018-02-12 19:57:24.644 [main] ResourceRegistryStandardImpl - HHH000387: ResultSet's statement was not registered
[DEBUG] 2018-02-12 19:57:24.645 [main] AbstractLoadPlanBasedEntityLoader - Done entity load : edu.matc.entity.User#3
[DEBUG] 2018-02-12 19:57:24.645 [main] LogicalConnectionManagedImpl - Initiating JDBC connection release from afterTransaction
[DEBUG] 2018-02-12 19:57:24.745 [main] CriteriaQueryImpl - Rendered criteria query -> select generatedAlias0 from User as generatedAlias0 where generatedAlias0.lastName like :param0
[DEBUG] 2018-02-12 19:57:24.795 [main] QueryTranslatorFactoryInitiator - QueryTranslatorFactory : org.hibernate.hql.internal.ast.ASTQueryTranslatorFactory@1ddd3478
[INFO ] 2018-02-12 19:57:24.795 [main] QueryTranslatorFactoryInitiator - HHH000397: Using ASTQueryTranslatorFactory
[DEBUG] 2018-02-12 19:57:24.891 [main] QueryTranslatorImpl - parse() - HQL: select generatedAlias0 from edu.matc.entity.User as generatedAlias0 where generatedAlias0.lastName like :param0
[DEBUG] 2018-02-12 19:57:24.904 [main] ErrorCounter - throwQueryException() : no errors
[DEBUG] 2018-02-12 19:57:24.908 [main] QueryTranslatorImpl - --- HQL AST ---
 \-[QUERY] Node: 'query'
    +-[SELECT_FROM] Node: 'SELECT_FROM'
    |  +-[FROM] Node: 'from'
    |  |  \-[RANGE] Node: 'RANGE'
    |  |     +-[DOT] Node: '.'
    |  |     |  +-[DOT] Node: '.'
    |  |     |  |  +-[DOT] Node: '.'
    |  |     |  |  |  +-[IDENT] Node: 'edu'
    |  |     |  |  |  \-[IDENT] Node: 'matc'
    |  |     |  |  \-[IDENT] Node: 'entity'
    |  |     |  \-[IDENT] Node: 'User'
    |  |     \-[ALIAS] Node: 'generatedAlias0'
    |  \-[SELECT] Node: 'select'
    |     \-[IDENT] Node: 'generatedAlias0'
    \-[WHERE] Node: 'where'
       \-[LIKE] Node: 'like'
          +-[DOT] Node: '.'
          |  +-[IDENT] Node: 'generatedAlias0'
          |  \-[IDENT] Node: 'lastName'
          \-[COLON] Node: ':'
             \-[IDENT] Node: 'param0'

[DEBUG] 2018-02-12 19:57:24.985 [main] HqlSqlBaseWalker - select << begin [level=1, statement=select]
[DEBUG] 2018-02-12 19:57:25.008 [main] FromElement - FromClause{level=1} : edu.matc.entity.User (generatedAlias0) -> user0_
[DEBUG] 2018-02-12 19:57:25.010 [main] FromReferenceNode - Resolved : generatedAlias0 -> user0_.userId
[DEBUG] 2018-02-12 19:57:25.013 [main] FromReferenceNode - Resolved : generatedAlias0 -> user0_.userId
[DEBUG] 2018-02-12 19:57:25.015 [main] DotNode - getDataType() : lastName -> org.hibernate.type.StringType@769a1df5
[DEBUG] 2018-02-12 19:57:25.016 [main] FromReferenceNode - Resolved : generatedAlias0.lastName -> user0_.lastName
[DEBUG] 2018-02-12 19:57:25.018 [main] HqlSqlBaseWalker - select : finishing up [level=1, statement=select]
[DEBUG] 2018-02-12 19:57:25.018 [main] HqlSqlWalker - processQuery() :  ( SELECT ( {select clause} user0_.userId ) ( FromClause{level=1} user user0_ ) ( where ( like ( user0_.lastName user0_.userId lastName ) ? ) ) )
[DEBUG] 2018-02-12 19:57:25.029 [main] JoinProcessor - Using FROM fragment [user user0_]
[DEBUG] 2018-02-12 19:57:25.030 [main] HqlSqlBaseWalker - select >> end [level=1, statement=select]
[DEBUG] 2018-02-12 19:57:25.031 [main] QueryTranslatorImpl - --- SQL AST ---
 \-[SELECT] QueryNode: 'SELECT'  querySpaces (user)
    +-[SELECT_CLAUSE] SelectClause: '{select clause}'
    |  +-[ALIAS_REF] IdentNode: 'user0_.userId as userId1_0_' {alias=generatedAlias0, className=edu.matc.entity.User, tableAlias=user0_}
    |  \-[SQL_TOKEN] SqlFragment: 'user0_.createDate as createDa2_0_, user0_.email as email3_0_, user0_.firstName as firstNam4_0_, user0_.lastName as lastName5_0_, user0_.password as password6_0_, user0_.updateDate as updateDa7_0_, user0_.userName as userName8_0_'
    +-[FROM] FromClause: 'from' FromClause{level=1, fromElementCounter=1, fromElements=1, fromElementByClassAlias=[generatedAlias0], fromElementByTableAlias=[user0_], fromElementsByPath=[], collectionJoinFromElementsByPath=[], impliedElements=[]}
    |  \-[FROM_FRAGMENT] FromElement: 'user user0_' FromElement{explicit,not a collection join,not a fetch join,fetch non-lazy properties,classAlias=generatedAlias0,role=null,tableName=user,tableAlias=user0_,origin=null,columns={,className=edu.matc.entity.User}}
    \-[WHERE] SqlNode: 'where'
       \-[LIKE] BinaryLogicOperatorNode: 'like'
          +-[DOT] DotNode: 'user0_.lastName' {propertyName=lastName,dereferenceType=PRIMITIVE,getPropertyPath=lastName,path=generatedAlias0.lastName,tableAlias=user0_,className=edu.matc.entity.User,classAlias=generatedAlias0}
          |  +-[ALIAS_REF] IdentNode: 'user0_.userId' {alias=generatedAlias0, className=edu.matc.entity.User, tableAlias=user0_}
          |  \-[IDENT] IdentNode: 'lastName' {originalText=lastName}
          \-[NAMED_PARAM] ParameterNode: '?' {name=param0, expectedType=org.hibernate.type.StringType@769a1df5}

[DEBUG] 2018-02-12 19:57:25.032 [main] ErrorCounter - throwQueryException() : no errors
[DEBUG] 2018-02-12 19:57:25.042 [main] QueryTranslatorImpl - HQL: select generatedAlias0 from edu.matc.entity.User as generatedAlias0 where generatedAlias0.lastName like :param0
[DEBUG] 2018-02-12 19:57:25.043 [main] QueryTranslatorImpl - SQL: select user0_.userId as userId1_0_, user0_.createDate as createDa2_0_, user0_.email as email3_0_, user0_.firstName as firstNam4_0_, user0_.lastName as lastName5_0_, user0_.password as password6_0_, user0_.updateDate as updateDa7_0_, user0_.userName as userName8_0_ from user user0_ where user0_.lastName like ?
[DEBUG] 2018-02-12 19:57:25.043 [main] ErrorCounter - throwQueryException() : no errors
[DEBUG] 2018-02-12 19:57:25.074 [main] SQL - select user0_.userId as userId1_0_, user0_.createDate as createDa2_0_, user0_.email as email3_0_, user0_.firstName as firstNam4_0_, user0_.lastName as lastName5_0_, user0_.password as password6_0_, user0_.updateDate as updateDa7_0_, user0_.userName as userName8_0_ from user user0_ where user0_.lastName like ?
[DEBUG] 2018-02-12 19:57:25.091 [main] Loader - Result set row: 0
[DEBUG] 2018-02-12 19:57:25.094 [main] Loader - Result row: EntityKey[edu.matc.entity.User#1]
[DEBUG] 2018-02-12 19:57:25.095 [main] Loader - Result set row: 1
[DEBUG] 2018-02-12 19:57:25.095 [main] Loader - Result row: EntityKey[edu.matc.entity.User#3]
[DEBUG] 2018-02-12 19:57:25.095 [main] Loader - Result set row: 2
[DEBUG] 2018-02-12 19:57:25.096 [main] Loader - Result row: EntityKey[edu.matc.entity.User#4]
[DEBUG] 2018-02-12 19:57:25.096 [main] TwoPhaseLoad - Resolving associations for [edu.matc.entity.User#1]
[DEBUG] 2018-02-12 19:57:25.096 [main] TwoPhaseLoad - Done materializing entity [edu.matc.entity.User#1]
[DEBUG] 2018-02-12 19:57:25.096 [main] TwoPhaseLoad - Resolving associations for [edu.matc.entity.User#3]
[DEBUG] 2018-02-12 19:57:25.097 [main] TwoPhaseLoad - Done materializing entity [edu.matc.entity.User#3]
[DEBUG] 2018-02-12 19:57:25.097 [main] TwoPhaseLoad - Resolving associations for [edu.matc.entity.User#4]
[DEBUG] 2018-02-12 19:57:25.097 [main] TwoPhaseLoad - Done materializing entity [edu.matc.entity.User#4]
[DEBUG] 2018-02-12 19:57:25.104 [main] LogicalConnectionManagedImpl - Initiating JDBC connection release from afterTransaction
[DEBUG] 2018-02-12 19:57:25.132 [main] CriteriaQueryImpl - Rendered criteria query -> select generatedAlias0 from User as generatedAlias0 where generatedAlias0.lastName like :param0
[DEBUG] 2018-02-12 19:57:25.132 [main] SQL - select user0_.userId as userId1_0_, user0_.createDate as createDa2_0_, user0_.email as email3_0_, user0_.firstName as firstNam4_0_, user0_.lastName as lastName5_0_, user0_.password as password6_0_, user0_.updateDate as updateDa7_0_, user0_.userName as userName8_0_ from user user0_ where user0_.lastName like ?
[DEBUG] 2018-02-12 19:57:25.135 [main] Loader - Result set row: 0
[DEBUG] 2018-02-12 19:57:25.135 [main] Loader - Result row: EntityKey[edu.matc.entity.User#3]
[DEBUG] 2018-02-12 19:57:25.137 [main] TwoPhaseLoad - Resolving associations for [edu.matc.entity.User#3]
[DEBUG] 2018-02-12 19:57:25.137 [main] TwoPhaseLoad - Done materializing entity [edu.matc.entity.User#3]
[DEBUG] 2018-02-12 19:57:25.137 [main] LogicalConnectionManagedImpl - Initiating JDBC connection release from afterTransaction
[DEBUG] 2018-02-12 19:57:25.160 [main] CriteriaQueryImpl - Rendered criteria query -> select generatedAlias0 from User as generatedAlias0 where generatedAlias0.lastName like :param0
[DEBUG] 2018-02-12 19:57:25.160 [main] SQL - select user0_.userId as userId1_0_, user0_.createDate as createDa2_0_, user0_.email as email3_0_, user0_.firstName as firstNam4_0_, user0_.lastName as lastName5_0_, user0_.password as password6_0_, user0_.updateDate as updateDa7_0_, user0_.userName as userName8_0_ from user user0_ where user0_.lastName like ?
[DEBUG] 2018-02-12 19:57:25.162 [main] Loader - Result set row: 0
[DEBUG] 2018-02-12 19:57:25.163 [main] Loader - Result row: EntityKey[edu.matc.entity.User#1]
[DEBUG] 2018-02-12 19:57:25.163 [main] Loader - Result set row: 1
[DEBUG] 2018-02-12 19:57:25.164 [main] Loader - Result row: EntityKey[edu.matc.entity.User#3]
[DEBUG] 2018-02-12 19:57:25.164 [main] Loader - Result set row: 2
[DEBUG] 2018-02-12 19:57:25.164 [main] Loader - Result row: EntityKey[edu.matc.entity.User#4]
[DEBUG] 2018-02-12 19:57:25.164 [main] TwoPhaseLoad - Resolving associations for [edu.matc.entity.User#1]
[DEBUG] 2018-02-12 19:57:25.164 [main] TwoPhaseLoad - Done materializing entity [edu.matc.entity.User#1]
[DEBUG] 2018-02-12 19:57:25.164 [main] TwoPhaseLoad - Resolving associations for [edu.matc.entity.User#3]
[DEBUG] 2018-02-12 19:57:25.165 [main] TwoPhaseLoad - Done materializing entity [edu.matc.entity.User#3]
[DEBUG] 2018-02-12 19:57:25.165 [main] TwoPhaseLoad - Resolving associations for [edu.matc.entity.User#4]
[DEBUG] 2018-02-12 19:57:25.165 [main] TwoPhaseLoad - Done materializing entity [edu.matc.entity.User#4]
[DEBUG] 2018-02-12 19:57:25.166 [main] LogicalConnectionManagedImpl - Initiating JDBC connection release from afterTransaction
[DEBUG] 2018-02-12 19:57:25.193 [main] SQL - select user0_.userId as userId1_0_0_, user0_.createDate as createDa2_0_0_, user0_.email as email3_0_0_, user0_.firstName as firstNam4_0_0_, user0_.lastName as lastName5_0_0_, user0_.password as password6_0_0_, user0_.updateDate as updateDa7_0_0_, user0_.userName as userName8_0_0_ from user user0_ where user0_.userId=?
[DEBUG] 2018-02-12 19:57:25.195 [main] ResultSetProcessorImpl - Starting ResultSet row #0
[DEBUG] 2018-02-12 19:57:25.195 [main] EntityReferenceInitializerImpl - On call to EntityIdentifierReaderImpl#resolve, EntityKey was already known; should only happen on root returns with an optional identifier specified
[DEBUG] 2018-02-12 19:57:25.196 [main] TwoPhaseLoad - Resolving associations for [edu.matc.entity.User#3]
[DEBUG] 2018-02-12 19:57:25.196 [main] TwoPhaseLoad - Done materializing entity [edu.matc.entity.User#3]
[DEBUG] 2018-02-12 19:57:25.196 [main] ResourceRegistryStandardImpl - HHH000387: ResultSet's statement was not registered
[DEBUG] 2018-02-12 19:57:25.197 [main] AbstractLoadPlanBasedEntityLoader - Done entity load : edu.matc.entity.User#3
[DEBUG] 2018-02-12 19:57:25.197 [main] LogicalConnectionManagedImpl - Initiating JDBC connection release from afterTransaction
[DEBUG] 2018-02-12 19:57:25.223 [main] SQL - select user0_.userId as userId1_0_0_, user0_.createDate as createDa2_0_0_, user0_.email as email3_0_0_, user0_.firstName as firstNam4_0_0_, user0_.lastName as lastName5_0_0_, user0_.password as password6_0_0_, user0_.updateDate as updateDa7_0_0_, user0_.userName as userName8_0_0_ from user user0_ where user0_.userId=?
[DEBUG] 2018-02-12 19:57:25.230 [main] ResultSetProcessorImpl - Starting ResultSet row #0
[DEBUG] 2018-02-12 19:57:25.233 [main] EntityReferenceInitializerImpl - On call to EntityIdentifierReaderImpl#resolve, EntityKey was already known; should only happen on root returns with an optional identifier specified
[DEBUG] 2018-02-12 19:57:25.234 [main] TwoPhaseLoad - Resolving associations for [edu.matc.entity.User#3]
[DEBUG] 2018-02-12 19:57:25.235 [main] TwoPhaseLoad - Done materializing entity [edu.matc.entity.User#3]
[DEBUG] 2018-02-12 19:57:25.235 [main] ResourceRegistryStandardImpl - HHH000387: ResultSet's statement was not registered
[DEBUG] 2018-02-12 19:57:25.236 [main] AbstractLoadPlanBasedEntityLoader - Done entity load : edu.matc.entity.User#3
[DEBUG] 2018-02-12 19:57:25.236 [main] LogicalConnectionManagedImpl - Initiating JDBC connection release from afterTransaction
[DEBUG] 2018-02-12 19:57:25.242 [main] SQL - select user0_.userId as userId1_0_0_, user0_.createDate as createDa2_0_0_, user0_.email as email3_0_0_, user0_.firstName as firstNam4_0_0_, user0_.lastName as lastName5_0_0_, user0_.password as password6_0_0_, user0_.updateDate as updateDa7_0_0_, user0_.userName as userName8_0_0_ from user user0_ where user0_.userId=?
[DEBUG] 2018-02-12 19:57:25.246 [main] ResultSetProcessorImpl - Starting ResultSet row #0
[DEBUG] 2018-02-12 19:57:25.246 [main] EntityReferenceInitializerImpl - On call to EntityIdentifierReaderImpl#resolve, EntityKey was already known; should only happen on root returns with an optional identifier specified
[DEBUG] 2018-02-12 19:57:25.247 [main] TwoPhaseLoad - Resolving associations for [edu.matc.entity.User#3]
[DEBUG] 2018-02-12 19:57:25.248 [main] TwoPhaseLoad - Done materializing entity [edu.matc.entity.User#3]
[DEBUG] 2018-02-12 19:57:25.248 [main] ResourceRegistryStandardImpl - HHH000387: ResultSet's statement was not registered
[DEBUG] 2018-02-12 19:57:25.248 [main] AbstractLoadPlanBasedEntityLoader - Done entity load : edu.matc.entity.User#3
[DEBUG] 2018-02-12 19:57:25.249 [main] LogicalConnectionManagedImpl - Initiating JDBC connection release from afterTransaction
[DEBUG] 2018-02-12 19:57:25.304 [main] CriteriaQueryImpl - Rendered criteria query -> select generatedAlias0 from User as generatedAlias0
[DEBUG] 2018-02-12 19:57:25.305 [main] QueryTranslatorImpl - parse() - HQL: select generatedAlias0 from edu.matc.entity.User as generatedAlias0
[DEBUG] 2018-02-12 19:57:25.306 [main] ErrorCounter - throwQueryException() : no errors
[DEBUG] 2018-02-12 19:57:25.307 [main] QueryTranslatorImpl - --- HQL AST ---
 \-[QUERY] Node: 'query'
    \-[SELECT_FROM] Node: 'SELECT_FROM'
       +-[FROM] Node: 'from'
       |  \-[RANGE] Node: 'RANGE'
       |     +-[DOT] Node: '.'
       |     |  +-[DOT] Node: '.'
       |     |  |  +-[DOT] Node: '.'
       |     |  |  |  +-[IDENT] Node: 'edu'
       |     |  |  |  \-[IDENT] Node: 'matc'
       |     |  |  \-[IDENT] Node: 'entity'
       |     |  \-[IDENT] Node: 'User'
       |     \-[ALIAS] Node: 'generatedAlias0'
       \-[SELECT] Node: 'select'
          \-[IDENT] Node: 'generatedAlias0'

[DEBUG] 2018-02-12 19:57:25.308 [main] HqlSqlBaseWalker - select << begin [level=1, statement=select]
[DEBUG] 2018-02-12 19:57:25.308 [main] FromElement - FromClause{level=1} : edu.matc.entity.User (generatedAlias0) -> user0_
[DEBUG] 2018-02-12 19:57:25.309 [main] FromReferenceNode - Resolved : generatedAlias0 -> user0_.userId
[DEBUG] 2018-02-12 19:57:25.315 [main] HqlSqlBaseWalker - select : finishing up [level=1, statement=select]
[DEBUG] 2018-02-12 19:57:25.316 [main] HqlSqlWalker - processQuery() :  ( SELECT ( {select clause} user0_.userId ) ( FromClause{level=1} user user0_ ) )
[DEBUG] 2018-02-12 19:57:25.316 [main] JoinProcessor - Using FROM fragment [user user0_]
[DEBUG] 2018-02-12 19:57:25.316 [main] HqlSqlBaseWalker - select >> end [level=1, statement=select]
[DEBUG] 2018-02-12 19:57:25.316 [main] QueryTranslatorImpl - --- SQL AST ---
 \-[SELECT] QueryNode: 'SELECT'  querySpaces (user)
    +-[SELECT_CLAUSE] SelectClause: '{select clause}'
    |  +-[ALIAS_REF] IdentNode: 'user0_.userId as userId1_0_' {alias=generatedAlias0, className=edu.matc.entity.User, tableAlias=user0_}
    |  \-[SQL_TOKEN] SqlFragment: 'user0_.createDate as createDa2_0_, user0_.email as email3_0_, user0_.firstName as firstNam4_0_, user0_.lastName as lastName5_0_, user0_.password as password6_0_, user0_.updateDate as updateDa7_0_, user0_.userName as userName8_0_'
    \-[FROM] FromClause: 'from' FromClause{level=1, fromElementCounter=1, fromElements=1, fromElementByClassAlias=[generatedAlias0], fromElementByTableAlias=[user0_], fromElementsByPath=[], collectionJoinFromElementsByPath=[], impliedElements=[]}
       \-[FROM_FRAGMENT] FromElement: 'user user0_' FromElement{explicit,not a collection join,not a fetch join,fetch non-lazy properties,classAlias=generatedAlias0,role=null,tableName=user,tableAlias=user0_,origin=null,columns={,className=edu.matc.entity.User}}

[DEBUG] 2018-02-12 19:57:25.316 [main] ErrorCounter - throwQueryException() : no errors
[DEBUG] 2018-02-12 19:57:25.317 [main] QueryTranslatorImpl - HQL: select generatedAlias0 from edu.matc.entity.User as generatedAlias0
[DEBUG] 2018-02-12 19:57:25.317 [main] QueryTranslatorImpl - SQL: select user0_.userId as userId1_0_, user0_.createDate as createDa2_0_, user0_.email as email3_0_, user0_.firstName as firstNam4_0_, user0_.lastName as lastName5_0_, user0_.password as password6_0_, user0_.updateDate as updateDa7_0_, user0_.userName as userName8_0_ from user user0_
[DEBUG] 2018-02-12 19:57:25.317 [main] ErrorCounter - throwQueryException() : no errors
[DEBUG] 2018-02-12 19:57:25.317 [main] SQL - select user0_.userId as userId1_0_, user0_.createDate as createDa2_0_, user0_.email as email3_0_, user0_.firstName as firstNam4_0_, user0_.lastName as lastName5_0_, user0_.password as password6_0_, user0_.updateDate as updateDa7_0_, user0_.userName as userName8_0_ from user user0_
[DEBUG] 2018-02-12 19:57:25.328 [main] Loader - Result set row: 0
[DEBUG] 2018-02-12 19:57:25.329 [main] Loader - Result row: EntityKey[edu.matc.entity.User#1]
[DEBUG] 2018-02-12 19:57:25.329 [main] Loader - Result set row: 1
[DEBUG] 2018-02-12 19:57:25.329 [main] Loader - Result row: EntityKey[edu.matc.entity.User#2]
[DEBUG] 2018-02-12 19:57:25.330 [main] Loader - Result set row: 2
[DEBUG] 2018-02-12 19:57:25.330 [main] Loader - Result row: EntityKey[edu.matc.entity.User#3]
[DEBUG] 2018-02-12 19:57:25.332 [main] Loader - Result set row: 3
[DEBUG] 2018-02-12 19:57:25.332 [main] Loader - Result row: EntityKey[edu.matc.entity.User#4]
[DEBUG] 2018-02-12 19:57:25.333 [main] Loader - Result set row: 4
[DEBUG] 2018-02-12 19:57:25.333 [main] Loader - Result row: EntityKey[edu.matc.entity.User#5]
[DEBUG] 2018-02-12 19:57:25.336 [main] Loader - Result set row: 5
[DEBUG] 2018-02-12 19:57:25.336 [main] Loader - Result row: EntityKey[edu.matc.entity.User#6]
[DEBUG] 2018-02-12 19:57:25.337 [main] TwoPhaseLoad - Resolving associations for [edu.matc.entity.User#1]
[DEBUG] 2018-02-12 19:57:25.337 [main] TwoPhaseLoad - Done materializing entity [edu.matc.entity.User#1]
[DEBUG] 2018-02-12 19:57:25.337 [main] TwoPhaseLoad - Resolving associations for [edu.matc.entity.User#2]
[DEBUG] 2018-02-12 19:57:25.337 [main] TwoPhaseLoad - Done materializing entity [edu.matc.entity.User#2]
[DEBUG] 2018-02-12 19:57:25.337 [main] TwoPhaseLoad - Resolving associations for [edu.matc.entity.User#3]
[DEBUG] 2018-02-12 19:57:25.337 [main] TwoPhaseLoad - Done materializing entity [edu.matc.entity.User#3]
[DEBUG] 2018-02-12 19:57:25.337 [main] TwoPhaseLoad - Resolving associations for [edu.matc.entity.User#4]
[DEBUG] 2018-02-12 19:57:25.337 [main] TwoPhaseLoad - Done materializing entity [edu.matc.entity.User#4]
[DEBUG] 2018-02-12 19:57:25.337 [main] TwoPhaseLoad - Resolving associations for [edu.matc.entity.User#5]
[DEBUG] 2018-02-12 19:57:25.337 [main] TwoPhaseLoad - Done materializing entity [edu.matc.entity.User#5]
[DEBUG] 2018-02-12 19:57:25.338 [main] TwoPhaseLoad - Resolving associations for [edu.matc.entity.User#6]
[DEBUG] 2018-02-12 19:57:25.338 [main] TwoPhaseLoad - Done materializing entity [edu.matc.entity.User#6]
[DEBUG] 2018-02-12 19:57:25.339 [main] LogicalConnectionManagedImpl - Initiating JDBC connection release from afterTransaction
[DEBUG] 2018-02-12 19:57:25.370 [main] TransactionImpl - begin
[DEBUG] 2018-02-12 19:57:25.377 [main] ActionQueue - Executing identity-insert immediately
[DEBUG] 2018-02-12 19:57:25.389 [main] SQL - insert into user (createDate, email, firstName, lastName, password, updateDate, userName) values (?, ?, ?, ?, ?, ?, ?)
[DEBUG] 2018-02-12 19:57:25.407 [main] IdentifierGeneratorHelper - Natively generated identity: 25
[DEBUG] 2018-02-12 19:57:25.407 [main] ResourceRegistryStandardImpl - HHH000387: ResultSet's statement was not registered
[DEBUG] 2018-02-12 19:57:25.408 [main] TransactionImpl - committing
[DEBUG] 2018-02-12 19:57:25.409 [main] AbstractFlushingEventListener - Processing flush-time cascades
[DEBUG] 2018-02-12 19:57:25.409 [main] AbstractFlushingEventListener - Dirty checking collections
[DEBUG] 2018-02-12 19:57:25.409 [main] AbstractFlushingEventListener - Flushed: 0 insertions, 0 updates, 0 deletions to 1 objects
[DEBUG] 2018-02-12 19:57:25.409 [main] AbstractFlushingEventListener - Flushed: 0 (re)creations, 0 updates, 0 removals to 0 collections
[DEBUG] 2018-02-12 19:57:25.409 [main] EntityPrinter - Listing entities:
[DEBUG] 2018-02-12 19:57:25.409 [main] EntityPrinter - edu.matc.entity.User{firstName=Fred, lastName=Flintstone, password=supersecret7, updateDate=2018-02-12 19:57:25.369, UserId=25, userName=fflintstone, email=fflintstone@gmail.com, createDate=2018-02-12 19:57:25.369}
[DEBUG] 2018-02-12 19:57:25.410 [main] LogicalConnectionManagedImpl - Initiating JDBC connection release from afterTransaction
[DEBUG] 2018-02-12 19:57:25.411 [main] LogicalConnectionManagedImpl - Initiating JDBC connection release from afterTransaction
[DEBUG] 2018-02-12 19:57:25.413 [main] SQL - select user0_.userId as userId1_0_0_, user0_.createDate as createDa2_0_0_, user0_.email as email3_0_0_, user0_.firstName as firstNam4_0_0_, user0_.lastName as lastName5_0_0_, user0_.password as password6_0_0_, user0_.updateDate as updateDa7_0_0_, user0_.userName as userName8_0_0_ from user user0_ where user0_.userId=?
[DEBUG] 2018-02-12 19:57:25.415 [main] ResultSetProcessorImpl - Starting ResultSet row #0
[DEBUG] 2018-02-12 19:57:25.415 [main] EntityReferenceInitializerImpl - On call to EntityIdentifierReaderImpl#resolve, EntityKey was already known; should only happen on root returns with an optional identifier specified
[DEBUG] 2018-02-12 19:57:25.415 [main] TwoPhaseLoad - Resolving associations for [edu.matc.entity.User#25]
[DEBUG] 2018-02-12 19:57:25.415 [main] TwoPhaseLoad - Done materializing entity [edu.matc.entity.User#25]
[DEBUG] 2018-02-12 19:57:25.415 [main] ResourceRegistryStandardImpl - HHH000387: ResultSet's statement was not registered
[DEBUG] 2018-02-12 19:57:25.416 [main] AbstractLoadPlanBasedEntityLoader - Done entity load : edu.matc.entity.User#25
[DEBUG] 2018-02-12 19:57:25.416 [main] LogicalConnectionManagedImpl - Initiating JDBC connection release from afterTransaction
