[DEBUG] 2018-02-12 20:05:47.336 [main] IntegratorServiceImpl - Adding Integrator [org.hibernate.cfg.beanvalidation.BeanValidationIntegrator].
[DEBUG] 2018-02-12 20:05:47.348 [main] IntegratorServiceImpl - Adding Integrator [org.hibernate.secure.spi.JaccIntegrator].
[DEBUG] 2018-02-12 20:05:47.356 [main] IntegratorServiceImpl - Adding Integrator [org.hibernate.cache.internal.CollectionCacheInvalidator].
[INFO ] 2018-02-12 20:05:47.508 [main] Version - HHH000412: Hibernate Core {5.2.12.Final}
[INFO ] 2018-02-12 20:05:47.510 [main] Environment - HHH000206: hibernate.properties not found
[DEBUG] 2018-02-12 20:05:47.575 [main] LocalXmlResourceResolver - Interpreting public/system identifier : [-//Hibernate/Hibernate Configuration DTD//EN] - [http://www.hibernate.org/dtd/hibernate-configuration-3.0.dtd]
[DEBUG] 2018-02-12 20:05:47.577 [main] LocalXmlResourceResolver - Recognized hibernate-configuration identifier; attempting to resolve on classpath under org/hibernate/
[DEBUG] 2018-02-12 20:05:47.588 [main] JaxbCfgProcessor - cfg.xml document did not define namespaces; wrapping in custom event reader to introduce namespace information
[DEBUG] 2018-02-12 20:05:48.008 [main] ServiceBinding - Overriding existing service binding [org.hibernate.secure.spi.JaccService]
[DEBUG] 2018-02-12 20:05:48.120 [main] RegionFactoryInitiator - Cache region factory : org.hibernate.cache.internal.NoCachingRegionFactory
[INFO ] 2018-02-12 20:05:48.199 [main] Version - HCANN000001: Hibernate Commons Annotations {5.0.1.Final}
[DEBUG] 2018-02-12 20:05:48.265 [main] BasicTypeRegistry - Adding type registration boolean -> org.hibernate.type.BooleanType@5852c06f
[DEBUG] 2018-02-12 20:05:48.266 [main] BasicTypeRegistry - Adding type registration boolean -> org.hibernate.type.BooleanType@5852c06f
[DEBUG] 2018-02-12 20:05:48.266 [main] BasicTypeRegistry - Adding type registration java.lang.Boolean -> org.hibernate.type.BooleanType@5852c06f
[DEBUG] 2018-02-12 20:05:48.268 [main] BasicTypeRegistry - Adding type registration numeric_boolean -> org.hibernate.type.NumericBooleanType@376a0d86
[DEBUG] 2018-02-12 20:05:48.269 [main] BasicTypeRegistry - Adding type registration true_false -> org.hibernate.type.TrueFalseType@6c7a164b
[DEBUG] 2018-02-12 20:05:48.270 [main] BasicTypeRegistry - Adding type registration yes_no -> org.hibernate.type.YesNoType@4ef74c30
[DEBUG] 2018-02-12 20:05:48.272 [main] BasicTypeRegistry - Adding type registration byte -> org.hibernate.type.ByteType@776a6d9b
[DEBUG] 2018-02-12 20:05:48.272 [main] BasicTypeRegistry - Adding type registration byte -> org.hibernate.type.ByteType@776a6d9b
[DEBUG] 2018-02-12 20:05:48.273 [main] BasicTypeRegistry - Adding type registration java.lang.Byte -> org.hibernate.type.ByteType@776a6d9b
[DEBUG] 2018-02-12 20:05:48.274 [main] BasicTypeRegistry - Adding type registration character -> org.hibernate.type.CharacterType@1cf56a1c
[DEBUG] 2018-02-12 20:05:48.274 [main] BasicTypeRegistry - Adding type registration char -> org.hibernate.type.CharacterType@1cf56a1c
[DEBUG] 2018-02-12 20:05:48.275 [main] BasicTypeRegistry - Adding type registration java.lang.Character -> org.hibernate.type.CharacterType@1cf56a1c
[DEBUG] 2018-02-12 20:05:48.295 [main] BasicTypeRegistry - Adding type registration short -> org.hibernate.type.ShortType@b86de0d
[DEBUG] 2018-02-12 20:05:48.295 [main] BasicTypeRegistry - Adding type registration short -> org.hibernate.type.ShortType@b86de0d
[DEBUG] 2018-02-12 20:05:48.295 [main] BasicTypeRegistry - Adding type registration java.lang.Short -> org.hibernate.type.ShortType@b86de0d
[DEBUG] 2018-02-12 20:05:48.297 [main] BasicTypeRegistry - Adding type registration integer -> org.hibernate.type.IntegerType@4808bc9b
[DEBUG] 2018-02-12 20:05:48.297 [main] BasicTypeRegistry - Adding type registration int -> org.hibernate.type.IntegerType@4808bc9b
[DEBUG] 2018-02-12 20:05:48.298 [main] BasicTypeRegistry - Adding type registration java.lang.Integer -> org.hibernate.type.IntegerType@4808bc9b
[DEBUG] 2018-02-12 20:05:48.300 [main] BasicTypeRegistry - Adding type registration long -> org.hibernate.type.LongType@7de62196
[DEBUG] 2018-02-12 20:05:48.300 [main] BasicTypeRegistry - Adding type registration long -> org.hibernate.type.LongType@7de62196
[DEBUG] 2018-02-12 20:05:48.300 [main] BasicTypeRegistry - Adding type registration java.lang.Long -> org.hibernate.type.LongType@7de62196
[DEBUG] 2018-02-12 20:05:48.302 [main] BasicTypeRegistry - Adding type registration float -> org.hibernate.type.FloatType@c667f46
[DEBUG] 2018-02-12 20:05:48.303 [main] BasicTypeRegistry - Adding type registration float -> org.hibernate.type.FloatType@c667f46
[DEBUG] 2018-02-12 20:05:48.303 [main] BasicTypeRegistry - Adding type registration java.lang.Float -> org.hibernate.type.FloatType@c667f46
[DEBUG] 2018-02-12 20:05:48.305 [main] BasicTypeRegistry - Adding type registration double -> org.hibernate.type.DoubleType@77659b30
[DEBUG] 2018-02-12 20:05:48.305 [main] BasicTypeRegistry - Adding type registration double -> org.hibernate.type.DoubleType@77659b30
[DEBUG] 2018-02-12 20:05:48.305 [main] BasicTypeRegistry - Adding type registration java.lang.Double -> org.hibernate.type.DoubleType@77659b30
[DEBUG] 2018-02-12 20:05:48.307 [main] BasicTypeRegistry - Adding type registration big_decimal -> org.hibernate.type.BigDecimalType@e25951c
[DEBUG] 2018-02-12 20:05:48.307 [main] BasicTypeRegistry - Adding type registration java.math.BigDecimal -> org.hibernate.type.BigDecimalType@e25951c
[DEBUG] 2018-02-12 20:05:48.308 [main] BasicTypeRegistry - Adding type registration big_integer -> org.hibernate.type.BigIntegerType@19976a65
[DEBUG] 2018-02-12 20:05:48.309 [main] BasicTypeRegistry - Adding type registration java.math.BigInteger -> org.hibernate.type.BigIntegerType@19976a65
[DEBUG] 2018-02-12 20:05:48.309 [main] BasicTypeRegistry - Adding type registration string -> org.hibernate.type.StringType@4bc222e
[DEBUG] 2018-02-12 20:05:48.310 [main] BasicTypeRegistry - Adding type registration java.lang.String -> org.hibernate.type.StringType@4bc222e
[DEBUG] 2018-02-12 20:05:48.311 [main] BasicTypeRegistry - Adding type registration nstring -> org.hibernate.type.StringNVarcharType@3eb91815
[DEBUG] 2018-02-12 20:05:48.311 [main] BasicTypeRegistry - Adding type registration ncharacter -> org.hibernate.type.CharacterNCharType@34b9f960
[DEBUG] 2018-02-12 20:05:48.313 [main] BasicTypeRegistry - Adding type registration url -> org.hibernate.type.UrlType@791d1f8b
[DEBUG] 2018-02-12 20:05:48.313 [main] BasicTypeRegistry - Adding type registration java.net.URL -> org.hibernate.type.UrlType@791d1f8b
[DEBUG] 2018-02-12 20:05:48.314 [main] BasicTypeRegistry - Adding type registration Duration -> org.hibernate.type.DurationType@93081b6
[DEBUG] 2018-02-12 20:05:48.315 [main] BasicTypeRegistry - Adding type registration java.time.Duration -> org.hibernate.type.DurationType@93081b6
[DEBUG] 2018-02-12 20:05:48.356 [main] BasicTypeRegistry - Adding type registration Instant -> org.hibernate.type.InstantType@239105a8
[DEBUG] 2018-02-12 20:05:48.356 [main] BasicTypeRegistry - Adding type registration java.time.Instant -> org.hibernate.type.InstantType@239105a8
[DEBUG] 2018-02-12 20:05:48.359 [main] BasicTypeRegistry - Adding type registration LocalDateTime -> org.hibernate.type.LocalDateTimeType@1df8b5b8
[DEBUG] 2018-02-12 20:05:48.359 [main] BasicTypeRegistry - Adding type registration java.time.LocalDateTime -> org.hibernate.type.LocalDateTimeType@1df8b5b8
[DEBUG] 2018-02-12 20:05:48.362 [main] BasicTypeRegistry - Adding type registration LocalDate -> org.hibernate.type.LocalDateType@407a7f2a
[DEBUG] 2018-02-12 20:05:48.370 [main] BasicTypeRegistry - Adding type registration java.time.LocalDate -> org.hibernate.type.LocalDateType@407a7f2a
[DEBUG] 2018-02-12 20:05:48.373 [main] BasicTypeRegistry - Adding type registration LocalTime -> org.hibernate.type.LocalTimeType@5f0fd5a0
[DEBUG] 2018-02-12 20:05:48.373 [main] BasicTypeRegistry - Adding type registration java.time.LocalTime -> org.hibernate.type.LocalTimeType@5f0fd5a0
[DEBUG] 2018-02-12 20:05:48.375 [main] BasicTypeRegistry - Adding type registration OffsetDateTime -> org.hibernate.type.OffsetDateTimeType@3116c353
[DEBUG] 2018-02-12 20:05:48.375 [main] BasicTypeRegistry - Adding type registration java.time.OffsetDateTime -> org.hibernate.type.OffsetDateTimeType@3116c353
[DEBUG] 2018-02-12 20:05:48.376 [main] BasicTypeRegistry - Adding type registration OffsetTime -> org.hibernate.type.OffsetTimeType@2e32ccc5
[DEBUG] 2018-02-12 20:05:48.377 [main] BasicTypeRegistry - Adding type registration java.time.OffsetTime -> org.hibernate.type.OffsetTimeType@2e32ccc5
[DEBUG] 2018-02-12 20:05:48.381 [main] BasicTypeRegistry - Adding type registration ZonedDateTime -> org.hibernate.type.ZonedDateTimeType@39d76cb5
[DEBUG] 2018-02-12 20:05:48.381 [main] BasicTypeRegistry - Adding type registration java.time.ZonedDateTime -> org.hibernate.type.ZonedDateTimeType@39d76cb5
[DEBUG] 2018-02-12 20:05:48.386 [main] BasicTypeRegistry - Adding type registration date -> org.hibernate.type.DateType@14a50707
[DEBUG] 2018-02-12 20:05:48.386 [main] BasicTypeRegistry - Adding type registration java.sql.Date -> org.hibernate.type.DateType@14a50707
[DEBUG] 2018-02-12 20:05:48.388 [main] BasicTypeRegistry - Adding type registration time -> org.hibernate.type.TimeType@7354b8c5
[DEBUG] 2018-02-12 20:05:48.388 [main] BasicTypeRegistry - Adding type registration java.sql.Time -> org.hibernate.type.TimeType@7354b8c5
[DEBUG] 2018-02-12 20:05:48.390 [main] BasicTypeRegistry - Adding type registration timestamp -> org.hibernate.type.TimestampType@59e2d8e3
[DEBUG] 2018-02-12 20:05:48.390 [main] BasicTypeRegistry - Adding type registration java.sql.Timestamp -> org.hibernate.type.TimestampType@59e2d8e3
[DEBUG] 2018-02-12 20:05:48.390 [main] BasicTypeRegistry - Adding type registration java.util.Date -> org.hibernate.type.TimestampType@59e2d8e3
[DEBUG] 2018-02-12 20:05:48.393 [main] BasicTypeRegistry - Adding type registration dbtimestamp -> org.hibernate.type.DbTimestampType@5d43661b
[DEBUG] 2018-02-12 20:05:48.395 [main] BasicTypeRegistry - Adding type registration calendar -> org.hibernate.type.CalendarType@1c39680d
[DEBUG] 2018-02-12 20:05:48.396 [main] BasicTypeRegistry - Adding type registration java.util.Calendar -> org.hibernate.type.CalendarType@1c39680d
[DEBUG] 2018-02-12 20:05:48.396 [main] BasicTypeRegistry - Adding type registration java.util.GregorianCalendar -> org.hibernate.type.CalendarType@1c39680d
[DEBUG] 2018-02-12 20:05:48.397 [main] BasicTypeRegistry - Adding type registration calendar_date -> org.hibernate.type.CalendarDateType@a37aefe
[DEBUG] 2018-02-12 20:05:48.400 [main] BasicTypeRegistry - Adding type registration locale -> org.hibernate.type.LocaleType@37fb0bed
[DEBUG] 2018-02-12 20:05:48.401 [main] BasicTypeRegistry - Adding type registration java.util.Locale -> org.hibernate.type.LocaleType@37fb0bed
[DEBUG] 2018-02-12 20:05:48.402 [main] BasicTypeRegistry - Adding type registration currency -> org.hibernate.type.CurrencyType@766653e6
[DEBUG] 2018-02-12 20:05:48.402 [main] BasicTypeRegistry - Adding type registration java.util.Currency -> org.hibernate.type.CurrencyType@766653e6
[DEBUG] 2018-02-12 20:05:48.403 [main] BasicTypeRegistry - Adding type registration timezone -> org.hibernate.type.TimeZoneType@48c76607
[DEBUG] 2018-02-12 20:05:48.403 [main] BasicTypeRegistry - Adding type registration java.util.TimeZone -> org.hibernate.type.TimeZoneType@48c76607
[DEBUG] 2018-02-12 20:05:48.404 [main] BasicTypeRegistry - Adding type registration class -> org.hibernate.type.ClassType@1787bc24
[DEBUG] 2018-02-12 20:05:48.404 [main] BasicTypeRegistry - Adding type registration java.lang.Class -> org.hibernate.type.ClassType@1787bc24
[DEBUG] 2018-02-12 20:05:48.406 [main] BasicTypeRegistry - Adding type registration uuid-binary -> org.hibernate.type.UUIDBinaryType@f14a7d4
[DEBUG] 2018-02-12 20:05:48.406 [main] BasicTypeRegistry - Adding type registration java.util.UUID -> org.hibernate.type.UUIDBinaryType@f14a7d4
[DEBUG] 2018-02-12 20:05:48.407 [main] BasicTypeRegistry - Adding type registration uuid-char -> org.hibernate.type.UUIDCharType@79c97cb
[DEBUG] 2018-02-12 20:05:48.413 [main] BasicTypeRegistry - Adding type registration binary -> org.hibernate.type.BinaryType@6f6745d6
[DEBUG] 2018-02-12 20:05:48.414 [main] BasicTypeRegistry - Adding type registration byte[] -> org.hibernate.type.BinaryType@6f6745d6
[DEBUG] 2018-02-12 20:05:48.414 [main] BasicTypeRegistry - Adding type registration [B -> org.hibernate.type.BinaryType@6f6745d6
[DEBUG] 2018-02-12 20:05:48.415 [main] BasicTypeRegistry - Adding type registration wrapper-binary -> org.hibernate.type.WrapperBinaryType@3ddc6915
[DEBUG] 2018-02-12 20:05:48.415 [main] BasicTypeRegistry - Adding type registration Byte[] -> org.hibernate.type.WrapperBinaryType@3ddc6915
[DEBUG] 2018-02-12 20:05:48.415 [main] BasicTypeRegistry - Adding type registration [Ljava.lang.Byte; -> org.hibernate.type.WrapperBinaryType@3ddc6915
[DEBUG] 2018-02-12 20:05:48.417 [main] BasicTypeRegistry - Adding type registration row_version -> org.hibernate.type.RowVersionType@1acaf3d
[DEBUG] 2018-02-12 20:05:48.418 [main] BasicTypeRegistry - Adding type registration image -> org.hibernate.type.ImageType@2b9ed6da
[DEBUG] 2018-02-12 20:05:48.422 [main] BasicTypeRegistry - Adding type registration characters -> org.hibernate.type.CharArrayType@389c4eb1
[DEBUG] 2018-02-12 20:05:48.423 [main] BasicTypeRegistry - Adding type registration char[] -> org.hibernate.type.CharArrayType@389c4eb1
[DEBUG] 2018-02-12 20:05:48.423 [main] BasicTypeRegistry - Adding type registration [C -> org.hibernate.type.CharArrayType@389c4eb1
[DEBUG] 2018-02-12 20:05:48.425 [main] BasicTypeRegistry - Adding type registration wrapper-characters -> org.hibernate.type.CharacterArrayType@127a7a2e
[DEBUG] 2018-02-12 20:05:48.425 [main] BasicTypeRegistry - Adding type registration [Ljava.lang.Character; -> org.hibernate.type.CharacterArrayType@127a7a2e
[DEBUG] 2018-02-12 20:05:48.425 [main] BasicTypeRegistry - Adding type registration Character[] -> org.hibernate.type.CharacterArrayType@127a7a2e
[DEBUG] 2018-02-12 20:05:48.426 [main] BasicTypeRegistry - Adding type registration text -> org.hibernate.type.TextType@6d7fc27
[DEBUG] 2018-02-12 20:05:48.427 [main] BasicTypeRegistry - Adding type registration ntext -> org.hibernate.type.NTextType@4f74980d
[DEBUG] 2018-02-12 20:05:48.436 [main] BasicTypeRegistry - Adding type registration blob -> org.hibernate.type.BlobType@125290e5
[DEBUG] 2018-02-12 20:05:48.436 [main] BasicTypeRegistry - Adding type registration java.sql.Blob -> org.hibernate.type.BlobType@125290e5
[DEBUG] 2018-02-12 20:05:48.438 [main] BasicTypeRegistry - Adding type registration materialized_blob -> org.hibernate.type.MaterializedBlobType@616ac46a
[DEBUG] 2018-02-12 20:05:48.445 [main] BasicTypeRegistry - Adding type registration clob -> org.hibernate.type.ClobType@30c8681
[DEBUG] 2018-02-12 20:05:48.446 [main] BasicTypeRegistry - Adding type registration java.sql.Clob -> org.hibernate.type.ClobType@30c8681
[DEBUG] 2018-02-12 20:05:48.546 [main] BasicTypeRegistry - Adding type registration nclob -> org.hibernate.type.NClobType@662706a7
[DEBUG] 2018-02-12 20:05:48.546 [main] BasicTypeRegistry - Adding type registration java.sql.NClob -> org.hibernate.type.NClobType@662706a7
[DEBUG] 2018-02-12 20:05:48.547 [main] BasicTypeRegistry - Adding type registration materialized_clob -> org.hibernate.type.MaterializedClobType@327af41b
[DEBUG] 2018-02-12 20:05:48.548 [main] BasicTypeRegistry - Adding type registration materialized_nclob -> org.hibernate.type.MaterializedNClobType@f99f5e0
[DEBUG] 2018-02-12 20:05:48.550 [main] BasicTypeRegistry - Adding type registration serializable -> org.hibernate.type.SerializableType@3406472c
[DEBUG] 2018-02-12 20:05:48.557 [main] BasicTypeRegistry - Adding type registration object -> org.hibernate.type.ObjectType@147a5d08
[DEBUG] 2018-02-12 20:05:48.558 [main] BasicTypeRegistry - Adding type registration java.lang.Object -> org.hibernate.type.ObjectType@147a5d08
[DEBUG] 2018-02-12 20:05:48.558 [main] BasicTypeRegistry - Adding type registration imm_date -> org.hibernate.type.AdaptedImmutableType@1672fe87
[DEBUG] 2018-02-12 20:05:48.558 [main] BasicTypeRegistry - Adding type registration imm_time -> org.hibernate.type.AdaptedImmutableType@5026735c
[DEBUG] 2018-02-12 20:05:48.560 [main] BasicTypeRegistry - Adding type registration imm_timestamp -> org.hibernate.type.AdaptedImmutableType@1b45c0e
[DEBUG] 2018-02-12 20:05:48.560 [main] BasicTypeRegistry - Adding type registration imm_dbtimestamp -> org.hibernate.type.AdaptedImmutableType@11f0a5a1
[DEBUG] 2018-02-12 20:05:48.560 [main] BasicTypeRegistry - Adding type registration imm_calendar -> org.hibernate.type.AdaptedImmutableType@10f7f7de
[DEBUG] 2018-02-12 20:05:48.560 [main] BasicTypeRegistry - Adding type registration imm_calendar_date -> org.hibernate.type.AdaptedImmutableType@73a8da0f
[DEBUG] 2018-02-12 20:05:48.560 [main] BasicTypeRegistry - Adding type registration imm_binary -> org.hibernate.type.AdaptedImmutableType@50dfbc58
[DEBUG] 2018-02-12 20:05:48.560 [main] BasicTypeRegistry - Adding type registration imm_serializable -> org.hibernate.type.AdaptedImmutableType@4416d64f
[INFO ] 2018-02-12 20:05:48.587 [main] C3P0ConnectionProvider - HHH010002: C3P0 using driver: com.mysql.jdbc.Driver at URL: jdbc:mysql://localhost:3306/myBikePlace
[INFO ] 2018-02-12 20:05:48.587 [main] C3P0ConnectionProvider - HHH10001001: Connection properties: {user=root, password=****}
[INFO ] 2018-02-12 20:05:48.588 [main] C3P0ConnectionProvider - HHH10001003: Autocommit mode: false
[INFO ] 2018-02-12 20:05:48.927 [main] C3P0ConnectionProvider - HHH10001007: JDBC isolation level: <unknown>
[DEBUG] 2018-02-12 20:05:49.671 [main] JdbcEnvironmentInitiator - Database ->
       name : MySQL
    version : 5.7.20
      major : 5
      minor : 7
[DEBUG] 2018-02-12 20:05:49.671 [main] JdbcEnvironmentInitiator - Driver ->
       name : MySQL Connector Java
    version : mysql-connector-java-5.1.39 ( Revision: 3289a357af6d09ecc1a10fd3c26e95183e5790ad )
      major : 5
      minor : 1
[DEBUG] 2018-02-12 20:05:49.671 [main] JdbcEnvironmentInitiator - JDBC version : 4.0
[INFO ] 2018-02-12 20:05:49.710 [main] Dialect - HHH000400: Using dialect: org.hibernate.dialect.MySQL5Dialect
[DEBUG] 2018-02-12 20:05:49.838 [main] IdentifierHelperBuilder - JDBC driver metadata reported database stores quoted identifiers in more than one case
[DEBUG] 2018-02-12 20:05:49.843 [main] IdentifierHelperBuilder - IdentifierCaseStrategy for both quoted and unquoted identifiers was set to the same strategy [MIXED]; that will likely lead to problems in schema update and validation if using quoted identifiers
[DEBUG] 2018-02-12 20:05:49.938 [main] DefaultIdentifierGeneratorFactory - Registering IdentifierGenerator strategy [uuid2] -> [org.hibernate.id.UUIDGenerator]
[DEBUG] 2018-02-12 20:05:49.940 [main] DefaultIdentifierGeneratorFactory - Registering IdentifierGenerator strategy [guid] -> [org.hibernate.id.GUIDGenerator]
[DEBUG] 2018-02-12 20:05:49.944 [main] DefaultIdentifierGeneratorFactory - Registering IdentifierGenerator strategy [uuid] -> [org.hibernate.id.UUIDHexGenerator]
[DEBUG] 2018-02-12 20:05:49.944 [main] DefaultIdentifierGeneratorFactory - Registering IdentifierGenerator strategy [uuid.hex] -> [org.hibernate.id.UUIDHexGenerator]
[DEBUG] 2018-02-12 20:05:49.945 [main] DefaultIdentifierGeneratorFactory - Registering IdentifierGenerator strategy [assigned] -> [org.hibernate.id.Assigned]
[DEBUG] 2018-02-12 20:05:49.946 [main] DefaultIdentifierGeneratorFactory - Registering IdentifierGenerator strategy [identity] -> [org.hibernate.id.IdentityGenerator]
[DEBUG] 2018-02-12 20:05:49.947 [main] DefaultIdentifierGeneratorFactory - Registering IdentifierGenerator strategy [select] -> [org.hibernate.id.SelectGenerator]
[DEBUG] 2018-02-12 20:05:49.949 [main] DefaultIdentifierGeneratorFactory - Registering IdentifierGenerator strategy [sequence] -> [org.hibernate.id.enhanced.SequenceStyleGenerator]
[DEBUG] 2018-02-12 20:05:49.950 [main] DefaultIdentifierGeneratorFactory - Registering IdentifierGenerator strategy [seqhilo] -> [org.hibernate.id.SequenceHiLoGenerator]
[DEBUG] 2018-02-12 20:05:49.955 [main] DefaultIdentifierGeneratorFactory - Registering IdentifierGenerator strategy [increment] -> [org.hibernate.id.IncrementGenerator]
[DEBUG] 2018-02-12 20:05:49.957 [main] DefaultIdentifierGeneratorFactory - Registering IdentifierGenerator strategy [foreign] -> [org.hibernate.id.ForeignGenerator]
[DEBUG] 2018-02-12 20:05:49.957 [main] DefaultIdentifierGeneratorFactory - Registering IdentifierGenerator strategy [sequence-identity] -> [org.hibernate.id.SequenceIdentityGenerator]
[DEBUG] 2018-02-12 20:05:49.958 [main] DefaultIdentifierGeneratorFactory - Registering IdentifierGenerator strategy [enhanced-sequence] -> [org.hibernate.id.enhanced.SequenceStyleGenerator]
[DEBUG] 2018-02-12 20:05:49.960 [main] DefaultIdentifierGeneratorFactory - Registering IdentifierGenerator strategy [enhanced-table] -> [org.hibernate.id.enhanced.TableGenerator]
[DEBUG] 2018-02-12 20:05:50.047 [main] Namespace - Created database namespace [logicalName=Name{catalog=null, schema=null}, physicalName=Name{catalog=null, schema=null}]
[DEBUG] 2018-02-12 20:05:50.111 [main] AnnotationBinder - Binding entity from annotated class: edu.matc.entity.User
[DEBUG] 2018-02-12 20:05:50.176 [main] Ejb3Column - Binding column: Ejb3DiscriminatorColumn{logicalColumnName'DTYPE', discriminatorTypeName='string'}
[DEBUG] 2018-02-12 20:05:50.192 [main] EntityBinder - Import with entity name User
[DEBUG] 2018-02-12 20:05:50.201 [main] EntityBinder - Bind entity edu.matc.entity.User on table user
[DEBUG] 2018-02-12 20:05:50.254 [main] Ejb3Column - Binding column: Ejb3Column{table=org.hibernate.mapping.Table(user), mappingColumn=userId, insertable=true, updatable=true, unique=false}
[DEBUG] 2018-02-12 20:05:50.261 [main] PropertyBinder - MetadataSourceProcessor property UserId with lazy=false
[DEBUG] 2018-02-12 20:05:50.265 [main] AbstractPropertyHolder - Attempting to locate auto-apply AttributeConverter for property [edu.matc.entity.User:UserId]
[DEBUG] 2018-02-12 20:05:50.270 [main] SimpleValueBinder - building SimpleValue for UserId
[DEBUG] 2018-02-12 20:05:50.277 [main] PropertyBinder - Building property UserId
[DEBUG] 2018-02-12 20:05:50.298 [main] Ejb3Column - Binding column: Ejb3Column{table=org.hibernate.mapping.Table(user), mappingColumn=createDate, insertable=true, updatable=true, unique=false}
[DEBUG] 2018-02-12 20:05:50.299 [main] PropertyBinder - MetadataSourceProcessor property createDate with lazy=false
[DEBUG] 2018-02-12 20:05:50.299 [main] AbstractPropertyHolder - Attempting to locate auto-apply AttributeConverter for property [edu.matc.entity.User:createDate]
[DEBUG] 2018-02-12 20:05:50.299 [main] SimpleValueBinder - building SimpleValue for createDate
[DEBUG] 2018-02-12 20:05:50.300 [main] PropertyBinder - Building property createDate
[DEBUG] 2018-02-12 20:05:50.300 [main] Ejb3Column - Binding column: Ejb3Column{table=org.hibernate.mapping.Table(user), mappingColumn=email, insertable=true, updatable=true, unique=false}
[DEBUG] 2018-02-12 20:05:50.300 [main] PropertyBinder - MetadataSourceProcessor property email with lazy=false
[DEBUG] 2018-02-12 20:05:50.300 [main] AbstractPropertyHolder - Attempting to locate auto-apply AttributeConverter for property [edu.matc.entity.User:email]
[DEBUG] 2018-02-12 20:05:50.300 [main] SimpleValueBinder - building SimpleValue for email
[DEBUG] 2018-02-12 20:05:50.300 [main] PropertyBinder - Building property email
[DEBUG] 2018-02-12 20:05:50.300 [main] Ejb3Column - Binding column: Ejb3Column{table=org.hibernate.mapping.Table(user), mappingColumn=firstName, insertable=true, updatable=true, unique=false}
[DEBUG] 2018-02-12 20:05:50.301 [main] PropertyBinder - MetadataSourceProcessor property firstName with lazy=false
[DEBUG] 2018-02-12 20:05:50.301 [main] AbstractPropertyHolder - Attempting to locate auto-apply AttributeConverter for property [edu.matc.entity.User:firstName]
[DEBUG] 2018-02-12 20:05:50.301 [main] SimpleValueBinder - building SimpleValue for firstName
[DEBUG] 2018-02-12 20:05:50.301 [main] PropertyBinder - Building property firstName
[DEBUG] 2018-02-12 20:05:50.310 [main] Ejb3Column - Binding column: Ejb3Column{table=org.hibernate.mapping.Table(user), mappingColumn=lastName, insertable=true, updatable=true, unique=false}
[DEBUG] 2018-02-12 20:05:50.310 [main] PropertyBinder - MetadataSourceProcessor property lastName with lazy=false
[DEBUG] 2018-02-12 20:05:50.310 [main] AbstractPropertyHolder - Attempting to locate auto-apply AttributeConverter for property [edu.matc.entity.User:lastName]
[DEBUG] 2018-02-12 20:05:50.311 [main] SimpleValueBinder - building SimpleValue for lastName
[DEBUG] 2018-02-12 20:05:50.312 [main] PropertyBinder - Building property lastName
[DEBUG] 2018-02-12 20:05:50.313 [main] Ejb3Column - Binding column: Ejb3Column{table=org.hibernate.mapping.Table(user), mappingColumn=password, insertable=true, updatable=true, unique=false}
[DEBUG] 2018-02-12 20:05:50.313 [main] PropertyBinder - MetadataSourceProcessor property password with lazy=false
[DEBUG] 2018-02-12 20:05:50.313 [main] AbstractPropertyHolder - Attempting to locate auto-apply AttributeConverter for property [edu.matc.entity.User:password]
[DEBUG] 2018-02-12 20:05:50.313 [main] SimpleValueBinder - building SimpleValue for password
[DEBUG] 2018-02-12 20:05:50.313 [main] PropertyBinder - Building property password
[DEBUG] 2018-02-12 20:05:50.313 [main] Ejb3Column - Binding column: Ejb3Column{table=org.hibernate.mapping.Table(user), mappingColumn=updateDate, insertable=true, updatable=true, unique=false}
[DEBUG] 2018-02-12 20:05:50.313 [main] PropertyBinder - MetadataSourceProcessor property updateDate with lazy=false
[DEBUG] 2018-02-12 20:05:50.314 [main] AbstractPropertyHolder - Attempting to locate auto-apply AttributeConverter for property [edu.matc.entity.User:updateDate]
[DEBUG] 2018-02-12 20:05:50.314 [main] SimpleValueBinder - building SimpleValue for updateDate
[DEBUG] 2018-02-12 20:05:50.314 [main] PropertyBinder - Building property updateDate
[DEBUG] 2018-02-12 20:05:50.314 [main] Ejb3Column - Binding column: Ejb3Column{table=org.hibernate.mapping.Table(user), mappingColumn=userName, insertable=true, updatable=true, unique=false}
[DEBUG] 2018-02-12 20:05:50.315 [main] PropertyBinder - MetadataSourceProcessor property userName with lazy=false
[DEBUG] 2018-02-12 20:05:50.315 [main] AbstractPropertyHolder - Attempting to locate auto-apply AttributeConverter for property [edu.matc.entity.User:userName]
[DEBUG] 2018-02-12 20:05:50.315 [main] SimpleValueBinder - building SimpleValue for userName
[DEBUG] 2018-02-12 20:05:50.315 [main] PropertyBinder - Building property userName
[DEBUG] 2018-02-12 20:05:50.318 [main] SimpleValueBinder - Starting fillSimpleValue for UserId
[DEBUG] 2018-02-12 20:05:50.318 [main] SimpleValueBinder - Starting fillSimpleValue for createDate
[DEBUG] 2018-02-12 20:05:50.318 [main] SimpleValueBinder - Starting fillSimpleValue for email
[DEBUG] 2018-02-12 20:05:50.318 [main] SimpleValueBinder - Starting fillSimpleValue for firstName
[DEBUG] 2018-02-12 20:05:50.318 [main] SimpleValueBinder - Starting fillSimpleValue for lastName
[DEBUG] 2018-02-12 20:05:50.318 [main] SimpleValueBinder - Starting fillSimpleValue for password
[DEBUG] 2018-02-12 20:05:50.318 [main] SimpleValueBinder - Starting fillSimpleValue for updateDate
[DEBUG] 2018-02-12 20:05:50.318 [main] SimpleValueBinder - Starting fillSimpleValue for userName
[DEBUG] 2018-02-12 20:05:50.320 [main] PrimaryKey - Forcing column [userid] to be non-null as it is part of the primary key for table [user]
[DEBUG] 2018-02-12 20:05:50.412 [main] SessionFactoryImpl - Building session factory
[DEBUG] 2018-02-12 20:05:50.413 [main] Settings - SessionFactory name : null
[DEBUG] 2018-02-12 20:05:50.414 [main] Settings - Automatic flush during beforeCompletion(): enabled
[DEBUG] 2018-02-12 20:05:50.414 [main] Settings - Automatic session close at end of transaction: disabled
[DEBUG] 2018-02-12 20:05:50.414 [main] Settings - Statistics: disabled
[DEBUG] 2018-02-12 20:05:50.414 [main] Settings - Deleted entity synthetic identifier rollback: disabled
[DEBUG] 2018-02-12 20:05:50.414 [main] Settings - Default entity-mode: pojo
[DEBUG] 2018-02-12 20:05:50.414 [main] Settings - Check Nullability in Core (should be disabled when Bean Validation is on): enabled
[DEBUG] 2018-02-12 20:05:50.415 [main] Settings - Allow initialization of lazy state outside session : disabled
[DEBUG] 2018-02-12 20:05:50.415 [main] Settings - Using BatchFetchStyle : LEGACY
[DEBUG] 2018-02-12 20:05:50.415 [main] Settings - Default batch fetch size: -1
[DEBUG] 2018-02-12 20:05:50.415 [main] Settings - Maximum outer join fetch depth: 2
[DEBUG] 2018-02-12 20:05:50.415 [main] Settings - Default null ordering: NONE
[DEBUG] 2018-02-12 20:05:50.415 [main] Settings - Order SQL updates by primary key: disabled
[DEBUG] 2018-02-12 20:05:50.415 [main] Settings - Order SQL inserts for batching: disabled
[DEBUG] 2018-02-12 20:05:50.415 [main] Settings - multi-tenancy strategy : NONE
[DEBUG] 2018-02-12 20:05:50.415 [main] Settings - JTA Track by Thread: enabled
[DEBUG] 2018-02-12 20:05:50.415 [main] Settings - Query language substitutions: {}
[DEBUG] 2018-02-12 20:05:50.415 [main] Settings - JPA query language strict compliance: disabled
[DEBUG] 2018-02-12 20:05:50.416 [main] Settings - Named query checking : enabled
[DEBUG] 2018-02-12 20:05:50.416 [main] Settings - Second-level cache: enabled
[DEBUG] 2018-02-12 20:05:50.416 [main] Settings - Second-level query cache: disabled
[DEBUG] 2018-02-12 20:05:50.416 [main] Settings - Second-level query cache factory: org.hibernate.cache.internal.StandardQueryCacheFactory@4a9f80d3
[DEBUG] 2018-02-12 20:05:50.416 [main] Settings - Second-level cache region prefix: null
[DEBUG] 2018-02-12 20:05:50.416 [main] Settings - Optimize second-level cache for minimal puts: disabled
[DEBUG] 2018-02-12 20:05:50.416 [main] Settings - Structured second-level cache entries: disabled
[DEBUG] 2018-02-12 20:05:50.416 [main] Settings - Second-level cache direct-reference entries: disabled
[DEBUG] 2018-02-12 20:05:50.416 [main] Settings - Automatic eviction of collection cache: disabled
[DEBUG] 2018-02-12 20:05:50.417 [main] Settings - JDBC batch size: 15
[DEBUG] 2018-02-12 20:05:50.417 [main] Settings - JDBC batch updates for versioned data: enabled
[DEBUG] 2018-02-12 20:05:50.417 [main] Settings - Scrollable result sets: enabled
[DEBUG] 2018-02-12 20:05:50.417 [main] Settings - Wrap result sets: disabled
[DEBUG] 2018-02-12 20:05:50.417 [main] Settings - JDBC3 getGeneratedKeys(): enabled
[DEBUG] 2018-02-12 20:05:50.417 [main] Settings - JDBC result set fetch size: null
[DEBUG] 2018-02-12 20:05:50.417 [main] Settings - Connection release mode: AFTER_TRANSACTION
[DEBUG] 2018-02-12 20:05:50.417 [main] Settings - Generate SQL with comments: disabled
[DEBUG] 2018-02-12 20:05:50.605 [main] SessionFactoryImpl - Session factory constructed with filter configurations : {}
[DEBUG] 2018-02-12 20:05:50.605 [main] SessionFactoryImpl - Instantiating session factory with properties: {gopherProxySet=false, awt.toolkit=sun.lwawt.macosx.LWCToolkit, file.encoding.pkg=sun.io, java.specification.version=1.8, sun.cpu.isalist=, hibernate.c3p0.idle_test_period=3000, sun.jnu.encoding=UTF-8, hibernate.c3p0.min_size=5, java.class.path=/Users/sighguy4/IdeaProjects/myBikePlace/target/test-classes:/Users/sighguy4/IdeaProjects/myBikePlace/target/classes:/Users/sighguy4/.m2/repository/junit/junit/4.12/junit-4.12.jar:/Users/sighguy4/.m2/repository/org/hamcrest/hamcrest-core/1.3/hamcrest-core-1.3.jar:/Users/sighguy4/.m2/repository/javax/javaee-web-api/7.0/javaee-web-api-7.0.jar:/Users/sighguy4/.m2/repository/mysql/mysql-connector-java/5.1.39/mysql-connector-java-5.1.39.jar:/Users/sighguy4/.m2/repository/org/apache/logging/log4j/log4j-api/2.10.0/log4j-api-2.10.0.jar:/Users/sighguy4/.m2/repository/org/apache/logging/log4j/log4j-core/2.10.0/log4j-core-2.10.0.jar:/Users/sighguy4/.m2/repository/org/junit/jupiter/junit-jupiter-engine/5.0.0/junit-jupiter-engine-5.0.0.jar:/Users/sighguy4/.m2/repository/org/apiguardian/apiguardian-api/1.0.0/apiguardian-api-1.0.0.jar:/Users/sighguy4/.m2/repository/org/junit/platform/junit-platform-engine/1.0.0/junit-platform-engine-1.0.0.jar:/Users/sighguy4/.m2/repository/org/junit/platform/junit-platform-commons/1.0.0/junit-platform-commons-1.0.0.jar:/Users/sighguy4/.m2/repository/org/opentest4j/opentest4j/1.0.0/opentest4j-1.0.0.jar:/Users/sighguy4/.m2/repository/org/junit/jupiter/junit-jupiter-api/5.0.0/junit-jupiter-api-5.0.0.jar:/Users/sighguy4/.m2/repository/org/junit/platform/junit-platform-runner/1.0.0/junit-platform-runner-1.0.0.jar:/Users/sighguy4/.m2/repository/org/junit/platform/junit-platform-launcher/1.0.0/junit-platform-launcher-1.0.0.jar:/Users/sighguy4/.m2/repository/org/junit/platform/junit-platform-suite-api/1.0.0/junit-platform-suite-api-1.0.0.jar:/Users/sighguy4/.m2/repository/org/junit/vintage/junit-vintage-engine/4.12.0/junit-vintage-engine-4.12.0.jar:/Users/sighguy4/.m2/repository/org/hibernate/hibernate-core/5.2.12.Final/hibernate-core-5.2.12.Final.jar:/Users/sighguy4/.m2/repository/org/jboss/logging/jboss-logging/3.3.0.Final/jboss-logging-3.3.0.Final.jar:/Users/sighguy4/.m2/repository/org/hibernate/javax/persistence/hibernate-jpa-2.1-api/1.0.0.Final/hibernate-jpa-2.1-api-1.0.0.Final.jar:/Users/sighguy4/.m2/repository/org/javassist/javassist/3.20.0-GA/javassist-3.20.0-GA.jar:/Users/sighguy4/.m2/repository/antlr/antlr/2.7.7/antlr-2.7.7.jar:/Users/sighguy4/.m2/repository/org/jboss/spec/javax/transaction/jboss-transaction-api_1.2_spec/1.0.1.Final/jboss-transaction-api_1.2_spec-1.0.1.Final.jar:/Users/sighguy4/.m2/repository/org/jboss/jandex/2.0.3.Final/jandex-2.0.3.Final.jar:/Users/sighguy4/.m2/repository/com/fasterxml/classmate/1.3.0/classmate-1.3.0.jar:/Users/sighguy4/.m2/repository/dom4j/dom4j/1.6.1/dom4j-1.6.1.jar:/Users/sighguy4/.m2/repository/org/hibernate/common/hibernate-commons-annotations/5.0.1.Final/hibernate-commons-annotations-5.0.1.Final.jar:/Users/sighguy4/.m2/repository/org/hibernate/hibernate-c3p0/5.2.12.Final/hibernate-c3p0-5.2.12.Final.jar:/Users/sighguy4/.m2/repository/com/mchange/c3p0/0.9.5.2/c3p0-0.9.5.2.jar:/Users/sighguy4/.m2/repository/com/mchange/mchange-commons-java/0.2.11/mchange-commons-java-0.2.11.jar:, java.vm.vendor=Oracle Corporation, sun.arch.data.model=64, java.vendor.url=http://java.oracle.com/, user.timezone=America/Chicago, os.name=Mac OS X, java.vm.specification.version=1.8, sun.java.launcher=SUN_STANDARD, user.country=US, sun.boot.library.path=/Library/Java/JavaVirtualMachines/jdk1.8.0_152.jdk/Contents/Home/jre/lib, sun.java.command=/Users/sighguy4/IdeaProjects/myBikePlace/target/surefire/surefirebooter9041442750021383884.jar /Users/sighguy4/IdeaProjects/myBikePlace/target/surefire/surefire8263451623908902469tmp /Users/sighguy4/IdeaProjects/myBikePlace/target/surefire/surefire_05667496131065060031tmp, http.nonProxyHosts=local|*.local|169.254/16|*.169.254/16, surefire.test.class.path=/Users/sighguy4/IdeaProjects/myBikePlace/target/test-classes:/Users/sighguy4/IdeaProjects/myBikePlace/target/classes:/Users/sighguy4/.m2/repository/junit/junit/4.12/junit-4.12.jar:/Users/sighguy4/.m2/repository/org/hamcrest/hamcrest-core/1.3/hamcrest-core-1.3.jar:/Users/sighguy4/.m2/repository/javax/javaee-web-api/7.0/javaee-web-api-7.0.jar:/Users/sighguy4/.m2/repository/mysql/mysql-connector-java/5.1.39/mysql-connector-java-5.1.39.jar:/Users/sighguy4/.m2/repository/org/apache/logging/log4j/log4j-api/2.10.0/log4j-api-2.10.0.jar:/Users/sighguy4/.m2/repository/org/apache/logging/log4j/log4j-core/2.10.0/log4j-core-2.10.0.jar:/Users/sighguy4/.m2/repository/org/junit/jupiter/junit-jupiter-engine/5.0.0/junit-jupiter-engine-5.0.0.jar:/Users/sighguy4/.m2/repository/org/apiguardian/apiguardian-api/1.0.0/apiguardian-api-1.0.0.jar:/Users/sighguy4/.m2/repository/org/junit/platform/junit-platform-engine/1.0.0/junit-platform-engine-1.0.0.jar:/Users/sighguy4/.m2/repository/org/junit/platform/junit-platform-commons/1.0.0/junit-platform-commons-1.0.0.jar:/Users/sighguy4/.m2/repository/org/opentest4j/opentest4j/1.0.0/opentest4j-1.0.0.jar:/Users/sighguy4/.m2/repository/org/junit/jupiter/junit-jupiter-api/5.0.0/junit-jupiter-api-5.0.0.jar:/Users/sighguy4/.m2/repository/org/junit/platform/junit-platform-runner/1.0.0/junit-platform-runner-1.0.0.jar:/Users/sighguy4/.m2/repository/org/junit/platform/junit-platform-launcher/1.0.0/junit-platform-launcher-1.0.0.jar:/Users/sighguy4/.m2/repository/org/junit/platform/junit-platform-suite-api/1.0.0/junit-platform-suite-api-1.0.0.jar:/Users/sighguy4/.m2/repository/org/junit/vintage/junit-vintage-engine/4.12.0/junit-vintage-engine-4.12.0.jar:/Users/sighguy4/.m2/repository/org/hibernate/hibernate-core/5.2.12.Final/hibernate-core-5.2.12.Final.jar:/Users/sighguy4/.m2/repository/org/jboss/logging/jboss-logging/3.3.0.Final/jboss-logging-3.3.0.Final.jar:/Users/sighguy4/.m2/repository/org/hibernate/javax/persistence/hibernate-jpa-2.1-api/1.0.0.Final/hibernate-jpa-2.1-api-1.0.0.Final.jar:/Users/sighguy4/.m2/repository/org/javassist/javassist/3.20.0-GA/javassist-3.20.0-GA.jar:/Users/sighguy4/.m2/repository/antlr/antlr/2.7.7/antlr-2.7.7.jar:/Users/sighguy4/.m2/repository/org/jboss/spec/javax/transaction/jboss-transaction-api_1.2_spec/1.0.1.Final/jboss-transaction-api_1.2_spec-1.0.1.Final.jar:/Users/sighguy4/.m2/repository/org/jboss/jandex/2.0.3.Final/jandex-2.0.3.Final.jar:/Users/sighguy4/.m2/repository/com/fasterxml/classmate/1.3.0/classmate-1.3.0.jar:/Users/sighguy4/.m2/repository/dom4j/dom4j/1.6.1/dom4j-1.6.1.jar:/Users/sighguy4/.m2/repository/org/hibernate/common/hibernate-commons-annotations/5.0.1.Final/hibernate-commons-annotations-5.0.1.Final.jar:/Users/sighguy4/.m2/repository/org/hibernate/hibernate-c3p0/5.2.12.Final/hibernate-c3p0-5.2.12.Final.jar:/Users/sighguy4/.m2/repository/com/mchange/c3p0/0.9.5.2/c3p0-0.9.5.2.jar:/Users/sighguy4/.m2/repository/com/mchange/mchange-commons-java/0.2.11/mchange-commons-java-0.2.11.jar:, sun.cpu.endian=little, user.home=/Users/sighguy4, hibernate.c3p0.max_statements=50, user.language=en, java.specification.vendor=Oracle Corporation, java.home=/Library/Java/JavaVirtualMachines/jdk1.8.0_152.jdk/Contents/Home/jre, file.separator=/, basedir=/Users/sighguy4/IdeaProjects/myBikePlace, line.separator=
, hibernate.c3p0.timeout=300, java.vm.specification.vendor=Oracle Corporation, java.specification.name=Java Platform API Specification, java.awt.graphicsenv=sun.awt.CGraphicsEnvironment, surefire.real.class.path=/Users/sighguy4/IdeaProjects/myBikePlace/target/surefire/surefirebooter9041442750021383884.jar, sun.boot.class.path=/Library/Java/JavaVirtualMachines/jdk1.8.0_152.jdk/Contents/Home/jre/lib/resources.jar:/Library/Java/JavaVirtualMachines/jdk1.8.0_152.jdk/Contents/Home/jre/lib/rt.jar:/Library/Java/JavaVirtualMachines/jdk1.8.0_152.jdk/Contents/Home/jre/lib/sunrsasign.jar:/Library/Java/JavaVirtualMachines/jdk1.8.0_152.jdk/Contents/Home/jre/lib/jsse.jar:/Library/Java/JavaVirtualMachines/jdk1.8.0_152.jdk/Contents/Home/jre/lib/jce.jar:/Library/Java/JavaVirtualMachines/jdk1.8.0_152.jdk/Contents/Home/jre/lib/charsets.jar:/Library/Java/JavaVirtualMachines/jdk1.8.0_152.jdk/Contents/Home/jre/lib/jfr.jar:/Library/Java/JavaVirtualMachines/jdk1.8.0_152.jdk/Contents/Home/jre/classes, connection.password=Belguim#66, sun.management.compiler=HotSpot 64-Bit Tiered Compilers, hibernate.c3p0.max_size=20, ftp.nonProxyHosts=local|*.local|169.254/16|*.169.254/16, java.runtime.version=1.8.0_152-b16, user.name=sighguy4, path.separator=:, hibernate.connection.username=root, os.version=10.12.6, java.endorsed.dirs=/Library/Java/JavaVirtualMachines/jdk1.8.0_152.jdk/Contents/Home/jre/lib/endorsed, java.runtime.name=Java(TM) SE Runtime Environment, hibernate.connection.url=jdbc:mysql://localhost:3306/myBikePlace, file.encoding=UTF-8, java.vm.name=Java HotSpot(TM) 64-Bit Server VM, localRepository=/Users/sighguy4/.m2/repository, hibernate.connection.driver_class=com.mysql.jdbc.Driver, java.vendor.url.bug=http://bugreport.sun.com/bugreport/, java.io.tmpdir=/var/folders/9d/xsg98tsj1dn630h6j241zf3h0000gn/T/, idea.version=2017.3.4, java.version=1.8.0_152, user.dir=/Users/sighguy4/IdeaProjects/myBikePlace, os.arch=x86_64, connection.username=root, java.vm.specification.name=Java Virtual Machine Specification, hibernate.connection.password=****, java.awt.printerjob=sun.lwawt.macosx.CPrinterJob, sun.os.patch.level=unknown, connection.driver_class=com.mysql.jdbc.Driver, hibernate.boot.CfgXmlAccessService.key=org.hibernate.boot.cfgxml.spi.LoadedConfig@2f4854d6, java.library.path=/Users/sighguy4/Library/Java/Extensions:/Library/Java/Extensions:/Network/Library/Java/Extensions:/System/Library/Java/Extensions:/usr/lib/java:., java.vendor=Oracle Corporation, java.vm.info=mixed mode, java.vm.version=25.152-b16, hibernate.bytecode.use_reflection_optimizer=false, sun.io.unicode.encoding=UnicodeBig, java.ext.dirs=/Users/sighguy4/Library/Java/Extensions:/Library/Java/JavaVirtualMachines/jdk1.8.0_152.jdk/Contents/Home/jre/lib/ext:/Library/Java/Extensions:/Network/Library/Java/Extensions:/System/Library/Java/Extensions:/usr/lib/java, connection.url=jdbc:mysql://localhost:3306/myBikePlace, java.class.version=52.0, socksNonProxyHosts=local|*.local|169.254/16|*.169.254/16}
[DEBUG] 2018-02-12 20:05:50.655 [main] TypeSafeActivator - Unable to acquire Bean Validation ValidatorFactory, skipping activation
[DEBUG] 2018-02-12 20:05:50.655 [main] JaccIntegrator - Skipping JACC integration as it was not enabled
[DEBUG] 2018-02-12 20:05:50.658 [main] SessionFactoryImpl - Instantiated session factory
[DEBUG] 2018-02-12 20:05:50.800 [main] ClassLoaderAccessImpl - Not known whether passed class name [edu.matc.entity.User] is safe
[DEBUG] 2018-02-12 20:05:50.800 [main] ClassLoaderAccessImpl - No temp ClassLoader provided; using live ClassLoader for loading potentially unsafe class : edu.matc.entity.User
[DEBUG] 2018-02-12 20:05:50.823 [main] ClassLoaderAccessImpl - Not known whether passed class name [edu.matc.entity.User] is safe
[DEBUG] 2018-02-12 20:05:50.825 [main] ClassLoaderAccessImpl - No temp ClassLoader provided; using live ClassLoader for loading potentially unsafe class : edu.matc.entity.User
[DEBUG] 2018-02-12 20:05:51.033 [main] AbstractEntityPersister - Static SQL for entity: edu.matc.entity.User
[DEBUG] 2018-02-12 20:05:51.033 [main] AbstractEntityPersister -  Version select: select userId from user where userId =?
[DEBUG] 2018-02-12 20:05:51.033 [main] AbstractEntityPersister -  Snapshot select: select user_.userId, user_.createDate as createDa2_0_, user_.email as email3_0_, user_.firstName as firstNam4_0_, user_.lastName as lastName5_0_, user_.password as password6_0_, user_.updateDate as updateDa7_0_, user_.userName as userName8_0_ from user user_ where user_.userId=?
[DEBUG] 2018-02-12 20:05:51.033 [main] AbstractEntityPersister -  Insert 0: insert into user (createDate, email, firstName, lastName, password, updateDate, userName, userId) values (?, ?, ?, ?, ?, ?, ?, ?)
[DEBUG] 2018-02-12 20:05:51.034 [main] AbstractEntityPersister -  Update 0: update user set createDate=?, email=?, firstName=?, lastName=?, password=?, updateDate=?, userName=? where userId=?
[DEBUG] 2018-02-12 20:05:51.034 [main] AbstractEntityPersister -  Delete 0: delete from user where userId=?
[DEBUG] 2018-02-12 20:05:51.034 [main] AbstractEntityPersister -  Identity insert: insert into user (createDate, email, firstName, lastName, password, updateDate, userName) values (?, ?, ?, ?, ?, ?, ?)
[DEBUG] 2018-02-12 20:05:51.066 [main] QuerySpacesImpl - Adding QuerySpace : uid = <gen:0> -> org.hibernate.loader.plan.build.internal.spaces.EntityQuerySpaceImpl@5c84624f]
[DEBUG] 2018-02-12 20:05:51.068 [main] MetamodelGraphWalker - Visiting attribute path : createDate
[DEBUG] 2018-02-12 20:05:51.074 [main] MetamodelGraphWalker - Visiting attribute path : email
[DEBUG] 2018-02-12 20:05:51.075 [main] MetamodelGraphWalker - Visiting attribute path : firstName
[DEBUG] 2018-02-12 20:05:51.075 [main] MetamodelGraphWalker - Visiting attribute path : lastName
[DEBUG] 2018-02-12 20:05:51.075 [main] MetamodelGraphWalker - Visiting attribute path : password
[DEBUG] 2018-02-12 20:05:51.076 [main] MetamodelGraphWalker - Visiting attribute path : updateDate
[DEBUG] 2018-02-12 20:05:51.077 [main] MetamodelGraphWalker - Visiting attribute path : userName
[DEBUG] 2018-02-12 20:05:51.078 [main] FetchStyleLoadPlanBuildingAssociationVisitationStrategy - Building LoadPlan...
[DEBUG] 2018-02-12 20:05:51.103 [main] LoadQueryJoinAndFetchProcessor - processing queryspace <gen:0>
[DEBUG] 2018-02-12 20:05:51.113 [main] LoadPlanTreePrinter - LoadPlan(entity=edu.matc.entity.User)
    - Returns
       - EntityReturnImpl(entity=edu.matc.entity.User, querySpaceUid=<gen:0>, path=edu.matc.entity.User)
    - QuerySpaces
       - EntityQuerySpaceImpl(uid=<gen:0>, entity=edu.matc.entity.User)
          - SQL table alias mapping - user0_
          - alias suffix - 0_
          - suffixed key columns - {userId1_0_0_}

[DEBUG] 2018-02-12 20:05:51.125 [main] EntityLoader - Static select for entity edu.matc.entity.User [NONE]: select user0_.userId as userId1_0_0_, user0_.createDate as createDa2_0_0_, user0_.email as email3_0_0_, user0_.firstName as firstNam4_0_0_, user0_.lastName as lastName5_0_0_, user0_.password as password6_0_0_, user0_.updateDate as updateDa7_0_0_, user0_.userName as userName8_0_0_ from user user0_ where user0_.userId=?
[DEBUG] 2018-02-12 20:05:51.126 [main] QuerySpacesImpl - Adding QuerySpace : uid = <gen:0> -> org.hibernate.loader.plan.build.internal.spaces.EntityQuerySpaceImpl@584f5497]
[DEBUG] 2018-02-12 20:05:51.127 [main] MetamodelGraphWalker - Visiting attribute path : createDate
[DEBUG] 2018-02-12 20:05:51.127 [main] MetamodelGraphWalker - Visiting attribute path : email
[DEBUG] 2018-02-12 20:05:51.127 [main] MetamodelGraphWalker - Visiting attribute path : firstName
[DEBUG] 2018-02-12 20:05:51.127 [main] MetamodelGraphWalker - Visiting attribute path : lastName
[DEBUG] 2018-02-12 20:05:51.127 [main] MetamodelGraphWalker - Visiting attribute path : password
[DEBUG] 2018-02-12 20:05:51.127 [main] MetamodelGraphWalker - Visiting attribute path : updateDate
[DEBUG] 2018-02-12 20:05:51.127 [main] MetamodelGraphWalker - Visiting attribute path : userName
[DEBUG] 2018-02-12 20:05:51.127 [main] FetchStyleLoadPlanBuildingAssociationVisitationStrategy - Building LoadPlan...
[DEBUG] 2018-02-12 20:05:51.127 [main] LoadQueryJoinAndFetchProcessor - processing queryspace <gen:0>
[DEBUG] 2018-02-12 20:05:51.129 [main] LoadPlanTreePrinter - LoadPlan(entity=edu.matc.entity.User)
    - Returns
       - EntityReturnImpl(entity=edu.matc.entity.User, querySpaceUid=<gen:0>, path=edu.matc.entity.User)
    - QuerySpaces
       - EntityQuerySpaceImpl(uid=<gen:0>, entity=edu.matc.entity.User)
          - SQL table alias mapping - user0_
          - alias suffix - 0_
          - suffixed key columns - {userId1_0_0_}

[DEBUG] 2018-02-12 20:05:51.129 [main] EntityLoader - Static select for entity edu.matc.entity.User [READ]: select user0_.userId as userId1_0_0_, user0_.createDate as createDa2_0_0_, user0_.email as email3_0_0_, user0_.firstName as firstNam4_0_0_, user0_.lastName as lastName5_0_0_, user0_.password as password6_0_0_, user0_.updateDate as updateDa7_0_0_, user0_.userName as userName8_0_0_ from user user0_ where user0_.userId=?
[DEBUG] 2018-02-12 20:05:51.129 [main] QuerySpacesImpl - Adding QuerySpace : uid = <gen:0> -> org.hibernate.loader.plan.build.internal.spaces.EntityQuerySpaceImpl@1f9d6c7b]
[DEBUG] 2018-02-12 20:05:51.130 [main] MetamodelGraphWalker - Visiting attribute path : createDate
[DEBUG] 2018-02-12 20:05:51.130 [main] MetamodelGraphWalker - Visiting attribute path : email
[DEBUG] 2018-02-12 20:05:51.130 [main] MetamodelGraphWalker - Visiting attribute path : firstName
[DEBUG] 2018-02-12 20:05:51.130 [main] MetamodelGraphWalker - Visiting attribute path : lastName
[DEBUG] 2018-02-12 20:05:51.133 [main] MetamodelGraphWalker - Visiting attribute path : password
[DEBUG] 2018-02-12 20:05:51.133 [main] MetamodelGraphWalker - Visiting attribute path : updateDate
[DEBUG] 2018-02-12 20:05:51.133 [main] MetamodelGraphWalker - Visiting attribute path : userName
[DEBUG] 2018-02-12 20:05:51.133 [main] FetchStyleLoadPlanBuildingAssociationVisitationStrategy - Building LoadPlan...
[DEBUG] 2018-02-12 20:05:51.134 [main] LoadQueryJoinAndFetchProcessor - processing queryspace <gen:0>
[DEBUG] 2018-02-12 20:05:51.134 [main] LoadPlanTreePrinter - LoadPlan(entity=edu.matc.entity.User)
    - Returns
       - EntityReturnImpl(entity=edu.matc.entity.User, querySpaceUid=<gen:0>, path=edu.matc.entity.User)
    - QuerySpaces
       - EntityQuerySpaceImpl(uid=<gen:0>, entity=edu.matc.entity.User)
          - SQL table alias mapping - user0_
          - alias suffix - 0_
          - suffixed key columns - {userId1_0_0_}

[DEBUG] 2018-02-12 20:05:51.135 [main] EntityLoader - Static select for entity edu.matc.entity.User [UPGRADE]: select user0_.userId as userId1_0_0_, user0_.createDate as createDa2_0_0_, user0_.email as email3_0_0_, user0_.firstName as firstNam4_0_0_, user0_.lastName as lastName5_0_0_, user0_.password as password6_0_0_, user0_.updateDate as updateDa7_0_0_, user0_.userName as userName8_0_0_ from user user0_ where user0_.userId=? for update
[DEBUG] 2018-02-12 20:05:51.135 [main] QuerySpacesImpl - Adding QuerySpace : uid = <gen:0> -> org.hibernate.loader.plan.build.internal.spaces.EntityQuerySpaceImpl@4fbb001b]
[DEBUG] 2018-02-12 20:05:51.135 [main] MetamodelGraphWalker - Visiting attribute path : createDate
[DEBUG] 2018-02-12 20:05:51.135 [main] MetamodelGraphWalker - Visiting attribute path : email
[DEBUG] 2018-02-12 20:05:51.139 [main] MetamodelGraphWalker - Visiting attribute path : firstName
[DEBUG] 2018-02-12 20:05:51.140 [main] MetamodelGraphWalker - Visiting attribute path : lastName
[DEBUG] 2018-02-12 20:05:51.140 [main] MetamodelGraphWalker - Visiting attribute path : password
[DEBUG] 2018-02-12 20:05:51.140 [main] MetamodelGraphWalker - Visiting attribute path : updateDate
[DEBUG] 2018-02-12 20:05:51.140 [main] MetamodelGraphWalker - Visiting attribute path : userName
[DEBUG] 2018-02-12 20:05:51.141 [main] FetchStyleLoadPlanBuildingAssociationVisitationStrategy - Building LoadPlan...
[DEBUG] 2018-02-12 20:05:51.141 [main] LoadQueryJoinAndFetchProcessor - processing queryspace <gen:0>
[DEBUG] 2018-02-12 20:05:51.141 [main] LoadPlanTreePrinter - LoadPlan(entity=edu.matc.entity.User)
    - Returns
       - EntityReturnImpl(entity=edu.matc.entity.User, querySpaceUid=<gen:0>, path=edu.matc.entity.User)
    - QuerySpaces
       - EntityQuerySpaceImpl(uid=<gen:0>, entity=edu.matc.entity.User)
          - SQL table alias mapping - user0_
          - alias suffix - 0_
          - suffixed key columns - {userId1_0_0_}

[DEBUG] 2018-02-12 20:05:51.142 [main] EntityLoader - Static select for entity edu.matc.entity.User [UPGRADE_NOWAIT]: select user0_.userId as userId1_0_0_, user0_.createDate as createDa2_0_0_, user0_.email as email3_0_0_, user0_.firstName as firstNam4_0_0_, user0_.lastName as lastName5_0_0_, user0_.password as password6_0_0_, user0_.updateDate as updateDa7_0_0_, user0_.userName as userName8_0_0_ from user user0_ where user0_.userId=? for update
[DEBUG] 2018-02-12 20:05:51.142 [main] QuerySpacesImpl - Adding QuerySpace : uid = <gen:0> -> org.hibernate.loader.plan.build.internal.spaces.EntityQuerySpaceImpl@341a8659]
[DEBUG] 2018-02-12 20:05:51.142 [main] MetamodelGraphWalker - Visiting attribute path : createDate
[DEBUG] 2018-02-12 20:05:51.142 [main] MetamodelGraphWalker - Visiting attribute path : email
[DEBUG] 2018-02-12 20:05:51.142 [main] MetamodelGraphWalker - Visiting attribute path : firstName
[DEBUG] 2018-02-12 20:05:51.142 [main] MetamodelGraphWalker - Visiting attribute path : lastName
[DEBUG] 2018-02-12 20:05:51.144 [main] MetamodelGraphWalker - Visiting attribute path : password
[DEBUG] 2018-02-12 20:05:51.145 [main] MetamodelGraphWalker - Visiting attribute path : updateDate
[DEBUG] 2018-02-12 20:05:51.145 [main] MetamodelGraphWalker - Visiting attribute path : userName
[DEBUG] 2018-02-12 20:05:51.145 [main] FetchStyleLoadPlanBuildingAssociationVisitationStrategy - Building LoadPlan...
[DEBUG] 2018-02-12 20:05:51.146 [main] LoadQueryJoinAndFetchProcessor - processing queryspace <gen:0>
[DEBUG] 2018-02-12 20:05:51.146 [main] LoadPlanTreePrinter - LoadPlan(entity=edu.matc.entity.User)
    - Returns
       - EntityReturnImpl(entity=edu.matc.entity.User, querySpaceUid=<gen:0>, path=edu.matc.entity.User)
    - QuerySpaces
       - EntityQuerySpaceImpl(uid=<gen:0>, entity=edu.matc.entity.User)
          - SQL table alias mapping - user0_
          - alias suffix - 0_
          - suffixed key columns - {userId1_0_0_}

[DEBUG] 2018-02-12 20:05:51.146 [main] EntityLoader - Static select for entity edu.matc.entity.User [UPGRADE_SKIPLOCKED]: select user0_.userId as userId1_0_0_, user0_.createDate as createDa2_0_0_, user0_.email as email3_0_0_, user0_.firstName as firstNam4_0_0_, user0_.lastName as lastName5_0_0_, user0_.password as password6_0_0_, user0_.updateDate as updateDa7_0_0_, user0_.userName as userName8_0_0_ from user user0_ where user0_.userId=? for update
[DEBUG] 2018-02-12 20:05:51.146 [main] QuerySpacesImpl - Adding QuerySpace : uid = <gen:0> -> org.hibernate.loader.plan.build.internal.spaces.EntityQuerySpaceImpl@5eefa415]
[DEBUG] 2018-02-12 20:05:51.146 [main] MetamodelGraphWalker - Visiting attribute path : createDate
[DEBUG] 2018-02-12 20:05:51.146 [main] MetamodelGraphWalker - Visiting attribute path : email
[DEBUG] 2018-02-12 20:05:51.147 [main] MetamodelGraphWalker - Visiting attribute path : firstName
[DEBUG] 2018-02-12 20:05:51.147 [main] MetamodelGraphWalker - Visiting attribute path : lastName
[DEBUG] 2018-02-12 20:05:51.147 [main] MetamodelGraphWalker - Visiting attribute path : password
[DEBUG] 2018-02-12 20:05:51.147 [main] MetamodelGraphWalker - Visiting attribute path : updateDate
[DEBUG] 2018-02-12 20:05:51.147 [main] MetamodelGraphWalker - Visiting attribute path : userName
[DEBUG] 2018-02-12 20:05:51.147 [main] FetchStyleLoadPlanBuildingAssociationVisitationStrategy - Building LoadPlan...
[DEBUG] 2018-02-12 20:05:51.147 [main] LoadQueryJoinAndFetchProcessor - processing queryspace <gen:0>
[DEBUG] 2018-02-12 20:05:51.147 [main] LoadPlanTreePrinter - LoadPlan(entity=edu.matc.entity.User)
    - Returns
       - EntityReturnImpl(entity=edu.matc.entity.User, querySpaceUid=<gen:0>, path=edu.matc.entity.User)
    - QuerySpaces
       - EntityQuerySpaceImpl(uid=<gen:0>, entity=edu.matc.entity.User)
          - SQL table alias mapping - user0_
          - alias suffix - 0_
          - suffixed key columns - {userId1_0_0_}

[DEBUG] 2018-02-12 20:05:51.147 [main] EntityLoader - Static select for entity edu.matc.entity.User [FORCE]: select user0_.userId as userId1_0_0_, user0_.createDate as createDa2_0_0_, user0_.email as email3_0_0_, user0_.firstName as firstNam4_0_0_, user0_.lastName as lastName5_0_0_, user0_.password as password6_0_0_, user0_.updateDate as updateDa7_0_0_, user0_.userName as userName8_0_0_ from user user0_ where user0_.userId=? for update
[DEBUG] 2018-02-12 20:05:51.148 [main] QuerySpacesImpl - Adding QuerySpace : uid = <gen:0> -> org.hibernate.loader.plan.build.internal.spaces.EntityQuerySpaceImpl@78d50a3c]
[DEBUG] 2018-02-12 20:05:51.148 [main] MetamodelGraphWalker - Visiting attribute path : createDate
[DEBUG] 2018-02-12 20:05:51.148 [main] MetamodelGraphWalker - Visiting attribute path : email
[DEBUG] 2018-02-12 20:05:51.148 [main] MetamodelGraphWalker - Visiting attribute path : firstName
[DEBUG] 2018-02-12 20:05:51.148 [main] MetamodelGraphWalker - Visiting attribute path : lastName
[DEBUG] 2018-02-12 20:05:51.148 [main] MetamodelGraphWalker - Visiting attribute path : password
[DEBUG] 2018-02-12 20:05:51.148 [main] MetamodelGraphWalker - Visiting attribute path : updateDate
[DEBUG] 2018-02-12 20:05:51.148 [main] MetamodelGraphWalker - Visiting attribute path : userName
[DEBUG] 2018-02-12 20:05:51.148 [main] FetchStyleLoadPlanBuildingAssociationVisitationStrategy - Building LoadPlan...
[DEBUG] 2018-02-12 20:05:51.148 [main] LoadQueryJoinAndFetchProcessor - processing queryspace <gen:0>
[DEBUG] 2018-02-12 20:05:51.150 [main] LoadPlanTreePrinter - LoadPlan(entity=edu.matc.entity.User)
    - Returns
       - EntityReturnImpl(entity=edu.matc.entity.User, querySpaceUid=<gen:0>, path=edu.matc.entity.User)
    - QuerySpaces
       - EntityQuerySpaceImpl(uid=<gen:0>, entity=edu.matc.entity.User)
          - SQL table alias mapping - user0_
          - alias suffix - 0_
          - suffixed key columns - {userId1_0_0_}

[DEBUG] 2018-02-12 20:05:51.150 [main] EntityLoader - Static select for entity edu.matc.entity.User [PESSIMISTIC_READ]: select user0_.userId as userId1_0_0_, user0_.createDate as createDa2_0_0_, user0_.email as email3_0_0_, user0_.firstName as firstNam4_0_0_, user0_.lastName as lastName5_0_0_, user0_.password as password6_0_0_, user0_.updateDate as updateDa7_0_0_, user0_.userName as userName8_0_0_ from user user0_ where user0_.userId=? lock in share mode
[DEBUG] 2018-02-12 20:05:51.150 [main] QuerySpacesImpl - Adding QuerySpace : uid = <gen:0> -> org.hibernate.loader.plan.build.internal.spaces.EntityQuerySpaceImpl@cda4919]
[DEBUG] 2018-02-12 20:05:51.150 [main] MetamodelGraphWalker - Visiting attribute path : createDate
[DEBUG] 2018-02-12 20:05:51.150 [main] MetamodelGraphWalker - Visiting attribute path : email
[DEBUG] 2018-02-12 20:05:51.150 [main] MetamodelGraphWalker - Visiting attribute path : firstName
[DEBUG] 2018-02-12 20:05:51.150 [main] MetamodelGraphWalker - Visiting attribute path : lastName
[DEBUG] 2018-02-12 20:05:51.150 [main] MetamodelGraphWalker - Visiting attribute path : password
[DEBUG] 2018-02-12 20:05:51.150 [main] MetamodelGraphWalker - Visiting attribute path : updateDate
[DEBUG] 2018-02-12 20:05:51.150 [main] MetamodelGraphWalker - Visiting attribute path : userName
[DEBUG] 2018-02-12 20:05:51.151 [main] FetchStyleLoadPlanBuildingAssociationVisitationStrategy - Building LoadPlan...
[DEBUG] 2018-02-12 20:05:51.151 [main] LoadQueryJoinAndFetchProcessor - processing queryspace <gen:0>
[DEBUG] 2018-02-12 20:05:51.151 [main] LoadPlanTreePrinter - LoadPlan(entity=edu.matc.entity.User)
    - Returns
       - EntityReturnImpl(entity=edu.matc.entity.User, querySpaceUid=<gen:0>, path=edu.matc.entity.User)
    - QuerySpaces
       - EntityQuerySpaceImpl(uid=<gen:0>, entity=edu.matc.entity.User)
          - SQL table alias mapping - user0_
          - alias suffix - 0_
          - suffixed key columns - {userId1_0_0_}

[DEBUG] 2018-02-12 20:05:51.156 [main] EntityLoader - Static select for entity edu.matc.entity.User [PESSIMISTIC_WRITE]: select user0_.userId as userId1_0_0_, user0_.createDate as createDa2_0_0_, user0_.email as email3_0_0_, user0_.firstName as firstNam4_0_0_, user0_.lastName as lastName5_0_0_, user0_.password as password6_0_0_, user0_.updateDate as updateDa7_0_0_, user0_.userName as userName8_0_0_ from user user0_ where user0_.userId=? for update
[DEBUG] 2018-02-12 20:05:51.158 [main] QuerySpacesImpl - Adding QuerySpace : uid = <gen:0> -> org.hibernate.loader.plan.build.internal.spaces.EntityQuerySpaceImpl@2f19f2aa]
[DEBUG] 2018-02-12 20:05:51.159 [main] MetamodelGraphWalker - Visiting attribute path : createDate
[DEBUG] 2018-02-12 20:05:51.159 [main] MetamodelGraphWalker - Visiting attribute path : email
[DEBUG] 2018-02-12 20:05:51.159 [main] MetamodelGraphWalker - Visiting attribute path : firstName
[DEBUG] 2018-02-12 20:05:51.159 [main] MetamodelGraphWalker - Visiting attribute path : lastName
[DEBUG] 2018-02-12 20:05:51.159 [main] MetamodelGraphWalker - Visiting attribute path : password
[DEBUG] 2018-02-12 20:05:51.159 [main] MetamodelGraphWalker - Visiting attribute path : updateDate
[DEBUG] 2018-02-12 20:05:51.160 [main] MetamodelGraphWalker - Visiting attribute path : userName
[DEBUG] 2018-02-12 20:05:51.160 [main] FetchStyleLoadPlanBuildingAssociationVisitationStrategy - Building LoadPlan...
[DEBUG] 2018-02-12 20:05:51.161 [main] LoadQueryJoinAndFetchProcessor - processing queryspace <gen:0>
[DEBUG] 2018-02-12 20:05:51.162 [main] LoadPlanTreePrinter - LoadPlan(entity=edu.matc.entity.User)
    - Returns
       - EntityReturnImpl(entity=edu.matc.entity.User, querySpaceUid=<gen:0>, path=edu.matc.entity.User)
    - QuerySpaces
       - EntityQuerySpaceImpl(uid=<gen:0>, entity=edu.matc.entity.User)
          - SQL table alias mapping - user0_
          - alias suffix - 0_
          - suffixed key columns - {userId1_0_0_}

[DEBUG] 2018-02-12 20:05:51.162 [main] EntityLoader - Static select for entity edu.matc.entity.User [PESSIMISTIC_FORCE_INCREMENT]: select user0_.userId as userId1_0_0_, user0_.createDate as createDa2_0_0_, user0_.email as email3_0_0_, user0_.firstName as firstNam4_0_0_, user0_.lastName as lastName5_0_0_, user0_.password as password6_0_0_, user0_.updateDate as updateDa7_0_0_, user0_.userName as userName8_0_0_ from user user0_ where user0_.userId=? for update
[DEBUG] 2018-02-12 20:05:51.162 [main] QuerySpacesImpl - Adding QuerySpace : uid = <gen:0> -> org.hibernate.loader.plan.build.internal.spaces.EntityQuerySpaceImpl@6a078481]
[DEBUG] 2018-02-12 20:05:51.162 [main] MetamodelGraphWalker - Visiting attribute path : createDate
[DEBUG] 2018-02-12 20:05:51.162 [main] MetamodelGraphWalker - Visiting attribute path : email
[DEBUG] 2018-02-12 20:05:51.163 [main] MetamodelGraphWalker - Visiting attribute path : firstName
[DEBUG] 2018-02-12 20:05:51.163 [main] MetamodelGraphWalker - Visiting attribute path : lastName
[DEBUG] 2018-02-12 20:05:51.163 [main] MetamodelGraphWalker - Visiting attribute path : password
[DEBUG] 2018-02-12 20:05:51.163 [main] MetamodelGraphWalker - Visiting attribute path : updateDate
[DEBUG] 2018-02-12 20:05:51.163 [main] MetamodelGraphWalker - Visiting attribute path : userName
[DEBUG] 2018-02-12 20:05:51.163 [main] FetchStyleLoadPlanBuildingAssociationVisitationStrategy - Building LoadPlan...
[DEBUG] 2018-02-12 20:05:51.163 [main] LoadQueryJoinAndFetchProcessor - processing queryspace <gen:0>
[DEBUG] 2018-02-12 20:05:51.163 [main] LoadPlanTreePrinter - LoadPlan(entity=edu.matc.entity.User)
    - Returns
       - EntityReturnImpl(entity=edu.matc.entity.User, querySpaceUid=<gen:0>, path=edu.matc.entity.User)
    - QuerySpaces
       - EntityQuerySpaceImpl(uid=<gen:0>, entity=edu.matc.entity.User)
          - SQL table alias mapping - user0_
          - alias suffix - 0_
          - suffixed key columns - {userId1_0_0_}

[DEBUG] 2018-02-12 20:05:51.163 [main] EntityLoader - Static select for entity edu.matc.entity.User [OPTIMISTIC]: select user0_.userId as userId1_0_0_, user0_.createDate as createDa2_0_0_, user0_.email as email3_0_0_, user0_.firstName as firstNam4_0_0_, user0_.lastName as lastName5_0_0_, user0_.password as password6_0_0_, user0_.updateDate as updateDa7_0_0_, user0_.userName as userName8_0_0_ from user user0_ where user0_.userId=?
[DEBUG] 2018-02-12 20:05:51.164 [main] QuerySpacesImpl - Adding QuerySpace : uid = <gen:0> -> org.hibernate.loader.plan.build.internal.spaces.EntityQuerySpaceImpl@1929425f]
[DEBUG] 2018-02-12 20:05:51.164 [main] MetamodelGraphWalker - Visiting attribute path : createDate
[DEBUG] 2018-02-12 20:05:51.164 [main] MetamodelGraphWalker - Visiting attribute path : email
[DEBUG] 2018-02-12 20:05:51.164 [main] MetamodelGraphWalker - Visiting attribute path : firstName
[DEBUG] 2018-02-12 20:05:51.164 [main] MetamodelGraphWalker - Visiting attribute path : lastName
[DEBUG] 2018-02-12 20:05:51.164 [main] MetamodelGraphWalker - Visiting attribute path : password
[DEBUG] 2018-02-12 20:05:51.164 [main] MetamodelGraphWalker - Visiting attribute path : updateDate
[DEBUG] 2018-02-12 20:05:51.164 [main] MetamodelGraphWalker - Visiting attribute path : userName
[DEBUG] 2018-02-12 20:05:51.164 [main] FetchStyleLoadPlanBuildingAssociationVisitationStrategy - Building LoadPlan...
[DEBUG] 2018-02-12 20:05:51.164 [main] LoadQueryJoinAndFetchProcessor - processing queryspace <gen:0>
[DEBUG] 2018-02-12 20:05:51.165 [main] LoadPlanTreePrinter - LoadPlan(entity=edu.matc.entity.User)
    - Returns
       - EntityReturnImpl(entity=edu.matc.entity.User, querySpaceUid=<gen:0>, path=edu.matc.entity.User)
    - QuerySpaces
       - EntityQuerySpaceImpl(uid=<gen:0>, entity=edu.matc.entity.User)
          - SQL table alias mapping - user0_
          - alias suffix - 0_
          - suffixed key columns - {userId1_0_0_}

[DEBUG] 2018-02-12 20:05:51.165 [main] EntityLoader - Static select for entity edu.matc.entity.User [OPTIMISTIC_FORCE_INCREMENT]: select user0_.userId as userId1_0_0_, user0_.createDate as createDa2_0_0_, user0_.email as email3_0_0_, user0_.firstName as firstNam4_0_0_, user0_.lastName as lastName5_0_0_, user0_.password as password6_0_0_, user0_.updateDate as updateDa7_0_0_, user0_.userName as userName8_0_0_ from user user0_ where user0_.userId=?
[DEBUG] 2018-02-12 20:05:51.197 [main] Loader - Static select for action ACTION_MERGE on entity edu.matc.entity.User: select user0_.userId as userId1_0_0_, user0_.createDate as createDa2_0_0_, user0_.email as email3_0_0_, user0_.firstName as firstNam4_0_0_, user0_.lastName as lastName5_0_0_, user0_.password as password6_0_0_, user0_.updateDate as updateDa7_0_0_, user0_.userName as userName8_0_0_ from user user0_ where user0_.userId=?
[DEBUG] 2018-02-12 20:05:51.198 [main] Loader - Static select for action ACTION_REFRESH on entity edu.matc.entity.User: select user0_.userId as userId1_0_0_, user0_.createDate as createDa2_0_0_, user0_.email as email3_0_0_, user0_.firstName as firstNam4_0_0_, user0_.lastName as lastName5_0_0_, user0_.password as password6_0_0_, user0_.updateDate as updateDa7_0_0_, user0_.userName as userName8_0_0_ from user user0_ where user0_.userId=?
[DEBUG] 2018-02-12 20:05:51.260 [main] SchemaManagementToolCoordinator - No actions specified; doing nothing
[DEBUG] 2018-02-12 20:05:51.261 [main] JtaPlatformInitiator - No JtaPlatform was specified, checking resolver
[DEBUG] 2018-02-12 20:05:51.261 [main] JtaPlatformResolverInitiator - No JtaPlatformResolver was specified, using default [org.hibernate.engine.transaction.jta.platform.internal.StandardJtaPlatformResolver]
[DEBUG] 2018-02-12 20:05:51.267 [main] StandardJtaPlatformResolver - Could not resolve JtaPlatform, using default [org.hibernate.engine.transaction.jta.platform.internal.NoJtaPlatform]
[DEBUG] 2018-02-12 20:05:51.269 [main] NamedQueryRepository - Checking 0 named HQL queries
[DEBUG] 2018-02-12 20:05:51.269 [main] NamedQueryRepository - Checking 0 named SQL queries
[DEBUG] 2018-02-12 20:05:51.271 [main] SessionFactoryRegistry - Initializing SessionFactoryRegistry : org.hibernate.internal.SessionFactoryRegistry@62315f22
[DEBUG] 2018-02-12 20:05:51.277 [main] SessionFactoryRegistry - Registering SessionFactory: d0c75a13-d76b-4b63-87f1-21de4fc0c740 (<unnamed>)
[DEBUG] 2018-02-12 20:05:51.277 [main] SessionFactoryRegistry - Not binding SessionFactory to JNDI, no JNDI name configured
[DEBUG] 2018-02-12 20:05:51.438 [main] StatisticsInitiator - Statistics initialized [enabled=false]
[DEBUG] 2018-02-12 20:05:51.469 [main] SQL - select user0_.userId as userId1_0_0_, user0_.createDate as createDa2_0_0_, user0_.email as email3_0_0_, user0_.firstName as firstNam4_0_0_, user0_.lastName as lastName5_0_0_, user0_.password as password6_0_0_, user0_.updateDate as updateDa7_0_0_, user0_.userName as userName8_0_0_ from user user0_ where user0_.userId=?
[DEBUG] 2018-02-12 20:05:51.515 [main] ResultSetProcessorImpl - Starting ResultSet row #0
[DEBUG] 2018-02-12 20:05:51.517 [main] EntityReferenceInitializerImpl - On call to EntityIdentifierReaderImpl#resolve, EntityKey was already known; should only happen on root returns with an optional identifier specified
[DEBUG] 2018-02-12 20:05:51.533 [main] TwoPhaseLoad - Resolving associations for [edu.matc.entity.User#3]
[DEBUG] 2018-02-12 20:05:51.536 [main] TwoPhaseLoad - Done materializing entity [edu.matc.entity.User#3]
[DEBUG] 2018-02-12 20:05:51.537 [main] ResourceRegistryStandardImpl - HHH000387: ResultSet's statement was not registered
[DEBUG] 2018-02-12 20:05:51.538 [main] AbstractLoadPlanBasedEntityLoader - Done entity load : edu.matc.entity.User#3
[DEBUG] 2018-02-12 20:05:51.538 [main] LogicalConnectionManagedImpl - Initiating JDBC connection release from afterTransaction
[DEBUG] 2018-02-12 20:05:51.544 [main] TransactionImpl - begin
[DEBUG] 2018-02-12 20:05:51.560 [main] TransactionImpl - committing
[DEBUG] 2018-02-12 20:05:51.561 [main] AbstractFlushingEventListener - Processing flush-time cascades
[DEBUG] 2018-02-12 20:05:51.561 [main] AbstractFlushingEventListener - Dirty checking collections
[DEBUG] 2018-02-12 20:05:51.563 [main] AbstractFlushingEventListener - Flushed: 0 insertions, 0 updates, 1 deletions to 1 objects
[DEBUG] 2018-02-12 20:05:51.563 [main] AbstractFlushingEventListener - Flushed: 0 (re)creations, 0 updates, 0 removals to 0 collections
[DEBUG] 2018-02-12 20:05:51.564 [main] EntityPrinter - Listing entities:
[DEBUG] 2018-02-12 20:05:51.564 [main] EntityPrinter - edu.matc.entity.User{firstName=Barney, lastName=Curry, password=supersecret3, updateDate=2018-02-12 20:05:51.0, UserId=3, userName=bcurry, email=bcurry@yahoo.com, createDate=2018-02-12 20:05:51.0}
[DEBUG] 2018-02-12 20:05:51.587 [main] SQL - delete from user where userId=?
[DEBUG] 2018-02-12 20:05:51.593 [main] LogicalConnectionManagedImpl - Initiating JDBC connection release from afterTransaction
[DEBUG] 2018-02-12 20:05:51.594 [main] LogicalConnectionManagedImpl - Initiating JDBC connection release from afterTransaction
[DEBUG] 2018-02-12 20:05:51.594 [main] JdbcCoordinatorImpl - HHH000420: Closing un-released batch
[DEBUG] 2018-02-12 20:05:51.594 [main] SQL - select user0_.userId as userId1_0_0_, user0_.createDate as createDa2_0_0_, user0_.email as email3_0_0_, user0_.firstName as firstNam4_0_0_, user0_.lastName as lastName5_0_0_, user0_.password as password6_0_0_, user0_.updateDate as updateDa7_0_0_, user0_.userName as userName8_0_0_ from user user0_ where user0_.userId=?
[DEBUG] 2018-02-12 20:05:51.596 [main] ResourceRegistryStandardImpl - HHH000387: ResultSet's statement was not registered
[DEBUG] 2018-02-12 20:05:51.596 [main] AbstractLoadPlanBasedEntityLoader - Done entity load : edu.matc.entity.User#3
[DEBUG] 2018-02-12 20:05:51.596 [main] LogicalConnectionManagedImpl - Initiating JDBC connection release from afterTransaction
[DEBUG] 2018-02-12 20:05:51.696 [main] CriteriaQueryImpl - Rendered criteria query -> select generatedAlias0 from User as generatedAlias0 where generatedAlias0.lastName like :param0
[DEBUG] 2018-02-12 20:05:51.718 [main] QueryTranslatorFactoryInitiator - QueryTranslatorFactory : org.hibernate.hql.internal.ast.ASTQueryTranslatorFactory@4e8e8621
[INFO ] 2018-02-12 20:05:51.718 [main] QueryTranslatorFactoryInitiator - HHH000397: Using ASTQueryTranslatorFactory
[DEBUG] 2018-02-12 20:05:51.829 [main] QueryTranslatorImpl - parse() - HQL: select generatedAlias0 from edu.matc.entity.User as generatedAlias0 where generatedAlias0.lastName like :param0
[DEBUG] 2018-02-12 20:05:51.860 [main] ErrorCounter - throwQueryException() : no errors
[DEBUG] 2018-02-12 20:05:51.865 [main] QueryTranslatorImpl - --- HQL AST ---
 \-[QUERY] Node: 'query'
    +-[SELECT_FROM] Node: 'SELECT_FROM'
    |  +-[FROM] Node: 'from'
    |  |  \-[RANGE] Node: 'RANGE'
    |  |     +-[DOT] Node: '.'
    |  |     |  +-[DOT] Node: '.'
    |  |     |  |  +-[DOT] Node: '.'
    |  |     |  |  |  +-[IDENT] Node: 'edu'
    |  |     |  |  |  \-[IDENT] Node: 'matc'
    |  |     |  |  \-[IDENT] Node: 'entity'
    |  |     |  \-[IDENT] Node: 'User'
    |  |     \-[ALIAS] Node: 'generatedAlias0'
    |  \-[SELECT] Node: 'select'
    |     \-[IDENT] Node: 'generatedAlias0'
    \-[WHERE] Node: 'where'
       \-[LIKE] Node: 'like'
          +-[DOT] Node: '.'
          |  +-[IDENT] Node: 'generatedAlias0'
          |  \-[IDENT] Node: 'lastName'
          \-[COLON] Node: ':'
             \-[IDENT] Node: 'param0'

[DEBUG] 2018-02-12 20:05:51.914 [main] HqlSqlBaseWalker - select << begin [level=1, statement=select]
[DEBUG] 2018-02-12 20:05:51.946 [main] FromElement - FromClause{level=1} : edu.matc.entity.User (generatedAlias0) -> user0_
[DEBUG] 2018-02-12 20:05:51.948 [main] FromReferenceNode - Resolved : generatedAlias0 -> user0_.userId
[DEBUG] 2018-02-12 20:05:51.964 [main] FromReferenceNode - Resolved : generatedAlias0 -> user0_.userId
[DEBUG] 2018-02-12 20:05:51.966 [main] DotNode - getDataType() : lastName -> org.hibernate.type.StringType@4bc222e
[DEBUG] 2018-02-12 20:05:51.967 [main] FromReferenceNode - Resolved : generatedAlias0.lastName -> user0_.lastName
[DEBUG] 2018-02-12 20:05:51.970 [main] HqlSqlBaseWalker - select : finishing up [level=1, statement=select]
[DEBUG] 2018-02-12 20:05:51.970 [main] HqlSqlWalker - processQuery() :  ( SELECT ( {select clause} user0_.userId ) ( FromClause{level=1} user user0_ ) ( where ( like ( user0_.lastName user0_.userId lastName ) ? ) ) )
[DEBUG] 2018-02-12 20:05:51.995 [main] JoinProcessor - Using FROM fragment [user user0_]
[DEBUG] 2018-02-12 20:05:51.996 [main] HqlSqlBaseWalker - select >> end [level=1, statement=select]
[DEBUG] 2018-02-12 20:05:51.997 [main] QueryTranslatorImpl - --- SQL AST ---
 \-[SELECT] QueryNode: 'SELECT'  querySpaces (user)
    +-[SELECT_CLAUSE] SelectClause: '{select clause}'
    |  +-[ALIAS_REF] IdentNode: 'user0_.userId as userId1_0_' {alias=generatedAlias0, className=edu.matc.entity.User, tableAlias=user0_}
    |  \-[SQL_TOKEN] SqlFragment: 'user0_.createDate as createDa2_0_, user0_.email as email3_0_, user0_.firstName as firstNam4_0_, user0_.lastName as lastName5_0_, user0_.password as password6_0_, user0_.updateDate as updateDa7_0_, user0_.userName as userName8_0_'
    +-[FROM] FromClause: 'from' FromClause{level=1, fromElementCounter=1, fromElements=1, fromElementByClassAlias=[generatedAlias0], fromElementByTableAlias=[user0_], fromElementsByPath=[], collectionJoinFromElementsByPath=[], impliedElements=[]}
    |  \-[FROM_FRAGMENT] FromElement: 'user user0_' FromElement{explicit,not a collection join,not a fetch join,fetch non-lazy properties,classAlias=generatedAlias0,role=null,tableName=user,tableAlias=user0_,origin=null,columns={,className=edu.matc.entity.User}}
    \-[WHERE] SqlNode: 'where'
       \-[LIKE] BinaryLogicOperatorNode: 'like'
          +-[DOT] DotNode: 'user0_.lastName' {propertyName=lastName,dereferenceType=PRIMITIVE,getPropertyPath=lastName,path=generatedAlias0.lastName,tableAlias=user0_,className=edu.matc.entity.User,classAlias=generatedAlias0}
          |  +-[ALIAS_REF] IdentNode: 'user0_.userId' {alias=generatedAlias0, className=edu.matc.entity.User, tableAlias=user0_}
          |  \-[IDENT] IdentNode: 'lastName' {originalText=lastName}
          \-[NAMED_PARAM] ParameterNode: '?' {name=param0, expectedType=org.hibernate.type.StringType@4bc222e}

[DEBUG] 2018-02-12 20:05:51.997 [main] ErrorCounter - throwQueryException() : no errors
[DEBUG] 2018-02-12 20:05:52.014 [main] QueryTranslatorImpl - HQL: select generatedAlias0 from edu.matc.entity.User as generatedAlias0 where generatedAlias0.lastName like :param0
[DEBUG] 2018-02-12 20:05:52.014 [main] QueryTranslatorImpl - SQL: select user0_.userId as userId1_0_, user0_.createDate as createDa2_0_, user0_.email as email3_0_, user0_.firstName as firstNam4_0_, user0_.lastName as lastName5_0_, user0_.password as password6_0_, user0_.updateDate as updateDa7_0_, user0_.userName as userName8_0_ from user user0_ where user0_.lastName like ?
[DEBUG] 2018-02-12 20:05:52.014 [main] ErrorCounter - throwQueryException() : no errors
[DEBUG] 2018-02-12 20:05:52.247 [main] SQL - select user0_.userId as userId1_0_, user0_.createDate as createDa2_0_, user0_.email as email3_0_, user0_.firstName as firstNam4_0_, user0_.lastName as lastName5_0_, user0_.password as password6_0_, user0_.updateDate as updateDa7_0_, user0_.userName as userName8_0_ from user user0_ where user0_.lastName like ?
[DEBUG] 2018-02-12 20:05:52.252 [main] Loader - Result set row: 0
[DEBUG] 2018-02-12 20:05:52.254 [main] Loader - Result row: EntityKey[edu.matc.entity.User#1]
[DEBUG] 2018-02-12 20:05:52.255 [main] Loader - Result set row: 1
[DEBUG] 2018-02-12 20:05:52.255 [main] Loader - Result row: EntityKey[edu.matc.entity.User#3]
[DEBUG] 2018-02-12 20:05:52.256 [main] Loader - Result set row: 2
[DEBUG] 2018-02-12 20:05:52.256 [main] Loader - Result row: EntityKey[edu.matc.entity.User#4]
[DEBUG] 2018-02-12 20:05:52.256 [main] TwoPhaseLoad - Resolving associations for [edu.matc.entity.User#1]
[DEBUG] 2018-02-12 20:05:52.258 [main] TwoPhaseLoad - Done materializing entity [edu.matc.entity.User#1]
[DEBUG] 2018-02-12 20:05:52.258 [main] TwoPhaseLoad - Resolving associations for [edu.matc.entity.User#3]
[DEBUG] 2018-02-12 20:05:52.258 [main] TwoPhaseLoad - Done materializing entity [edu.matc.entity.User#3]
[DEBUG] 2018-02-12 20:05:52.258 [main] TwoPhaseLoad - Resolving associations for [edu.matc.entity.User#4]
[DEBUG] 2018-02-12 20:05:52.259 [main] TwoPhaseLoad - Done materializing entity [edu.matc.entity.User#4]
[DEBUG] 2018-02-12 20:05:52.261 [main] LogicalConnectionManagedImpl - Initiating JDBC connection release from afterTransaction
[DEBUG] 2018-02-12 20:05:52.301 [main] CriteriaQueryImpl - Rendered criteria query -> select generatedAlias0 from User as generatedAlias0 where generatedAlias0.lastName like :param0
[DEBUG] 2018-02-12 20:05:52.301 [main] SQL - select user0_.userId as userId1_0_, user0_.createDate as createDa2_0_, user0_.email as email3_0_, user0_.firstName as firstNam4_0_, user0_.lastName as lastName5_0_, user0_.password as password6_0_, user0_.updateDate as updateDa7_0_, user0_.userName as userName8_0_ from user user0_ where user0_.lastName like ?
[DEBUG] 2018-02-12 20:05:52.303 [main] Loader - Result set row: 0
[DEBUG] 2018-02-12 20:05:52.304 [main] Loader - Result row: EntityKey[edu.matc.entity.User#3]
[DEBUG] 2018-02-12 20:05:52.304 [main] TwoPhaseLoad - Resolving associations for [edu.matc.entity.User#3]
[DEBUG] 2018-02-12 20:05:52.305 [main] TwoPhaseLoad - Done materializing entity [edu.matc.entity.User#3]
[DEBUG] 2018-02-12 20:05:52.306 [main] LogicalConnectionManagedImpl - Initiating JDBC connection release from afterTransaction
[DEBUG] 2018-02-12 20:05:52.328 [main] CriteriaQueryImpl - Rendered criteria query -> select generatedAlias0 from User as generatedAlias0 where generatedAlias0.lastName like :param0
[DEBUG] 2018-02-12 20:05:52.329 [main] SQL - select user0_.userId as userId1_0_, user0_.createDate as createDa2_0_, user0_.email as email3_0_, user0_.firstName as firstNam4_0_, user0_.lastName as lastName5_0_, user0_.password as password6_0_, user0_.updateDate as updateDa7_0_, user0_.userName as userName8_0_ from user user0_ where user0_.lastName like ?
[DEBUG] 2018-02-12 20:05:52.336 [main] Loader - Result set row: 0
[DEBUG] 2018-02-12 20:05:52.338 [main] Loader - Result row: EntityKey[edu.matc.entity.User#1]
[DEBUG] 2018-02-12 20:05:52.339 [main] Loader - Result set row: 1
[DEBUG] 2018-02-12 20:05:52.339 [main] Loader - Result row: EntityKey[edu.matc.entity.User#3]
[DEBUG] 2018-02-12 20:05:52.339 [main] Loader - Result set row: 2
[DEBUG] 2018-02-12 20:05:52.339 [main] Loader - Result row: EntityKey[edu.matc.entity.User#4]
[DEBUG] 2018-02-12 20:05:52.340 [main] TwoPhaseLoad - Resolving associations for [edu.matc.entity.User#1]
[DEBUG] 2018-02-12 20:05:52.340 [main] TwoPhaseLoad - Done materializing entity [edu.matc.entity.User#1]
[DEBUG] 2018-02-12 20:05:52.340 [main] TwoPhaseLoad - Resolving associations for [edu.matc.entity.User#3]
[DEBUG] 2018-02-12 20:05:52.340 [main] TwoPhaseLoad - Done materializing entity [edu.matc.entity.User#3]
[DEBUG] 2018-02-12 20:05:52.340 [main] TwoPhaseLoad - Resolving associations for [edu.matc.entity.User#4]
[DEBUG] 2018-02-12 20:05:52.340 [main] TwoPhaseLoad - Done materializing entity [edu.matc.entity.User#4]
[DEBUG] 2018-02-12 20:05:52.340 [main] LogicalConnectionManagedImpl - Initiating JDBC connection release from afterTransaction
[DEBUG] 2018-02-12 20:05:52.455 [main] SQL - select user0_.userId as userId1_0_0_, user0_.createDate as createDa2_0_0_, user0_.email as email3_0_0_, user0_.firstName as firstNam4_0_0_, user0_.lastName as lastName5_0_0_, user0_.password as password6_0_0_, user0_.updateDate as updateDa7_0_0_, user0_.userName as userName8_0_0_ from user user0_ where user0_.userId=?
[DEBUG] 2018-02-12 20:05:52.457 [main] ResultSetProcessorImpl - Starting ResultSet row #0
[DEBUG] 2018-02-12 20:05:52.457 [main] EntityReferenceInitializerImpl - On call to EntityIdentifierReaderImpl#resolve, EntityKey was already known; should only happen on root returns with an optional identifier specified
[DEBUG] 2018-02-12 20:05:52.461 [main] TwoPhaseLoad - Resolving associations for [edu.matc.entity.User#3]
[DEBUG] 2018-02-12 20:05:52.462 [main] TwoPhaseLoad - Done materializing entity [edu.matc.entity.User#3]
[DEBUG] 2018-02-12 20:05:52.464 [main] ResourceRegistryStandardImpl - HHH000387: ResultSet's statement was not registered
[DEBUG] 2018-02-12 20:05:52.464 [main] AbstractLoadPlanBasedEntityLoader - Done entity load : edu.matc.entity.User#3
[DEBUG] 2018-02-12 20:05:52.464 [main] LogicalConnectionManagedImpl - Initiating JDBC connection release from afterTransaction
[DEBUG] 2018-02-12 20:05:52.496 [main] SQL - select user0_.userId as userId1_0_0_, user0_.createDate as createDa2_0_0_, user0_.email as email3_0_0_, user0_.firstName as firstNam4_0_0_, user0_.lastName as lastName5_0_0_, user0_.password as password6_0_0_, user0_.updateDate as updateDa7_0_0_, user0_.userName as userName8_0_0_ from user user0_ where user0_.userId=?
[DEBUG] 2018-02-12 20:05:52.502 [main] ResultSetProcessorImpl - Starting ResultSet row #0
[DEBUG] 2018-02-12 20:05:52.502 [main] EntityReferenceInitializerImpl - On call to EntityIdentifierReaderImpl#resolve, EntityKey was already known; should only happen on root returns with an optional identifier specified
[DEBUG] 2018-02-12 20:05:52.507 [main] TwoPhaseLoad - Resolving associations for [edu.matc.entity.User#3]
[DEBUG] 2018-02-12 20:05:52.507 [main] TwoPhaseLoad - Done materializing entity [edu.matc.entity.User#3]
[DEBUG] 2018-02-12 20:05:52.507 [main] ResourceRegistryStandardImpl - HHH000387: ResultSet's statement was not registered
[DEBUG] 2018-02-12 20:05:52.507 [main] AbstractLoadPlanBasedEntityLoader - Done entity load : edu.matc.entity.User#3
[DEBUG] 2018-02-12 20:05:52.507 [main] LogicalConnectionManagedImpl - Initiating JDBC connection release from afterTransaction
[DEBUG] 2018-02-12 20:05:52.511 [main] SQL - select user0_.userId as userId1_0_0_, user0_.createDate as createDa2_0_0_, user0_.email as email3_0_0_, user0_.firstName as firstNam4_0_0_, user0_.lastName as lastName5_0_0_, user0_.password as password6_0_0_, user0_.updateDate as updateDa7_0_0_, user0_.userName as userName8_0_0_ from user user0_ where user0_.userId=?
[DEBUG] 2018-02-12 20:05:52.516 [main] ResultSetProcessorImpl - Starting ResultSet row #0
[DEBUG] 2018-02-12 20:05:52.517 [main] EntityReferenceInitializerImpl - On call to EntityIdentifierReaderImpl#resolve, EntityKey was already known; should only happen on root returns with an optional identifier specified
[DEBUG] 2018-02-12 20:05:52.517 [main] TwoPhaseLoad - Resolving associations for [edu.matc.entity.User#3]
[DEBUG] 2018-02-12 20:05:52.518 [main] TwoPhaseLoad - Done materializing entity [edu.matc.entity.User#3]
[DEBUG] 2018-02-12 20:05:52.518 [main] ResourceRegistryStandardImpl - HHH000387: ResultSet's statement was not registered
[DEBUG] 2018-02-12 20:05:52.518 [main] AbstractLoadPlanBasedEntityLoader - Done entity load : edu.matc.entity.User#3
[DEBUG] 2018-02-12 20:05:52.518 [main] LogicalConnectionManagedImpl - Initiating JDBC connection release from afterTransaction
[DEBUG] 2018-02-12 20:05:52.529 [main] CriteriaQueryImpl - Rendered criteria query -> select generatedAlias0 from User as generatedAlias0
[DEBUG] 2018-02-12 20:05:52.532 [main] QueryTranslatorImpl - parse() - HQL: select generatedAlias0 from edu.matc.entity.User as generatedAlias0
[DEBUG] 2018-02-12 20:05:52.533 [main] ErrorCounter - throwQueryException() : no errors
[DEBUG] 2018-02-12 20:05:52.533 [main] QueryTranslatorImpl - --- HQL AST ---
 \-[QUERY] Node: 'query'
    \-[SELECT_FROM] Node: 'SELECT_FROM'
       +-[FROM] Node: 'from'
       |  \-[RANGE] Node: 'RANGE'
       |     +-[DOT] Node: '.'
       |     |  +-[DOT] Node: '.'
       |     |  |  +-[DOT] Node: '.'
       |     |  |  |  +-[IDENT] Node: 'edu'
       |     |  |  |  \-[IDENT] Node: 'matc'
       |     |  |  \-[IDENT] Node: 'entity'
       |     |  \-[IDENT] Node: 'User'
       |     \-[ALIAS] Node: 'generatedAlias0'
       \-[SELECT] Node: 'select'
          \-[IDENT] Node: 'generatedAlias0'

[DEBUG] 2018-02-12 20:05:52.534 [main] HqlSqlBaseWalker - select << begin [level=1, statement=select]
[DEBUG] 2018-02-12 20:05:52.534 [main] FromElement - FromClause{level=1} : edu.matc.entity.User (generatedAlias0) -> user0_
[DEBUG] 2018-02-12 20:05:52.534 [main] FromReferenceNode - Resolved : generatedAlias0 -> user0_.userId
[DEBUG] 2018-02-12 20:05:52.535 [main] HqlSqlBaseWalker - select : finishing up [level=1, statement=select]
[DEBUG] 2018-02-12 20:05:52.535 [main] HqlSqlWalker - processQuery() :  ( SELECT ( {select clause} user0_.userId ) ( FromClause{level=1} user user0_ ) )
[DEBUG] 2018-02-12 20:05:52.535 [main] JoinProcessor - Using FROM fragment [user user0_]
[DEBUG] 2018-02-12 20:05:52.535 [main] HqlSqlBaseWalker - select >> end [level=1, statement=select]
[DEBUG] 2018-02-12 20:05:52.536 [main] QueryTranslatorImpl - --- SQL AST ---
 \-[SELECT] QueryNode: 'SELECT'  querySpaces (user)
    +-[SELECT_CLAUSE] SelectClause: '{select clause}'
    |  +-[ALIAS_REF] IdentNode: 'user0_.userId as userId1_0_' {alias=generatedAlias0, className=edu.matc.entity.User, tableAlias=user0_}
    |  \-[SQL_TOKEN] SqlFragment: 'user0_.createDate as createDa2_0_, user0_.email as email3_0_, user0_.firstName as firstNam4_0_, user0_.lastName as lastName5_0_, user0_.password as password6_0_, user0_.updateDate as updateDa7_0_, user0_.userName as userName8_0_'
    \-[FROM] FromClause: 'from' FromClause{level=1, fromElementCounter=1, fromElements=1, fromElementByClassAlias=[generatedAlias0], fromElementByTableAlias=[user0_], fromElementsByPath=[], collectionJoinFromElementsByPath=[], impliedElements=[]}
       \-[FROM_FRAGMENT] FromElement: 'user user0_' FromElement{explicit,not a collection join,not a fetch join,fetch non-lazy properties,classAlias=generatedAlias0,role=null,tableName=user,tableAlias=user0_,origin=null,columns={,className=edu.matc.entity.User}}

[DEBUG] 2018-02-12 20:05:52.536 [main] ErrorCounter - throwQueryException() : no errors
[DEBUG] 2018-02-12 20:05:52.536 [main] QueryTranslatorImpl - HQL: select generatedAlias0 from edu.matc.entity.User as generatedAlias0
[DEBUG] 2018-02-12 20:05:52.536 [main] QueryTranslatorImpl - SQL: select user0_.userId as userId1_0_, user0_.createDate as createDa2_0_, user0_.email as email3_0_, user0_.firstName as firstNam4_0_, user0_.lastName as lastName5_0_, user0_.password as password6_0_, user0_.updateDate as updateDa7_0_, user0_.userName as userName8_0_ from user user0_
[DEBUG] 2018-02-12 20:05:52.536 [main] ErrorCounter - throwQueryException() : no errors
[DEBUG] 2018-02-12 20:05:52.538 [main] SQL - select user0_.userId as userId1_0_, user0_.createDate as createDa2_0_, user0_.email as email3_0_, user0_.firstName as firstNam4_0_, user0_.lastName as lastName5_0_, user0_.password as password6_0_, user0_.updateDate as updateDa7_0_, user0_.userName as userName8_0_ from user user0_
[DEBUG] 2018-02-12 20:05:52.542 [main] Loader - Result set row: 0
[DEBUG] 2018-02-12 20:05:52.542 [main] Loader - Result row: EntityKey[edu.matc.entity.User#1]
[DEBUG] 2018-02-12 20:05:52.543 [main] Loader - Result set row: 1
[DEBUG] 2018-02-12 20:05:52.543 [main] Loader - Result row: EntityKey[edu.matc.entity.User#2]
[DEBUG] 2018-02-12 20:05:52.543 [main] Loader - Result set row: 2
[DEBUG] 2018-02-12 20:05:52.543 [main] Loader - Result row: EntityKey[edu.matc.entity.User#3]
[DEBUG] 2018-02-12 20:05:52.543 [main] Loader - Result set row: 3
[DEBUG] 2018-02-12 20:05:52.544 [main] Loader - Result row: EntityKey[edu.matc.entity.User#4]
[DEBUG] 2018-02-12 20:05:52.544 [main] Loader - Result set row: 4
[DEBUG] 2018-02-12 20:05:52.545 [main] Loader - Result row: EntityKey[edu.matc.entity.User#5]
[DEBUG] 2018-02-12 20:05:52.545 [main] Loader - Result set row: 5
[DEBUG] 2018-02-12 20:05:52.545 [main] Loader - Result row: EntityKey[edu.matc.entity.User#6]
[DEBUG] 2018-02-12 20:05:52.545 [main] TwoPhaseLoad - Resolving associations for [edu.matc.entity.User#1]
[DEBUG] 2018-02-12 20:05:52.545 [main] TwoPhaseLoad - Done materializing entity [edu.matc.entity.User#1]
[DEBUG] 2018-02-12 20:05:52.546 [main] TwoPhaseLoad - Resolving associations for [edu.matc.entity.User#2]
[DEBUG] 2018-02-12 20:05:52.546 [main] TwoPhaseLoad - Done materializing entity [edu.matc.entity.User#2]
[DEBUG] 2018-02-12 20:05:52.546 [main] TwoPhaseLoad - Resolving associations for [edu.matc.entity.User#3]
[DEBUG] 2018-02-12 20:05:52.546 [main] TwoPhaseLoad - Done materializing entity [edu.matc.entity.User#3]
[DEBUG] 2018-02-12 20:05:52.546 [main] TwoPhaseLoad - Resolving associations for [edu.matc.entity.User#4]
[DEBUG] 2018-02-12 20:05:52.547 [main] TwoPhaseLoad - Done materializing entity [edu.matc.entity.User#4]
[DEBUG] 2018-02-12 20:05:52.547 [main] TwoPhaseLoad - Resolving associations for [edu.matc.entity.User#5]
[DEBUG] 2018-02-12 20:05:52.550 [main] TwoPhaseLoad - Done materializing entity [edu.matc.entity.User#5]
[DEBUG] 2018-02-12 20:05:52.550 [main] TwoPhaseLoad - Resolving associations for [edu.matc.entity.User#6]
[DEBUG] 2018-02-12 20:05:52.550 [main] TwoPhaseLoad - Done materializing entity [edu.matc.entity.User#6]
[DEBUG] 2018-02-12 20:05:52.551 [main] LogicalConnectionManagedImpl - Initiating JDBC connection release from afterTransaction
[DEBUG] 2018-02-12 20:05:52.568 [main] TransactionImpl - begin
[DEBUG] 2018-02-12 20:05:52.574 [main] ActionQueue - Executing identity-insert immediately
[DEBUG] 2018-02-12 20:05:52.575 [main] SQL - insert into user (createDate, email, firstName, lastName, password, updateDate, userName) values (?, ?, ?, ?, ?, ?, ?)
[DEBUG] 2018-02-12 20:05:52.590 [main] IdentifierGeneratorHelper - Natively generated identity: 32
[DEBUG] 2018-02-12 20:05:52.590 [main] ResourceRegistryStandardImpl - HHH000387: ResultSet's statement was not registered
[DEBUG] 2018-02-12 20:05:52.592 [main] TransactionImpl - committing
[DEBUG] 2018-02-12 20:05:52.593 [main] AbstractFlushingEventListener - Processing flush-time cascades
[DEBUG] 2018-02-12 20:05:52.593 [main] AbstractFlushingEventListener - Dirty checking collections
[DEBUG] 2018-02-12 20:05:52.593 [main] AbstractFlushingEventListener - Flushed: 0 insertions, 0 updates, 0 deletions to 1 objects
[DEBUG] 2018-02-12 20:05:52.594 [main] AbstractFlushingEventListener - Flushed: 0 (re)creations, 0 updates, 0 removals to 0 collections
[DEBUG] 2018-02-12 20:05:52.594 [main] EntityPrinter - Listing entities:
[DEBUG] 2018-02-12 20:05:52.594 [main] EntityPrinter - edu.matc.entity.User{firstName=Fred, lastName=Flintstone, password=supersecret7, updateDate=2018-02-12 20:05:52.568, UserId=32, userName=fflintstone, email=fflintstone@gmail.com, createDate=2018-02-12 20:05:52.568}
[DEBUG] 2018-02-12 20:05:52.595 [main] LogicalConnectionManagedImpl - Initiating JDBC connection release from afterTransaction
[DEBUG] 2018-02-12 20:05:52.596 [main] LogicalConnectionManagedImpl - Initiating JDBC connection release from afterTransaction
[DEBUG] 2018-02-12 20:05:52.600 [main] SQL - select user0_.userId as userId1_0_0_, user0_.createDate as createDa2_0_0_, user0_.email as email3_0_0_, user0_.firstName as firstNam4_0_0_, user0_.lastName as lastName5_0_0_, user0_.password as password6_0_0_, user0_.updateDate as updateDa7_0_0_, user0_.userName as userName8_0_0_ from user user0_ where user0_.userId=?
[DEBUG] 2018-02-12 20:05:52.601 [main] ResultSetProcessorImpl - Starting ResultSet row #0
[DEBUG] 2018-02-12 20:05:52.602 [main] EntityReferenceInitializerImpl - On call to EntityIdentifierReaderImpl#resolve, EntityKey was already known; should only happen on root returns with an optional identifier specified
[DEBUG] 2018-02-12 20:05:52.606 [main] TwoPhaseLoad - Resolving associations for [edu.matc.entity.User#32]
[DEBUG] 2018-02-12 20:05:52.607 [main] TwoPhaseLoad - Done materializing entity [edu.matc.entity.User#32]
[DEBUG] 2018-02-12 20:05:52.607 [main] ResourceRegistryStandardImpl - HHH000387: ResultSet's statement was not registered
[DEBUG] 2018-02-12 20:05:52.607 [main] AbstractLoadPlanBasedEntityLoader - Done entity load : edu.matc.entity.User#32
[DEBUG] 2018-02-12 20:05:52.607 [main] LogicalConnectionManagedImpl - Initiating JDBC connection release from afterTransaction
