[DEBUG] 2018-02-12 20:01:48.682 [main] IntegratorServiceImpl - Adding Integrator [org.hibernate.cfg.beanvalidation.BeanValidationIntegrator].
[DEBUG] 2018-02-12 20:01:48.694 [main] IntegratorServiceImpl - Adding Integrator [org.hibernate.secure.spi.JaccIntegrator].
[DEBUG] 2018-02-12 20:01:48.701 [main] IntegratorServiceImpl - Adding Integrator [org.hibernate.cache.internal.CollectionCacheInvalidator].
[INFO ] 2018-02-12 20:01:49.109 [main] Version - HHH000412: Hibernate Core {5.2.12.Final}
[INFO ] 2018-02-12 20:01:49.112 [main] Environment - HHH000206: hibernate.properties not found
[DEBUG] 2018-02-12 20:01:49.233 [main] LocalXmlResourceResolver - Interpreting public/system identifier : [-//Hibernate/Hibernate Configuration DTD//EN] - [http://www.hibernate.org/dtd/hibernate-configuration-3.0.dtd]
[DEBUG] 2018-02-12 20:01:49.246 [main] LocalXmlResourceResolver - Recognized hibernate-configuration identifier; attempting to resolve on classpath under org/hibernate/
[DEBUG] 2018-02-12 20:01:49.258 [main] JaxbCfgProcessor - cfg.xml document did not define namespaces; wrapping in custom event reader to introduce namespace information
[DEBUG] 2018-02-12 20:01:49.944 [main] ServiceBinding - Overriding existing service binding [org.hibernate.secure.spi.JaccService]
[DEBUG] 2018-02-12 20:01:50.014 [main] RegionFactoryInitiator - Cache region factory : org.hibernate.cache.internal.NoCachingRegionFactory
[INFO ] 2018-02-12 20:01:50.049 [main] Version - HCANN000001: Hibernate Commons Annotations {5.0.1.Final}
[DEBUG] 2018-02-12 20:01:50.184 [main] BasicTypeRegistry - Adding type registration boolean -> org.hibernate.type.BooleanType@3214ee6
[DEBUG] 2018-02-12 20:01:50.185 [main] BasicTypeRegistry - Adding type registration boolean -> org.hibernate.type.BooleanType@3214ee6
[DEBUG] 2018-02-12 20:01:50.185 [main] BasicTypeRegistry - Adding type registration java.lang.Boolean -> org.hibernate.type.BooleanType@3214ee6
[DEBUG] 2018-02-12 20:01:50.186 [main] BasicTypeRegistry - Adding type registration numeric_boolean -> org.hibernate.type.NumericBooleanType@2bdd8394
[DEBUG] 2018-02-12 20:01:50.188 [main] BasicTypeRegistry - Adding type registration true_false -> org.hibernate.type.TrueFalseType@2eea88a1
[DEBUG] 2018-02-12 20:01:50.189 [main] BasicTypeRegistry - Adding type registration yes_no -> org.hibernate.type.YesNoType@22f59fa
[DEBUG] 2018-02-12 20:01:50.191 [main] BasicTypeRegistry - Adding type registration byte -> org.hibernate.type.ByteType@4e0ae11f
[DEBUG] 2018-02-12 20:01:50.192 [main] BasicTypeRegistry - Adding type registration byte -> org.hibernate.type.ByteType@4e0ae11f
[DEBUG] 2018-02-12 20:01:50.192 [main] BasicTypeRegistry - Adding type registration java.lang.Byte -> org.hibernate.type.ByteType@4e0ae11f
[DEBUG] 2018-02-12 20:01:50.194 [main] BasicTypeRegistry - Adding type registration character -> org.hibernate.type.CharacterType@9cb8225
[DEBUG] 2018-02-12 20:01:50.195 [main] BasicTypeRegistry - Adding type registration char -> org.hibernate.type.CharacterType@9cb8225
[DEBUG] 2018-02-12 20:01:50.195 [main] BasicTypeRegistry - Adding type registration java.lang.Character -> org.hibernate.type.CharacterType@9cb8225
[DEBUG] 2018-02-12 20:01:50.198 [main] BasicTypeRegistry - Adding type registration short -> org.hibernate.type.ShortType@34129c78
[DEBUG] 2018-02-12 20:01:50.198 [main] BasicTypeRegistry - Adding type registration short -> org.hibernate.type.ShortType@34129c78
[DEBUG] 2018-02-12 20:01:50.198 [main] BasicTypeRegistry - Adding type registration java.lang.Short -> org.hibernate.type.ShortType@34129c78
[DEBUG] 2018-02-12 20:01:50.200 [main] BasicTypeRegistry - Adding type registration integer -> org.hibernate.type.IntegerType@3e62d773
[DEBUG] 2018-02-12 20:01:50.200 [main] BasicTypeRegistry - Adding type registration int -> org.hibernate.type.IntegerType@3e62d773
[DEBUG] 2018-02-12 20:01:50.200 [main] BasicTypeRegistry - Adding type registration java.lang.Integer -> org.hibernate.type.IntegerType@3e62d773
[DEBUG] 2018-02-12 20:01:50.203 [main] BasicTypeRegistry - Adding type registration long -> org.hibernate.type.LongType@47c81abf
[DEBUG] 2018-02-12 20:01:50.203 [main] BasicTypeRegistry - Adding type registration long -> org.hibernate.type.LongType@47c81abf
[DEBUG] 2018-02-12 20:01:50.203 [main] BasicTypeRegistry - Adding type registration java.lang.Long -> org.hibernate.type.LongType@47c81abf
[DEBUG] 2018-02-12 20:01:50.212 [main] BasicTypeRegistry - Adding type registration float -> org.hibernate.type.FloatType@264f218
[DEBUG] 2018-02-12 20:01:50.213 [main] BasicTypeRegistry - Adding type registration float -> org.hibernate.type.FloatType@264f218
[DEBUG] 2018-02-12 20:01:50.213 [main] BasicTypeRegistry - Adding type registration java.lang.Float -> org.hibernate.type.FloatType@264f218
[DEBUG] 2018-02-12 20:01:50.216 [main] BasicTypeRegistry - Adding type registration double -> org.hibernate.type.DoubleType@1169afe1
[DEBUG] 2018-02-12 20:01:50.217 [main] BasicTypeRegistry - Adding type registration double -> org.hibernate.type.DoubleType@1169afe1
[DEBUG] 2018-02-12 20:01:50.217 [main] BasicTypeRegistry - Adding type registration java.lang.Double -> org.hibernate.type.DoubleType@1169afe1
[DEBUG] 2018-02-12 20:01:50.219 [main] BasicTypeRegistry - Adding type registration big_decimal -> org.hibernate.type.BigDecimalType@7de62196
[DEBUG] 2018-02-12 20:01:50.220 [main] BasicTypeRegistry - Adding type registration java.math.BigDecimal -> org.hibernate.type.BigDecimalType@7de62196
[DEBUG] 2018-02-12 20:01:50.221 [main] BasicTypeRegistry - Adding type registration big_integer -> org.hibernate.type.BigIntegerType@389b0789
[DEBUG] 2018-02-12 20:01:50.221 [main] BasicTypeRegistry - Adding type registration java.math.BigInteger -> org.hibernate.type.BigIntegerType@389b0789
[DEBUG] 2018-02-12 20:01:50.223 [main] BasicTypeRegistry - Adding type registration string -> org.hibernate.type.StringType@51bd8b5c
[DEBUG] 2018-02-12 20:01:50.223 [main] BasicTypeRegistry - Adding type registration java.lang.String -> org.hibernate.type.StringType@51bd8b5c
[DEBUG] 2018-02-12 20:01:50.226 [main] BasicTypeRegistry - Adding type registration nstring -> org.hibernate.type.StringNVarcharType@64ec96c6
[DEBUG] 2018-02-12 20:01:50.227 [main] BasicTypeRegistry - Adding type registration ncharacter -> org.hibernate.type.CharacterNCharType@452e19ca
[DEBUG] 2018-02-12 20:01:50.229 [main] BasicTypeRegistry - Adding type registration url -> org.hibernate.type.UrlType@e25951c
[DEBUG] 2018-02-12 20:01:50.229 [main] BasicTypeRegistry - Adding type registration java.net.URL -> org.hibernate.type.UrlType@e25951c
[DEBUG] 2018-02-12 20:01:50.232 [main] BasicTypeRegistry - Adding type registration Duration -> org.hibernate.type.DurationType@19976a65
[DEBUG] 2018-02-12 20:01:50.232 [main] BasicTypeRegistry - Adding type registration java.time.Duration -> org.hibernate.type.DurationType@19976a65
[DEBUG] 2018-02-12 20:01:50.291 [main] BasicTypeRegistry - Adding type registration Instant -> org.hibernate.type.InstantType@15a04efb
[DEBUG] 2018-02-12 20:01:50.292 [main] BasicTypeRegistry - Adding type registration java.time.Instant -> org.hibernate.type.InstantType@15a04efb
[DEBUG] 2018-02-12 20:01:50.296 [main] BasicTypeRegistry - Adding type registration LocalDateTime -> org.hibernate.type.LocalDateTimeType@3336e6b6
[DEBUG] 2018-02-12 20:01:50.296 [main] BasicTypeRegistry - Adding type registration java.time.LocalDateTime -> org.hibernate.type.LocalDateTimeType@3336e6b6
[DEBUG] 2018-02-12 20:01:50.392 [main] BasicTypeRegistry - Adding type registration LocalDate -> org.hibernate.type.LocalDateType@48b67364
[DEBUG] 2018-02-12 20:01:50.392 [main] BasicTypeRegistry - Adding type registration java.time.LocalDate -> org.hibernate.type.LocalDateType@48b67364
[DEBUG] 2018-02-12 20:01:50.401 [main] BasicTypeRegistry - Adding type registration LocalTime -> org.hibernate.type.LocalTimeType@72ef8d15
[DEBUG] 2018-02-12 20:01:50.402 [main] BasicTypeRegistry - Adding type registration java.time.LocalTime -> org.hibernate.type.LocalTimeType@72ef8d15
[DEBUG] 2018-02-12 20:01:50.405 [main] BasicTypeRegistry - Adding type registration OffsetDateTime -> org.hibernate.type.OffsetDateTimeType@72ade7e3
[DEBUG] 2018-02-12 20:01:50.405 [main] BasicTypeRegistry - Adding type registration java.time.OffsetDateTime -> org.hibernate.type.OffsetDateTimeType@72ade7e3
[DEBUG] 2018-02-12 20:01:50.408 [main] BasicTypeRegistry - Adding type registration OffsetTime -> org.hibernate.type.OffsetTimeType@560348e6
[DEBUG] 2018-02-12 20:01:50.409 [main] BasicTypeRegistry - Adding type registration java.time.OffsetTime -> org.hibernate.type.OffsetTimeType@560348e6
[DEBUG] 2018-02-12 20:01:50.417 [main] BasicTypeRegistry - Adding type registration ZonedDateTime -> org.hibernate.type.ZonedDateTimeType@4fa1c212
[DEBUG] 2018-02-12 20:01:50.417 [main] BasicTypeRegistry - Adding type registration java.time.ZonedDateTime -> org.hibernate.type.ZonedDateTimeType@4fa1c212
[DEBUG] 2018-02-12 20:01:50.421 [main] BasicTypeRegistry - Adding type registration date -> org.hibernate.type.DateType@2e32ccc5
[DEBUG] 2018-02-12 20:01:50.421 [main] BasicTypeRegistry - Adding type registration java.sql.Date -> org.hibernate.type.DateType@2e32ccc5
[DEBUG] 2018-02-12 20:01:50.423 [main] BasicTypeRegistry - Adding type registration time -> org.hibernate.type.TimeType@5f77d0f9
[DEBUG] 2018-02-12 20:01:50.423 [main] BasicTypeRegistry - Adding type registration java.sql.Time -> org.hibernate.type.TimeType@5f77d0f9
[DEBUG] 2018-02-12 20:01:50.429 [main] BasicTypeRegistry - Adding type registration timestamp -> org.hibernate.type.TimestampType@42b3b079
[DEBUG] 2018-02-12 20:01:50.430 [main] BasicTypeRegistry - Adding type registration java.sql.Timestamp -> org.hibernate.type.TimestampType@42b3b079
[DEBUG] 2018-02-12 20:01:50.430 [main] BasicTypeRegistry - Adding type registration java.util.Date -> org.hibernate.type.TimestampType@42b3b079
[DEBUG] 2018-02-12 20:01:50.444 [main] BasicTypeRegistry - Adding type registration dbtimestamp -> org.hibernate.type.DbTimestampType@bb9e6dc
[DEBUG] 2018-02-12 20:01:50.445 [main] BasicTypeRegistry - Adding type registration calendar -> org.hibernate.type.CalendarType@39d76cb5
[DEBUG] 2018-02-12 20:01:50.446 [main] BasicTypeRegistry - Adding type registration java.util.Calendar -> org.hibernate.type.CalendarType@39d76cb5
[DEBUG] 2018-02-12 20:01:50.446 [main] BasicTypeRegistry - Adding type registration java.util.GregorianCalendar -> org.hibernate.type.CalendarType@39d76cb5
[DEBUG] 2018-02-12 20:01:50.451 [main] BasicTypeRegistry - Adding type registration calendar_date -> org.hibernate.type.CalendarDateType@52815fa3
[DEBUG] 2018-02-12 20:01:50.453 [main] BasicTypeRegistry - Adding type registration locale -> org.hibernate.type.LocaleType@4d518b32
[DEBUG] 2018-02-12 20:01:50.454 [main] BasicTypeRegistry - Adding type registration java.util.Locale -> org.hibernate.type.LocaleType@4d518b32
[DEBUG] 2018-02-12 20:01:50.459 [main] BasicTypeRegistry - Adding type registration currency -> org.hibernate.type.CurrencyType@20d7d6fb
[DEBUG] 2018-02-12 20:01:50.462 [main] BasicTypeRegistry - Adding type registration java.util.Currency -> org.hibernate.type.CurrencyType@20d7d6fb
[DEBUG] 2018-02-12 20:01:50.464 [main] BasicTypeRegistry - Adding type registration timezone -> org.hibernate.type.TimeZoneType@2b72cb8a
[DEBUG] 2018-02-12 20:01:50.465 [main] BasicTypeRegistry - Adding type registration java.util.TimeZone -> org.hibernate.type.TimeZoneType@2b72cb8a
[DEBUG] 2018-02-12 20:01:50.466 [main] BasicTypeRegistry - Adding type registration class -> org.hibernate.type.ClassType@4bf48f6
[DEBUG] 2018-02-12 20:01:50.466 [main] BasicTypeRegistry - Adding type registration java.lang.Class -> org.hibernate.type.ClassType@4bf48f6
[DEBUG] 2018-02-12 20:01:50.471 [main] BasicTypeRegistry - Adding type registration uuid-binary -> org.hibernate.type.UUIDBinaryType@24c4ddae
[DEBUG] 2018-02-12 20:01:50.471 [main] BasicTypeRegistry - Adding type registration java.util.UUID -> org.hibernate.type.UUIDBinaryType@24c4ddae
[DEBUG] 2018-02-12 20:01:50.472 [main] BasicTypeRegistry - Adding type registration uuid-char -> org.hibernate.type.UUIDCharType@7b7fdc8
[DEBUG] 2018-02-12 20:01:50.474 [main] BasicTypeRegistry - Adding type registration binary -> org.hibernate.type.BinaryType@28b46423
[DEBUG] 2018-02-12 20:01:50.474 [main] BasicTypeRegistry - Adding type registration byte[] -> org.hibernate.type.BinaryType@28b46423
[DEBUG] 2018-02-12 20:01:50.475 [main] BasicTypeRegistry - Adding type registration [B -> org.hibernate.type.BinaryType@28b46423
[DEBUG] 2018-02-12 20:01:50.476 [main] BasicTypeRegistry - Adding type registration wrapper-binary -> org.hibernate.type.WrapperBinaryType@1f81aa00
[DEBUG] 2018-02-12 20:01:50.476 [main] BasicTypeRegistry - Adding type registration Byte[] -> org.hibernate.type.WrapperBinaryType@1f81aa00
[DEBUG] 2018-02-12 20:01:50.476 [main] BasicTypeRegistry - Adding type registration [Ljava.lang.Byte; -> org.hibernate.type.WrapperBinaryType@1f81aa00
[DEBUG] 2018-02-12 20:01:50.478 [main] BasicTypeRegistry - Adding type registration row_version -> org.hibernate.type.RowVersionType@55c53a33
[DEBUG] 2018-02-12 20:01:50.480 [main] BasicTypeRegistry - Adding type registration image -> org.hibernate.type.ImageType@4a3631f8
[DEBUG] 2018-02-12 20:01:50.482 [main] BasicTypeRegistry - Adding type registration characters -> org.hibernate.type.CharArrayType@79c97cb
[DEBUG] 2018-02-12 20:01:50.482 [main] BasicTypeRegistry - Adding type registration char[] -> org.hibernate.type.CharArrayType@79c97cb
[DEBUG] 2018-02-12 20:01:50.482 [main] BasicTypeRegistry - Adding type registration [C -> org.hibernate.type.CharArrayType@79c97cb
[DEBUG] 2018-02-12 20:01:50.483 [main] BasicTypeRegistry - Adding type registration wrapper-characters -> org.hibernate.type.CharacterArrayType@6f6745d6
[DEBUG] 2018-02-12 20:01:50.484 [main] BasicTypeRegistry - Adding type registration [Ljava.lang.Character; -> org.hibernate.type.CharacterArrayType@6f6745d6
[DEBUG] 2018-02-12 20:01:50.484 [main] BasicTypeRegistry - Adding type registration Character[] -> org.hibernate.type.CharacterArrayType@6f6745d6
[DEBUG] 2018-02-12 20:01:50.485 [main] BasicTypeRegistry - Adding type registration text -> org.hibernate.type.TextType@3ddc6915
[DEBUG] 2018-02-12 20:01:50.486 [main] BasicTypeRegistry - Adding type registration ntext -> org.hibernate.type.NTextType@1acaf3d
[DEBUG] 2018-02-12 20:01:50.494 [main] BasicTypeRegistry - Adding type registration blob -> org.hibernate.type.BlobType@58594a11
[DEBUG] 2018-02-12 20:01:50.494 [main] BasicTypeRegistry - Adding type registration java.sql.Blob -> org.hibernate.type.BlobType@58594a11
[DEBUG] 2018-02-12 20:01:50.495 [main] BasicTypeRegistry - Adding type registration materialized_blob -> org.hibernate.type.MaterializedBlobType@14fa86ae
[DEBUG] 2018-02-12 20:01:50.503 [main] BasicTypeRegistry - Adding type registration clob -> org.hibernate.type.ClobType@616ac46a
[DEBUG] 2018-02-12 20:01:50.503 [main] BasicTypeRegistry - Adding type registration java.sql.Clob -> org.hibernate.type.ClobType@616ac46a
[DEBUG] 2018-02-12 20:01:50.507 [main] BasicTypeRegistry - Adding type registration nclob -> org.hibernate.type.NClobType@3eb81efb
[DEBUG] 2018-02-12 20:01:50.507 [main] BasicTypeRegistry - Adding type registration java.sql.NClob -> org.hibernate.type.NClobType@3eb81efb
[DEBUG] 2018-02-12 20:01:50.508 [main] BasicTypeRegistry - Adding type registration materialized_clob -> org.hibernate.type.MaterializedClobType@7d3d101b
[DEBUG] 2018-02-12 20:01:50.511 [main] BasicTypeRegistry - Adding type registration materialized_nclob -> org.hibernate.type.MaterializedNClobType@6d026701
[DEBUG] 2018-02-12 20:01:50.514 [main] BasicTypeRegistry - Adding type registration serializable -> org.hibernate.type.SerializableType@2812b107
[DEBUG] 2018-02-12 20:01:50.522 [main] BasicTypeRegistry - Adding type registration object -> org.hibernate.type.ObjectType@327af41b
[DEBUG] 2018-02-12 20:01:50.523 [main] BasicTypeRegistry - Adding type registration java.lang.Object -> org.hibernate.type.ObjectType@327af41b
[DEBUG] 2018-02-12 20:01:50.532 [main] BasicTypeRegistry - Adding type registration imm_date -> org.hibernate.type.AdaptedImmutableType@f99f5e0
[DEBUG] 2018-02-12 20:01:50.533 [main] BasicTypeRegistry - Adding type registration imm_time -> org.hibernate.type.AdaptedImmutableType@6aa61224
[DEBUG] 2018-02-12 20:01:50.533 [main] BasicTypeRegistry - Adding type registration imm_timestamp -> org.hibernate.type.AdaptedImmutableType@30bce90b
[DEBUG] 2018-02-12 20:01:50.533 [main] BasicTypeRegistry - Adding type registration imm_dbtimestamp -> org.hibernate.type.AdaptedImmutableType@3e6f3f28
[DEBUG] 2018-02-12 20:01:50.533 [main] BasicTypeRegistry - Adding type registration imm_calendar -> org.hibernate.type.AdaptedImmutableType@7e19ebf0
[DEBUG] 2018-02-12 20:01:50.533 [main] BasicTypeRegistry - Adding type registration imm_calendar_date -> org.hibernate.type.AdaptedImmutableType@2474f125
[DEBUG] 2018-02-12 20:01:50.533 [main] BasicTypeRegistry - Adding type registration imm_binary -> org.hibernate.type.AdaptedImmutableType@7357a011
[DEBUG] 2018-02-12 20:01:50.533 [main] BasicTypeRegistry - Adding type registration imm_serializable -> org.hibernate.type.AdaptedImmutableType@3406472c
[INFO ] 2018-02-12 20:01:50.550 [main] C3P0ConnectionProvider - HHH010002: C3P0 using driver: com.mysql.jdbc.Driver at URL: jdbc:mysql://localhost:3306/myBikePlace
[INFO ] 2018-02-12 20:01:50.550 [main] C3P0ConnectionProvider - HHH10001001: Connection properties: {user=root, password=****}
[INFO ] 2018-02-12 20:01:50.550 [main] C3P0ConnectionProvider - HHH10001003: Autocommit mode: false
[INFO ] 2018-02-12 20:01:50.970 [main] C3P0ConnectionProvider - HHH10001007: JDBC isolation level: <unknown>
[DEBUG] 2018-02-12 20:01:51.650 [main] JdbcEnvironmentInitiator - Database ->
       name : MySQL
    version : 5.7.20
      major : 5
      minor : 7
[DEBUG] 2018-02-12 20:01:51.650 [main] JdbcEnvironmentInitiator - Driver ->
       name : MySQL Connector Java
    version : mysql-connector-java-5.1.39 ( Revision: 3289a357af6d09ecc1a10fd3c26e95183e5790ad )
      major : 5
      minor : 1
[DEBUG] 2018-02-12 20:01:51.650 [main] JdbcEnvironmentInitiator - JDBC version : 4.0
[INFO ] 2018-02-12 20:01:51.679 [main] Dialect - HHH000400: Using dialect: org.hibernate.dialect.MySQL5Dialect
[DEBUG] 2018-02-12 20:01:51.785 [main] IdentifierHelperBuilder - JDBC driver metadata reported database stores quoted identifiers in more than one case
[DEBUG] 2018-02-12 20:01:51.791 [main] IdentifierHelperBuilder - IdentifierCaseStrategy for both quoted and unquoted identifiers was set to the same strategy [MIXED]; that will likely lead to problems in schema update and validation if using quoted identifiers
[DEBUG] 2018-02-12 20:01:51.941 [main] DefaultIdentifierGeneratorFactory - Registering IdentifierGenerator strategy [uuid2] -> [org.hibernate.id.UUIDGenerator]
[DEBUG] 2018-02-12 20:01:51.942 [main] DefaultIdentifierGeneratorFactory - Registering IdentifierGenerator strategy [guid] -> [org.hibernate.id.GUIDGenerator]
[DEBUG] 2018-02-12 20:01:51.944 [main] DefaultIdentifierGeneratorFactory - Registering IdentifierGenerator strategy [uuid] -> [org.hibernate.id.UUIDHexGenerator]
[DEBUG] 2018-02-12 20:01:51.944 [main] DefaultIdentifierGeneratorFactory - Registering IdentifierGenerator strategy [uuid.hex] -> [org.hibernate.id.UUIDHexGenerator]
[DEBUG] 2018-02-12 20:01:51.945 [main] DefaultIdentifierGeneratorFactory - Registering IdentifierGenerator strategy [assigned] -> [org.hibernate.id.Assigned]
[DEBUG] 2018-02-12 20:01:51.948 [main] DefaultIdentifierGeneratorFactory - Registering IdentifierGenerator strategy [identity] -> [org.hibernate.id.IdentityGenerator]
[DEBUG] 2018-02-12 20:01:51.949 [main] DefaultIdentifierGeneratorFactory - Registering IdentifierGenerator strategy [select] -> [org.hibernate.id.SelectGenerator]
[DEBUG] 2018-02-12 20:01:51.951 [main] DefaultIdentifierGeneratorFactory - Registering IdentifierGenerator strategy [sequence] -> [org.hibernate.id.enhanced.SequenceStyleGenerator]
[DEBUG] 2018-02-12 20:01:51.952 [main] DefaultIdentifierGeneratorFactory - Registering IdentifierGenerator strategy [seqhilo] -> [org.hibernate.id.SequenceHiLoGenerator]
[DEBUG] 2018-02-12 20:01:51.953 [main] DefaultIdentifierGeneratorFactory - Registering IdentifierGenerator strategy [increment] -> [org.hibernate.id.IncrementGenerator]
[DEBUG] 2018-02-12 20:01:51.954 [main] DefaultIdentifierGeneratorFactory - Registering IdentifierGenerator strategy [foreign] -> [org.hibernate.id.ForeignGenerator]
[DEBUG] 2018-02-12 20:01:51.955 [main] DefaultIdentifierGeneratorFactory - Registering IdentifierGenerator strategy [sequence-identity] -> [org.hibernate.id.SequenceIdentityGenerator]
[DEBUG] 2018-02-12 20:01:51.955 [main] DefaultIdentifierGeneratorFactory - Registering IdentifierGenerator strategy [enhanced-sequence] -> [org.hibernate.id.enhanced.SequenceStyleGenerator]
[DEBUG] 2018-02-12 20:01:51.957 [main] DefaultIdentifierGeneratorFactory - Registering IdentifierGenerator strategy [enhanced-table] -> [org.hibernate.id.enhanced.TableGenerator]
[DEBUG] 2018-02-12 20:01:52.112 [main] Namespace - Created database namespace [logicalName=Name{catalog=null, schema=null}, physicalName=Name{catalog=null, schema=null}]
[DEBUG] 2018-02-12 20:01:52.219 [main] AnnotationBinder - Binding entity from annotated class: edu.matc.entity.User
[DEBUG] 2018-02-12 20:01:52.333 [main] Ejb3Column - Binding column: Ejb3DiscriminatorColumn{logicalColumnName'DTYPE', discriminatorTypeName='string'}
[DEBUG] 2018-02-12 20:01:52.371 [main] EntityBinder - Import with entity name User
[DEBUG] 2018-02-12 20:01:52.393 [main] EntityBinder - Bind entity edu.matc.entity.User on table user
[DEBUG] 2018-02-12 20:01:52.470 [main] Ejb3Column - Binding column: Ejb3Column{table=org.hibernate.mapping.Table(user), mappingColumn=userId, insertable=true, updatable=true, unique=false}
[DEBUG] 2018-02-12 20:01:52.480 [main] PropertyBinder - MetadataSourceProcessor property UserId with lazy=false
[DEBUG] 2018-02-12 20:01:52.483 [main] AbstractPropertyHolder - Attempting to locate auto-apply AttributeConverter for property [edu.matc.entity.User:UserId]
[DEBUG] 2018-02-12 20:01:52.485 [main] SimpleValueBinder - building SimpleValue for UserId
[DEBUG] 2018-02-12 20:01:52.488 [main] PropertyBinder - Building property UserId
[DEBUG] 2018-02-12 20:01:52.497 [main] Ejb3Column - Binding column: Ejb3Column{table=org.hibernate.mapping.Table(user), mappingColumn=createDate, insertable=true, updatable=true, unique=false}
[DEBUG] 2018-02-12 20:01:52.497 [main] PropertyBinder - MetadataSourceProcessor property createDate with lazy=false
[DEBUG] 2018-02-12 20:01:52.497 [main] AbstractPropertyHolder - Attempting to locate auto-apply AttributeConverter for property [edu.matc.entity.User:createDate]
[DEBUG] 2018-02-12 20:01:52.497 [main] SimpleValueBinder - building SimpleValue for createDate
[DEBUG] 2018-02-12 20:01:52.497 [main] PropertyBinder - Building property createDate
[DEBUG] 2018-02-12 20:01:52.497 [main] Ejb3Column - Binding column: Ejb3Column{table=org.hibernate.mapping.Table(user), mappingColumn=email, insertable=true, updatable=true, unique=false}
[DEBUG] 2018-02-12 20:01:52.498 [main] PropertyBinder - MetadataSourceProcessor property email with lazy=false
[DEBUG] 2018-02-12 20:01:52.498 [main] AbstractPropertyHolder - Attempting to locate auto-apply AttributeConverter for property [edu.matc.entity.User:email]
[DEBUG] 2018-02-12 20:01:52.498 [main] SimpleValueBinder - building SimpleValue for email
[DEBUG] 2018-02-12 20:01:52.498 [main] PropertyBinder - Building property email
[DEBUG] 2018-02-12 20:01:52.498 [main] Ejb3Column - Binding column: Ejb3Column{table=org.hibernate.mapping.Table(user), mappingColumn=firstName, insertable=true, updatable=true, unique=false}
[DEBUG] 2018-02-12 20:01:52.498 [main] PropertyBinder - MetadataSourceProcessor property firstName with lazy=false
[DEBUG] 2018-02-12 20:01:52.498 [main] AbstractPropertyHolder - Attempting to locate auto-apply AttributeConverter for property [edu.matc.entity.User:firstName]
[DEBUG] 2018-02-12 20:01:52.498 [main] SimpleValueBinder - building SimpleValue for firstName
[DEBUG] 2018-02-12 20:01:52.498 [main] PropertyBinder - Building property firstName
[DEBUG] 2018-02-12 20:01:52.499 [main] Ejb3Column - Binding column: Ejb3Column{table=org.hibernate.mapping.Table(user), mappingColumn=lastName, insertable=true, updatable=true, unique=false}
[DEBUG] 2018-02-12 20:01:52.499 [main] PropertyBinder - MetadataSourceProcessor property lastName with lazy=false
[DEBUG] 2018-02-12 20:01:52.499 [main] AbstractPropertyHolder - Attempting to locate auto-apply AttributeConverter for property [edu.matc.entity.User:lastName]
[DEBUG] 2018-02-12 20:01:52.499 [main] SimpleValueBinder - building SimpleValue for lastName
[DEBUG] 2018-02-12 20:01:52.499 [main] PropertyBinder - Building property lastName
[DEBUG] 2018-02-12 20:01:52.499 [main] Ejb3Column - Binding column: Ejb3Column{table=org.hibernate.mapping.Table(user), mappingColumn=password, insertable=true, updatable=true, unique=false}
[DEBUG] 2018-02-12 20:01:52.499 [main] PropertyBinder - MetadataSourceProcessor property password with lazy=false
[DEBUG] 2018-02-12 20:01:52.499 [main] AbstractPropertyHolder - Attempting to locate auto-apply AttributeConverter for property [edu.matc.entity.User:password]
[DEBUG] 2018-02-12 20:01:52.500 [main] SimpleValueBinder - building SimpleValue for password
[DEBUG] 2018-02-12 20:01:52.500 [main] PropertyBinder - Building property password
[DEBUG] 2018-02-12 20:01:52.500 [main] Ejb3Column - Binding column: Ejb3Column{table=org.hibernate.mapping.Table(user), mappingColumn=updateDate, insertable=true, updatable=true, unique=false}
[DEBUG] 2018-02-12 20:01:52.500 [main] PropertyBinder - MetadataSourceProcessor property updateDate with lazy=false
[DEBUG] 2018-02-12 20:01:52.500 [main] AbstractPropertyHolder - Attempting to locate auto-apply AttributeConverter for property [edu.matc.entity.User:updateDate]
[DEBUG] 2018-02-12 20:01:52.500 [main] SimpleValueBinder - building SimpleValue for updateDate
[DEBUG] 2018-02-12 20:01:52.500 [main] PropertyBinder - Building property updateDate
[DEBUG] 2018-02-12 20:01:52.501 [main] Ejb3Column - Binding column: Ejb3Column{table=org.hibernate.mapping.Table(user), mappingColumn=userName, insertable=true, updatable=true, unique=false}
[DEBUG] 2018-02-12 20:01:52.501 [main] PropertyBinder - MetadataSourceProcessor property userName with lazy=false
[DEBUG] 2018-02-12 20:01:52.501 [main] AbstractPropertyHolder - Attempting to locate auto-apply AttributeConverter for property [edu.matc.entity.User:userName]
[DEBUG] 2018-02-12 20:01:52.501 [main] SimpleValueBinder - building SimpleValue for userName
[DEBUG] 2018-02-12 20:01:52.501 [main] PropertyBinder - Building property userName
[DEBUG] 2018-02-12 20:01:52.503 [main] SimpleValueBinder - Starting fillSimpleValue for UserId
[DEBUG] 2018-02-12 20:01:52.504 [main] SimpleValueBinder - Starting fillSimpleValue for createDate
[DEBUG] 2018-02-12 20:01:52.504 [main] SimpleValueBinder - Starting fillSimpleValue for email
[DEBUG] 2018-02-12 20:01:52.504 [main] SimpleValueBinder - Starting fillSimpleValue for firstName
[DEBUG] 2018-02-12 20:01:52.504 [main] SimpleValueBinder - Starting fillSimpleValue for lastName
[DEBUG] 2018-02-12 20:01:52.504 [main] SimpleValueBinder - Starting fillSimpleValue for password
[DEBUG] 2018-02-12 20:01:52.504 [main] SimpleValueBinder - Starting fillSimpleValue for updateDate
[DEBUG] 2018-02-12 20:01:52.504 [main] SimpleValueBinder - Starting fillSimpleValue for userName
[DEBUG] 2018-02-12 20:01:52.506 [main] PrimaryKey - Forcing column [userid] to be non-null as it is part of the primary key for table [user]
[DEBUG] 2018-02-12 20:01:52.593 [main] SessionFactoryImpl - Building session factory
[DEBUG] 2018-02-12 20:01:52.594 [main] Settings - SessionFactory name : null
[DEBUG] 2018-02-12 20:01:52.594 [main] Settings - Automatic flush during beforeCompletion(): enabled
[DEBUG] 2018-02-12 20:01:52.594 [main] Settings - Automatic session close at end of transaction: disabled
[DEBUG] 2018-02-12 20:01:52.594 [main] Settings - Statistics: disabled
[DEBUG] 2018-02-12 20:01:52.595 [main] Settings - Deleted entity synthetic identifier rollback: disabled
[DEBUG] 2018-02-12 20:01:52.595 [main] Settings - Default entity-mode: pojo
[DEBUG] 2018-02-12 20:01:52.595 [main] Settings - Check Nullability in Core (should be disabled when Bean Validation is on): enabled
[DEBUG] 2018-02-12 20:01:52.595 [main] Settings - Allow initialization of lazy state outside session : disabled
[DEBUG] 2018-02-12 20:01:52.595 [main] Settings - Using BatchFetchStyle : LEGACY
[DEBUG] 2018-02-12 20:01:52.595 [main] Settings - Default batch fetch size: -1
[DEBUG] 2018-02-12 20:01:52.595 [main] Settings - Maximum outer join fetch depth: 2
[DEBUG] 2018-02-12 20:01:52.595 [main] Settings - Default null ordering: NONE
[DEBUG] 2018-02-12 20:01:52.595 [main] Settings - Order SQL updates by primary key: disabled
[DEBUG] 2018-02-12 20:01:52.595 [main] Settings - Order SQL inserts for batching: disabled
[DEBUG] 2018-02-12 20:01:52.595 [main] Settings - multi-tenancy strategy : NONE
[DEBUG] 2018-02-12 20:01:52.595 [main] Settings - JTA Track by Thread: enabled
[DEBUG] 2018-02-12 20:01:52.595 [main] Settings - Query language substitutions: {}
[DEBUG] 2018-02-12 20:01:52.596 [main] Settings - JPA query language strict compliance: disabled
[DEBUG] 2018-02-12 20:01:52.596 [main] Settings - Named query checking : enabled
[DEBUG] 2018-02-12 20:01:52.596 [main] Settings - Second-level cache: enabled
[DEBUG] 2018-02-12 20:01:52.596 [main] Settings - Second-level query cache: disabled
[DEBUG] 2018-02-12 20:01:52.596 [main] Settings - Second-level query cache factory: org.hibernate.cache.internal.StandardQueryCacheFactory@611df6e3
[DEBUG] 2018-02-12 20:01:52.596 [main] Settings - Second-level cache region prefix: null
[DEBUG] 2018-02-12 20:01:52.596 [main] Settings - Optimize second-level cache for minimal puts: disabled
[DEBUG] 2018-02-12 20:01:52.596 [main] Settings - Structured second-level cache entries: disabled
[DEBUG] 2018-02-12 20:01:52.596 [main] Settings - Second-level cache direct-reference entries: disabled
[DEBUG] 2018-02-12 20:01:52.596 [main] Settings - Automatic eviction of collection cache: disabled
[DEBUG] 2018-02-12 20:01:52.597 [main] Settings - JDBC batch size: 15
[DEBUG] 2018-02-12 20:01:52.597 [main] Settings - JDBC batch updates for versioned data: enabled
[DEBUG] 2018-02-12 20:01:52.597 [main] Settings - Scrollable result sets: enabled
[DEBUG] 2018-02-12 20:01:52.597 [main] Settings - Wrap result sets: disabled
[DEBUG] 2018-02-12 20:01:52.597 [main] Settings - JDBC3 getGeneratedKeys(): enabled
[DEBUG] 2018-02-12 20:01:52.597 [main] Settings - JDBC result set fetch size: null
[DEBUG] 2018-02-12 20:01:52.597 [main] Settings - Connection release mode: AFTER_TRANSACTION
[DEBUG] 2018-02-12 20:01:52.597 [main] Settings - Generate SQL with comments: disabled
[DEBUG] 2018-02-12 20:01:52.697 [main] SessionFactoryImpl - Session factory constructed with filter configurations : {}
[DEBUG] 2018-02-12 20:01:52.697 [main] SessionFactoryImpl - Instantiating session factory with properties: {gopherProxySet=false, awt.toolkit=sun.lwawt.macosx.LWCToolkit, file.encoding.pkg=sun.io, java.specification.version=1.8, hibernate.c3p0.idle_test_period=3000, sun.cpu.isalist=, sun.jnu.encoding=UTF-8, hibernate.c3p0.min_size=5, java.class.path=/Applications/IntelliJ IDEA.app/Contents/lib/idea_rt.jar:/Applications/IntelliJ IDEA.app/Contents/plugins/junit/lib/junit-rt.jar:/Applications/IntelliJ IDEA.app/Contents/plugins/junit/lib/junit5-rt.jar:/Library/Java/JavaVirtualMachines/jdk1.8.0_152.jdk/Contents/Home/jre/lib/charsets.jar:/Library/Java/JavaVirtualMachines/jdk1.8.0_152.jdk/Contents/Home/jre/lib/deploy.jar:/Library/Java/JavaVirtualMachines/jdk1.8.0_152.jdk/Contents/Home/jre/lib/ext/cldrdata.jar:/Library/Java/JavaVirtualMachines/jdk1.8.0_152.jdk/Contents/Home/jre/lib/ext/dnsns.jar:/Library/Java/JavaVirtualMachines/jdk1.8.0_152.jdk/Contents/Home/jre/lib/ext/jaccess.jar:/Library/Java/JavaVirtualMachines/jdk1.8.0_152.jdk/Contents/Home/jre/lib/ext/jfxrt.jar:/Library/Java/JavaVirtualMachines/jdk1.8.0_152.jdk/Contents/Home/jre/lib/ext/localedata.jar:/Library/Java/JavaVirtualMachines/jdk1.8.0_152.jdk/Contents/Home/jre/lib/ext/nashorn.jar:/Library/Java/JavaVirtualMachines/jdk1.8.0_152.jdk/Contents/Home/jre/lib/ext/sunec.jar:/Library/Java/JavaVirtualMachines/jdk1.8.0_152.jdk/Contents/Home/jre/lib/ext/sunjce_provider.jar:/Library/Java/JavaVirtualMachines/jdk1.8.0_152.jdk/Contents/Home/jre/lib/ext/sunpkcs11.jar:/Library/Java/JavaVirtualMachines/jdk1.8.0_152.jdk/Contents/Home/jre/lib/ext/zipfs.jar:/Library/Java/JavaVirtualMachines/jdk1.8.0_152.jdk/Contents/Home/jre/lib/javaws.jar:/Library/Java/JavaVirtualMachines/jdk1.8.0_152.jdk/Contents/Home/jre/lib/jce.jar:/Library/Java/JavaVirtualMachines/jdk1.8.0_152.jdk/Contents/Home/jre/lib/jfr.jar:/Library/Java/JavaVirtualMachines/jdk1.8.0_152.jdk/Contents/Home/jre/lib/jfxswt.jar:/Library/Java/JavaVirtualMachines/jdk1.8.0_152.jdk/Contents/Home/jre/lib/jsse.jar:/Library/Java/JavaVirtualMachines/jdk1.8.0_152.jdk/Contents/Home/jre/lib/management-agent.jar:/Library/Java/JavaVirtualMachines/jdk1.8.0_152.jdk/Contents/Home/jre/lib/plugin.jar:/Library/Java/JavaVirtualMachines/jdk1.8.0_152.jdk/Contents/Home/jre/lib/resources.jar:/Library/Java/JavaVirtualMachines/jdk1.8.0_152.jdk/Contents/Home/jre/lib/rt.jar:/Library/Java/JavaVirtualMachines/jdk1.8.0_152.jdk/Contents/Home/lib/ant-javafx.jar:/Library/Java/JavaVirtualMachines/jdk1.8.0_152.jdk/Contents/Home/lib/dt.jar:/Library/Java/JavaVirtualMachines/jdk1.8.0_152.jdk/Contents/Home/lib/javafx-mx.jar:/Library/Java/JavaVirtualMachines/jdk1.8.0_152.jdk/Contents/Home/lib/jconsole.jar:/Library/Java/JavaVirtualMachines/jdk1.8.0_152.jdk/Contents/Home/lib/packager.jar:/Library/Java/JavaVirtualMachines/jdk1.8.0_152.jdk/Contents/Home/lib/sa-jdi.jar:/Library/Java/JavaVirtualMachines/jdk1.8.0_152.jdk/Contents/Home/lib/tools.jar:/Users/sighguy4/IdeaProjects/myBikePlace/target/test-classes:/Users/sighguy4/IdeaProjects/myBikePlace/target/classes:/Users/sighguy4/.m2/repository/junit/junit/4.12/junit-4.12.jar:/Users/sighguy4/.m2/repository/org/hamcrest/hamcrest-core/1.3/hamcrest-core-1.3.jar:/Users/sighguy4/.m2/repository/javax/javaee-web-api/7.0/javaee-web-api-7.0.jar:/Users/sighguy4/.m2/repository/mysql/mysql-connector-java/5.1.39/mysql-connector-java-5.1.39.jar:/Users/sighguy4/.m2/repository/org/apache/logging/log4j/log4j-api/2.10.0/log4j-api-2.10.0.jar:/Users/sighguy4/.m2/repository/org/apache/logging/log4j/log4j-core/2.10.0/log4j-core-2.10.0.jar:/Users/sighguy4/.m2/repository/org/junit/jupiter/junit-jupiter-engine/5.0.0/junit-jupiter-engine-5.0.0.jar:/Users/sighguy4/.m2/repository/org/apiguardian/apiguardian-api/1.0.0/apiguardian-api-1.0.0.jar:/Users/sighguy4/.m2/repository/org/junit/platform/junit-platform-engine/1.0.0/junit-platform-engine-1.0.0.jar:/Users/sighguy4/.m2/repository/org/junit/platform/junit-platform-commons/1.0.0/junit-platform-commons-1.0.0.jar:/Users/sighguy4/.m2/repository/org/opentest4j/opentest4j/1.0.0/opentest4j-1.0.0.jar:/Users/sighguy4/.m2/repository/org/junit/jupiter/junit-jupiter-api/5.0.0/junit-jupiter-api-5.0.0.jar:/Users/sighguy4/.m2/repository/org/junit/platform/junit-platform-runner/1.0.0/junit-platform-runner-1.0.0.jar:/Users/sighguy4/.m2/repository/org/junit/platform/junit-platform-launcher/1.0.0/junit-platform-launcher-1.0.0.jar:/Users/sighguy4/.m2/repository/org/junit/platform/junit-platform-suite-api/1.0.0/junit-platform-suite-api-1.0.0.jar:/Users/sighguy4/.m2/repository/org/junit/vintage/junit-vintage-engine/4.12.0/junit-vintage-engine-4.12.0.jar:/Users/sighguy4/.m2/repository/org/hibernate/hibernate-core/5.2.12.Final/hibernate-core-5.2.12.Final.jar:/Users/sighguy4/.m2/repository/org/jboss/logging/jboss-logging/3.3.0.Final/jboss-logging-3.3.0.Final.jar:/Users/sighguy4/.m2/repository/org/hibernate/javax/persistence/hibernate-jpa-2.1-api/1.0.0.Final/hibernate-jpa-2.1-api-1.0.0.Final.jar:/Users/sighguy4/.m2/repository/org/javassist/javassist/3.20.0-GA/javassist-3.20.0-GA.jar:/Users/sighguy4/.m2/repository/antlr/antlr/2.7.7/antlr-2.7.7.jar:/Users/sighguy4/.m2/repository/org/jboss/spec/javax/transaction/jboss-transaction-api_1.2_spec/1.0.1.Final/jboss-transaction-api_1.2_spec-1.0.1.Final.jar:/Users/sighguy4/.m2/repository/org/jboss/jandex/2.0.3.Final/jandex-2.0.3.Final.jar:/Users/sighguy4/.m2/repository/com/fasterxml/classmate/1.3.0/classmate-1.3.0.jar:/Users/sighguy4/.m2/repository/dom4j/dom4j/1.6.1/dom4j-1.6.1.jar:/Users/sighguy4/.m2/repository/org/hibernate/common/hibernate-commons-annotations/5.0.1.Final/hibernate-commons-annotations-5.0.1.Final.jar:/Users/sighguy4/.m2/repository/org/hibernate/hibernate-c3p0/5.2.12.Final/hibernate-c3p0-5.2.12.Final.jar:/Users/sighguy4/.m2/repository/com/mchange/c3p0/0.9.5.2/c3p0-0.9.5.2.jar:/Users/sighguy4/.m2/repository/com/mchange/mchange-commons-java/0.2.11/mchange-commons-java-0.2.11.jar:/Users/sighguy4/Library/Caches/IntelliJIdea2017.3/coverageJars/coverage-agent.jar:/Applications/IntelliJ IDEA.app/Contents/lib/idea_rt.jar, java.vm.vendor=Oracle Corporation, sun.arch.data.model=64, idea.test.cyclic.buffer.size=1048576, java.vendor.url=http://java.oracle.com/, user.timezone=America/Chicago, os.name=Mac OS X, java.vm.specification.version=1.8, user.country=US, sun.java.launcher=SUN_STANDARD, sun.boot.library.path=/Library/Java/JavaVirtualMachines/jdk1.8.0_152.jdk/Contents/Home/jre/lib, sun.java.command=com.intellij.rt.execution.junit.JUnitStarter -ideVersion5 -junit5 edu.matc.persistence.UserDaoTest,insertSuccess, http.nonProxyHosts=local|*.local|169.254/16|*.169.254/16, sun.cpu.endian=little, hibernate.c3p0.max_statements=50, user.home=/Users/sighguy4, user.language=en, java.specification.vendor=Oracle Corporation, java.home=/Library/Java/JavaVirtualMachines/jdk1.8.0_152.jdk/Contents/Home/jre, file.separator=/, line.separator=
, hibernate.c3p0.timeout=300, java.vm.specification.vendor=Oracle Corporation, java.specification.name=Java Platform API Specification, java.awt.graphicsenv=sun.awt.CGraphicsEnvironment, sun.boot.class.path=/Library/Java/JavaVirtualMachines/jdk1.8.0_152.jdk/Contents/Home/jre/lib/resources.jar:/Library/Java/JavaVirtualMachines/jdk1.8.0_152.jdk/Contents/Home/jre/lib/rt.jar:/Library/Java/JavaVirtualMachines/jdk1.8.0_152.jdk/Contents/Home/jre/lib/sunrsasign.jar:/Library/Java/JavaVirtualMachines/jdk1.8.0_152.jdk/Contents/Home/jre/lib/jsse.jar:/Library/Java/JavaVirtualMachines/jdk1.8.0_152.jdk/Contents/Home/jre/lib/jce.jar:/Library/Java/JavaVirtualMachines/jdk1.8.0_152.jdk/Contents/Home/jre/lib/charsets.jar:/Library/Java/JavaVirtualMachines/jdk1.8.0_152.jdk/Contents/Home/jre/lib/jfr.jar:/Library/Java/JavaVirtualMachines/jdk1.8.0_152.jdk/Contents/Home/jre/classes:/Users/sighguy4/Library/Caches/IntelliJIdea2017.3/coverageJars/coverage-agent.jar, connection.password=Belguim#66, sun.management.compiler=HotSpot 64-Bit Tiered Compilers, hibernate.c3p0.max_size=20, ftp.nonProxyHosts=local|*.local|169.254/16|*.169.254/16, java.runtime.version=1.8.0_152-b16, user.name=sighguy4, path.separator=:, hibernate.connection.username=root, os.version=10.12.6, java.endorsed.dirs=/Library/Java/JavaVirtualMachines/jdk1.8.0_152.jdk/Contents/Home/jre/lib/endorsed, java.runtime.name=Java(TM) SE Runtime Environment, hibernate.connection.url=jdbc:mysql://localhost:3306/myBikePlace, file.encoding=UTF-8, java.vm.name=Java HotSpot(TM) 64-Bit Server VM, hibernate.connection.driver_class=com.mysql.jdbc.Driver, java.vendor.url.bug=http://bugreport.sun.com/bugreport/, java.io.tmpdir=/var/folders/9d/xsg98tsj1dn630h6j241zf3h0000gn/T/, java.version=1.8.0_152, user.dir=/Users/sighguy4/IdeaProjects/myBikePlace, os.arch=x86_64, connection.username=root, java.vm.specification.name=Java Virtual Machine Specification, hibernate.connection.password=****, java.awt.printerjob=sun.lwawt.macosx.CPrinterJob, sun.os.patch.level=unknown, connection.driver_class=com.mysql.jdbc.Driver, hibernate.boot.CfgXmlAccessService.key=org.hibernate.boot.cfgxml.spi.LoadedConfig@4b21844c, java.library.path=/Users/sighguy4/Library/Java/Extensions:/Library/Java/Extensions:/Network/Library/Java/Extensions:/System/Library/Java/Extensions:/usr/lib/java:., java.vm.info=mixed mode, java.vendor=Oracle Corporation, java.vm.version=25.152-b16, hibernate.bytecode.use_reflection_optimizer=false, java.ext.dirs=/Users/sighguy4/Library/Java/Extensions:/Library/Java/JavaVirtualMachines/jdk1.8.0_152.jdk/Contents/Home/jre/lib/ext:/Library/Java/Extensions:/Network/Library/Java/Extensions:/System/Library/Java/Extensions:/usr/lib/java, sun.io.unicode.encoding=UnicodeBig, connection.url=jdbc:mysql://localhost:3306/myBikePlace, java.class.version=52.0, socksNonProxyHosts=local|*.local|169.254/16|*.169.254/16}
[DEBUG] 2018-02-12 20:01:52.734 [main] TypeSafeActivator - Unable to acquire Bean Validation ValidatorFactory, skipping activation
[DEBUG] 2018-02-12 20:01:52.734 [main] JaccIntegrator - Skipping JACC integration as it was not enabled
[DEBUG] 2018-02-12 20:01:52.736 [main] SessionFactoryImpl - Instantiated session factory
[DEBUG] 2018-02-12 20:01:52.812 [main] ClassLoaderAccessImpl - Not known whether passed class name [edu.matc.entity.User] is safe
[DEBUG] 2018-02-12 20:01:52.812 [main] ClassLoaderAccessImpl - No temp ClassLoader provided; using live ClassLoader for loading potentially unsafe class : edu.matc.entity.User
[DEBUG] 2018-02-12 20:01:52.854 [main] ClassLoaderAccessImpl - Not known whether passed class name [edu.matc.entity.User] is safe
[DEBUG] 2018-02-12 20:01:52.854 [main] ClassLoaderAccessImpl - No temp ClassLoader provided; using live ClassLoader for loading potentially unsafe class : edu.matc.entity.User
[DEBUG] 2018-02-12 20:01:53.032 [main] AbstractEntityPersister - Static SQL for entity: edu.matc.entity.User
[DEBUG] 2018-02-12 20:01:53.032 [main] AbstractEntityPersister -  Version select: select userId from user where userId =?
[DEBUG] 2018-02-12 20:01:53.033 [main] AbstractEntityPersister -  Snapshot select: select user_.userId, user_.createDate as createDa2_0_, user_.email as email3_0_, user_.firstName as firstNam4_0_, user_.lastName as lastName5_0_, user_.password as password6_0_, user_.updateDate as updateDa7_0_, user_.userName as userName8_0_ from user user_ where user_.userId=?
[DEBUG] 2018-02-12 20:01:53.033 [main] AbstractEntityPersister -  Insert 0: insert into user (createDate, email, firstName, lastName, password, updateDate, userName, userId) values (?, ?, ?, ?, ?, ?, ?, ?)
[DEBUG] 2018-02-12 20:01:53.033 [main] AbstractEntityPersister -  Update 0: update user set createDate=?, email=?, firstName=?, lastName=?, password=?, updateDate=?, userName=? where userId=?
[DEBUG] 2018-02-12 20:01:53.033 [main] AbstractEntityPersister -  Delete 0: delete from user where userId=?
[DEBUG] 2018-02-12 20:01:53.033 [main] AbstractEntityPersister -  Identity insert: insert into user (createDate, email, firstName, lastName, password, updateDate, userName) values (?, ?, ?, ?, ?, ?, ?)
[DEBUG] 2018-02-12 20:01:53.071 [main] QuerySpacesImpl - Adding QuerySpace : uid = <gen:0> -> org.hibernate.loader.plan.build.internal.spaces.EntityQuerySpaceImpl@62df0ff3]
[DEBUG] 2018-02-12 20:01:53.076 [main] MetamodelGraphWalker - Visiting attribute path : createDate
[DEBUG] 2018-02-12 20:01:53.076 [main] MetamodelGraphWalker - Visiting attribute path : email
[DEBUG] 2018-02-12 20:01:53.077 [main] MetamodelGraphWalker - Visiting attribute path : firstName
[DEBUG] 2018-02-12 20:01:53.077 [main] MetamodelGraphWalker - Visiting attribute path : lastName
[DEBUG] 2018-02-12 20:01:53.077 [main] MetamodelGraphWalker - Visiting attribute path : password
[DEBUG] 2018-02-12 20:01:53.077 [main] MetamodelGraphWalker - Visiting attribute path : updateDate
[DEBUG] 2018-02-12 20:01:53.077 [main] MetamodelGraphWalker - Visiting attribute path : userName
[DEBUG] 2018-02-12 20:01:53.078 [main] FetchStyleLoadPlanBuildingAssociationVisitationStrategy - Building LoadPlan...
[DEBUG] 2018-02-12 20:01:53.100 [main] LoadQueryJoinAndFetchProcessor - processing queryspace <gen:0>
[DEBUG] 2018-02-12 20:01:53.106 [main] LoadPlanTreePrinter - LoadPlan(entity=edu.matc.entity.User)
    - Returns
       - EntityReturnImpl(entity=edu.matc.entity.User, querySpaceUid=<gen:0>, path=edu.matc.entity.User)
    - QuerySpaces
       - EntityQuerySpaceImpl(uid=<gen:0>, entity=edu.matc.entity.User)
          - SQL table alias mapping - user0_
          - alias suffix - 0_
          - suffixed key columns - {userId1_0_0_}

[DEBUG] 2018-02-12 20:01:53.110 [main] EntityLoader - Static select for entity edu.matc.entity.User [NONE]: select user0_.userId as userId1_0_0_, user0_.createDate as createDa2_0_0_, user0_.email as email3_0_0_, user0_.firstName as firstNam4_0_0_, user0_.lastName as lastName5_0_0_, user0_.password as password6_0_0_, user0_.updateDate as updateDa7_0_0_, user0_.userName as userName8_0_0_ from user user0_ where user0_.userId=?
[DEBUG] 2018-02-12 20:01:53.111 [main] QuerySpacesImpl - Adding QuerySpace : uid = <gen:0> -> org.hibernate.loader.plan.build.internal.spaces.EntityQuerySpaceImpl@2f6bbeb0]
[DEBUG] 2018-02-12 20:01:53.111 [main] MetamodelGraphWalker - Visiting attribute path : createDate
[DEBUG] 2018-02-12 20:01:53.111 [main] MetamodelGraphWalker - Visiting attribute path : email
[DEBUG] 2018-02-12 20:01:53.111 [main] MetamodelGraphWalker - Visiting attribute path : firstName
[DEBUG] 2018-02-12 20:01:53.111 [main] MetamodelGraphWalker - Visiting attribute path : lastName
[DEBUG] 2018-02-12 20:01:53.111 [main] MetamodelGraphWalker - Visiting attribute path : password
[DEBUG] 2018-02-12 20:01:53.111 [main] MetamodelGraphWalker - Visiting attribute path : updateDate
[DEBUG] 2018-02-12 20:01:53.111 [main] MetamodelGraphWalker - Visiting attribute path : userName
[DEBUG] 2018-02-12 20:01:53.112 [main] FetchStyleLoadPlanBuildingAssociationVisitationStrategy - Building LoadPlan...
[DEBUG] 2018-02-12 20:01:53.112 [main] LoadQueryJoinAndFetchProcessor - processing queryspace <gen:0>
[DEBUG] 2018-02-12 20:01:53.112 [main] LoadPlanTreePrinter - LoadPlan(entity=edu.matc.entity.User)
    - Returns
       - EntityReturnImpl(entity=edu.matc.entity.User, querySpaceUid=<gen:0>, path=edu.matc.entity.User)
    - QuerySpaces
       - EntityQuerySpaceImpl(uid=<gen:0>, entity=edu.matc.entity.User)
          - SQL table alias mapping - user0_
          - alias suffix - 0_
          - suffixed key columns - {userId1_0_0_}

[DEBUG] 2018-02-12 20:01:53.112 [main] EntityLoader - Static select for entity edu.matc.entity.User [READ]: select user0_.userId as userId1_0_0_, user0_.createDate as createDa2_0_0_, user0_.email as email3_0_0_, user0_.firstName as firstNam4_0_0_, user0_.lastName as lastName5_0_0_, user0_.password as password6_0_0_, user0_.updateDate as updateDa7_0_0_, user0_.userName as userName8_0_0_ from user user0_ where user0_.userId=?
[DEBUG] 2018-02-12 20:01:53.112 [main] QuerySpacesImpl - Adding QuerySpace : uid = <gen:0> -> org.hibernate.loader.plan.build.internal.spaces.EntityQuerySpaceImpl@18151a14]
[DEBUG] 2018-02-12 20:01:53.113 [main] MetamodelGraphWalker - Visiting attribute path : createDate
[DEBUG] 2018-02-12 20:01:53.113 [main] MetamodelGraphWalker - Visiting attribute path : email
[DEBUG] 2018-02-12 20:01:53.113 [main] MetamodelGraphWalker - Visiting attribute path : firstName
[DEBUG] 2018-02-12 20:01:53.113 [main] MetamodelGraphWalker - Visiting attribute path : lastName
[DEBUG] 2018-02-12 20:01:53.113 [main] MetamodelGraphWalker - Visiting attribute path : password
[DEBUG] 2018-02-12 20:01:53.113 [main] MetamodelGraphWalker - Visiting attribute path : updateDate
[DEBUG] 2018-02-12 20:01:53.113 [main] MetamodelGraphWalker - Visiting attribute path : userName
[DEBUG] 2018-02-12 20:01:53.113 [main] FetchStyleLoadPlanBuildingAssociationVisitationStrategy - Building LoadPlan...
[DEBUG] 2018-02-12 20:01:53.113 [main] LoadQueryJoinAndFetchProcessor - processing queryspace <gen:0>
[DEBUG] 2018-02-12 20:01:53.114 [main] LoadPlanTreePrinter - LoadPlan(entity=edu.matc.entity.User)
    - Returns
       - EntityReturnImpl(entity=edu.matc.entity.User, querySpaceUid=<gen:0>, path=edu.matc.entity.User)
    - QuerySpaces
       - EntityQuerySpaceImpl(uid=<gen:0>, entity=edu.matc.entity.User)
          - SQL table alias mapping - user0_
          - alias suffix - 0_
          - suffixed key columns - {userId1_0_0_}

[DEBUG] 2018-02-12 20:01:53.114 [main] EntityLoader - Static select for entity edu.matc.entity.User [UPGRADE]: select user0_.userId as userId1_0_0_, user0_.createDate as createDa2_0_0_, user0_.email as email3_0_0_, user0_.firstName as firstNam4_0_0_, user0_.lastName as lastName5_0_0_, user0_.password as password6_0_0_, user0_.updateDate as updateDa7_0_0_, user0_.userName as userName8_0_0_ from user user0_ where user0_.userId=? for update
[DEBUG] 2018-02-12 20:01:53.115 [main] QuerySpacesImpl - Adding QuerySpace : uid = <gen:0> -> org.hibernate.loader.plan.build.internal.spaces.EntityQuerySpaceImpl@169da7f2]
[DEBUG] 2018-02-12 20:01:53.115 [main] MetamodelGraphWalker - Visiting attribute path : createDate
[DEBUG] 2018-02-12 20:01:53.115 [main] MetamodelGraphWalker - Visiting attribute path : email
[DEBUG] 2018-02-12 20:01:53.115 [main] MetamodelGraphWalker - Visiting attribute path : firstName
[DEBUG] 2018-02-12 20:01:53.115 [main] MetamodelGraphWalker - Visiting attribute path : lastName
[DEBUG] 2018-02-12 20:01:53.115 [main] MetamodelGraphWalker - Visiting attribute path : password
[DEBUG] 2018-02-12 20:01:53.115 [main] MetamodelGraphWalker - Visiting attribute path : updateDate
[DEBUG] 2018-02-12 20:01:53.115 [main] MetamodelGraphWalker - Visiting attribute path : userName
[DEBUG] 2018-02-12 20:01:53.115 [main] FetchStyleLoadPlanBuildingAssociationVisitationStrategy - Building LoadPlan...
[DEBUG] 2018-02-12 20:01:53.115 [main] LoadQueryJoinAndFetchProcessor - processing queryspace <gen:0>
[DEBUG] 2018-02-12 20:01:53.116 [main] LoadPlanTreePrinter - LoadPlan(entity=edu.matc.entity.User)
    - Returns
       - EntityReturnImpl(entity=edu.matc.entity.User, querySpaceUid=<gen:0>, path=edu.matc.entity.User)
    - QuerySpaces
       - EntityQuerySpaceImpl(uid=<gen:0>, entity=edu.matc.entity.User)
          - SQL table alias mapping - user0_
          - alias suffix - 0_
          - suffixed key columns - {userId1_0_0_}

[DEBUG] 2018-02-12 20:01:53.116 [main] EntityLoader - Static select for entity edu.matc.entity.User [UPGRADE_NOWAIT]: select user0_.userId as userId1_0_0_, user0_.createDate as createDa2_0_0_, user0_.email as email3_0_0_, user0_.firstName as firstNam4_0_0_, user0_.lastName as lastName5_0_0_, user0_.password as password6_0_0_, user0_.updateDate as updateDa7_0_0_, user0_.userName as userName8_0_0_ from user user0_ where user0_.userId=? for update
[DEBUG] 2018-02-12 20:01:53.116 [main] QuerySpacesImpl - Adding QuerySpace : uid = <gen:0> -> org.hibernate.loader.plan.build.internal.spaces.EntityQuerySpaceImpl@ceb4bd2]
[DEBUG] 2018-02-12 20:01:53.117 [main] MetamodelGraphWalker - Visiting attribute path : createDate
[DEBUG] 2018-02-12 20:01:53.117 [main] MetamodelGraphWalker - Visiting attribute path : email
[DEBUG] 2018-02-12 20:01:53.117 [main] MetamodelGraphWalker - Visiting attribute path : firstName
[DEBUG] 2018-02-12 20:01:53.117 [main] MetamodelGraphWalker - Visiting attribute path : lastName
[DEBUG] 2018-02-12 20:01:53.117 [main] MetamodelGraphWalker - Visiting attribute path : password
[DEBUG] 2018-02-12 20:01:53.117 [main] MetamodelGraphWalker - Visiting attribute path : updateDate
[DEBUG] 2018-02-12 20:01:53.117 [main] MetamodelGraphWalker - Visiting attribute path : userName
[DEBUG] 2018-02-12 20:01:53.117 [main] FetchStyleLoadPlanBuildingAssociationVisitationStrategy - Building LoadPlan...
[DEBUG] 2018-02-12 20:01:53.117 [main] LoadQueryJoinAndFetchProcessor - processing queryspace <gen:0>
[DEBUG] 2018-02-12 20:01:53.118 [main] LoadPlanTreePrinter - LoadPlan(entity=edu.matc.entity.User)
    - Returns
       - EntityReturnImpl(entity=edu.matc.entity.User, querySpaceUid=<gen:0>, path=edu.matc.entity.User)
    - QuerySpaces
       - EntityQuerySpaceImpl(uid=<gen:0>, entity=edu.matc.entity.User)
          - SQL table alias mapping - user0_
          - alias suffix - 0_
          - suffixed key columns - {userId1_0_0_}

[DEBUG] 2018-02-12 20:01:53.118 [main] EntityLoader - Static select for entity edu.matc.entity.User [UPGRADE_SKIPLOCKED]: select user0_.userId as userId1_0_0_, user0_.createDate as createDa2_0_0_, user0_.email as email3_0_0_, user0_.firstName as firstNam4_0_0_, user0_.lastName as lastName5_0_0_, user0_.password as password6_0_0_, user0_.updateDate as updateDa7_0_0_, user0_.userName as userName8_0_0_ from user user0_ where user0_.userId=? for update
[DEBUG] 2018-02-12 20:01:53.119 [main] QuerySpacesImpl - Adding QuerySpace : uid = <gen:0> -> org.hibernate.loader.plan.build.internal.spaces.EntityQuerySpaceImpl@1bf0f6f6]
[DEBUG] 2018-02-12 20:01:53.119 [main] MetamodelGraphWalker - Visiting attribute path : createDate
[DEBUG] 2018-02-12 20:01:53.119 [main] MetamodelGraphWalker - Visiting attribute path : email
[DEBUG] 2018-02-12 20:01:53.119 [main] MetamodelGraphWalker - Visiting attribute path : firstName
[DEBUG] 2018-02-12 20:01:53.119 [main] MetamodelGraphWalker - Visiting attribute path : lastName
[DEBUG] 2018-02-12 20:01:53.119 [main] MetamodelGraphWalker - Visiting attribute path : password
[DEBUG] 2018-02-12 20:01:53.119 [main] MetamodelGraphWalker - Visiting attribute path : updateDate
[DEBUG] 2018-02-12 20:01:53.119 [main] MetamodelGraphWalker - Visiting attribute path : userName
[DEBUG] 2018-02-12 20:01:53.119 [main] FetchStyleLoadPlanBuildingAssociationVisitationStrategy - Building LoadPlan...
[DEBUG] 2018-02-12 20:01:53.119 [main] LoadQueryJoinAndFetchProcessor - processing queryspace <gen:0>
[DEBUG] 2018-02-12 20:01:53.120 [main] LoadPlanTreePrinter - LoadPlan(entity=edu.matc.entity.User)
    - Returns
       - EntityReturnImpl(entity=edu.matc.entity.User, querySpaceUid=<gen:0>, path=edu.matc.entity.User)
    - QuerySpaces
       - EntityQuerySpaceImpl(uid=<gen:0>, entity=edu.matc.entity.User)
          - SQL table alias mapping - user0_
          - alias suffix - 0_
          - suffixed key columns - {userId1_0_0_}

[DEBUG] 2018-02-12 20:01:53.120 [main] EntityLoader - Static select for entity edu.matc.entity.User [FORCE]: select user0_.userId as userId1_0_0_, user0_.createDate as createDa2_0_0_, user0_.email as email3_0_0_, user0_.firstName as firstNam4_0_0_, user0_.lastName as lastName5_0_0_, user0_.password as password6_0_0_, user0_.updateDate as updateDa7_0_0_, user0_.userName as userName8_0_0_ from user user0_ where user0_.userId=? for update
[DEBUG] 2018-02-12 20:01:53.120 [main] QuerySpacesImpl - Adding QuerySpace : uid = <gen:0> -> org.hibernate.loader.plan.build.internal.spaces.EntityQuerySpaceImpl@df4b72]
[DEBUG] 2018-02-12 20:01:53.121 [main] MetamodelGraphWalker - Visiting attribute path : createDate
[DEBUG] 2018-02-12 20:01:53.121 [main] MetamodelGraphWalker - Visiting attribute path : email
[DEBUG] 2018-02-12 20:01:53.121 [main] MetamodelGraphWalker - Visiting attribute path : firstName
[DEBUG] 2018-02-12 20:01:53.121 [main] MetamodelGraphWalker - Visiting attribute path : lastName
[DEBUG] 2018-02-12 20:01:53.121 [main] MetamodelGraphWalker - Visiting attribute path : password
[DEBUG] 2018-02-12 20:01:53.121 [main] MetamodelGraphWalker - Visiting attribute path : updateDate
[DEBUG] 2018-02-12 20:01:53.121 [main] MetamodelGraphWalker - Visiting attribute path : userName
[DEBUG] 2018-02-12 20:01:53.121 [main] FetchStyleLoadPlanBuildingAssociationVisitationStrategy - Building LoadPlan...
[DEBUG] 2018-02-12 20:01:53.121 [main] LoadQueryJoinAndFetchProcessor - processing queryspace <gen:0>
[DEBUG] 2018-02-12 20:01:53.121 [main] LoadPlanTreePrinter - LoadPlan(entity=edu.matc.entity.User)
    - Returns
       - EntityReturnImpl(entity=edu.matc.entity.User, querySpaceUid=<gen:0>, path=edu.matc.entity.User)
    - QuerySpaces
       - EntityQuerySpaceImpl(uid=<gen:0>, entity=edu.matc.entity.User)
          - SQL table alias mapping - user0_
          - alias suffix - 0_
          - suffixed key columns - {userId1_0_0_}

[DEBUG] 2018-02-12 20:01:53.122 [main] EntityLoader - Static select for entity edu.matc.entity.User [PESSIMISTIC_READ]: select user0_.userId as userId1_0_0_, user0_.createDate as createDa2_0_0_, user0_.email as email3_0_0_, user0_.firstName as firstNam4_0_0_, user0_.lastName as lastName5_0_0_, user0_.password as password6_0_0_, user0_.updateDate as updateDa7_0_0_, user0_.userName as userName8_0_0_ from user user0_ where user0_.userId=? lock in share mode
[DEBUG] 2018-02-12 20:01:53.122 [main] QuerySpacesImpl - Adding QuerySpace : uid = <gen:0> -> org.hibernate.loader.plan.build.internal.spaces.EntityQuerySpaceImpl@37ff4054]
[DEBUG] 2018-02-12 20:01:53.122 [main] MetamodelGraphWalker - Visiting attribute path : createDate
[DEBUG] 2018-02-12 20:01:53.123 [main] MetamodelGraphWalker - Visiting attribute path : email
[DEBUG] 2018-02-12 20:01:53.123 [main] MetamodelGraphWalker - Visiting attribute path : firstName
[DEBUG] 2018-02-12 20:01:53.123 [main] MetamodelGraphWalker - Visiting attribute path : lastName
[DEBUG] 2018-02-12 20:01:53.123 [main] MetamodelGraphWalker - Visiting attribute path : password
[DEBUG] 2018-02-12 20:01:53.123 [main] MetamodelGraphWalker - Visiting attribute path : updateDate
[DEBUG] 2018-02-12 20:01:53.123 [main] MetamodelGraphWalker - Visiting attribute path : userName
[DEBUG] 2018-02-12 20:01:53.123 [main] FetchStyleLoadPlanBuildingAssociationVisitationStrategy - Building LoadPlan...
[DEBUG] 2018-02-12 20:01:53.123 [main] LoadQueryJoinAndFetchProcessor - processing queryspace <gen:0>
[DEBUG] 2018-02-12 20:01:53.124 [main] LoadPlanTreePrinter - LoadPlan(entity=edu.matc.entity.User)
    - Returns
       - EntityReturnImpl(entity=edu.matc.entity.User, querySpaceUid=<gen:0>, path=edu.matc.entity.User)
    - QuerySpaces
       - EntityQuerySpaceImpl(uid=<gen:0>, entity=edu.matc.entity.User)
          - SQL table alias mapping - user0_
          - alias suffix - 0_
          - suffixed key columns - {userId1_0_0_}

[DEBUG] 2018-02-12 20:01:53.124 [main] EntityLoader - Static select for entity edu.matc.entity.User [PESSIMISTIC_WRITE]: select user0_.userId as userId1_0_0_, user0_.createDate as createDa2_0_0_, user0_.email as email3_0_0_, user0_.firstName as firstNam4_0_0_, user0_.lastName as lastName5_0_0_, user0_.password as password6_0_0_, user0_.updateDate as updateDa7_0_0_, user0_.userName as userName8_0_0_ from user user0_ where user0_.userId=? for update
[DEBUG] 2018-02-12 20:01:53.143 [main] QuerySpacesImpl - Adding QuerySpace : uid = <gen:0> -> org.hibernate.loader.plan.build.internal.spaces.EntityQuerySpaceImpl@7af707e0]
[DEBUG] 2018-02-12 20:01:53.144 [main] MetamodelGraphWalker - Visiting attribute path : createDate
[DEBUG] 2018-02-12 20:01:53.144 [main] MetamodelGraphWalker - Visiting attribute path : email
[DEBUG] 2018-02-12 20:01:53.146 [main] MetamodelGraphWalker - Visiting attribute path : firstName
[DEBUG] 2018-02-12 20:01:53.147 [main] MetamodelGraphWalker - Visiting attribute path : lastName
[DEBUG] 2018-02-12 20:01:53.147 [main] MetamodelGraphWalker - Visiting attribute path : password
[DEBUG] 2018-02-12 20:01:53.147 [main] MetamodelGraphWalker - Visiting attribute path : updateDate
[DEBUG] 2018-02-12 20:01:53.147 [main] MetamodelGraphWalker - Visiting attribute path : userName
[DEBUG] 2018-02-12 20:01:53.147 [main] FetchStyleLoadPlanBuildingAssociationVisitationStrategy - Building LoadPlan...
[DEBUG] 2018-02-12 20:01:53.147 [main] LoadQueryJoinAndFetchProcessor - processing queryspace <gen:0>
[DEBUG] 2018-02-12 20:01:53.148 [main] LoadPlanTreePrinter - LoadPlan(entity=edu.matc.entity.User)
    - Returns
       - EntityReturnImpl(entity=edu.matc.entity.User, querySpaceUid=<gen:0>, path=edu.matc.entity.User)
    - QuerySpaces
       - EntityQuerySpaceImpl(uid=<gen:0>, entity=edu.matc.entity.User)
          - SQL table alias mapping - user0_
          - alias suffix - 0_
          - suffixed key columns - {userId1_0_0_}

[DEBUG] 2018-02-12 20:01:53.148 [main] EntityLoader - Static select for entity edu.matc.entity.User [PESSIMISTIC_FORCE_INCREMENT]: select user0_.userId as userId1_0_0_, user0_.createDate as createDa2_0_0_, user0_.email as email3_0_0_, user0_.firstName as firstNam4_0_0_, user0_.lastName as lastName5_0_0_, user0_.password as password6_0_0_, user0_.updateDate as updateDa7_0_0_, user0_.userName as userName8_0_0_ from user user0_ where user0_.userId=? for update
[DEBUG] 2018-02-12 20:01:53.148 [main] QuerySpacesImpl - Adding QuerySpace : uid = <gen:0> -> org.hibernate.loader.plan.build.internal.spaces.EntityQuerySpaceImpl@3ecedf21]
[DEBUG] 2018-02-12 20:01:53.148 [main] MetamodelGraphWalker - Visiting attribute path : createDate
[DEBUG] 2018-02-12 20:01:53.148 [main] MetamodelGraphWalker - Visiting attribute path : email
[DEBUG] 2018-02-12 20:01:53.148 [main] MetamodelGraphWalker - Visiting attribute path : firstName
[DEBUG] 2018-02-12 20:01:53.148 [main] MetamodelGraphWalker - Visiting attribute path : lastName
[DEBUG] 2018-02-12 20:01:53.148 [main] MetamodelGraphWalker - Visiting attribute path : password
[DEBUG] 2018-02-12 20:01:53.149 [main] MetamodelGraphWalker - Visiting attribute path : updateDate
[DEBUG] 2018-02-12 20:01:53.150 [main] MetamodelGraphWalker - Visiting attribute path : userName
[DEBUG] 2018-02-12 20:01:53.150 [main] FetchStyleLoadPlanBuildingAssociationVisitationStrategy - Building LoadPlan...
[DEBUG] 2018-02-12 20:01:53.151 [main] LoadQueryJoinAndFetchProcessor - processing queryspace <gen:0>
[DEBUG] 2018-02-12 20:01:53.151 [main] LoadPlanTreePrinter - LoadPlan(entity=edu.matc.entity.User)
    - Returns
       - EntityReturnImpl(entity=edu.matc.entity.User, querySpaceUid=<gen:0>, path=edu.matc.entity.User)
    - QuerySpaces
       - EntityQuerySpaceImpl(uid=<gen:0>, entity=edu.matc.entity.User)
          - SQL table alias mapping - user0_
          - alias suffix - 0_
          - suffixed key columns - {userId1_0_0_}

[DEBUG] 2018-02-12 20:01:53.151 [main] EntityLoader - Static select for entity edu.matc.entity.User [OPTIMISTIC]: select user0_.userId as userId1_0_0_, user0_.createDate as createDa2_0_0_, user0_.email as email3_0_0_, user0_.firstName as firstNam4_0_0_, user0_.lastName as lastName5_0_0_, user0_.password as password6_0_0_, user0_.updateDate as updateDa7_0_0_, user0_.userName as userName8_0_0_ from user user0_ where user0_.userId=?
[DEBUG] 2018-02-12 20:01:53.151 [main] QuerySpacesImpl - Adding QuerySpace : uid = <gen:0> -> org.hibernate.loader.plan.build.internal.spaces.EntityQuerySpaceImpl@36c54a56]
[DEBUG] 2018-02-12 20:01:53.151 [main] MetamodelGraphWalker - Visiting attribute path : createDate
[DEBUG] 2018-02-12 20:01:53.151 [main] MetamodelGraphWalker - Visiting attribute path : email
[DEBUG] 2018-02-12 20:01:53.151 [main] MetamodelGraphWalker - Visiting attribute path : firstName
[DEBUG] 2018-02-12 20:01:53.152 [main] MetamodelGraphWalker - Visiting attribute path : lastName
[DEBUG] 2018-02-12 20:01:53.152 [main] MetamodelGraphWalker - Visiting attribute path : password
[DEBUG] 2018-02-12 20:01:53.153 [main] MetamodelGraphWalker - Visiting attribute path : updateDate
[DEBUG] 2018-02-12 20:01:53.153 [main] MetamodelGraphWalker - Visiting attribute path : userName
[DEBUG] 2018-02-12 20:01:53.154 [main] FetchStyleLoadPlanBuildingAssociationVisitationStrategy - Building LoadPlan...
[DEBUG] 2018-02-12 20:01:53.154 [main] LoadQueryJoinAndFetchProcessor - processing queryspace <gen:0>
[DEBUG] 2018-02-12 20:01:53.154 [main] LoadPlanTreePrinter - LoadPlan(entity=edu.matc.entity.User)
    - Returns
       - EntityReturnImpl(entity=edu.matc.entity.User, querySpaceUid=<gen:0>, path=edu.matc.entity.User)
    - QuerySpaces
       - EntityQuerySpaceImpl(uid=<gen:0>, entity=edu.matc.entity.User)
          - SQL table alias mapping - user0_
          - alias suffix - 0_
          - suffixed key columns - {userId1_0_0_}

[DEBUG] 2018-02-12 20:01:53.154 [main] EntityLoader - Static select for entity edu.matc.entity.User [OPTIMISTIC_FORCE_INCREMENT]: select user0_.userId as userId1_0_0_, user0_.createDate as createDa2_0_0_, user0_.email as email3_0_0_, user0_.firstName as firstNam4_0_0_, user0_.lastName as lastName5_0_0_, user0_.password as password6_0_0_, user0_.updateDate as updateDa7_0_0_, user0_.userName as userName8_0_0_ from user user0_ where user0_.userId=?
[DEBUG] 2018-02-12 20:01:53.183 [main] Loader - Static select for action ACTION_MERGE on entity edu.matc.entity.User: select user0_.userId as userId1_0_0_, user0_.createDate as createDa2_0_0_, user0_.email as email3_0_0_, user0_.firstName as firstNam4_0_0_, user0_.lastName as lastName5_0_0_, user0_.password as password6_0_0_, user0_.updateDate as updateDa7_0_0_, user0_.userName as userName8_0_0_ from user user0_ where user0_.userId=?
[DEBUG] 2018-02-12 20:01:53.184 [main] Loader - Static select for action ACTION_REFRESH on entity edu.matc.entity.User: select user0_.userId as userId1_0_0_, user0_.createDate as createDa2_0_0_, user0_.email as email3_0_0_, user0_.firstName as firstNam4_0_0_, user0_.lastName as lastName5_0_0_, user0_.password as password6_0_0_, user0_.updateDate as updateDa7_0_0_, user0_.userName as userName8_0_0_ from user user0_ where user0_.userId=?
[DEBUG] 2018-02-12 20:01:53.225 [main] SchemaManagementToolCoordinator - No actions specified; doing nothing
[DEBUG] 2018-02-12 20:01:53.226 [main] JtaPlatformInitiator - No JtaPlatform was specified, checking resolver
[DEBUG] 2018-02-12 20:01:53.226 [main] JtaPlatformResolverInitiator - No JtaPlatformResolver was specified, using default [org.hibernate.engine.transaction.jta.platform.internal.StandardJtaPlatformResolver]
[DEBUG] 2018-02-12 20:01:53.241 [main] StandardJtaPlatformResolver - Could not resolve JtaPlatform, using default [org.hibernate.engine.transaction.jta.platform.internal.NoJtaPlatform]
[DEBUG] 2018-02-12 20:01:53.243 [main] NamedQueryRepository - Checking 0 named HQL queries
[DEBUG] 2018-02-12 20:01:53.244 [main] NamedQueryRepository - Checking 0 named SQL queries
[DEBUG] 2018-02-12 20:01:53.246 [main] SessionFactoryRegistry - Initializing SessionFactoryRegistry : org.hibernate.internal.SessionFactoryRegistry@1a78dacd
[DEBUG] 2018-02-12 20:01:53.253 [main] SessionFactoryRegistry - Registering SessionFactory: 38ad8de8-455c-4081-ae94-2bb28145e79b (<unnamed>)
[DEBUG] 2018-02-12 20:01:53.253 [main] SessionFactoryRegistry - Not binding SessionFactory to JNDI, no JNDI name configured
[DEBUG] 2018-02-12 20:01:53.523 [main] StatisticsInitiator - Statistics initialized [enabled=false]
[DEBUG] 2018-02-12 20:01:53.534 [main] TransactionImpl - begin
[DEBUG] 2018-02-12 20:01:53.570 [main] ActionQueue - Executing identity-insert immediately
[DEBUG] 2018-02-12 20:01:53.577 [main] SQL - insert into user (createDate, email, firstName, lastName, password, updateDate, userName) values (?, ?, ?, ?, ?, ?, ?)
[DEBUG] 2018-02-12 20:01:53.622 [main] IdentifierGeneratorHelper - Natively generated identity: 28
[DEBUG] 2018-02-12 20:01:53.623 [main] ResourceRegistryStandardImpl - HHH000387: ResultSet's statement was not registered
[DEBUG] 2018-02-12 20:01:53.627 [main] TransactionImpl - committing
[DEBUG] 2018-02-12 20:01:53.628 [main] AbstractFlushingEventListener - Processing flush-time cascades
[DEBUG] 2018-02-12 20:01:53.629 [main] AbstractFlushingEventListener - Dirty checking collections
[DEBUG] 2018-02-12 20:01:53.632 [main] AbstractFlushingEventListener - Flushed: 0 insertions, 0 updates, 0 deletions to 1 objects
[DEBUG] 2018-02-12 20:01:53.632 [main] AbstractFlushingEventListener - Flushed: 0 (re)creations, 0 updates, 0 removals to 0 collections
[DEBUG] 2018-02-12 20:01:53.634 [main] EntityPrinter - Listing entities:
[DEBUG] 2018-02-12 20:01:53.634 [main] EntityPrinter - edu.matc.entity.User{firstName=Fred, lastName=Flintstone, password=supersecret7, updateDate=2018-02-12 20:01:53.286, UserId=28, userName=fflintstone, email=fflintstone@gmail.com, createDate=2018-02-12 20:01:53.286}
[DEBUG] 2018-02-12 20:01:53.638 [main] LogicalConnectionManagedImpl - Initiating JDBC connection release from afterTransaction
[DEBUG] 2018-02-12 20:01:53.640 [main] LogicalConnectionManagedImpl - Initiating JDBC connection release from afterTransaction
[DEBUG] 2018-02-12 20:01:53.658 [main] SQL - select user0_.userId as userId1_0_0_, user0_.createDate as createDa2_0_0_, user0_.email as email3_0_0_, user0_.firstName as firstNam4_0_0_, user0_.lastName as lastName5_0_0_, user0_.password as password6_0_0_, user0_.updateDate as updateDa7_0_0_, user0_.userName as userName8_0_0_ from user user0_ where user0_.userId=?
[DEBUG] 2018-02-12 20:01:53.669 [main] ResultSetProcessorImpl - Starting ResultSet row #0
[DEBUG] 2018-02-12 20:01:53.670 [main] EntityReferenceInitializerImpl - On call to EntityIdentifierReaderImpl#resolve, EntityKey was already known; should only happen on root returns with an optional identifier specified
[DEBUG] 2018-02-12 20:01:53.680 [main] TwoPhaseLoad - Resolving associations for [edu.matc.entity.User#28]
[DEBUG] 2018-02-12 20:01:53.680 [main] TwoPhaseLoad - Done materializing entity [edu.matc.entity.User#28]
[DEBUG] 2018-02-12 20:01:53.681 [main] ResourceRegistryStandardImpl - HHH000387: ResultSet's statement was not registered
[DEBUG] 2018-02-12 20:01:53.681 [main] AbstractLoadPlanBasedEntityLoader - Done entity load : edu.matc.entity.User#28
[DEBUG] 2018-02-12 20:01:53.681 [main] LogicalConnectionManagedImpl - Initiating JDBC connection release from afterTransaction
