[DEBUG] 2018-02-17 16:18:36.843 [main] IntegratorServiceImpl - Adding Integrator [org.hibernate.cfg.beanvalidation.BeanValidationIntegrator].
[DEBUG] 2018-02-17 16:18:36.860 [main] IntegratorServiceImpl - Adding Integrator [org.hibernate.secure.spi.JaccIntegrator].
[DEBUG] 2018-02-17 16:18:36.868 [main] IntegratorServiceImpl - Adding Integrator [org.hibernate.cache.internal.CollectionCacheInvalidator].
[INFO ] 2018-02-17 16:18:37.109 [main] Version - HHH000412: Hibernate Core {5.2.12.Final}
[INFO ] 2018-02-17 16:18:37.111 [main] Environment - HHH000206: hibernate.properties not found
[DEBUG] 2018-02-17 16:18:37.248 [main] LocalXmlResourceResolver - Interpreting public/system identifier : [-//Hibernate/Hibernate Configuration DTD//EN] - [http://www.hibernate.org/dtd/hibernate-configuration-3.0.dtd]
[DEBUG] 2018-02-17 16:18:37.250 [main] LocalXmlResourceResolver - Recognized hibernate-configuration identifier; attempting to resolve on classpath under org/hibernate/
[DEBUG] 2018-02-17 16:18:37.261 [main] JaxbCfgProcessor - cfg.xml document did not define namespaces; wrapping in custom event reader to introduce namespace information
[DEBUG] 2018-02-17 16:18:37.857 [main] ServiceBinding - Overriding existing service binding [org.hibernate.secure.spi.JaccService]
[DEBUG] 2018-02-17 16:18:37.926 [main] RegionFactoryInitiator - Cache region factory : org.hibernate.cache.internal.NoCachingRegionFactory
[INFO ] 2018-02-17 16:18:37.966 [main] Version - HCANN000001: Hibernate Commons Annotations {5.0.1.Final}
[DEBUG] 2018-02-17 16:18:38.152 [main] BasicTypeRegistry - Adding type registration boolean -> org.hibernate.type.BooleanType@46d59067
[DEBUG] 2018-02-17 16:18:38.152 [main] BasicTypeRegistry - Adding type registration boolean -> org.hibernate.type.BooleanType@46d59067
[DEBUG] 2018-02-17 16:18:38.153 [main] BasicTypeRegistry - Adding type registration java.lang.Boolean -> org.hibernate.type.BooleanType@46d59067
[DEBUG] 2018-02-17 16:18:38.154 [main] BasicTypeRegistry - Adding type registration numeric_boolean -> org.hibernate.type.NumericBooleanType@5dafbe45
[DEBUG] 2018-02-17 16:18:38.156 [main] BasicTypeRegistry - Adding type registration true_false -> org.hibernate.type.TrueFalseType@12591ac8
[DEBUG] 2018-02-17 16:18:38.157 [main] BasicTypeRegistry - Adding type registration yes_no -> org.hibernate.type.YesNoType@41330d4f
[DEBUG] 2018-02-17 16:18:38.160 [main] BasicTypeRegistry - Adding type registration byte -> org.hibernate.type.ByteType@37313c65
[DEBUG] 2018-02-17 16:18:38.160 [main] BasicTypeRegistry - Adding type registration byte -> org.hibernate.type.ByteType@37313c65
[DEBUG] 2018-02-17 16:18:38.160 [main] BasicTypeRegistry - Adding type registration java.lang.Byte -> org.hibernate.type.ByteType@37313c65
[DEBUG] 2018-02-17 16:18:38.162 [main] BasicTypeRegistry - Adding type registration character -> org.hibernate.type.CharacterType@7486b455
[DEBUG] 2018-02-17 16:18:38.162 [main] BasicTypeRegistry - Adding type registration char -> org.hibernate.type.CharacterType@7486b455
[DEBUG] 2018-02-17 16:18:38.162 [main] BasicTypeRegistry - Adding type registration java.lang.Character -> org.hibernate.type.CharacterType@7486b455
[DEBUG] 2018-02-17 16:18:38.164 [main] BasicTypeRegistry - Adding type registration short -> org.hibernate.type.ShortType@49c90a9c
[DEBUG] 2018-02-17 16:18:38.164 [main] BasicTypeRegistry - Adding type registration short -> org.hibernate.type.ShortType@49c90a9c
[DEBUG] 2018-02-17 16:18:38.164 [main] BasicTypeRegistry - Adding type registration java.lang.Short -> org.hibernate.type.ShortType@49c90a9c
[DEBUG] 2018-02-17 16:18:38.165 [main] BasicTypeRegistry - Adding type registration integer -> org.hibernate.type.IntegerType@f58853c
[DEBUG] 2018-02-17 16:18:38.166 [main] BasicTypeRegistry - Adding type registration int -> org.hibernate.type.IntegerType@f58853c
[DEBUG] 2018-02-17 16:18:38.166 [main] BasicTypeRegistry - Adding type registration java.lang.Integer -> org.hibernate.type.IntegerType@f58853c
[DEBUG] 2018-02-17 16:18:38.168 [main] BasicTypeRegistry - Adding type registration long -> org.hibernate.type.LongType@13d73f29
[DEBUG] 2018-02-17 16:18:38.168 [main] BasicTypeRegistry - Adding type registration long -> org.hibernate.type.LongType@13d73f29
[DEBUG] 2018-02-17 16:18:38.168 [main] BasicTypeRegistry - Adding type registration java.lang.Long -> org.hibernate.type.LongType@13d73f29
[DEBUG] 2018-02-17 16:18:38.173 [main] BasicTypeRegistry - Adding type registration float -> org.hibernate.type.FloatType@6d5620ce
[DEBUG] 2018-02-17 16:18:38.174 [main] BasicTypeRegistry - Adding type registration float -> org.hibernate.type.FloatType@6d5620ce
[DEBUG] 2018-02-17 16:18:38.174 [main] BasicTypeRegistry - Adding type registration java.lang.Float -> org.hibernate.type.FloatType@6d5620ce
[DEBUG] 2018-02-17 16:18:38.175 [main] BasicTypeRegistry - Adding type registration double -> org.hibernate.type.DoubleType@147e2ae7
[DEBUG] 2018-02-17 16:18:38.176 [main] BasicTypeRegistry - Adding type registration double -> org.hibernate.type.DoubleType@147e2ae7
[DEBUG] 2018-02-17 16:18:38.176 [main] BasicTypeRegistry - Adding type registration java.lang.Double -> org.hibernate.type.DoubleType@147e2ae7
[DEBUG] 2018-02-17 16:18:38.178 [main] BasicTypeRegistry - Adding type registration big_decimal -> org.hibernate.type.BigDecimalType@3bcd05cb
[DEBUG] 2018-02-17 16:18:38.178 [main] BasicTypeRegistry - Adding type registration java.math.BigDecimal -> org.hibernate.type.BigDecimalType@3bcd05cb
[DEBUG] 2018-02-17 16:18:38.180 [main] BasicTypeRegistry - Adding type registration big_integer -> org.hibernate.type.BigIntegerType@24959ca4
[DEBUG] 2018-02-17 16:18:38.180 [main] BasicTypeRegistry - Adding type registration java.math.BigInteger -> org.hibernate.type.BigIntegerType@24959ca4
[DEBUG] 2018-02-17 16:18:38.182 [main] BasicTypeRegistry - Adding type registration string -> org.hibernate.type.StringType@1a5a4e19
[DEBUG] 2018-02-17 16:18:38.182 [main] BasicTypeRegistry - Adding type registration java.lang.String -> org.hibernate.type.StringType@1a5a4e19
[DEBUG] 2018-02-17 16:18:38.184 [main] BasicTypeRegistry - Adding type registration nstring -> org.hibernate.type.StringNVarcharType@41f69e84
[DEBUG] 2018-02-17 16:18:38.186 [main] BasicTypeRegistry - Adding type registration ncharacter -> org.hibernate.type.CharacterNCharType@64b0598
[DEBUG] 2018-02-17 16:18:38.187 [main] BasicTypeRegistry - Adding type registration url -> org.hibernate.type.UrlType@50f6ac94
[DEBUG] 2018-02-17 16:18:38.187 [main] BasicTypeRegistry - Adding type registration java.net.URL -> org.hibernate.type.UrlType@50f6ac94
[DEBUG] 2018-02-17 16:18:38.189 [main] BasicTypeRegistry - Adding type registration Duration -> org.hibernate.type.DurationType@5038d0b5
[DEBUG] 2018-02-17 16:18:38.189 [main] BasicTypeRegistry - Adding type registration java.time.Duration -> org.hibernate.type.DurationType@5038d0b5
[DEBUG] 2018-02-17 16:18:38.211 [main] BasicTypeRegistry - Adding type registration Instant -> org.hibernate.type.InstantType@18317edc
[DEBUG] 2018-02-17 16:18:38.212 [main] BasicTypeRegistry - Adding type registration java.time.Instant -> org.hibernate.type.InstantType@18317edc
[DEBUG] 2018-02-17 16:18:38.214 [main] BasicTypeRegistry - Adding type registration LocalDateTime -> org.hibernate.type.LocalDateTimeType@4149c063
[DEBUG] 2018-02-17 16:18:38.215 [main] BasicTypeRegistry - Adding type registration java.time.LocalDateTime -> org.hibernate.type.LocalDateTimeType@4149c063
[DEBUG] 2018-02-17 16:18:38.217 [main] BasicTypeRegistry - Adding type registration LocalDate -> org.hibernate.type.LocalDateType@53f3bdbd
[DEBUG] 2018-02-17 16:18:38.218 [main] BasicTypeRegistry - Adding type registration java.time.LocalDate -> org.hibernate.type.LocalDateType@53f3bdbd
[DEBUG] 2018-02-17 16:18:38.220 [main] BasicTypeRegistry - Adding type registration LocalTime -> org.hibernate.type.LocalTimeType@4ef74c30
[DEBUG] 2018-02-17 16:18:38.221 [main] BasicTypeRegistry - Adding type registration java.time.LocalTime -> org.hibernate.type.LocalTimeType@4ef74c30
[DEBUG] 2018-02-17 16:18:38.223 [main] BasicTypeRegistry - Adding type registration OffsetDateTime -> org.hibernate.type.OffsetDateTimeType@536dbea0
[DEBUG] 2018-02-17 16:18:38.223 [main] BasicTypeRegistry - Adding type registration java.time.OffsetDateTime -> org.hibernate.type.OffsetDateTimeType@536dbea0
[DEBUG] 2018-02-17 16:18:38.225 [main] BasicTypeRegistry - Adding type registration OffsetTime -> org.hibernate.type.OffsetTimeType@18ece7f4
[DEBUG] 2018-02-17 16:18:38.225 [main] BasicTypeRegistry - Adding type registration java.time.OffsetTime -> org.hibernate.type.OffsetTimeType@18ece7f4
[DEBUG] 2018-02-17 16:18:38.231 [main] BasicTypeRegistry - Adding type registration ZonedDateTime -> org.hibernate.type.ZonedDateTimeType@1ebea008
[DEBUG] 2018-02-17 16:18:38.231 [main] BasicTypeRegistry - Adding type registration java.time.ZonedDateTime -> org.hibernate.type.ZonedDateTimeType@1ebea008
[DEBUG] 2018-02-17 16:18:38.233 [main] BasicTypeRegistry - Adding type registration date -> org.hibernate.type.DateType@35a3d49f
[DEBUG] 2018-02-17 16:18:38.234 [main] BasicTypeRegistry - Adding type registration java.sql.Date -> org.hibernate.type.DateType@35a3d49f
[DEBUG] 2018-02-17 16:18:38.235 [main] BasicTypeRegistry - Adding type registration time -> org.hibernate.type.TimeType@c667f46
[DEBUG] 2018-02-17 16:18:38.235 [main] BasicTypeRegistry - Adding type registration java.sql.Time -> org.hibernate.type.TimeType@c667f46
[DEBUG] 2018-02-17 16:18:38.241 [main] BasicTypeRegistry - Adding type registration timestamp -> org.hibernate.type.TimestampType@19b843ba
[DEBUG] 2018-02-17 16:18:38.241 [main] BasicTypeRegistry - Adding type registration java.sql.Timestamp -> org.hibernate.type.TimestampType@19b843ba
[DEBUG] 2018-02-17 16:18:38.241 [main] BasicTypeRegistry - Adding type registration java.util.Date -> org.hibernate.type.TimestampType@19b843ba
[DEBUG] 2018-02-17 16:18:38.244 [main] BasicTypeRegistry - Adding type registration dbtimestamp -> org.hibernate.type.DbTimestampType@456d6c1e
[DEBUG] 2018-02-17 16:18:38.246 [main] BasicTypeRegistry - Adding type registration calendar -> org.hibernate.type.CalendarType@6f8e8894
[DEBUG] 2018-02-17 16:18:38.246 [main] BasicTypeRegistry - Adding type registration java.util.Calendar -> org.hibernate.type.CalendarType@6f8e8894
[DEBUG] 2018-02-17 16:18:38.246 [main] BasicTypeRegistry - Adding type registration java.util.GregorianCalendar -> org.hibernate.type.CalendarType@6f8e8894
[DEBUG] 2018-02-17 16:18:38.247 [main] BasicTypeRegistry - Adding type registration calendar_date -> org.hibernate.type.CalendarDateType@e25951c
[DEBUG] 2018-02-17 16:18:38.248 [main] BasicTypeRegistry - Adding type registration locale -> org.hibernate.type.LocaleType@19976a65
[DEBUG] 2018-02-17 16:18:38.248 [main] BasicTypeRegistry - Adding type registration java.util.Locale -> org.hibernate.type.LocaleType@19976a65
[DEBUG] 2018-02-17 16:18:38.249 [main] BasicTypeRegistry - Adding type registration currency -> org.hibernate.type.CurrencyType@4bc222e
[DEBUG] 2018-02-17 16:18:38.250 [main] BasicTypeRegistry - Adding type registration java.util.Currency -> org.hibernate.type.CurrencyType@4bc222e
[DEBUG] 2018-02-17 16:18:38.251 [main] BasicTypeRegistry - Adding type registration timezone -> org.hibernate.type.TimeZoneType@3eb91815
[DEBUG] 2018-02-17 16:18:38.251 [main] BasicTypeRegistry - Adding type registration java.util.TimeZone -> org.hibernate.type.TimeZoneType@3eb91815
[DEBUG] 2018-02-17 16:18:38.253 [main] BasicTypeRegistry - Adding type registration class -> org.hibernate.type.ClassType@34b9f960
[DEBUG] 2018-02-17 16:18:38.255 [main] BasicTypeRegistry - Adding type registration java.lang.Class -> org.hibernate.type.ClassType@34b9f960
[DEBUG] 2018-02-17 16:18:38.259 [main] BasicTypeRegistry - Adding type registration uuid-binary -> org.hibernate.type.UUIDBinaryType@24c22fe
[DEBUG] 2018-02-17 16:18:38.259 [main] BasicTypeRegistry - Adding type registration java.util.UUID -> org.hibernate.type.UUIDBinaryType@24c22fe
[DEBUG] 2018-02-17 16:18:38.260 [main] BasicTypeRegistry - Adding type registration uuid-char -> org.hibernate.type.UUIDCharType@7ba8c737
[DEBUG] 2018-02-17 16:18:38.262 [main] BasicTypeRegistry - Adding type registration binary -> org.hibernate.type.BinaryType@31edaa7d
[DEBUG] 2018-02-17 16:18:38.262 [main] BasicTypeRegistry - Adding type registration byte[] -> org.hibernate.type.BinaryType@31edaa7d
[DEBUG] 2018-02-17 16:18:38.262 [main] BasicTypeRegistry - Adding type registration [B -> org.hibernate.type.BinaryType@31edaa7d
[DEBUG] 2018-02-17 16:18:38.263 [main] BasicTypeRegistry - Adding type registration wrapper-binary -> org.hibernate.type.WrapperBinaryType@6950ed69
[DEBUG] 2018-02-17 16:18:38.263 [main] BasicTypeRegistry - Adding type registration Byte[] -> org.hibernate.type.WrapperBinaryType@6950ed69
[DEBUG] 2018-02-17 16:18:38.263 [main] BasicTypeRegistry - Adding type registration [Ljava.lang.Byte; -> org.hibernate.type.WrapperBinaryType@6950ed69
[DEBUG] 2018-02-17 16:18:38.265 [main] BasicTypeRegistry - Adding type registration row_version -> org.hibernate.type.RowVersionType@189cbd7c
[DEBUG] 2018-02-17 16:18:38.266 [main] BasicTypeRegistry - Adding type registration image -> org.hibernate.type.ImageType@2205a05d
[DEBUG] 2018-02-17 16:18:38.274 [main] BasicTypeRegistry - Adding type registration characters -> org.hibernate.type.CharArrayType@5f20155b
[DEBUG] 2018-02-17 16:18:38.274 [main] BasicTypeRegistry - Adding type registration char[] -> org.hibernate.type.CharArrayType@5f20155b
[DEBUG] 2018-02-17 16:18:38.275 [main] BasicTypeRegistry - Adding type registration [C -> org.hibernate.type.CharArrayType@5f20155b
[DEBUG] 2018-02-17 16:18:38.276 [main] BasicTypeRegistry - Adding type registration wrapper-characters -> org.hibernate.type.CharacterArrayType@7d94beb9
[DEBUG] 2018-02-17 16:18:38.276 [main] BasicTypeRegistry - Adding type registration [Ljava.lang.Character; -> org.hibernate.type.CharacterArrayType@7d94beb9
[DEBUG] 2018-02-17 16:18:38.277 [main] BasicTypeRegistry - Adding type registration Character[] -> org.hibernate.type.CharacterArrayType@7d94beb9
[DEBUG] 2018-02-17 16:18:38.280 [main] BasicTypeRegistry - Adding type registration text -> org.hibernate.type.TextType@37911f88
[DEBUG] 2018-02-17 16:18:38.281 [main] BasicTypeRegistry - Adding type registration ntext -> org.hibernate.type.NTextType@4ea5b703
[DEBUG] 2018-02-17 16:18:38.287 [main] BasicTypeRegistry - Adding type registration blob -> org.hibernate.type.BlobType@651aed93
[DEBUG] 2018-02-17 16:18:38.287 [main] BasicTypeRegistry - Adding type registration java.sql.Blob -> org.hibernate.type.BlobType@651aed93
[DEBUG] 2018-02-17 16:18:38.288 [main] BasicTypeRegistry - Adding type registration materialized_blob -> org.hibernate.type.MaterializedBlobType@5456afaa
[DEBUG] 2018-02-17 16:18:38.294 [main] BasicTypeRegistry - Adding type registration clob -> org.hibernate.type.ClobType@12299890
[DEBUG] 2018-02-17 16:18:38.294 [main] BasicTypeRegistry - Adding type registration java.sql.Clob -> org.hibernate.type.ClobType@12299890
[DEBUG] 2018-02-17 16:18:38.326 [main] BasicTypeRegistry - Adding type registration nclob -> org.hibernate.type.NClobType@3b79fd76
[DEBUG] 2018-02-17 16:18:38.326 [main] BasicTypeRegistry - Adding type registration java.sql.NClob -> org.hibernate.type.NClobType@3b79fd76
[DEBUG] 2018-02-17 16:18:38.327 [main] BasicTypeRegistry - Adding type registration materialized_clob -> org.hibernate.type.MaterializedClobType@1f81aa00
[DEBUG] 2018-02-17 16:18:38.328 [main] BasicTypeRegistry - Adding type registration materialized_nclob -> org.hibernate.type.MaterializedNClobType@1787bc24
[DEBUG] 2018-02-17 16:18:38.421 [main] BasicTypeRegistry - Adding type registration serializable -> org.hibernate.type.SerializableType@4a3631f8
[DEBUG] 2018-02-17 16:18:38.426 [main] BasicTypeRegistry - Adding type registration object -> org.hibernate.type.ObjectType@3ddc6915
[DEBUG] 2018-02-17 16:18:38.426 [main] BasicTypeRegistry - Adding type registration java.lang.Object -> org.hibernate.type.ObjectType@3ddc6915
[DEBUG] 2018-02-17 16:18:38.427 [main] BasicTypeRegistry - Adding type registration imm_date -> org.hibernate.type.AdaptedImmutableType@404bbcbd
[DEBUG] 2018-02-17 16:18:38.427 [main] BasicTypeRegistry - Adding type registration imm_time -> org.hibernate.type.AdaptedImmutableType@1e81f160
[DEBUG] 2018-02-17 16:18:38.427 [main] BasicTypeRegistry - Adding type registration imm_timestamp -> org.hibernate.type.AdaptedImmutableType@1acaf3d
[DEBUG] 2018-02-17 16:18:38.427 [main] BasicTypeRegistry - Adding type registration imm_dbtimestamp -> org.hibernate.type.AdaptedImmutableType@6986852
[DEBUG] 2018-02-17 16:18:38.427 [main] BasicTypeRegistry - Adding type registration imm_calendar -> org.hibernate.type.AdaptedImmutableType@1bab8268
[DEBUG] 2018-02-17 16:18:38.427 [main] BasicTypeRegistry - Adding type registration imm_calendar_date -> org.hibernate.type.AdaptedImmutableType@a307a8c
[DEBUG] 2018-02-17 16:18:38.427 [main] BasicTypeRegistry - Adding type registration imm_binary -> org.hibernate.type.AdaptedImmutableType@6e01f9b0
[DEBUG] 2018-02-17 16:18:38.428 [main] BasicTypeRegistry - Adding type registration imm_serializable -> org.hibernate.type.AdaptedImmutableType@2b9ed6da
[INFO ] 2018-02-17 16:18:38.453 [main] C3P0ConnectionProvider - HHH010002: C3P0 using driver: com.mysql.jdbc.Driver at URL: jdbc:mysql://localhost:3306/myBikePlace
[INFO ] 2018-02-17 16:18:38.458 [main] C3P0ConnectionProvider - HHH10001001: Connection properties: {user=root, password=****}
[INFO ] 2018-02-17 16:18:38.459 [main] C3P0ConnectionProvider - HHH10001003: Autocommit mode: false
[INFO ] 2018-02-17 16:18:38.761 [main] C3P0ConnectionProvider - HHH10001007: JDBC isolation level: <unknown>
[DEBUG] 2018-02-17 16:18:39.437 [main] JdbcEnvironmentInitiator - Database ->
       name : MySQL
    version : 5.7.20
      major : 5
      minor : 7
[DEBUG] 2018-02-17 16:18:39.438 [main] JdbcEnvironmentInitiator - Driver ->
       name : MySQL Connector Java
    version : mysql-connector-java-5.1.39 ( Revision: 3289a357af6d09ecc1a10fd3c26e95183e5790ad )
      major : 5
      minor : 1
[DEBUG] 2018-02-17 16:18:39.438 [main] JdbcEnvironmentInitiator - JDBC version : 4.0
[INFO ] 2018-02-17 16:18:39.498 [main] Dialect - HHH000400: Using dialect: org.hibernate.dialect.MySQL5Dialect
[DEBUG] 2018-02-17 16:18:39.594 [main] IdentifierHelperBuilder - JDBC driver metadata reported database stores quoted identifiers in more than one case
[DEBUG] 2018-02-17 16:18:39.596 [main] IdentifierHelperBuilder - IdentifierCaseStrategy for both quoted and unquoted identifiers was set to the same strategy [MIXED]; that will likely lead to problems in schema update and validation if using quoted identifiers
[DEBUG] 2018-02-17 16:18:39.710 [main] DefaultIdentifierGeneratorFactory - Registering IdentifierGenerator strategy [uuid2] -> [org.hibernate.id.UUIDGenerator]
[DEBUG] 2018-02-17 16:18:39.711 [main] DefaultIdentifierGeneratorFactory - Registering IdentifierGenerator strategy [guid] -> [org.hibernate.id.GUIDGenerator]
[DEBUG] 2018-02-17 16:18:39.712 [main] DefaultIdentifierGeneratorFactory - Registering IdentifierGenerator strategy [uuid] -> [org.hibernate.id.UUIDHexGenerator]
[DEBUG] 2018-02-17 16:18:39.712 [main] DefaultIdentifierGeneratorFactory - Registering IdentifierGenerator strategy [uuid.hex] -> [org.hibernate.id.UUIDHexGenerator]
[DEBUG] 2018-02-17 16:18:39.712 [main] DefaultIdentifierGeneratorFactory - Registering IdentifierGenerator strategy [assigned] -> [org.hibernate.id.Assigned]
[DEBUG] 2018-02-17 16:18:39.715 [main] DefaultIdentifierGeneratorFactory - Registering IdentifierGenerator strategy [identity] -> [org.hibernate.id.IdentityGenerator]
[DEBUG] 2018-02-17 16:18:39.715 [main] DefaultIdentifierGeneratorFactory - Registering IdentifierGenerator strategy [select] -> [org.hibernate.id.SelectGenerator]
[DEBUG] 2018-02-17 16:18:39.717 [main] DefaultIdentifierGeneratorFactory - Registering IdentifierGenerator strategy [sequence] -> [org.hibernate.id.enhanced.SequenceStyleGenerator]
[DEBUG] 2018-02-17 16:18:39.718 [main] DefaultIdentifierGeneratorFactory - Registering IdentifierGenerator strategy [seqhilo] -> [org.hibernate.id.SequenceHiLoGenerator]
[DEBUG] 2018-02-17 16:18:39.719 [main] DefaultIdentifierGeneratorFactory - Registering IdentifierGenerator strategy [increment] -> [org.hibernate.id.IncrementGenerator]
[DEBUG] 2018-02-17 16:18:39.720 [main] DefaultIdentifierGeneratorFactory - Registering IdentifierGenerator strategy [foreign] -> [org.hibernate.id.ForeignGenerator]
[DEBUG] 2018-02-17 16:18:39.721 [main] DefaultIdentifierGeneratorFactory - Registering IdentifierGenerator strategy [sequence-identity] -> [org.hibernate.id.SequenceIdentityGenerator]
[DEBUG] 2018-02-17 16:18:39.721 [main] DefaultIdentifierGeneratorFactory - Registering IdentifierGenerator strategy [enhanced-sequence] -> [org.hibernate.id.enhanced.SequenceStyleGenerator]
[DEBUG] 2018-02-17 16:18:39.734 [main] DefaultIdentifierGeneratorFactory - Registering IdentifierGenerator strategy [enhanced-table] -> [org.hibernate.id.enhanced.TableGenerator]
[DEBUG] 2018-02-17 16:18:39.822 [main] Namespace - Created database namespace [logicalName=Name{catalog=null, schema=null}, physicalName=Name{catalog=null, schema=null}]
[DEBUG] 2018-02-17 16:18:39.889 [main] AnnotationBinder - Binding entity from annotated class: edu.matc.entity.User
[DEBUG] 2018-02-17 16:18:39.934 [main] Ejb3Column - Binding column: Ejb3DiscriminatorColumn{logicalColumnName'DTYPE', discriminatorTypeName='string'}
[DEBUG] 2018-02-17 16:18:39.957 [main] EntityBinder - Import with entity name User
[DEBUG] 2018-02-17 16:18:39.962 [main] EntityBinder - Bind entity edu.matc.entity.User on table user
[DEBUG] 2018-02-17 16:18:40.025 [main] Ejb3Column - Binding column: Ejb3Column{table=org.hibernate.mapping.Table(user), mappingColumn=userId, insertable=true, updatable=true, unique=false}
[DEBUG] 2018-02-17 16:18:40.037 [main] PropertyBinder - MetadataSourceProcessor property UserId with lazy=false
[DEBUG] 2018-02-17 16:18:40.041 [main] AbstractPropertyHolder - Attempting to locate auto-apply AttributeConverter for property [edu.matc.entity.User:UserId]
[DEBUG] 2018-02-17 16:18:40.043 [main] SimpleValueBinder - building SimpleValue for UserId
[DEBUG] 2018-02-17 16:18:40.047 [main] PropertyBinder - Building property UserId
[DEBUG] 2018-02-17 16:18:40.055 [main] Ejb3Column - Binding column: Ejb3Column{table=org.hibernate.mapping.Table(user), mappingColumn=createDate, insertable=true, updatable=true, unique=false}
[DEBUG] 2018-02-17 16:18:40.055 [main] PropertyBinder - MetadataSourceProcessor property createDate with lazy=false
[DEBUG] 2018-02-17 16:18:40.055 [main] AbstractPropertyHolder - Attempting to locate auto-apply AttributeConverter for property [edu.matc.entity.User:createDate]
[DEBUG] 2018-02-17 16:18:40.056 [main] SimpleValueBinder - building SimpleValue for createDate
[DEBUG] 2018-02-17 16:18:40.056 [main] PropertyBinder - Building property createDate
[DEBUG] 2018-02-17 16:18:40.111 [main] Ejb3Column - Binding column: Ejb3Column{table=org.hibernate.mapping.Table(user), mappingColumn=email, insertable=true, updatable=true, unique=false}
[DEBUG] 2018-02-17 16:18:40.111 [main] PropertyBinder - MetadataSourceProcessor property email with lazy=false
[DEBUG] 2018-02-17 16:18:40.111 [main] AbstractPropertyHolder - Attempting to locate auto-apply AttributeConverter for property [edu.matc.entity.User:email]
[DEBUG] 2018-02-17 16:18:40.111 [main] SimpleValueBinder - building SimpleValue for email
[DEBUG] 2018-02-17 16:18:40.111 [main] PropertyBinder - Building property email
[DEBUG] 2018-02-17 16:18:40.112 [main] Ejb3Column - Binding column: Ejb3Column{table=org.hibernate.mapping.Table(user), mappingColumn=firstName, insertable=true, updatable=true, unique=false}
[DEBUG] 2018-02-17 16:18:40.112 [main] PropertyBinder - MetadataSourceProcessor property firstName with lazy=false
[DEBUG] 2018-02-17 16:18:40.112 [main] AbstractPropertyHolder - Attempting to locate auto-apply AttributeConverter for property [edu.matc.entity.User:firstName]
[DEBUG] 2018-02-17 16:18:40.112 [main] SimpleValueBinder - building SimpleValue for firstName
[DEBUG] 2018-02-17 16:18:40.112 [main] PropertyBinder - Building property firstName
[DEBUG] 2018-02-17 16:18:40.112 [main] Ejb3Column - Binding column: Ejb3Column{table=org.hibernate.mapping.Table(user), mappingColumn=lastName, insertable=true, updatable=true, unique=false}
[DEBUG] 2018-02-17 16:18:40.113 [main] PropertyBinder - MetadataSourceProcessor property lastName with lazy=false
[DEBUG] 2018-02-17 16:18:40.113 [main] AbstractPropertyHolder - Attempting to locate auto-apply AttributeConverter for property [edu.matc.entity.User:lastName]
[DEBUG] 2018-02-17 16:18:40.113 [main] SimpleValueBinder - building SimpleValue for lastName
[DEBUG] 2018-02-17 16:18:40.113 [main] PropertyBinder - Building property lastName
[DEBUG] 2018-02-17 16:18:40.113 [main] Ejb3Column - Binding column: Ejb3Column{table=org.hibernate.mapping.Table(user), mappingColumn=password, insertable=true, updatable=true, unique=false}
[DEBUG] 2018-02-17 16:18:40.113 [main] PropertyBinder - MetadataSourceProcessor property password with lazy=false
[DEBUG] 2018-02-17 16:18:40.113 [main] AbstractPropertyHolder - Attempting to locate auto-apply AttributeConverter for property [edu.matc.entity.User:password]
[DEBUG] 2018-02-17 16:18:40.113 [main] SimpleValueBinder - building SimpleValue for password
[DEBUG] 2018-02-17 16:18:40.113 [main] PropertyBinder - Building property password
[DEBUG] 2018-02-17 16:18:40.114 [main] Ejb3Column - Binding column: Ejb3Column{table=org.hibernate.mapping.Table(user), mappingColumn=updateDate, insertable=true, updatable=true, unique=false}
[DEBUG] 2018-02-17 16:18:40.114 [main] PropertyBinder - MetadataSourceProcessor property updateDate with lazy=false
[DEBUG] 2018-02-17 16:18:40.114 [main] AbstractPropertyHolder - Attempting to locate auto-apply AttributeConverter for property [edu.matc.entity.User:updateDate]
[DEBUG] 2018-02-17 16:18:40.114 [main] SimpleValueBinder - building SimpleValue for updateDate
[DEBUG] 2018-02-17 16:18:40.114 [main] PropertyBinder - Building property updateDate
[DEBUG] 2018-02-17 16:18:40.115 [main] Ejb3Column - Binding column: Ejb3Column{table=org.hibernate.mapping.Table(user), mappingColumn=userName, insertable=true, updatable=true, unique=false}
[DEBUG] 2018-02-17 16:18:40.115 [main] PropertyBinder - MetadataSourceProcessor property userName with lazy=false
[DEBUG] 2018-02-17 16:18:40.115 [main] AbstractPropertyHolder - Attempting to locate auto-apply AttributeConverter for property [edu.matc.entity.User:userName]
[DEBUG] 2018-02-17 16:18:40.115 [main] SimpleValueBinder - building SimpleValue for userName
[DEBUG] 2018-02-17 16:18:40.116 [main] PropertyBinder - Building property userName
[DEBUG] 2018-02-17 16:18:40.118 [main] SimpleValueBinder - Starting fillSimpleValue for UserId
[DEBUG] 2018-02-17 16:18:40.118 [main] SimpleValueBinder - Starting fillSimpleValue for createDate
[DEBUG] 2018-02-17 16:18:40.118 [main] SimpleValueBinder - Starting fillSimpleValue for email
[DEBUG] 2018-02-17 16:18:40.118 [main] SimpleValueBinder - Starting fillSimpleValue for firstName
[DEBUG] 2018-02-17 16:18:40.118 [main] SimpleValueBinder - Starting fillSimpleValue for lastName
[DEBUG] 2018-02-17 16:18:40.118 [main] SimpleValueBinder - Starting fillSimpleValue for password
[DEBUG] 2018-02-17 16:18:40.118 [main] SimpleValueBinder - Starting fillSimpleValue for updateDate
[DEBUG] 2018-02-17 16:18:40.118 [main] SimpleValueBinder - Starting fillSimpleValue for userName
[DEBUG] 2018-02-17 16:18:40.120 [main] PrimaryKey - Forcing column [userid] to be non-null as it is part of the primary key for table [user]
[DEBUG] 2018-02-17 16:18:40.179 [main] SessionFactoryImpl - Building session factory
[DEBUG] 2018-02-17 16:18:40.181 [main] Settings - SessionFactory name : null
[DEBUG] 2018-02-17 16:18:40.181 [main] Settings - Automatic flush during beforeCompletion(): enabled
[DEBUG] 2018-02-17 16:18:40.181 [main] Settings - Automatic session close at end of transaction: disabled
[DEBUG] 2018-02-17 16:18:40.181 [main] Settings - Statistics: disabled
[DEBUG] 2018-02-17 16:18:40.181 [main] Settings - Deleted entity synthetic identifier rollback: disabled
[DEBUG] 2018-02-17 16:18:40.181 [main] Settings - Default entity-mode: pojo
[DEBUG] 2018-02-17 16:18:40.182 [main] Settings - Check Nullability in Core (should be disabled when Bean Validation is on): enabled
[DEBUG] 2018-02-17 16:18:40.182 [main] Settings - Allow initialization of lazy state outside session : disabled
[DEBUG] 2018-02-17 16:18:40.182 [main] Settings - Using BatchFetchStyle : LEGACY
[DEBUG] 2018-02-17 16:18:40.182 [main] Settings - Default batch fetch size: -1
[DEBUG] 2018-02-17 16:18:40.182 [main] Settings - Maximum outer join fetch depth: 2
[DEBUG] 2018-02-17 16:18:40.182 [main] Settings - Default null ordering: NONE
[DEBUG] 2018-02-17 16:18:40.182 [main] Settings - Order SQL updates by primary key: disabled
[DEBUG] 2018-02-17 16:18:40.182 [main] Settings - Order SQL inserts for batching: disabled
[DEBUG] 2018-02-17 16:18:40.182 [main] Settings - multi-tenancy strategy : NONE
[DEBUG] 2018-02-17 16:18:40.182 [main] Settings - JTA Track by Thread: enabled
[DEBUG] 2018-02-17 16:18:40.182 [main] Settings - Query language substitutions: {}
[DEBUG] 2018-02-17 16:18:40.182 [main] Settings - JPA query language strict compliance: disabled
[DEBUG] 2018-02-17 16:18:40.182 [main] Settings - Named query checking : enabled
[DEBUG] 2018-02-17 16:18:40.183 [main] Settings - Second-level cache: enabled
[DEBUG] 2018-02-17 16:18:40.183 [main] Settings - Second-level query cache: disabled
[DEBUG] 2018-02-17 16:18:40.183 [main] Settings - Second-level query cache factory: org.hibernate.cache.internal.StandardQueryCacheFactory@2a1edad4
[DEBUG] 2018-02-17 16:18:40.183 [main] Settings - Second-level cache region prefix: null
[DEBUG] 2018-02-17 16:18:40.183 [main] Settings - Optimize second-level cache for minimal puts: disabled
[DEBUG] 2018-02-17 16:18:40.183 [main] Settings - Structured second-level cache entries: disabled
[DEBUG] 2018-02-17 16:18:40.183 [main] Settings - Second-level cache direct-reference entries: disabled
[DEBUG] 2018-02-17 16:18:40.183 [main] Settings - Automatic eviction of collection cache: disabled
[DEBUG] 2018-02-17 16:18:40.183 [main] Settings - JDBC batch size: 15
[DEBUG] 2018-02-17 16:18:40.183 [main] Settings - JDBC batch updates for versioned data: enabled
[DEBUG] 2018-02-17 16:18:40.183 [main] Settings - Scrollable result sets: enabled
[DEBUG] 2018-02-17 16:18:40.183 [main] Settings - Wrap result sets: disabled
[DEBUG] 2018-02-17 16:18:40.183 [main] Settings - JDBC3 getGeneratedKeys(): enabled
[DEBUG] 2018-02-17 16:18:40.184 [main] Settings - JDBC result set fetch size: null
[DEBUG] 2018-02-17 16:18:40.184 [main] Settings - Connection release mode: AFTER_TRANSACTION
[DEBUG] 2018-02-17 16:18:40.184 [main] Settings - Generate SQL with comments: disabled
[DEBUG] 2018-02-17 16:18:40.288 [main] SessionFactoryImpl - Session factory constructed with filter configurations : {}
[DEBUG] 2018-02-17 16:18:40.288 [main] SessionFactoryImpl - Instantiating session factory with properties: {gopherProxySet=false, awt.toolkit=sun.lwawt.macosx.LWCToolkit, file.encoding.pkg=sun.io, java.specification.version=1.8, hibernate.c3p0.idle_test_period=3000, sun.cpu.isalist=, sun.jnu.encoding=UTF-8, hibernate.c3p0.min_size=5, java.class.path=/Applications/IntelliJ IDEA.app/Contents/lib/idea_rt.jar:/Applications/IntelliJ IDEA.app/Contents/plugins/junit/lib/junit-rt.jar:/Applications/IntelliJ IDEA.app/Contents/plugins/junit/lib/junit5-rt.jar:/Library/Java/JavaVirtualMachines/jdk1.8.0_152.jdk/Contents/Home/jre/lib/charsets.jar:/Library/Java/JavaVirtualMachines/jdk1.8.0_152.jdk/Contents/Home/jre/lib/deploy.jar:/Library/Java/JavaVirtualMachines/jdk1.8.0_152.jdk/Contents/Home/jre/lib/ext/cldrdata.jar:/Library/Java/JavaVirtualMachines/jdk1.8.0_152.jdk/Contents/Home/jre/lib/ext/dnsns.jar:/Library/Java/JavaVirtualMachines/jdk1.8.0_152.jdk/Contents/Home/jre/lib/ext/jaccess.jar:/Library/Java/JavaVirtualMachines/jdk1.8.0_152.jdk/Contents/Home/jre/lib/ext/jfxrt.jar:/Library/Java/JavaVirtualMachines/jdk1.8.0_152.jdk/Contents/Home/jre/lib/ext/localedata.jar:/Library/Java/JavaVirtualMachines/jdk1.8.0_152.jdk/Contents/Home/jre/lib/ext/nashorn.jar:/Library/Java/JavaVirtualMachines/jdk1.8.0_152.jdk/Contents/Home/jre/lib/ext/sunec.jar:/Library/Java/JavaVirtualMachines/jdk1.8.0_152.jdk/Contents/Home/jre/lib/ext/sunjce_provider.jar:/Library/Java/JavaVirtualMachines/jdk1.8.0_152.jdk/Contents/Home/jre/lib/ext/sunpkcs11.jar:/Library/Java/JavaVirtualMachines/jdk1.8.0_152.jdk/Contents/Home/jre/lib/ext/zipfs.jar:/Library/Java/JavaVirtualMachines/jdk1.8.0_152.jdk/Contents/Home/jre/lib/javaws.jar:/Library/Java/JavaVirtualMachines/jdk1.8.0_152.jdk/Contents/Home/jre/lib/jce.jar:/Library/Java/JavaVirtualMachines/jdk1.8.0_152.jdk/Contents/Home/jre/lib/jfr.jar:/Library/Java/JavaVirtualMachines/jdk1.8.0_152.jdk/Contents/Home/jre/lib/jfxswt.jar:/Library/Java/JavaVirtualMachines/jdk1.8.0_152.jdk/Contents/Home/jre/lib/jsse.jar:/Library/Java/JavaVirtualMachines/jdk1.8.0_152.jdk/Contents/Home/jre/lib/management-agent.jar:/Library/Java/JavaVirtualMachines/jdk1.8.0_152.jdk/Contents/Home/jre/lib/plugin.jar:/Library/Java/JavaVirtualMachines/jdk1.8.0_152.jdk/Contents/Home/jre/lib/resources.jar:/Library/Java/JavaVirtualMachines/jdk1.8.0_152.jdk/Contents/Home/jre/lib/rt.jar:/Library/Java/JavaVirtualMachines/jdk1.8.0_152.jdk/Contents/Home/lib/ant-javafx.jar:/Library/Java/JavaVirtualMachines/jdk1.8.0_152.jdk/Contents/Home/lib/dt.jar:/Library/Java/JavaVirtualMachines/jdk1.8.0_152.jdk/Contents/Home/lib/javafx-mx.jar:/Library/Java/JavaVirtualMachines/jdk1.8.0_152.jdk/Contents/Home/lib/jconsole.jar:/Library/Java/JavaVirtualMachines/jdk1.8.0_152.jdk/Contents/Home/lib/packager.jar:/Library/Java/JavaVirtualMachines/jdk1.8.0_152.jdk/Contents/Home/lib/sa-jdi.jar:/Library/Java/JavaVirtualMachines/jdk1.8.0_152.jdk/Contents/Home/lib/tools.jar:/Users/sighguy4/IdeaProjects/myBikePlace/target/test-classes:/Users/sighguy4/IdeaProjects/myBikePlace/target/classes:/Users/sighguy4/.m2/repository/junit/junit/4.12/junit-4.12.jar:/Users/sighguy4/.m2/repository/org/hamcrest/hamcrest-core/1.3/hamcrest-core-1.3.jar:/Users/sighguy4/.m2/repository/javax/javaee-web-api/7.0/javaee-web-api-7.0.jar:/Users/sighguy4/.m2/repository/mysql/mysql-connector-java/5.1.39/mysql-connector-java-5.1.39.jar:/Users/sighguy4/.m2/repository/org/apache/logging/log4j/log4j-api/2.10.0/log4j-api-2.10.0.jar:/Users/sighguy4/.m2/repository/org/apache/logging/log4j/log4j-core/2.10.0/log4j-core-2.10.0.jar:/Users/sighguy4/.m2/repository/org/junit/jupiter/junit-jupiter-engine/5.0.0/junit-jupiter-engine-5.0.0.jar:/Users/sighguy4/.m2/repository/org/apiguardian/apiguardian-api/1.0.0/apiguardian-api-1.0.0.jar:/Users/sighguy4/.m2/repository/org/junit/platform/junit-platform-engine/1.0.0/junit-platform-engine-1.0.0.jar:/Users/sighguy4/.m2/repository/org/junit/platform/junit-platform-commons/1.0.0/junit-platform-commons-1.0.0.jar:/Users/sighguy4/.m2/repository/org/opentest4j/opentest4j/1.0.0/opentest4j-1.0.0.jar:/Users/sighguy4/.m2/repository/org/junit/jupiter/junit-jupiter-api/5.0.0/junit-jupiter-api-5.0.0.jar:/Users/sighguy4/.m2/repository/org/junit/platform/junit-platform-runner/1.0.0/junit-platform-runner-1.0.0.jar:/Users/sighguy4/.m2/repository/org/junit/platform/junit-platform-launcher/1.0.0/junit-platform-launcher-1.0.0.jar:/Users/sighguy4/.m2/repository/org/junit/platform/junit-platform-suite-api/1.0.0/junit-platform-suite-api-1.0.0.jar:/Users/sighguy4/.m2/repository/org/junit/vintage/junit-vintage-engine/4.12.0/junit-vintage-engine-4.12.0.jar:/Users/sighguy4/.m2/repository/org/hibernate/hibernate-core/5.2.12.Final/hibernate-core-5.2.12.Final.jar:/Users/sighguy4/.m2/repository/org/jboss/logging/jboss-logging/3.3.0.Final/jboss-logging-3.3.0.Final.jar:/Users/sighguy4/.m2/repository/org/hibernate/javax/persistence/hibernate-jpa-2.1-api/1.0.0.Final/hibernate-jpa-2.1-api-1.0.0.Final.jar:/Users/sighguy4/.m2/repository/org/javassist/javassist/3.20.0-GA/javassist-3.20.0-GA.jar:/Users/sighguy4/.m2/repository/antlr/antlr/2.7.7/antlr-2.7.7.jar:/Users/sighguy4/.m2/repository/org/jboss/spec/javax/transaction/jboss-transaction-api_1.2_spec/1.0.1.Final/jboss-transaction-api_1.2_spec-1.0.1.Final.jar:/Users/sighguy4/.m2/repository/org/jboss/jandex/2.0.3.Final/jandex-2.0.3.Final.jar:/Users/sighguy4/.m2/repository/com/fasterxml/classmate/1.3.0/classmate-1.3.0.jar:/Users/sighguy4/.m2/repository/dom4j/dom4j/1.6.1/dom4j-1.6.1.jar:/Users/sighguy4/.m2/repository/org/hibernate/common/hibernate-commons-annotations/5.0.1.Final/hibernate-commons-annotations-5.0.1.Final.jar:/Users/sighguy4/.m2/repository/org/hibernate/hibernate-c3p0/5.2.12.Final/hibernate-c3p0-5.2.12.Final.jar:/Users/sighguy4/.m2/repository/com/mchange/c3p0/0.9.5.2/c3p0-0.9.5.2.jar:/Users/sighguy4/.m2/repository/com/mchange/mchange-commons-java/0.2.11/mchange-commons-java-0.2.11.jar:/Applications/IntelliJ IDEA.app/Contents/lib/idea_rt.jar, java.vm.vendor=Oracle Corporation, sun.arch.data.model=64, idea.test.cyclic.buffer.size=1048576, java.vendor.url=http://java.oracle.com/, user.timezone=America/Chicago, os.name=Mac OS X, java.vm.specification.version=1.8, user.country=US, sun.java.launcher=SUN_STANDARD, sun.boot.library.path=/Library/Java/JavaVirtualMachines/jdk1.8.0_152.jdk/Contents/Home/jre/lib, sun.java.command=com.intellij.rt.execution.junit.JUnitStarter -ideVersion5 -junit5 edu.matc.persistence.UserDaoTest,updateSuccess, http.nonProxyHosts=local|*.local|169.254/16|*.169.254/16, sun.cpu.endian=little, hibernate.c3p0.max_statements=50, user.home=/Users/sighguy4, user.language=en, java.specification.vendor=Oracle Corporation, java.home=/Library/Java/JavaVirtualMachines/jdk1.8.0_152.jdk/Contents/Home/jre, file.separator=/, line.separator=
, hibernate.c3p0.timeout=300, java.vm.specification.vendor=Oracle Corporation, java.specification.name=Java Platform API Specification, java.awt.graphicsenv=sun.awt.CGraphicsEnvironment, sun.boot.class.path=/Library/Java/JavaVirtualMachines/jdk1.8.0_152.jdk/Contents/Home/jre/lib/resources.jar:/Library/Java/JavaVirtualMachines/jdk1.8.0_152.jdk/Contents/Home/jre/lib/rt.jar:/Library/Java/JavaVirtualMachines/jdk1.8.0_152.jdk/Contents/Home/jre/lib/sunrsasign.jar:/Library/Java/JavaVirtualMachines/jdk1.8.0_152.jdk/Contents/Home/jre/lib/jsse.jar:/Library/Java/JavaVirtualMachines/jdk1.8.0_152.jdk/Contents/Home/jre/lib/jce.jar:/Library/Java/JavaVirtualMachines/jdk1.8.0_152.jdk/Contents/Home/jre/lib/charsets.jar:/Library/Java/JavaVirtualMachines/jdk1.8.0_152.jdk/Contents/Home/jre/lib/jfr.jar:/Library/Java/JavaVirtualMachines/jdk1.8.0_152.jdk/Contents/Home/jre/classes, connection.password=Belguim#66, sun.management.compiler=HotSpot 64-Bit Tiered Compilers, hibernate.c3p0.max_size=20, ftp.nonProxyHosts=local|*.local|169.254/16|*.169.254/16, java.runtime.version=1.8.0_152-b16, user.name=sighguy4, path.separator=:, hibernate.connection.username=root, os.version=10.12.6, java.endorsed.dirs=/Library/Java/JavaVirtualMachines/jdk1.8.0_152.jdk/Contents/Home/jre/lib/endorsed, java.runtime.name=Java(TM) SE Runtime Environment, hibernate.connection.url=jdbc:mysql://localhost:3306/myBikePlace, file.encoding=UTF-8, java.vm.name=Java HotSpot(TM) 64-Bit Server VM, hibernate.connection.driver_class=com.mysql.jdbc.Driver, java.vendor.url.bug=http://bugreport.sun.com/bugreport/, java.io.tmpdir=/var/folders/9d/xsg98tsj1dn630h6j241zf3h0000gn/T/, java.version=1.8.0_152, user.dir=/Users/sighguy4/IdeaProjects/myBikePlace, os.arch=x86_64, connection.username=root, java.vm.specification.name=Java Virtual Machine Specification, hibernate.connection.password=****, java.awt.printerjob=sun.lwawt.macosx.CPrinterJob, sun.os.patch.level=unknown, connection.driver_class=com.mysql.jdbc.Driver, hibernate.boot.CfgXmlAccessService.key=org.hibernate.boot.cfgxml.spi.LoadedConfig@37eeec90, java.library.path=/Users/sighguy4/Library/Java/Extensions:/Library/Java/Extensions:/Network/Library/Java/Extensions:/System/Library/Java/Extensions:/usr/lib/java:., java.vm.info=mixed mode, java.vendor=Oracle Corporation, java.vm.version=25.152-b16, hibernate.bytecode.use_reflection_optimizer=false, java.ext.dirs=/Users/sighguy4/Library/Java/Extensions:/Library/Java/JavaVirtualMachines/jdk1.8.0_152.jdk/Contents/Home/jre/lib/ext:/Library/Java/Extensions:/Network/Library/Java/Extensions:/System/Library/Java/Extensions:/usr/lib/java, sun.io.unicode.encoding=UnicodeBig, connection.url=jdbc:mysql://localhost:3306/myBikePlace, java.class.version=52.0, socksNonProxyHosts=local|*.local|169.254/16|*.169.254/16}
[DEBUG] 2018-02-17 16:18:40.330 [main] TypeSafeActivator - Unable to acquire Bean Validation ValidatorFactory, skipping activation
[DEBUG] 2018-02-17 16:18:40.330 [main] JaccIntegrator - Skipping JACC integration as it was not enabled
[DEBUG] 2018-02-17 16:18:40.332 [main] SessionFactoryImpl - Instantiated session factory
[DEBUG] 2018-02-17 16:18:40.496 [main] ClassLoaderAccessImpl - Not known whether passed class name [edu.matc.entity.User] is safe
[DEBUG] 2018-02-17 16:18:40.496 [main] ClassLoaderAccessImpl - No temp ClassLoader provided; using live ClassLoader for loading potentially unsafe class : edu.matc.entity.User
[DEBUG] 2018-02-17 16:18:40.540 [main] ClassLoaderAccessImpl - Not known whether passed class name [edu.matc.entity.User] is safe
[DEBUG] 2018-02-17 16:18:40.541 [main] ClassLoaderAccessImpl - No temp ClassLoader provided; using live ClassLoader for loading potentially unsafe class : edu.matc.entity.User
[DEBUG] 2018-02-17 16:18:40.713 [main] AbstractEntityPersister - Static SQL for entity: edu.matc.entity.User
[DEBUG] 2018-02-17 16:18:40.713 [main] AbstractEntityPersister -  Version select: select userId from user where userId =?
[DEBUG] 2018-02-17 16:18:40.713 [main] AbstractEntityPersister -  Snapshot select: select user_.userId, user_.createDate as createDa2_0_, user_.email as email3_0_, user_.firstName as firstNam4_0_, user_.lastName as lastName5_0_, user_.password as password6_0_, user_.updateDate as updateDa7_0_, user_.userName as userName8_0_ from user user_ where user_.userId=?
[DEBUG] 2018-02-17 16:18:40.713 [main] AbstractEntityPersister -  Insert 0: insert into user (createDate, email, firstName, lastName, password, updateDate, userName, userId) values (?, ?, ?, ?, ?, ?, ?, ?)
[DEBUG] 2018-02-17 16:18:40.713 [main] AbstractEntityPersister -  Update 0: update user set createDate=?, email=?, firstName=?, lastName=?, password=?, updateDate=?, userName=? where userId=?
[DEBUG] 2018-02-17 16:18:40.713 [main] AbstractEntityPersister -  Delete 0: delete from user where userId=?
[DEBUG] 2018-02-17 16:18:40.713 [main] AbstractEntityPersister -  Identity insert: insert into user (createDate, email, firstName, lastName, password, updateDate, userName) values (?, ?, ?, ?, ?, ?, ?)
[DEBUG] 2018-02-17 16:18:40.774 [main] QuerySpacesImpl - Adding QuerySpace : uid = <gen:0> -> org.hibernate.loader.plan.build.internal.spaces.EntityQuerySpaceImpl@1db0ec27]
[DEBUG] 2018-02-17 16:18:40.778 [main] MetamodelGraphWalker - Visiting attribute path : createDate
[DEBUG] 2018-02-17 16:18:40.783 [main] MetamodelGraphWalker - Visiting attribute path : email
[DEBUG] 2018-02-17 16:18:40.784 [main] MetamodelGraphWalker - Visiting attribute path : firstName
[DEBUG] 2018-02-17 16:18:40.784 [main] MetamodelGraphWalker - Visiting attribute path : lastName
[DEBUG] 2018-02-17 16:18:40.784 [main] MetamodelGraphWalker - Visiting attribute path : password
[DEBUG] 2018-02-17 16:18:40.784 [main] MetamodelGraphWalker - Visiting attribute path : updateDate
[DEBUG] 2018-02-17 16:18:40.784 [main] MetamodelGraphWalker - Visiting attribute path : userName
[DEBUG] 2018-02-17 16:18:40.784 [main] FetchStyleLoadPlanBuildingAssociationVisitationStrategy - Building LoadPlan...
[DEBUG] 2018-02-17 16:18:40.807 [main] LoadQueryJoinAndFetchProcessor - processing queryspace <gen:0>
[DEBUG] 2018-02-17 16:18:40.813 [main] LoadPlanTreePrinter - LoadPlan(entity=edu.matc.entity.User)
    - Returns
       - EntityReturnImpl(entity=edu.matc.entity.User, querySpaceUid=<gen:0>, path=edu.matc.entity.User)
    - QuerySpaces
       - EntityQuerySpaceImpl(uid=<gen:0>, entity=edu.matc.entity.User)
          - SQL table alias mapping - user0_
          - alias suffix - 0_
          - suffixed key columns - {userId1_0_0_}

[DEBUG] 2018-02-17 16:18:40.819 [main] EntityLoader - Static select for entity edu.matc.entity.User [NONE]: select user0_.userId as userId1_0_0_, user0_.createDate as createDa2_0_0_, user0_.email as email3_0_0_, user0_.firstName as firstNam4_0_0_, user0_.lastName as lastName5_0_0_, user0_.password as password6_0_0_, user0_.updateDate as updateDa7_0_0_, user0_.userName as userName8_0_0_ from user user0_ where user0_.userId=?
[DEBUG] 2018-02-17 16:18:40.819 [main] QuerySpacesImpl - Adding QuerySpace : uid = <gen:0> -> org.hibernate.loader.plan.build.internal.spaces.EntityQuerySpaceImpl@66f66866]
[DEBUG] 2018-02-17 16:18:40.819 [main] MetamodelGraphWalker - Visiting attribute path : createDate
[DEBUG] 2018-02-17 16:18:40.819 [main] MetamodelGraphWalker - Visiting attribute path : email
[DEBUG] 2018-02-17 16:18:40.819 [main] MetamodelGraphWalker - Visiting attribute path : firstName
[DEBUG] 2018-02-17 16:18:40.819 [main] MetamodelGraphWalker - Visiting attribute path : lastName
[DEBUG] 2018-02-17 16:18:40.819 [main] MetamodelGraphWalker - Visiting attribute path : password
[DEBUG] 2018-02-17 16:18:40.819 [main] MetamodelGraphWalker - Visiting attribute path : updateDate
[DEBUG] 2018-02-17 16:18:40.819 [main] MetamodelGraphWalker - Visiting attribute path : userName
[DEBUG] 2018-02-17 16:18:40.820 [main] FetchStyleLoadPlanBuildingAssociationVisitationStrategy - Building LoadPlan...
[DEBUG] 2018-02-17 16:18:40.820 [main] LoadQueryJoinAndFetchProcessor - processing queryspace <gen:0>
[DEBUG] 2018-02-17 16:18:40.821 [main] LoadPlanTreePrinter - LoadPlan(entity=edu.matc.entity.User)
    - Returns
       - EntityReturnImpl(entity=edu.matc.entity.User, querySpaceUid=<gen:0>, path=edu.matc.entity.User)
    - QuerySpaces
       - EntityQuerySpaceImpl(uid=<gen:0>, entity=edu.matc.entity.User)
          - SQL table alias mapping - user0_
          - alias suffix - 0_
          - suffixed key columns - {userId1_0_0_}

[DEBUG] 2018-02-17 16:18:40.821 [main] EntityLoader - Static select for entity edu.matc.entity.User [READ]: select user0_.userId as userId1_0_0_, user0_.createDate as createDa2_0_0_, user0_.email as email3_0_0_, user0_.firstName as firstNam4_0_0_, user0_.lastName as lastName5_0_0_, user0_.password as password6_0_0_, user0_.updateDate as updateDa7_0_0_, user0_.userName as userName8_0_0_ from user user0_ where user0_.userId=?
[DEBUG] 2018-02-17 16:18:40.821 [main] QuerySpacesImpl - Adding QuerySpace : uid = <gen:0> -> org.hibernate.loader.plan.build.internal.spaces.EntityQuerySpaceImpl@4d666b41]
[DEBUG] 2018-02-17 16:18:40.821 [main] MetamodelGraphWalker - Visiting attribute path : createDate
[DEBUG] 2018-02-17 16:18:40.821 [main] MetamodelGraphWalker - Visiting attribute path : email
[DEBUG] 2018-02-17 16:18:40.823 [main] MetamodelGraphWalker - Visiting attribute path : firstName
[DEBUG] 2018-02-17 16:18:40.823 [main] MetamodelGraphWalker - Visiting attribute path : lastName
[DEBUG] 2018-02-17 16:18:40.823 [main] MetamodelGraphWalker - Visiting attribute path : password
[DEBUG] 2018-02-17 16:18:40.823 [main] MetamodelGraphWalker - Visiting attribute path : updateDate
[DEBUG] 2018-02-17 16:18:40.823 [main] MetamodelGraphWalker - Visiting attribute path : userName
[DEBUG] 2018-02-17 16:18:40.823 [main] FetchStyleLoadPlanBuildingAssociationVisitationStrategy - Building LoadPlan...
[DEBUG] 2018-02-17 16:18:40.824 [main] LoadQueryJoinAndFetchProcessor - processing queryspace <gen:0>
[DEBUG] 2018-02-17 16:18:40.824 [main] LoadPlanTreePrinter - LoadPlan(entity=edu.matc.entity.User)
    - Returns
       - EntityReturnImpl(entity=edu.matc.entity.User, querySpaceUid=<gen:0>, path=edu.matc.entity.User)
    - QuerySpaces
       - EntityQuerySpaceImpl(uid=<gen:0>, entity=edu.matc.entity.User)
          - SQL table alias mapping - user0_
          - alias suffix - 0_
          - suffixed key columns - {userId1_0_0_}

[DEBUG] 2018-02-17 16:18:40.824 [main] EntityLoader - Static select for entity edu.matc.entity.User [UPGRADE]: select user0_.userId as userId1_0_0_, user0_.createDate as createDa2_0_0_, user0_.email as email3_0_0_, user0_.firstName as firstNam4_0_0_, user0_.lastName as lastName5_0_0_, user0_.password as password6_0_0_, user0_.updateDate as updateDa7_0_0_, user0_.userName as userName8_0_0_ from user user0_ where user0_.userId=? for update
[DEBUG] 2018-02-17 16:18:40.824 [main] QuerySpacesImpl - Adding QuerySpace : uid = <gen:0> -> org.hibernate.loader.plan.build.internal.spaces.EntityQuerySpaceImpl@30f4b1a6]
[DEBUG] 2018-02-17 16:18:40.824 [main] MetamodelGraphWalker - Visiting attribute path : createDate
[DEBUG] 2018-02-17 16:18:40.825 [main] MetamodelGraphWalker - Visiting attribute path : email
[DEBUG] 2018-02-17 16:18:40.825 [main] MetamodelGraphWalker - Visiting attribute path : firstName
[DEBUG] 2018-02-17 16:18:40.825 [main] MetamodelGraphWalker - Visiting attribute path : lastName
[DEBUG] 2018-02-17 16:18:40.825 [main] MetamodelGraphWalker - Visiting attribute path : password
[DEBUG] 2018-02-17 16:18:40.825 [main] MetamodelGraphWalker - Visiting attribute path : updateDate
[DEBUG] 2018-02-17 16:18:40.825 [main] MetamodelGraphWalker - Visiting attribute path : userName
[DEBUG] 2018-02-17 16:18:40.825 [main] FetchStyleLoadPlanBuildingAssociationVisitationStrategy - Building LoadPlan...
[DEBUG] 2018-02-17 16:18:40.825 [main] LoadQueryJoinAndFetchProcessor - processing queryspace <gen:0>
[DEBUG] 2018-02-17 16:18:40.826 [main] LoadPlanTreePrinter - LoadPlan(entity=edu.matc.entity.User)
    - Returns
       - EntityReturnImpl(entity=edu.matc.entity.User, querySpaceUid=<gen:0>, path=edu.matc.entity.User)
    - QuerySpaces
       - EntityQuerySpaceImpl(uid=<gen:0>, entity=edu.matc.entity.User)
          - SQL table alias mapping - user0_
          - alias suffix - 0_
          - suffixed key columns - {userId1_0_0_}

[DEBUG] 2018-02-17 16:18:40.826 [main] EntityLoader - Static select for entity edu.matc.entity.User [UPGRADE_NOWAIT]: select user0_.userId as userId1_0_0_, user0_.createDate as createDa2_0_0_, user0_.email as email3_0_0_, user0_.firstName as firstNam4_0_0_, user0_.lastName as lastName5_0_0_, user0_.password as password6_0_0_, user0_.updateDate as updateDa7_0_0_, user0_.userName as userName8_0_0_ from user user0_ where user0_.userId=? for update
[DEBUG] 2018-02-17 16:18:40.826 [main] QuerySpacesImpl - Adding QuerySpace : uid = <gen:0> -> org.hibernate.loader.plan.build.internal.spaces.EntityQuerySpaceImpl@3e1162e7]
[DEBUG] 2018-02-17 16:18:40.826 [main] MetamodelGraphWalker - Visiting attribute path : createDate
[DEBUG] 2018-02-17 16:18:40.826 [main] MetamodelGraphWalker - Visiting attribute path : email
[DEBUG] 2018-02-17 16:18:40.826 [main] MetamodelGraphWalker - Visiting attribute path : firstName
[DEBUG] 2018-02-17 16:18:40.826 [main] MetamodelGraphWalker - Visiting attribute path : lastName
[DEBUG] 2018-02-17 16:18:40.826 [main] MetamodelGraphWalker - Visiting attribute path : password
[DEBUG] 2018-02-17 16:18:40.826 [main] MetamodelGraphWalker - Visiting attribute path : updateDate
[DEBUG] 2018-02-17 16:18:40.826 [main] MetamodelGraphWalker - Visiting attribute path : userName
[DEBUG] 2018-02-17 16:18:40.827 [main] FetchStyleLoadPlanBuildingAssociationVisitationStrategy - Building LoadPlan...
[DEBUG] 2018-02-17 16:18:40.827 [main] LoadQueryJoinAndFetchProcessor - processing queryspace <gen:0>
[DEBUG] 2018-02-17 16:18:40.827 [main] LoadPlanTreePrinter - LoadPlan(entity=edu.matc.entity.User)
    - Returns
       - EntityReturnImpl(entity=edu.matc.entity.User, querySpaceUid=<gen:0>, path=edu.matc.entity.User)
    - QuerySpaces
       - EntityQuerySpaceImpl(uid=<gen:0>, entity=edu.matc.entity.User)
          - SQL table alias mapping - user0_
          - alias suffix - 0_
          - suffixed key columns - {userId1_0_0_}

[DEBUG] 2018-02-17 16:18:40.827 [main] EntityLoader - Static select for entity edu.matc.entity.User [UPGRADE_SKIPLOCKED]: select user0_.userId as userId1_0_0_, user0_.createDate as createDa2_0_0_, user0_.email as email3_0_0_, user0_.firstName as firstNam4_0_0_, user0_.lastName as lastName5_0_0_, user0_.password as password6_0_0_, user0_.updateDate as updateDa7_0_0_, user0_.userName as userName8_0_0_ from user user0_ where user0_.userId=? for update
[DEBUG] 2018-02-17 16:18:40.827 [main] QuerySpacesImpl - Adding QuerySpace : uid = <gen:0> -> org.hibernate.loader.plan.build.internal.spaces.EntityQuerySpaceImpl@6c2f1700]
[DEBUG] 2018-02-17 16:18:40.828 [main] MetamodelGraphWalker - Visiting attribute path : createDate
[DEBUG] 2018-02-17 16:18:40.828 [main] MetamodelGraphWalker - Visiting attribute path : email
[DEBUG] 2018-02-17 16:18:40.828 [main] MetamodelGraphWalker - Visiting attribute path : firstName
[DEBUG] 2018-02-17 16:18:40.828 [main] MetamodelGraphWalker - Visiting attribute path : lastName
[DEBUG] 2018-02-17 16:18:40.828 [main] MetamodelGraphWalker - Visiting attribute path : password
[DEBUG] 2018-02-17 16:18:40.828 [main] MetamodelGraphWalker - Visiting attribute path : updateDate
[DEBUG] 2018-02-17 16:18:40.828 [main] MetamodelGraphWalker - Visiting attribute path : userName
[DEBUG] 2018-02-17 16:18:40.828 [main] FetchStyleLoadPlanBuildingAssociationVisitationStrategy - Building LoadPlan...
[DEBUG] 2018-02-17 16:18:40.828 [main] LoadQueryJoinAndFetchProcessor - processing queryspace <gen:0>
[DEBUG] 2018-02-17 16:18:40.829 [main] LoadPlanTreePrinter - LoadPlan(entity=edu.matc.entity.User)
    - Returns
       - EntityReturnImpl(entity=edu.matc.entity.User, querySpaceUid=<gen:0>, path=edu.matc.entity.User)
    - QuerySpaces
       - EntityQuerySpaceImpl(uid=<gen:0>, entity=edu.matc.entity.User)
          - SQL table alias mapping - user0_
          - alias suffix - 0_
          - suffixed key columns - {userId1_0_0_}

[DEBUG] 2018-02-17 16:18:40.829 [main] EntityLoader - Static select for entity edu.matc.entity.User [FORCE]: select user0_.userId as userId1_0_0_, user0_.createDate as createDa2_0_0_, user0_.email as email3_0_0_, user0_.firstName as firstNam4_0_0_, user0_.lastName as lastName5_0_0_, user0_.password as password6_0_0_, user0_.updateDate as updateDa7_0_0_, user0_.userName as userName8_0_0_ from user user0_ where user0_.userId=? for update
[DEBUG] 2018-02-17 16:18:40.829 [main] QuerySpacesImpl - Adding QuerySpace : uid = <gen:0> -> org.hibernate.loader.plan.build.internal.spaces.EntityQuerySpaceImpl@38600b]
[DEBUG] 2018-02-17 16:18:40.829 [main] MetamodelGraphWalker - Visiting attribute path : createDate
[DEBUG] 2018-02-17 16:18:40.830 [main] MetamodelGraphWalker - Visiting attribute path : email
[DEBUG] 2018-02-17 16:18:40.830 [main] MetamodelGraphWalker - Visiting attribute path : firstName
[DEBUG] 2018-02-17 16:18:40.830 [main] MetamodelGraphWalker - Visiting attribute path : lastName
[DEBUG] 2018-02-17 16:18:40.830 [main] MetamodelGraphWalker - Visiting attribute path : password
[DEBUG] 2018-02-17 16:18:40.830 [main] MetamodelGraphWalker - Visiting attribute path : updateDate
[DEBUG] 2018-02-17 16:18:40.830 [main] MetamodelGraphWalker - Visiting attribute path : userName
[DEBUG] 2018-02-17 16:18:40.830 [main] FetchStyleLoadPlanBuildingAssociationVisitationStrategy - Building LoadPlan...
[DEBUG] 2018-02-17 16:18:40.830 [main] LoadQueryJoinAndFetchProcessor - processing queryspace <gen:0>
[DEBUG] 2018-02-17 16:18:40.830 [main] LoadPlanTreePrinter - LoadPlan(entity=edu.matc.entity.User)
    - Returns
       - EntityReturnImpl(entity=edu.matc.entity.User, querySpaceUid=<gen:0>, path=edu.matc.entity.User)
    - QuerySpaces
       - EntityQuerySpaceImpl(uid=<gen:0>, entity=edu.matc.entity.User)
          - SQL table alias mapping - user0_
          - alias suffix - 0_
          - suffixed key columns - {userId1_0_0_}

[DEBUG] 2018-02-17 16:18:40.831 [main] EntityLoader - Static select for entity edu.matc.entity.User [PESSIMISTIC_READ]: select user0_.userId as userId1_0_0_, user0_.createDate as createDa2_0_0_, user0_.email as email3_0_0_, user0_.firstName as firstNam4_0_0_, user0_.lastName as lastName5_0_0_, user0_.password as password6_0_0_, user0_.updateDate as updateDa7_0_0_, user0_.userName as userName8_0_0_ from user user0_ where user0_.userId=? lock in share mode
[DEBUG] 2018-02-17 16:18:40.831 [main] QuerySpacesImpl - Adding QuerySpace : uid = <gen:0> -> org.hibernate.loader.plan.build.internal.spaces.EntityQuerySpaceImpl@721eb7df]
[DEBUG] 2018-02-17 16:18:40.831 [main] MetamodelGraphWalker - Visiting attribute path : createDate
[DEBUG] 2018-02-17 16:18:40.831 [main] MetamodelGraphWalker - Visiting attribute path : email
[DEBUG] 2018-02-17 16:18:40.831 [main] MetamodelGraphWalker - Visiting attribute path : firstName
[DEBUG] 2018-02-17 16:18:40.831 [main] MetamodelGraphWalker - Visiting attribute path : lastName
[DEBUG] 2018-02-17 16:18:40.831 [main] MetamodelGraphWalker - Visiting attribute path : password
[DEBUG] 2018-02-17 16:18:40.831 [main] MetamodelGraphWalker - Visiting attribute path : updateDate
[DEBUG] 2018-02-17 16:18:40.831 [main] MetamodelGraphWalker - Visiting attribute path : userName
[DEBUG] 2018-02-17 16:18:40.831 [main] FetchStyleLoadPlanBuildingAssociationVisitationStrategy - Building LoadPlan...
[DEBUG] 2018-02-17 16:18:40.832 [main] LoadQueryJoinAndFetchProcessor - processing queryspace <gen:0>
[DEBUG] 2018-02-17 16:18:40.832 [main] LoadPlanTreePrinter - LoadPlan(entity=edu.matc.entity.User)
    - Returns
       - EntityReturnImpl(entity=edu.matc.entity.User, querySpaceUid=<gen:0>, path=edu.matc.entity.User)
    - QuerySpaces
       - EntityQuerySpaceImpl(uid=<gen:0>, entity=edu.matc.entity.User)
          - SQL table alias mapping - user0_
          - alias suffix - 0_
          - suffixed key columns - {userId1_0_0_}

[DEBUG] 2018-02-17 16:18:40.832 [main] EntityLoader - Static select for entity edu.matc.entity.User [PESSIMISTIC_WRITE]: select user0_.userId as userId1_0_0_, user0_.createDate as createDa2_0_0_, user0_.email as email3_0_0_, user0_.firstName as firstNam4_0_0_, user0_.lastName as lastName5_0_0_, user0_.password as password6_0_0_, user0_.updateDate as updateDa7_0_0_, user0_.userName as userName8_0_0_ from user user0_ where user0_.userId=? for update
[DEBUG] 2018-02-17 16:18:40.832 [main] QuerySpacesImpl - Adding QuerySpace : uid = <gen:0> -> org.hibernate.loader.plan.build.internal.spaces.EntityQuerySpaceImpl@5d52e3ef]
[DEBUG] 2018-02-17 16:18:40.832 [main] MetamodelGraphWalker - Visiting attribute path : createDate
[DEBUG] 2018-02-17 16:18:40.832 [main] MetamodelGraphWalker - Visiting attribute path : email
[DEBUG] 2018-02-17 16:18:40.832 [main] MetamodelGraphWalker - Visiting attribute path : firstName
[DEBUG] 2018-02-17 16:18:40.832 [main] MetamodelGraphWalker - Visiting attribute path : lastName
[DEBUG] 2018-02-17 16:18:40.832 [main] MetamodelGraphWalker - Visiting attribute path : password
[DEBUG] 2018-02-17 16:18:40.832 [main] MetamodelGraphWalker - Visiting attribute path : updateDate
[DEBUG] 2018-02-17 16:18:40.832 [main] MetamodelGraphWalker - Visiting attribute path : userName
[DEBUG] 2018-02-17 16:18:40.832 [main] FetchStyleLoadPlanBuildingAssociationVisitationStrategy - Building LoadPlan...
[DEBUG] 2018-02-17 16:18:40.833 [main] LoadQueryJoinAndFetchProcessor - processing queryspace <gen:0>
[DEBUG] 2018-02-17 16:18:40.833 [main] LoadPlanTreePrinter - LoadPlan(entity=edu.matc.entity.User)
    - Returns
       - EntityReturnImpl(entity=edu.matc.entity.User, querySpaceUid=<gen:0>, path=edu.matc.entity.User)
    - QuerySpaces
       - EntityQuerySpaceImpl(uid=<gen:0>, entity=edu.matc.entity.User)
          - SQL table alias mapping - user0_
          - alias suffix - 0_
          - suffixed key columns - {userId1_0_0_}

[DEBUG] 2018-02-17 16:18:40.833 [main] EntityLoader - Static select for entity edu.matc.entity.User [PESSIMISTIC_FORCE_INCREMENT]: select user0_.userId as userId1_0_0_, user0_.createDate as createDa2_0_0_, user0_.email as email3_0_0_, user0_.firstName as firstNam4_0_0_, user0_.lastName as lastName5_0_0_, user0_.password as password6_0_0_, user0_.updateDate as updateDa7_0_0_, user0_.userName as userName8_0_0_ from user user0_ where user0_.userId=? for update
[DEBUG] 2018-02-17 16:18:40.833 [main] QuerySpacesImpl - Adding QuerySpace : uid = <gen:0> -> org.hibernate.loader.plan.build.internal.spaces.EntityQuerySpaceImpl@553f3b6e]
[DEBUG] 2018-02-17 16:18:40.833 [main] MetamodelGraphWalker - Visiting attribute path : createDate
[DEBUG] 2018-02-17 16:18:40.833 [main] MetamodelGraphWalker - Visiting attribute path : email
[DEBUG] 2018-02-17 16:18:40.834 [main] MetamodelGraphWalker - Visiting attribute path : firstName
[DEBUG] 2018-02-17 16:18:40.834 [main] MetamodelGraphWalker - Visiting attribute path : lastName
[DEBUG] 2018-02-17 16:18:40.834 [main] MetamodelGraphWalker - Visiting attribute path : password
[DEBUG] 2018-02-17 16:18:40.834 [main] MetamodelGraphWalker - Visiting attribute path : updateDate
[DEBUG] 2018-02-17 16:18:40.834 [main] MetamodelGraphWalker - Visiting attribute path : userName
[DEBUG] 2018-02-17 16:18:40.834 [main] FetchStyleLoadPlanBuildingAssociationVisitationStrategy - Building LoadPlan...
[DEBUG] 2018-02-17 16:18:40.834 [main] LoadQueryJoinAndFetchProcessor - processing queryspace <gen:0>
[DEBUG] 2018-02-17 16:18:40.834 [main] LoadPlanTreePrinter - LoadPlan(entity=edu.matc.entity.User)
    - Returns
       - EntityReturnImpl(entity=edu.matc.entity.User, querySpaceUid=<gen:0>, path=edu.matc.entity.User)
    - QuerySpaces
       - EntityQuerySpaceImpl(uid=<gen:0>, entity=edu.matc.entity.User)
          - SQL table alias mapping - user0_
          - alias suffix - 0_
          - suffixed key columns - {userId1_0_0_}

[DEBUG] 2018-02-17 16:18:40.835 [main] EntityLoader - Static select for entity edu.matc.entity.User [OPTIMISTIC]: select user0_.userId as userId1_0_0_, user0_.createDate as createDa2_0_0_, user0_.email as email3_0_0_, user0_.firstName as firstNam4_0_0_, user0_.lastName as lastName5_0_0_, user0_.password as password6_0_0_, user0_.updateDate as updateDa7_0_0_, user0_.userName as userName8_0_0_ from user user0_ where user0_.userId=?
[DEBUG] 2018-02-17 16:18:40.835 [main] QuerySpacesImpl - Adding QuerySpace : uid = <gen:0> -> org.hibernate.loader.plan.build.internal.spaces.EntityQuerySpaceImpl@4e406694]
[DEBUG] 2018-02-17 16:18:40.835 [main] MetamodelGraphWalker - Visiting attribute path : createDate
[DEBUG] 2018-02-17 16:18:40.835 [main] MetamodelGraphWalker - Visiting attribute path : email
[DEBUG] 2018-02-17 16:18:40.835 [main] MetamodelGraphWalker - Visiting attribute path : firstName
[DEBUG] 2018-02-17 16:18:40.835 [main] MetamodelGraphWalker - Visiting attribute path : lastName
[DEBUG] 2018-02-17 16:18:40.835 [main] MetamodelGraphWalker - Visiting attribute path : password
[DEBUG] 2018-02-17 16:18:40.835 [main] MetamodelGraphWalker - Visiting attribute path : updateDate
[DEBUG] 2018-02-17 16:18:40.835 [main] MetamodelGraphWalker - Visiting attribute path : userName
[DEBUG] 2018-02-17 16:18:40.835 [main] FetchStyleLoadPlanBuildingAssociationVisitationStrategy - Building LoadPlan...
[DEBUG] 2018-02-17 16:18:40.835 [main] LoadQueryJoinAndFetchProcessor - processing queryspace <gen:0>
[DEBUG] 2018-02-17 16:18:40.836 [main] LoadPlanTreePrinter - LoadPlan(entity=edu.matc.entity.User)
    - Returns
       - EntityReturnImpl(entity=edu.matc.entity.User, querySpaceUid=<gen:0>, path=edu.matc.entity.User)
    - QuerySpaces
       - EntityQuerySpaceImpl(uid=<gen:0>, entity=edu.matc.entity.User)
          - SQL table alias mapping - user0_
          - alias suffix - 0_
          - suffixed key columns - {userId1_0_0_}

[DEBUG] 2018-02-17 16:18:40.836 [main] EntityLoader - Static select for entity edu.matc.entity.User [OPTIMISTIC_FORCE_INCREMENT]: select user0_.userId as userId1_0_0_, user0_.createDate as createDa2_0_0_, user0_.email as email3_0_0_, user0_.firstName as firstNam4_0_0_, user0_.lastName as lastName5_0_0_, user0_.password as password6_0_0_, user0_.updateDate as updateDa7_0_0_, user0_.userName as userName8_0_0_ from user user0_ where user0_.userId=?
[DEBUG] 2018-02-17 16:18:40.862 [main] Loader - Static select for action ACTION_MERGE on entity edu.matc.entity.User: select user0_.userId as userId1_0_0_, user0_.createDate as createDa2_0_0_, user0_.email as email3_0_0_, user0_.firstName as firstNam4_0_0_, user0_.lastName as lastName5_0_0_, user0_.password as password6_0_0_, user0_.updateDate as updateDa7_0_0_, user0_.userName as userName8_0_0_ from user user0_ where user0_.userId=?
[DEBUG] 2018-02-17 16:18:40.862 [main] Loader - Static select for action ACTION_REFRESH on entity edu.matc.entity.User: select user0_.userId as userId1_0_0_, user0_.createDate as createDa2_0_0_, user0_.email as email3_0_0_, user0_.firstName as firstNam4_0_0_, user0_.lastName as lastName5_0_0_, user0_.password as password6_0_0_, user0_.updateDate as updateDa7_0_0_, user0_.userName as userName8_0_0_ from user user0_ where user0_.userId=?
[DEBUG] 2018-02-17 16:18:40.894 [main] SchemaManagementToolCoordinator - No actions specified; doing nothing
[DEBUG] 2018-02-17 16:18:40.894 [main] JtaPlatformInitiator - No JtaPlatform was specified, checking resolver
[DEBUG] 2018-02-17 16:18:40.895 [main] JtaPlatformResolverInitiator - No JtaPlatformResolver was specified, using default [org.hibernate.engine.transaction.jta.platform.internal.StandardJtaPlatformResolver]
[DEBUG] 2018-02-17 16:18:40.905 [main] StandardJtaPlatformResolver - Could not resolve JtaPlatform, using default [org.hibernate.engine.transaction.jta.platform.internal.NoJtaPlatform]
[DEBUG] 2018-02-17 16:18:40.907 [main] NamedQueryRepository - Checking 0 named HQL queries
[DEBUG] 2018-02-17 16:18:40.907 [main] NamedQueryRepository - Checking 0 named SQL queries
[DEBUG] 2018-02-17 16:18:40.910 [main] SessionFactoryRegistry - Initializing SessionFactoryRegistry : org.hibernate.internal.SessionFactoryRegistry@6d868997
[DEBUG] 2018-02-17 16:18:40.912 [main] SessionFactoryRegistry - Registering SessionFactory: 2af54085-5d11-4898-84f7-d78e672405d4 (<unnamed>)
[DEBUG] 2018-02-17 16:18:40.912 [main] SessionFactoryRegistry - Not binding SessionFactory to JNDI, no JNDI name configured
[DEBUG] 2018-02-17 16:18:41.072 [main] StatisticsInitiator - Statistics initialized [enabled=false]
[DEBUG] 2018-02-17 16:18:41.093 [main] SQL - select user0_.userId as userId1_0_0_, user0_.createDate as createDa2_0_0_, user0_.email as email3_0_0_, user0_.firstName as firstNam4_0_0_, user0_.lastName as lastName5_0_0_, user0_.password as password6_0_0_, user0_.updateDate as updateDa7_0_0_, user0_.userName as userName8_0_0_ from user user0_ where user0_.userId=?
[DEBUG] 2018-02-17 16:18:41.135 [main] ResultSetProcessorImpl - Starting ResultSet row #0
[DEBUG] 2018-02-17 16:18:41.136 [main] EntityReferenceInitializerImpl - On call to EntityIdentifierReaderImpl#resolve, EntityKey was already known; should only happen on root returns with an optional identifier specified
[DEBUG] 2018-02-17 16:18:41.155 [main] TwoPhaseLoad - Resolving associations for [edu.matc.entity.User#3]
[DEBUG] 2018-02-17 16:18:41.158 [main] TwoPhaseLoad - Done materializing entity [edu.matc.entity.User#3]
[DEBUG] 2018-02-17 16:18:41.159 [main] ResourceRegistryStandardImpl - HHH000387: ResultSet's statement was not registered
[DEBUG] 2018-02-17 16:18:41.159 [main] AbstractLoadPlanBasedEntityLoader - Done entity load : edu.matc.entity.User#3
[DEBUG] 2018-02-17 16:18:41.159 [main] LogicalConnectionManagedImpl - Initiating JDBC connection release from afterTransaction
[DEBUG] 2018-02-17 16:18:41.173 [main] SQL - select user0_.userId as userId1_0_0_, user0_.createDate as createDa2_0_0_, user0_.email as email3_0_0_, user0_.firstName as firstNam4_0_0_, user0_.lastName as lastName5_0_0_, user0_.password as password6_0_0_, user0_.updateDate as updateDa7_0_0_, user0_.userName as userName8_0_0_ from user user0_ where user0_.userId=?
[DEBUG] 2018-02-17 16:18:41.175 [main] ResultSetProcessorImpl - Starting ResultSet row #0
[DEBUG] 2018-02-17 16:18:41.175 [main] EntityReferenceInitializerImpl - On call to EntityIdentifierReaderImpl#resolve, EntityKey was already known; should only happen on root returns with an optional identifier specified
[DEBUG] 2018-02-17 16:18:41.176 [main] TwoPhaseLoad - Resolving associations for [edu.matc.entity.User#3]
[DEBUG] 2018-02-17 16:18:41.176 [main] TwoPhaseLoad - Done materializing entity [edu.matc.entity.User#3]
[DEBUG] 2018-02-17 16:18:41.176 [main] ResourceRegistryStandardImpl - HHH000387: ResultSet's statement was not registered
[DEBUG] 2018-02-17 16:18:41.176 [main] AbstractLoadPlanBasedEntityLoader - Done entity load : edu.matc.entity.User#3
[DEBUG] 2018-02-17 16:18:41.176 [main] LogicalConnectionManagedImpl - Initiating JDBC connection release from afterTransaction
