[DEBUG] 2018-02-13 18:36:32.699 [main] IntegratorServiceImpl - Adding Integrator [org.hibernate.cfg.beanvalidation.BeanValidationIntegrator].
[DEBUG] 2018-02-13 18:36:32.751 [main] IntegratorServiceImpl - Adding Integrator [org.hibernate.secure.spi.JaccIntegrator].
[DEBUG] 2018-02-13 18:36:32.762 [main] IntegratorServiceImpl - Adding Integrator [org.hibernate.cache.internal.CollectionCacheInvalidator].
[INFO ] 2018-02-13 18:36:33.172 [main] Version - HHH000412: Hibernate Core {5.2.12.Final}
[INFO ] 2018-02-13 18:36:33.174 [main] Environment - HHH000206: hibernate.properties not found
[DEBUG] 2018-02-13 18:36:33.254 [main] LocalXmlResourceResolver - Interpreting public/system identifier : [-//Hibernate/Hibernate Configuration DTD//EN] - [http://www.hibernate.org/dtd/hibernate-configuration-3.0.dtd]
[DEBUG] 2018-02-13 18:36:33.257 [main] LocalXmlResourceResolver - Recognized hibernate-configuration identifier; attempting to resolve on classpath under org/hibernate/
[DEBUG] 2018-02-13 18:36:33.272 [main] JaxbCfgProcessor - cfg.xml document did not define namespaces; wrapping in custom event reader to introduce namespace information
[DEBUG] 2018-02-13 18:36:33.958 [main] ServiceBinding - Overriding existing service binding [org.hibernate.secure.spi.JaccService]
[DEBUG] 2018-02-13 18:36:34.167 [main] RegionFactoryInitiator - Cache region factory : org.hibernate.cache.internal.NoCachingRegionFactory
[INFO ] 2018-02-13 18:36:34.196 [main] Version - HCANN000001: Hibernate Commons Annotations {5.0.1.Final}
[DEBUG] 2018-02-13 18:36:34.253 [main] BasicTypeRegistry - Adding type registration boolean -> org.hibernate.type.BooleanType@5852c06f
[DEBUG] 2018-02-13 18:36:34.253 [main] BasicTypeRegistry - Adding type registration boolean -> org.hibernate.type.BooleanType@5852c06f
[DEBUG] 2018-02-13 18:36:34.253 [main] BasicTypeRegistry - Adding type registration java.lang.Boolean -> org.hibernate.type.BooleanType@5852c06f
[DEBUG] 2018-02-13 18:36:34.254 [main] BasicTypeRegistry - Adding type registration numeric_boolean -> org.hibernate.type.NumericBooleanType@376a0d86
[DEBUG] 2018-02-13 18:36:34.256 [main] BasicTypeRegistry - Adding type registration true_false -> org.hibernate.type.TrueFalseType@6c7a164b
[DEBUG] 2018-02-13 18:36:34.257 [main] BasicTypeRegistry - Adding type registration yes_no -> org.hibernate.type.YesNoType@4ef74c30
[DEBUG] 2018-02-13 18:36:34.258 [main] BasicTypeRegistry - Adding type registration byte -> org.hibernate.type.ByteType@776a6d9b
[DEBUG] 2018-02-13 18:36:34.259 [main] BasicTypeRegistry - Adding type registration byte -> org.hibernate.type.ByteType@776a6d9b
[DEBUG] 2018-02-13 18:36:34.259 [main] BasicTypeRegistry - Adding type registration java.lang.Byte -> org.hibernate.type.ByteType@776a6d9b
[DEBUG] 2018-02-13 18:36:34.260 [main] BasicTypeRegistry - Adding type registration character -> org.hibernate.type.CharacterType@1cf56a1c
[DEBUG] 2018-02-13 18:36:34.263 [main] BasicTypeRegistry - Adding type registration char -> org.hibernate.type.CharacterType@1cf56a1c
[DEBUG] 2018-02-13 18:36:34.264 [main] BasicTypeRegistry - Adding type registration java.lang.Character -> org.hibernate.type.CharacterType@1cf56a1c
[DEBUG] 2018-02-13 18:36:34.267 [main] BasicTypeRegistry - Adding type registration short -> org.hibernate.type.ShortType@b86de0d
[DEBUG] 2018-02-13 18:36:34.267 [main] BasicTypeRegistry - Adding type registration short -> org.hibernate.type.ShortType@b86de0d
[DEBUG] 2018-02-13 18:36:34.268 [main] BasicTypeRegistry - Adding type registration java.lang.Short -> org.hibernate.type.ShortType@b86de0d
[DEBUG] 2018-02-13 18:36:34.269 [main] BasicTypeRegistry - Adding type registration integer -> org.hibernate.type.IntegerType@4808bc9b
[DEBUG] 2018-02-13 18:36:34.269 [main] BasicTypeRegistry - Adding type registration int -> org.hibernate.type.IntegerType@4808bc9b
[DEBUG] 2018-02-13 18:36:34.269 [main] BasicTypeRegistry - Adding type registration java.lang.Integer -> org.hibernate.type.IntegerType@4808bc9b
[DEBUG] 2018-02-13 18:36:34.271 [main] BasicTypeRegistry - Adding type registration long -> org.hibernate.type.LongType@7de62196
[DEBUG] 2018-02-13 18:36:34.271 [main] BasicTypeRegistry - Adding type registration long -> org.hibernate.type.LongType@7de62196
[DEBUG] 2018-02-13 18:36:34.271 [main] BasicTypeRegistry - Adding type registration java.lang.Long -> org.hibernate.type.LongType@7de62196
[DEBUG] 2018-02-13 18:36:34.274 [main] BasicTypeRegistry - Adding type registration float -> org.hibernate.type.FloatType@c667f46
[DEBUG] 2018-02-13 18:36:34.274 [main] BasicTypeRegistry - Adding type registration float -> org.hibernate.type.FloatType@c667f46
[DEBUG] 2018-02-13 18:36:34.274 [main] BasicTypeRegistry - Adding type registration java.lang.Float -> org.hibernate.type.FloatType@c667f46
[DEBUG] 2018-02-13 18:36:34.276 [main] BasicTypeRegistry - Adding type registration double -> org.hibernate.type.DoubleType@77659b30
[DEBUG] 2018-02-13 18:36:34.277 [main] BasicTypeRegistry - Adding type registration double -> org.hibernate.type.DoubleType@77659b30
[DEBUG] 2018-02-13 18:36:34.277 [main] BasicTypeRegistry - Adding type registration java.lang.Double -> org.hibernate.type.DoubleType@77659b30
[DEBUG] 2018-02-13 18:36:34.279 [main] BasicTypeRegistry - Adding type registration big_decimal -> org.hibernate.type.BigDecimalType@e25951c
[DEBUG] 2018-02-13 18:36:34.279 [main] BasicTypeRegistry - Adding type registration java.math.BigDecimal -> org.hibernate.type.BigDecimalType@e25951c
[DEBUG] 2018-02-13 18:36:34.281 [main] BasicTypeRegistry - Adding type registration big_integer -> org.hibernate.type.BigIntegerType@19976a65
[DEBUG] 2018-02-13 18:36:34.281 [main] BasicTypeRegistry - Adding type registration java.math.BigInteger -> org.hibernate.type.BigIntegerType@19976a65
[DEBUG] 2018-02-13 18:36:34.282 [main] BasicTypeRegistry - Adding type registration string -> org.hibernate.type.StringType@4bc222e
[DEBUG] 2018-02-13 18:36:34.282 [main] BasicTypeRegistry - Adding type registration java.lang.String -> org.hibernate.type.StringType@4bc222e
[DEBUG] 2018-02-13 18:36:34.283 [main] BasicTypeRegistry - Adding type registration nstring -> org.hibernate.type.StringNVarcharType@3eb91815
[DEBUG] 2018-02-13 18:36:34.285 [main] BasicTypeRegistry - Adding type registration ncharacter -> org.hibernate.type.CharacterNCharType@34b9f960
[DEBUG] 2018-02-13 18:36:34.288 [main] BasicTypeRegistry - Adding type registration url -> org.hibernate.type.UrlType@791d1f8b
[DEBUG] 2018-02-13 18:36:34.289 [main] BasicTypeRegistry - Adding type registration java.net.URL -> org.hibernate.type.UrlType@791d1f8b
[DEBUG] 2018-02-13 18:36:34.295 [main] BasicTypeRegistry - Adding type registration Duration -> org.hibernate.type.DurationType@93081b6
[DEBUG] 2018-02-13 18:36:34.296 [main] BasicTypeRegistry - Adding type registration java.time.Duration -> org.hibernate.type.DurationType@93081b6
[DEBUG] 2018-02-13 18:36:34.320 [main] BasicTypeRegistry - Adding type registration Instant -> org.hibernate.type.InstantType@239105a8
[DEBUG] 2018-02-13 18:36:34.320 [main] BasicTypeRegistry - Adding type registration java.time.Instant -> org.hibernate.type.InstantType@239105a8
[DEBUG] 2018-02-13 18:36:34.333 [main] BasicTypeRegistry - Adding type registration LocalDateTime -> org.hibernate.type.LocalDateTimeType@1df8b5b8
[DEBUG] 2018-02-13 18:36:34.333 [main] BasicTypeRegistry - Adding type registration java.time.LocalDateTime -> org.hibernate.type.LocalDateTimeType@1df8b5b8
[DEBUG] 2018-02-13 18:36:34.336 [main] BasicTypeRegistry - Adding type registration LocalDate -> org.hibernate.type.LocalDateType@407a7f2a
[DEBUG] 2018-02-13 18:36:34.342 [main] BasicTypeRegistry - Adding type registration java.time.LocalDate -> org.hibernate.type.LocalDateType@407a7f2a
[DEBUG] 2018-02-13 18:36:34.344 [main] BasicTypeRegistry - Adding type registration LocalTime -> org.hibernate.type.LocalTimeType@5f0fd5a0
[DEBUG] 2018-02-13 18:36:34.344 [main] BasicTypeRegistry - Adding type registration java.time.LocalTime -> org.hibernate.type.LocalTimeType@5f0fd5a0
[DEBUG] 2018-02-13 18:36:34.346 [main] BasicTypeRegistry - Adding type registration OffsetDateTime -> org.hibernate.type.OffsetDateTimeType@3116c353
[DEBUG] 2018-02-13 18:36:34.347 [main] BasicTypeRegistry - Adding type registration java.time.OffsetDateTime -> org.hibernate.type.OffsetDateTimeType@3116c353
[DEBUG] 2018-02-13 18:36:34.365 [main] BasicTypeRegistry - Adding type registration OffsetTime -> org.hibernate.type.OffsetTimeType@2e32ccc5
[DEBUG] 2018-02-13 18:36:34.366 [main] BasicTypeRegistry - Adding type registration java.time.OffsetTime -> org.hibernate.type.OffsetTimeType@2e32ccc5
[DEBUG] 2018-02-13 18:36:34.372 [main] BasicTypeRegistry - Adding type registration ZonedDateTime -> org.hibernate.type.ZonedDateTimeType@39d76cb5
[DEBUG] 2018-02-13 18:36:34.373 [main] BasicTypeRegistry - Adding type registration java.time.ZonedDateTime -> org.hibernate.type.ZonedDateTimeType@39d76cb5
[DEBUG] 2018-02-13 18:36:34.381 [main] BasicTypeRegistry - Adding type registration date -> org.hibernate.type.DateType@14a50707
[DEBUG] 2018-02-13 18:36:34.381 [main] BasicTypeRegistry - Adding type registration java.sql.Date -> org.hibernate.type.DateType@14a50707
[DEBUG] 2018-02-13 18:36:34.383 [main] BasicTypeRegistry - Adding type registration time -> org.hibernate.type.TimeType@7354b8c5
[DEBUG] 2018-02-13 18:36:34.383 [main] BasicTypeRegistry - Adding type registration java.sql.Time -> org.hibernate.type.TimeType@7354b8c5
[DEBUG] 2018-02-13 18:36:34.385 [main] BasicTypeRegistry - Adding type registration timestamp -> org.hibernate.type.TimestampType@59e2d8e3
[DEBUG] 2018-02-13 18:36:34.385 [main] BasicTypeRegistry - Adding type registration java.sql.Timestamp -> org.hibernate.type.TimestampType@59e2d8e3
[DEBUG] 2018-02-13 18:36:34.385 [main] BasicTypeRegistry - Adding type registration java.util.Date -> org.hibernate.type.TimestampType@59e2d8e3
[DEBUG] 2018-02-13 18:36:34.387 [main] BasicTypeRegistry - Adding type registration dbtimestamp -> org.hibernate.type.DbTimestampType@5d43661b
[DEBUG] 2018-02-13 18:36:34.389 [main] BasicTypeRegistry - Adding type registration calendar -> org.hibernate.type.CalendarType@1c39680d
[DEBUG] 2018-02-13 18:36:34.390 [main] BasicTypeRegistry - Adding type registration java.util.Calendar -> org.hibernate.type.CalendarType@1c39680d
[DEBUG] 2018-02-13 18:36:34.390 [main] BasicTypeRegistry - Adding type registration java.util.GregorianCalendar -> org.hibernate.type.CalendarType@1c39680d
[DEBUG] 2018-02-13 18:36:34.391 [main] BasicTypeRegistry - Adding type registration calendar_date -> org.hibernate.type.CalendarDateType@a37aefe
[DEBUG] 2018-02-13 18:36:34.392 [main] BasicTypeRegistry - Adding type registration locale -> org.hibernate.type.LocaleType@37fb0bed
[DEBUG] 2018-02-13 18:36:34.392 [main] BasicTypeRegistry - Adding type registration java.util.Locale -> org.hibernate.type.LocaleType@37fb0bed
[DEBUG] 2018-02-13 18:36:34.393 [main] BasicTypeRegistry - Adding type registration currency -> org.hibernate.type.CurrencyType@766653e6
[DEBUG] 2018-02-13 18:36:34.393 [main] BasicTypeRegistry - Adding type registration java.util.Currency -> org.hibernate.type.CurrencyType@766653e6
[DEBUG] 2018-02-13 18:36:34.394 [main] BasicTypeRegistry - Adding type registration timezone -> org.hibernate.type.TimeZoneType@48c76607
[DEBUG] 2018-02-13 18:36:34.394 [main] BasicTypeRegistry - Adding type registration java.util.TimeZone -> org.hibernate.type.TimeZoneType@48c76607
[DEBUG] 2018-02-13 18:36:34.395 [main] BasicTypeRegistry - Adding type registration class -> org.hibernate.type.ClassType@1787bc24
[DEBUG] 2018-02-13 18:36:34.395 [main] BasicTypeRegistry - Adding type registration java.lang.Class -> org.hibernate.type.ClassType@1787bc24
[DEBUG] 2018-02-13 18:36:34.397 [main] BasicTypeRegistry - Adding type registration uuid-binary -> org.hibernate.type.UUIDBinaryType@f14a7d4
[DEBUG] 2018-02-13 18:36:34.397 [main] BasicTypeRegistry - Adding type registration java.util.UUID -> org.hibernate.type.UUIDBinaryType@f14a7d4
[DEBUG] 2018-02-13 18:36:34.398 [main] BasicTypeRegistry - Adding type registration uuid-char -> org.hibernate.type.UUIDCharType@79c97cb
[DEBUG] 2018-02-13 18:36:34.399 [main] BasicTypeRegistry - Adding type registration binary -> org.hibernate.type.BinaryType@6f6745d6
[DEBUG] 2018-02-13 18:36:34.399 [main] BasicTypeRegistry - Adding type registration byte[] -> org.hibernate.type.BinaryType@6f6745d6
[DEBUG] 2018-02-13 18:36:34.399 [main] BasicTypeRegistry - Adding type registration [B -> org.hibernate.type.BinaryType@6f6745d6
[DEBUG] 2018-02-13 18:36:34.401 [main] BasicTypeRegistry - Adding type registration wrapper-binary -> org.hibernate.type.WrapperBinaryType@3ddc6915
[DEBUG] 2018-02-13 18:36:34.401 [main] BasicTypeRegistry - Adding type registration Byte[] -> org.hibernate.type.WrapperBinaryType@3ddc6915
[DEBUG] 2018-02-13 18:36:34.401 [main] BasicTypeRegistry - Adding type registration [Ljava.lang.Byte; -> org.hibernate.type.WrapperBinaryType@3ddc6915
[DEBUG] 2018-02-13 18:36:34.402 [main] BasicTypeRegistry - Adding type registration row_version -> org.hibernate.type.RowVersionType@1acaf3d
[DEBUG] 2018-02-13 18:36:34.403 [main] BasicTypeRegistry - Adding type registration image -> org.hibernate.type.ImageType@2b9ed6da
[DEBUG] 2018-02-13 18:36:34.406 [main] BasicTypeRegistry - Adding type registration characters -> org.hibernate.type.CharArrayType@389c4eb1
[DEBUG] 2018-02-13 18:36:34.406 [main] BasicTypeRegistry - Adding type registration char[] -> org.hibernate.type.CharArrayType@389c4eb1
[DEBUG] 2018-02-13 18:36:34.406 [main] BasicTypeRegistry - Adding type registration [C -> org.hibernate.type.CharArrayType@389c4eb1
[DEBUG] 2018-02-13 18:36:34.408 [main] BasicTypeRegistry - Adding type registration wrapper-characters -> org.hibernate.type.CharacterArrayType@127a7a2e
[DEBUG] 2018-02-13 18:36:34.408 [main] BasicTypeRegistry - Adding type registration [Ljava.lang.Character; -> org.hibernate.type.CharacterArrayType@127a7a2e
[DEBUG] 2018-02-13 18:36:34.408 [main] BasicTypeRegistry - Adding type registration Character[] -> org.hibernate.type.CharacterArrayType@127a7a2e
[DEBUG] 2018-02-13 18:36:34.409 [main] BasicTypeRegistry - Adding type registration text -> org.hibernate.type.TextType@6d7fc27
[DEBUG] 2018-02-13 18:36:34.410 [main] BasicTypeRegistry - Adding type registration ntext -> org.hibernate.type.NTextType@4f74980d
[DEBUG] 2018-02-13 18:36:34.417 [main] BasicTypeRegistry - Adding type registration blob -> org.hibernate.type.BlobType@125290e5
[DEBUG] 2018-02-13 18:36:34.417 [main] BasicTypeRegistry - Adding type registration java.sql.Blob -> org.hibernate.type.BlobType@125290e5
[DEBUG] 2018-02-13 18:36:34.418 [main] BasicTypeRegistry - Adding type registration materialized_blob -> org.hibernate.type.MaterializedBlobType@616ac46a
[DEBUG] 2018-02-13 18:36:34.422 [main] BasicTypeRegistry - Adding type registration clob -> org.hibernate.type.ClobType@30c8681
[DEBUG] 2018-02-13 18:36:34.422 [main] BasicTypeRegistry - Adding type registration java.sql.Clob -> org.hibernate.type.ClobType@30c8681
[DEBUG] 2018-02-13 18:36:34.564 [main] BasicTypeRegistry - Adding type registration nclob -> org.hibernate.type.NClobType@662706a7
[DEBUG] 2018-02-13 18:36:34.565 [main] BasicTypeRegistry - Adding type registration java.sql.NClob -> org.hibernate.type.NClobType@662706a7
[DEBUG] 2018-02-13 18:36:34.565 [main] BasicTypeRegistry - Adding type registration materialized_clob -> org.hibernate.type.MaterializedClobType@327af41b
[DEBUG] 2018-02-13 18:36:34.566 [main] BasicTypeRegistry - Adding type registration materialized_nclob -> org.hibernate.type.MaterializedNClobType@f99f5e0
[DEBUG] 2018-02-13 18:36:34.568 [main] BasicTypeRegistry - Adding type registration serializable -> org.hibernate.type.SerializableType@3406472c
[DEBUG] 2018-02-13 18:36:34.576 [main] BasicTypeRegistry - Adding type registration object -> org.hibernate.type.ObjectType@147a5d08
[DEBUG] 2018-02-13 18:36:34.576 [main] BasicTypeRegistry - Adding type registration java.lang.Object -> org.hibernate.type.ObjectType@147a5d08
[DEBUG] 2018-02-13 18:36:34.577 [main] BasicTypeRegistry - Adding type registration imm_date -> org.hibernate.type.AdaptedImmutableType@1672fe87
[DEBUG] 2018-02-13 18:36:34.577 [main] BasicTypeRegistry - Adding type registration imm_time -> org.hibernate.type.AdaptedImmutableType@5026735c
[DEBUG] 2018-02-13 18:36:34.578 [main] BasicTypeRegistry - Adding type registration imm_timestamp -> org.hibernate.type.AdaptedImmutableType@1b45c0e
[DEBUG] 2018-02-13 18:36:34.578 [main] BasicTypeRegistry - Adding type registration imm_dbtimestamp -> org.hibernate.type.AdaptedImmutableType@11f0a5a1
[DEBUG] 2018-02-13 18:36:34.578 [main] BasicTypeRegistry - Adding type registration imm_calendar -> org.hibernate.type.AdaptedImmutableType@10f7f7de
[DEBUG] 2018-02-13 18:36:34.578 [main] BasicTypeRegistry - Adding type registration imm_calendar_date -> org.hibernate.type.AdaptedImmutableType@73a8da0f
[DEBUG] 2018-02-13 18:36:34.578 [main] BasicTypeRegistry - Adding type registration imm_binary -> org.hibernate.type.AdaptedImmutableType@50dfbc58
[DEBUG] 2018-02-13 18:36:34.578 [main] BasicTypeRegistry - Adding type registration imm_serializable -> org.hibernate.type.AdaptedImmutableType@4416d64f
[INFO ] 2018-02-13 18:36:34.600 [main] C3P0ConnectionProvider - HHH010002: C3P0 using driver: com.mysql.jdbc.Driver at URL: jdbc:mysql://localhost:3306/myBikePlace
[INFO ] 2018-02-13 18:36:34.601 [main] C3P0ConnectionProvider - HHH10001001: Connection properties: {user=root, password=****}
[INFO ] 2018-02-13 18:36:34.601 [main] C3P0ConnectionProvider - HHH10001003: Autocommit mode: false
[INFO ] 2018-02-13 18:36:34.982 [main] C3P0ConnectionProvider - HHH10001007: JDBC isolation level: <unknown>
[DEBUG] 2018-02-13 18:36:35.852 [main] JdbcEnvironmentInitiator - Database ->
       name : MySQL
    version : 5.7.20
      major : 5
      minor : 7
[DEBUG] 2018-02-13 18:36:35.856 [main] JdbcEnvironmentInitiator - Driver ->
       name : MySQL Connector Java
    version : mysql-connector-java-5.1.39 ( Revision: 3289a357af6d09ecc1a10fd3c26e95183e5790ad )
      major : 5
      minor : 1
[DEBUG] 2018-02-13 18:36:35.856 [main] JdbcEnvironmentInitiator - JDBC version : 4.0
[INFO ] 2018-02-13 18:36:35.882 [main] Dialect - HHH000400: Using dialect: org.hibernate.dialect.MySQL5Dialect
[DEBUG] 2018-02-13 18:36:36.035 [main] IdentifierHelperBuilder - JDBC driver metadata reported database stores quoted identifiers in more than one case
[DEBUG] 2018-02-13 18:36:36.038 [main] IdentifierHelperBuilder - IdentifierCaseStrategy for both quoted and unquoted identifiers was set to the same strategy [MIXED]; that will likely lead to problems in schema update and validation if using quoted identifiers
[DEBUG] 2018-02-13 18:36:36.152 [main] DefaultIdentifierGeneratorFactory - Registering IdentifierGenerator strategy [uuid2] -> [org.hibernate.id.UUIDGenerator]
[DEBUG] 2018-02-13 18:36:36.153 [main] DefaultIdentifierGeneratorFactory - Registering IdentifierGenerator strategy [guid] -> [org.hibernate.id.GUIDGenerator]
[DEBUG] 2018-02-13 18:36:36.154 [main] DefaultIdentifierGeneratorFactory - Registering IdentifierGenerator strategy [uuid] -> [org.hibernate.id.UUIDHexGenerator]
[DEBUG] 2018-02-13 18:36:36.154 [main] DefaultIdentifierGeneratorFactory - Registering IdentifierGenerator strategy [uuid.hex] -> [org.hibernate.id.UUIDHexGenerator]
[DEBUG] 2018-02-13 18:36:36.155 [main] DefaultIdentifierGeneratorFactory - Registering IdentifierGenerator strategy [assigned] -> [org.hibernate.id.Assigned]
[DEBUG] 2018-02-13 18:36:36.157 [main] DefaultIdentifierGeneratorFactory - Registering IdentifierGenerator strategy [identity] -> [org.hibernate.id.IdentityGenerator]
[DEBUG] 2018-02-13 18:36:36.158 [main] DefaultIdentifierGeneratorFactory - Registering IdentifierGenerator strategy [select] -> [org.hibernate.id.SelectGenerator]
[DEBUG] 2018-02-13 18:36:36.160 [main] DefaultIdentifierGeneratorFactory - Registering IdentifierGenerator strategy [sequence] -> [org.hibernate.id.enhanced.SequenceStyleGenerator]
[DEBUG] 2018-02-13 18:36:36.163 [main] DefaultIdentifierGeneratorFactory - Registering IdentifierGenerator strategy [seqhilo] -> [org.hibernate.id.SequenceHiLoGenerator]
[DEBUG] 2018-02-13 18:36:36.164 [main] DefaultIdentifierGeneratorFactory - Registering IdentifierGenerator strategy [increment] -> [org.hibernate.id.IncrementGenerator]
[DEBUG] 2018-02-13 18:36:36.165 [main] DefaultIdentifierGeneratorFactory - Registering IdentifierGenerator strategy [foreign] -> [org.hibernate.id.ForeignGenerator]
[DEBUG] 2018-02-13 18:36:36.169 [main] DefaultIdentifierGeneratorFactory - Registering IdentifierGenerator strategy [sequence-identity] -> [org.hibernate.id.SequenceIdentityGenerator]
[DEBUG] 2018-02-13 18:36:36.169 [main] DefaultIdentifierGeneratorFactory - Registering IdentifierGenerator strategy [enhanced-sequence] -> [org.hibernate.id.enhanced.SequenceStyleGenerator]
[DEBUG] 2018-02-13 18:36:36.171 [main] DefaultIdentifierGeneratorFactory - Registering IdentifierGenerator strategy [enhanced-table] -> [org.hibernate.id.enhanced.TableGenerator]
[DEBUG] 2018-02-13 18:36:36.259 [main] Namespace - Created database namespace [logicalName=Name{catalog=null, schema=null}, physicalName=Name{catalog=null, schema=null}]
[DEBUG] 2018-02-13 18:36:36.330 [main] AnnotationBinder - Binding entity from annotated class: edu.matc.entity.User
[DEBUG] 2018-02-13 18:36:36.492 [main] Ejb3Column - Binding column: Ejb3DiscriminatorColumn{logicalColumnName'DTYPE', discriminatorTypeName='string'}
[DEBUG] 2018-02-13 18:36:36.501 [main] EntityBinder - Import with entity name User
[DEBUG] 2018-02-13 18:36:36.517 [main] EntityBinder - Bind entity edu.matc.entity.User on table user
[DEBUG] 2018-02-13 18:36:36.573 [main] Ejb3Column - Binding column: Ejb3Column{table=org.hibernate.mapping.Table(user), mappingColumn=userId, insertable=true, updatable=true, unique=false}
[DEBUG] 2018-02-13 18:36:36.579 [main] PropertyBinder - MetadataSourceProcessor property UserId with lazy=false
[DEBUG] 2018-02-13 18:36:36.582 [main] AbstractPropertyHolder - Attempting to locate auto-apply AttributeConverter for property [edu.matc.entity.User:UserId]
[DEBUG] 2018-02-13 18:36:36.584 [main] SimpleValueBinder - building SimpleValue for UserId
[DEBUG] 2018-02-13 18:36:36.587 [main] PropertyBinder - Building property UserId
[DEBUG] 2018-02-13 18:36:36.604 [main] Ejb3Column - Binding column: Ejb3Column{table=org.hibernate.mapping.Table(user), mappingColumn=createDate, insertable=true, updatable=true, unique=false}
[DEBUG] 2018-02-13 18:36:36.604 [main] PropertyBinder - MetadataSourceProcessor property createDate with lazy=false
[DEBUG] 2018-02-13 18:36:36.604 [main] AbstractPropertyHolder - Attempting to locate auto-apply AttributeConverter for property [edu.matc.entity.User:createDate]
[DEBUG] 2018-02-13 18:36:36.605 [main] SimpleValueBinder - building SimpleValue for createDate
[DEBUG] 2018-02-13 18:36:36.605 [main] PropertyBinder - Building property createDate
[DEBUG] 2018-02-13 18:36:36.628 [main] Ejb3Column - Binding column: Ejb3Column{table=org.hibernate.mapping.Table(user), mappingColumn=email, insertable=true, updatable=true, unique=false}
[DEBUG] 2018-02-13 18:36:36.628 [main] PropertyBinder - MetadataSourceProcessor property email with lazy=false
[DEBUG] 2018-02-13 18:36:36.628 [main] AbstractPropertyHolder - Attempting to locate auto-apply AttributeConverter for property [edu.matc.entity.User:email]
[DEBUG] 2018-02-13 18:36:36.628 [main] SimpleValueBinder - building SimpleValue for email
[DEBUG] 2018-02-13 18:36:36.628 [main] PropertyBinder - Building property email
[DEBUG] 2018-02-13 18:36:36.629 [main] Ejb3Column - Binding column: Ejb3Column{table=org.hibernate.mapping.Table(user), mappingColumn=firstName, insertable=true, updatable=true, unique=false}
[DEBUG] 2018-02-13 18:36:36.629 [main] PropertyBinder - MetadataSourceProcessor property firstName with lazy=false
[DEBUG] 2018-02-13 18:36:36.629 [main] AbstractPropertyHolder - Attempting to locate auto-apply AttributeConverter for property [edu.matc.entity.User:firstName]
[DEBUG] 2018-02-13 18:36:36.629 [main] SimpleValueBinder - building SimpleValue for firstName
[DEBUG] 2018-02-13 18:36:36.629 [main] PropertyBinder - Building property firstName
[DEBUG] 2018-02-13 18:36:36.629 [main] Ejb3Column - Binding column: Ejb3Column{table=org.hibernate.mapping.Table(user), mappingColumn=lastName, insertable=true, updatable=true, unique=false}
[DEBUG] 2018-02-13 18:36:36.629 [main] PropertyBinder - MetadataSourceProcessor property lastName with lazy=false
[DEBUG] 2018-02-13 18:36:36.630 [main] AbstractPropertyHolder - Attempting to locate auto-apply AttributeConverter for property [edu.matc.entity.User:lastName]
[DEBUG] 2018-02-13 18:36:36.630 [main] SimpleValueBinder - building SimpleValue for lastName
[DEBUG] 2018-02-13 18:36:36.630 [main] PropertyBinder - Building property lastName
[DEBUG] 2018-02-13 18:36:36.635 [main] Ejb3Column - Binding column: Ejb3Column{table=org.hibernate.mapping.Table(user), mappingColumn=password, insertable=true, updatable=true, unique=false}
[DEBUG] 2018-02-13 18:36:36.636 [main] PropertyBinder - MetadataSourceProcessor property password with lazy=false
[DEBUG] 2018-02-13 18:36:36.636 [main] AbstractPropertyHolder - Attempting to locate auto-apply AttributeConverter for property [edu.matc.entity.User:password]
[DEBUG] 2018-02-13 18:36:36.636 [main] SimpleValueBinder - building SimpleValue for password
[DEBUG] 2018-02-13 18:36:36.636 [main] PropertyBinder - Building property password
[DEBUG] 2018-02-13 18:36:36.636 [main] Ejb3Column - Binding column: Ejb3Column{table=org.hibernate.mapping.Table(user), mappingColumn=updateDate, insertable=true, updatable=true, unique=false}
[DEBUG] 2018-02-13 18:36:36.636 [main] PropertyBinder - MetadataSourceProcessor property updateDate with lazy=false
[DEBUG] 2018-02-13 18:36:36.637 [main] AbstractPropertyHolder - Attempting to locate auto-apply AttributeConverter for property [edu.matc.entity.User:updateDate]
[DEBUG] 2018-02-13 18:36:36.637 [main] SimpleValueBinder - building SimpleValue for updateDate
[DEBUG] 2018-02-13 18:36:36.637 [main] PropertyBinder - Building property updateDate
[DEBUG] 2018-02-13 18:36:36.641 [main] Ejb3Column - Binding column: Ejb3Column{table=org.hibernate.mapping.Table(user), mappingColumn=userName, insertable=true, updatable=true, unique=false}
[DEBUG] 2018-02-13 18:36:36.641 [main] PropertyBinder - MetadataSourceProcessor property userName with lazy=false
[DEBUG] 2018-02-13 18:36:36.641 [main] AbstractPropertyHolder - Attempting to locate auto-apply AttributeConverter for property [edu.matc.entity.User:userName]
[DEBUG] 2018-02-13 18:36:36.641 [main] SimpleValueBinder - building SimpleValue for userName
[DEBUG] 2018-02-13 18:36:36.641 [main] PropertyBinder - Building property userName
[DEBUG] 2018-02-13 18:36:36.644 [main] SimpleValueBinder - Starting fillSimpleValue for UserId
[DEBUG] 2018-02-13 18:36:36.644 [main] SimpleValueBinder - Starting fillSimpleValue for createDate
[DEBUG] 2018-02-13 18:36:36.644 [main] SimpleValueBinder - Starting fillSimpleValue for email
[DEBUG] 2018-02-13 18:36:36.644 [main] SimpleValueBinder - Starting fillSimpleValue for firstName
[DEBUG] 2018-02-13 18:36:36.644 [main] SimpleValueBinder - Starting fillSimpleValue for lastName
[DEBUG] 2018-02-13 18:36:36.644 [main] SimpleValueBinder - Starting fillSimpleValue for password
[DEBUG] 2018-02-13 18:36:36.644 [main] SimpleValueBinder - Starting fillSimpleValue for updateDate
[DEBUG] 2018-02-13 18:36:36.644 [main] SimpleValueBinder - Starting fillSimpleValue for userName
[DEBUG] 2018-02-13 18:36:36.646 [main] PrimaryKey - Forcing column [userid] to be non-null as it is part of the primary key for table [user]
[DEBUG] 2018-02-13 18:36:36.761 [main] SessionFactoryImpl - Building session factory
[DEBUG] 2018-02-13 18:36:36.764 [main] Settings - SessionFactory name : null
[DEBUG] 2018-02-13 18:36:36.764 [main] Settings - Automatic flush during beforeCompletion(): enabled
[DEBUG] 2018-02-13 18:36:36.764 [main] Settings - Automatic session close at end of transaction: disabled
[DEBUG] 2018-02-13 18:36:36.764 [main] Settings - Statistics: disabled
[DEBUG] 2018-02-13 18:36:36.764 [main] Settings - Deleted entity synthetic identifier rollback: disabled
[DEBUG] 2018-02-13 18:36:36.764 [main] Settings - Default entity-mode: pojo
[DEBUG] 2018-02-13 18:36:36.765 [main] Settings - Check Nullability in Core (should be disabled when Bean Validation is on): enabled
[DEBUG] 2018-02-13 18:36:36.765 [main] Settings - Allow initialization of lazy state outside session : disabled
[DEBUG] 2018-02-13 18:36:36.765 [main] Settings - Using BatchFetchStyle : LEGACY
[DEBUG] 2018-02-13 18:36:36.765 [main] Settings - Default batch fetch size: -1
[DEBUG] 2018-02-13 18:36:36.765 [main] Settings - Maximum outer join fetch depth: 2
[DEBUG] 2018-02-13 18:36:36.765 [main] Settings - Default null ordering: NONE
[DEBUG] 2018-02-13 18:36:36.765 [main] Settings - Order SQL updates by primary key: disabled
[DEBUG] 2018-02-13 18:36:36.765 [main] Settings - Order SQL inserts for batching: disabled
[DEBUG] 2018-02-13 18:36:36.766 [main] Settings - multi-tenancy strategy : NONE
[DEBUG] 2018-02-13 18:36:36.766 [main] Settings - JTA Track by Thread: enabled
[DEBUG] 2018-02-13 18:36:36.766 [main] Settings - Query language substitutions: {}
[DEBUG] 2018-02-13 18:36:36.766 [main] Settings - JPA query language strict compliance: disabled
[DEBUG] 2018-02-13 18:36:36.766 [main] Settings - Named query checking : enabled
[DEBUG] 2018-02-13 18:36:36.766 [main] Settings - Second-level cache: enabled
[DEBUG] 2018-02-13 18:36:36.766 [main] Settings - Second-level query cache: disabled
[DEBUG] 2018-02-13 18:36:36.766 [main] Settings - Second-level query cache factory: org.hibernate.cache.internal.StandardQueryCacheFactory@495083a0
[DEBUG] 2018-02-13 18:36:36.767 [main] Settings - Second-level cache region prefix: null
[DEBUG] 2018-02-13 18:36:36.767 [main] Settings - Optimize second-level cache for minimal puts: disabled
[DEBUG] 2018-02-13 18:36:36.767 [main] Settings - Structured second-level cache entries: disabled
[DEBUG] 2018-02-13 18:36:36.767 [main] Settings - Second-level cache direct-reference entries: disabled
[DEBUG] 2018-02-13 18:36:36.767 [main] Settings - Automatic eviction of collection cache: disabled
[DEBUG] 2018-02-13 18:36:36.767 [main] Settings - JDBC batch size: 15
[DEBUG] 2018-02-13 18:36:36.767 [main] Settings - JDBC batch updates for versioned data: enabled
[DEBUG] 2018-02-13 18:36:36.767 [main] Settings - Scrollable result sets: enabled
[DEBUG] 2018-02-13 18:36:36.767 [main] Settings - Wrap result sets: disabled
[DEBUG] 2018-02-13 18:36:36.767 [main] Settings - JDBC3 getGeneratedKeys(): enabled
[DEBUG] 2018-02-13 18:36:36.767 [main] Settings - JDBC result set fetch size: null
[DEBUG] 2018-02-13 18:36:36.767 [main] Settings - Connection release mode: AFTER_TRANSACTION
[DEBUG] 2018-02-13 18:36:36.767 [main] Settings - Generate SQL with comments: disabled
[DEBUG] 2018-02-13 18:36:36.935 [main] SessionFactoryImpl - Session factory constructed with filter configurations : {}
[DEBUG] 2018-02-13 18:36:36.935 [main] SessionFactoryImpl - Instantiating session factory with properties: {gopherProxySet=false, awt.toolkit=sun.lwawt.macosx.LWCToolkit, file.encoding.pkg=sun.io, java.specification.version=1.8, sun.cpu.isalist=, hibernate.c3p0.idle_test_period=3000, sun.jnu.encoding=UTF-8, hibernate.c3p0.min_size=5, java.class.path=/Users/sighguy4/IdeaProjects/myBikePlace/target/test-classes:/Users/sighguy4/IdeaProjects/myBikePlace/target/classes:/Users/sighguy4/.m2/repository/junit/junit/4.12/junit-4.12.jar:/Users/sighguy4/.m2/repository/org/hamcrest/hamcrest-core/1.3/hamcrest-core-1.3.jar:/Users/sighguy4/.m2/repository/javax/javaee-web-api/7.0/javaee-web-api-7.0.jar:/Users/sighguy4/.m2/repository/mysql/mysql-connector-java/5.1.39/mysql-connector-java-5.1.39.jar:/Users/sighguy4/.m2/repository/org/apache/logging/log4j/log4j-api/2.10.0/log4j-api-2.10.0.jar:/Users/sighguy4/.m2/repository/org/apache/logging/log4j/log4j-core/2.10.0/log4j-core-2.10.0.jar:/Users/sighguy4/.m2/repository/org/junit/jupiter/junit-jupiter-engine/5.0.0/junit-jupiter-engine-5.0.0.jar:/Users/sighguy4/.m2/repository/org/apiguardian/apiguardian-api/1.0.0/apiguardian-api-1.0.0.jar:/Users/sighguy4/.m2/repository/org/junit/platform/junit-platform-engine/1.0.0/junit-platform-engine-1.0.0.jar:/Users/sighguy4/.m2/repository/org/junit/platform/junit-platform-commons/1.0.0/junit-platform-commons-1.0.0.jar:/Users/sighguy4/.m2/repository/org/opentest4j/opentest4j/1.0.0/opentest4j-1.0.0.jar:/Users/sighguy4/.m2/repository/org/junit/jupiter/junit-jupiter-api/5.0.0/junit-jupiter-api-5.0.0.jar:/Users/sighguy4/.m2/repository/org/junit/platform/junit-platform-runner/1.0.0/junit-platform-runner-1.0.0.jar:/Users/sighguy4/.m2/repository/org/junit/platform/junit-platform-launcher/1.0.0/junit-platform-launcher-1.0.0.jar:/Users/sighguy4/.m2/repository/org/junit/platform/junit-platform-suite-api/1.0.0/junit-platform-suite-api-1.0.0.jar:/Users/sighguy4/.m2/repository/org/junit/vintage/junit-vintage-engine/4.12.0/junit-vintage-engine-4.12.0.jar:/Users/sighguy4/.m2/repository/org/hibernate/hibernate-core/5.2.12.Final/hibernate-core-5.2.12.Final.jar:/Users/sighguy4/.m2/repository/org/jboss/logging/jboss-logging/3.3.0.Final/jboss-logging-3.3.0.Final.jar:/Users/sighguy4/.m2/repository/org/hibernate/javax/persistence/hibernate-jpa-2.1-api/1.0.0.Final/hibernate-jpa-2.1-api-1.0.0.Final.jar:/Users/sighguy4/.m2/repository/org/javassist/javassist/3.20.0-GA/javassist-3.20.0-GA.jar:/Users/sighguy4/.m2/repository/antlr/antlr/2.7.7/antlr-2.7.7.jar:/Users/sighguy4/.m2/repository/org/jboss/spec/javax/transaction/jboss-transaction-api_1.2_spec/1.0.1.Final/jboss-transaction-api_1.2_spec-1.0.1.Final.jar:/Users/sighguy4/.m2/repository/org/jboss/jandex/2.0.3.Final/jandex-2.0.3.Final.jar:/Users/sighguy4/.m2/repository/com/fasterxml/classmate/1.3.0/classmate-1.3.0.jar:/Users/sighguy4/.m2/repository/dom4j/dom4j/1.6.1/dom4j-1.6.1.jar:/Users/sighguy4/.m2/repository/org/hibernate/common/hibernate-commons-annotations/5.0.1.Final/hibernate-commons-annotations-5.0.1.Final.jar:/Users/sighguy4/.m2/repository/org/hibernate/hibernate-c3p0/5.2.12.Final/hibernate-c3p0-5.2.12.Final.jar:/Users/sighguy4/.m2/repository/com/mchange/c3p0/0.9.5.2/c3p0-0.9.5.2.jar:/Users/sighguy4/.m2/repository/com/mchange/mchange-commons-java/0.2.11/mchange-commons-java-0.2.11.jar:, java.vm.vendor=Oracle Corporation, sun.arch.data.model=64, java.vendor.url=http://java.oracle.com/, user.timezone=America/Chicago, os.name=Mac OS X, java.vm.specification.version=1.8, sun.java.launcher=SUN_STANDARD, user.country=US, sun.boot.library.path=/Library/Java/JavaVirtualMachines/jdk1.8.0_152.jdk/Contents/Home/jre/lib, sun.java.command=/Users/sighguy4/IdeaProjects/myBikePlace/target/surefire/surefirebooter8893093419238187200.jar /Users/sighguy4/IdeaProjects/myBikePlace/target/surefire/surefire8371847820808199850tmp /Users/sighguy4/IdeaProjects/myBikePlace/target/surefire/surefire_05316917355105555219tmp, http.nonProxyHosts=local|*.local|169.254/16|*.169.254/16, surefire.test.class.path=/Users/sighguy4/IdeaProjects/myBikePlace/target/test-classes:/Users/sighguy4/IdeaProjects/myBikePlace/target/classes:/Users/sighguy4/.m2/repository/junit/junit/4.12/junit-4.12.jar:/Users/sighguy4/.m2/repository/org/hamcrest/hamcrest-core/1.3/hamcrest-core-1.3.jar:/Users/sighguy4/.m2/repository/javax/javaee-web-api/7.0/javaee-web-api-7.0.jar:/Users/sighguy4/.m2/repository/mysql/mysql-connector-java/5.1.39/mysql-connector-java-5.1.39.jar:/Users/sighguy4/.m2/repository/org/apache/logging/log4j/log4j-api/2.10.0/log4j-api-2.10.0.jar:/Users/sighguy4/.m2/repository/org/apache/logging/log4j/log4j-core/2.10.0/log4j-core-2.10.0.jar:/Users/sighguy4/.m2/repository/org/junit/jupiter/junit-jupiter-engine/5.0.0/junit-jupiter-engine-5.0.0.jar:/Users/sighguy4/.m2/repository/org/apiguardian/apiguardian-api/1.0.0/apiguardian-api-1.0.0.jar:/Users/sighguy4/.m2/repository/org/junit/platform/junit-platform-engine/1.0.0/junit-platform-engine-1.0.0.jar:/Users/sighguy4/.m2/repository/org/junit/platform/junit-platform-commons/1.0.0/junit-platform-commons-1.0.0.jar:/Users/sighguy4/.m2/repository/org/opentest4j/opentest4j/1.0.0/opentest4j-1.0.0.jar:/Users/sighguy4/.m2/repository/org/junit/jupiter/junit-jupiter-api/5.0.0/junit-jupiter-api-5.0.0.jar:/Users/sighguy4/.m2/repository/org/junit/platform/junit-platform-runner/1.0.0/junit-platform-runner-1.0.0.jar:/Users/sighguy4/.m2/repository/org/junit/platform/junit-platform-launcher/1.0.0/junit-platform-launcher-1.0.0.jar:/Users/sighguy4/.m2/repository/org/junit/platform/junit-platform-suite-api/1.0.0/junit-platform-suite-api-1.0.0.jar:/Users/sighguy4/.m2/repository/org/junit/vintage/junit-vintage-engine/4.12.0/junit-vintage-engine-4.12.0.jar:/Users/sighguy4/.m2/repository/org/hibernate/hibernate-core/5.2.12.Final/hibernate-core-5.2.12.Final.jar:/Users/sighguy4/.m2/repository/org/jboss/logging/jboss-logging/3.3.0.Final/jboss-logging-3.3.0.Final.jar:/Users/sighguy4/.m2/repository/org/hibernate/javax/persistence/hibernate-jpa-2.1-api/1.0.0.Final/hibernate-jpa-2.1-api-1.0.0.Final.jar:/Users/sighguy4/.m2/repository/org/javassist/javassist/3.20.0-GA/javassist-3.20.0-GA.jar:/Users/sighguy4/.m2/repository/antlr/antlr/2.7.7/antlr-2.7.7.jar:/Users/sighguy4/.m2/repository/org/jboss/spec/javax/transaction/jboss-transaction-api_1.2_spec/1.0.1.Final/jboss-transaction-api_1.2_spec-1.0.1.Final.jar:/Users/sighguy4/.m2/repository/org/jboss/jandex/2.0.3.Final/jandex-2.0.3.Final.jar:/Users/sighguy4/.m2/repository/com/fasterxml/classmate/1.3.0/classmate-1.3.0.jar:/Users/sighguy4/.m2/repository/dom4j/dom4j/1.6.1/dom4j-1.6.1.jar:/Users/sighguy4/.m2/repository/org/hibernate/common/hibernate-commons-annotations/5.0.1.Final/hibernate-commons-annotations-5.0.1.Final.jar:/Users/sighguy4/.m2/repository/org/hibernate/hibernate-c3p0/5.2.12.Final/hibernate-c3p0-5.2.12.Final.jar:/Users/sighguy4/.m2/repository/com/mchange/c3p0/0.9.5.2/c3p0-0.9.5.2.jar:/Users/sighguy4/.m2/repository/com/mchange/mchange-commons-java/0.2.11/mchange-commons-java-0.2.11.jar:, sun.cpu.endian=little, user.home=/Users/sighguy4, hibernate.c3p0.max_statements=50, user.language=en, java.specification.vendor=Oracle Corporation, java.home=/Library/Java/JavaVirtualMachines/jdk1.8.0_152.jdk/Contents/Home/jre, file.separator=/, basedir=/Users/sighguy4/IdeaProjects/myBikePlace, line.separator=
, hibernate.c3p0.timeout=300, java.vm.specification.vendor=Oracle Corporation, java.specification.name=Java Platform API Specification, java.awt.graphicsenv=sun.awt.CGraphicsEnvironment, surefire.real.class.path=/Users/sighguy4/IdeaProjects/myBikePlace/target/surefire/surefirebooter8893093419238187200.jar, sun.boot.class.path=/Library/Java/JavaVirtualMachines/jdk1.8.0_152.jdk/Contents/Home/jre/lib/resources.jar:/Library/Java/JavaVirtualMachines/jdk1.8.0_152.jdk/Contents/Home/jre/lib/rt.jar:/Library/Java/JavaVirtualMachines/jdk1.8.0_152.jdk/Contents/Home/jre/lib/sunrsasign.jar:/Library/Java/JavaVirtualMachines/jdk1.8.0_152.jdk/Contents/Home/jre/lib/jsse.jar:/Library/Java/JavaVirtualMachines/jdk1.8.0_152.jdk/Contents/Home/jre/lib/jce.jar:/Library/Java/JavaVirtualMachines/jdk1.8.0_152.jdk/Contents/Home/jre/lib/charsets.jar:/Library/Java/JavaVirtualMachines/jdk1.8.0_152.jdk/Contents/Home/jre/lib/jfr.jar:/Library/Java/JavaVirtualMachines/jdk1.8.0_152.jdk/Contents/Home/jre/classes, connection.password=Belguim#66, sun.management.compiler=HotSpot 64-Bit Tiered Compilers, hibernate.c3p0.max_size=20, ftp.nonProxyHosts=local|*.local|169.254/16|*.169.254/16, java.runtime.version=1.8.0_152-b16, user.name=sighguy4, path.separator=:, hibernate.connection.username=root, os.version=10.12.6, java.endorsed.dirs=/Library/Java/JavaVirtualMachines/jdk1.8.0_152.jdk/Contents/Home/jre/lib/endorsed, java.runtime.name=Java(TM) SE Runtime Environment, hibernate.connection.url=jdbc:mysql://localhost:3306/myBikePlace, file.encoding=UTF-8, java.vm.name=Java HotSpot(TM) 64-Bit Server VM, localRepository=/Users/sighguy4/.m2/repository, hibernate.connection.driver_class=com.mysql.jdbc.Driver, java.vendor.url.bug=http://bugreport.sun.com/bugreport/, java.io.tmpdir=/var/folders/9d/xsg98tsj1dn630h6j241zf3h0000gn/T/, idea.version=2017.3.4, java.version=1.8.0_152, user.dir=/Users/sighguy4/IdeaProjects/myBikePlace, os.arch=x86_64, connection.username=root, java.vm.specification.name=Java Virtual Machine Specification, hibernate.connection.password=****, java.awt.printerjob=sun.lwawt.macosx.CPrinterJob, sun.os.patch.level=unknown, connection.driver_class=com.mysql.jdbc.Driver, hibernate.boot.CfgXmlAccessService.key=org.hibernate.boot.cfgxml.spi.LoadedConfig@61a002b1, java.library.path=/Users/sighguy4/Library/Java/Extensions:/Library/Java/Extensions:/Network/Library/Java/Extensions:/System/Library/Java/Extensions:/usr/lib/java:., java.vendor=Oracle Corporation, java.vm.info=mixed mode, java.vm.version=25.152-b16, hibernate.bytecode.use_reflection_optimizer=false, sun.io.unicode.encoding=UnicodeBig, java.ext.dirs=/Users/sighguy4/Library/Java/Extensions:/Library/Java/JavaVirtualMachines/jdk1.8.0_152.jdk/Contents/Home/jre/lib/ext:/Library/Java/Extensions:/Network/Library/Java/Extensions:/System/Library/Java/Extensions:/usr/lib/java, connection.url=jdbc:mysql://localhost:3306/myBikePlace, java.class.version=52.0, socksNonProxyHosts=local|*.local|169.254/16|*.169.254/16}
[DEBUG] 2018-02-13 18:36:36.997 [main] TypeSafeActivator - Unable to acquire Bean Validation ValidatorFactory, skipping activation
[DEBUG] 2018-02-13 18:36:36.997 [main] JaccIntegrator - Skipping JACC integration as it was not enabled
[DEBUG] 2018-02-13 18:36:36.999 [main] SessionFactoryImpl - Instantiated session factory
[DEBUG] 2018-02-13 18:36:37.298 [main] ClassLoaderAccessImpl - Not known whether passed class name [edu.matc.entity.User] is safe
[DEBUG] 2018-02-13 18:36:37.298 [main] ClassLoaderAccessImpl - No temp ClassLoader provided; using live ClassLoader for loading potentially unsafe class : edu.matc.entity.User
[DEBUG] 2018-02-13 18:36:37.326 [main] ClassLoaderAccessImpl - Not known whether passed class name [edu.matc.entity.User] is safe
[DEBUG] 2018-02-13 18:36:37.326 [main] ClassLoaderAccessImpl - No temp ClassLoader provided; using live ClassLoader for loading potentially unsafe class : edu.matc.entity.User
[DEBUG] 2018-02-13 18:36:37.497 [main] AbstractEntityPersister - Static SQL for entity: edu.matc.entity.User
[DEBUG] 2018-02-13 18:36:37.497 [main] AbstractEntityPersister -  Version select: select userId from user where userId =?
[DEBUG] 2018-02-13 18:36:37.497 [main] AbstractEntityPersister -  Snapshot select: select user_.userId, user_.createDate as createDa2_0_, user_.email as email3_0_, user_.firstName as firstNam4_0_, user_.lastName as lastName5_0_, user_.password as password6_0_, user_.updateDate as updateDa7_0_, user_.userName as userName8_0_ from user user_ where user_.userId=?
[DEBUG] 2018-02-13 18:36:37.497 [main] AbstractEntityPersister -  Insert 0: insert into user (createDate, email, firstName, lastName, password, updateDate, userName, userId) values (?, ?, ?, ?, ?, ?, ?, ?)
[DEBUG] 2018-02-13 18:36:37.497 [main] AbstractEntityPersister -  Update 0: update user set createDate=?, email=?, firstName=?, lastName=?, password=?, updateDate=?, userName=? where userId=?
[DEBUG] 2018-02-13 18:36:37.497 [main] AbstractEntityPersister -  Delete 0: delete from user where userId=?
[DEBUG] 2018-02-13 18:36:37.497 [main] AbstractEntityPersister -  Identity insert: insert into user (createDate, email, firstName, lastName, password, updateDate, userName) values (?, ?, ?, ?, ?, ?, ?)
[DEBUG] 2018-02-13 18:36:37.531 [main] QuerySpacesImpl - Adding QuerySpace : uid = <gen:0> -> org.hibernate.loader.plan.build.internal.spaces.EntityQuerySpaceImpl@23c650a3]
[DEBUG] 2018-02-13 18:36:37.535 [main] MetamodelGraphWalker - Visiting attribute path : createDate
[DEBUG] 2018-02-13 18:36:37.535 [main] MetamodelGraphWalker - Visiting attribute path : email
[DEBUG] 2018-02-13 18:36:37.535 [main] MetamodelGraphWalker - Visiting attribute path : firstName
[DEBUG] 2018-02-13 18:36:37.535 [main] MetamodelGraphWalker - Visiting attribute path : lastName
[DEBUG] 2018-02-13 18:36:37.535 [main] MetamodelGraphWalker - Visiting attribute path : password
[DEBUG] 2018-02-13 18:36:37.535 [main] MetamodelGraphWalker - Visiting attribute path : updateDate
[DEBUG] 2018-02-13 18:36:37.535 [main] MetamodelGraphWalker - Visiting attribute path : userName
[DEBUG] 2018-02-13 18:36:37.536 [main] FetchStyleLoadPlanBuildingAssociationVisitationStrategy - Building LoadPlan...
[DEBUG] 2018-02-13 18:36:37.555 [main] LoadQueryJoinAndFetchProcessor - processing queryspace <gen:0>
[DEBUG] 2018-02-13 18:36:37.563 [main] LoadPlanTreePrinter - LoadPlan(entity=edu.matc.entity.User)
    - Returns
       - EntityReturnImpl(entity=edu.matc.entity.User, querySpaceUid=<gen:0>, path=edu.matc.entity.User)
    - QuerySpaces
       - EntityQuerySpaceImpl(uid=<gen:0>, entity=edu.matc.entity.User)
          - SQL table alias mapping - user0_
          - alias suffix - 0_
          - suffixed key columns - {userId1_0_0_}

[DEBUG] 2018-02-13 18:36:37.568 [main] EntityLoader - Static select for entity edu.matc.entity.User [NONE]: select user0_.userId as userId1_0_0_, user0_.createDate as createDa2_0_0_, user0_.email as email3_0_0_, user0_.firstName as firstNam4_0_0_, user0_.lastName as lastName5_0_0_, user0_.password as password6_0_0_, user0_.updateDate as updateDa7_0_0_, user0_.userName as userName8_0_0_ from user user0_ where user0_.userId=?
[DEBUG] 2018-02-13 18:36:37.569 [main] QuerySpacesImpl - Adding QuerySpace : uid = <gen:0> -> org.hibernate.loader.plan.build.internal.spaces.EntityQuerySpaceImpl@46b695ec]
[DEBUG] 2018-02-13 18:36:37.569 [main] MetamodelGraphWalker - Visiting attribute path : createDate
[DEBUG] 2018-02-13 18:36:37.569 [main] MetamodelGraphWalker - Visiting attribute path : email
[DEBUG] 2018-02-13 18:36:37.569 [main] MetamodelGraphWalker - Visiting attribute path : firstName
[DEBUG] 2018-02-13 18:36:37.569 [main] MetamodelGraphWalker - Visiting attribute path : lastName
[DEBUG] 2018-02-13 18:36:37.569 [main] MetamodelGraphWalker - Visiting attribute path : password
[DEBUG] 2018-02-13 18:36:37.569 [main] MetamodelGraphWalker - Visiting attribute path : updateDate
[DEBUG] 2018-02-13 18:36:37.569 [main] MetamodelGraphWalker - Visiting attribute path : userName
[DEBUG] 2018-02-13 18:36:37.570 [main] FetchStyleLoadPlanBuildingAssociationVisitationStrategy - Building LoadPlan...
[DEBUG] 2018-02-13 18:36:37.570 [main] LoadQueryJoinAndFetchProcessor - processing queryspace <gen:0>
[DEBUG] 2018-02-13 18:36:37.571 [main] LoadPlanTreePrinter - LoadPlan(entity=edu.matc.entity.User)
    - Returns
       - EntityReturnImpl(entity=edu.matc.entity.User, querySpaceUid=<gen:0>, path=edu.matc.entity.User)
    - QuerySpaces
       - EntityQuerySpaceImpl(uid=<gen:0>, entity=edu.matc.entity.User)
          - SQL table alias mapping - user0_
          - alias suffix - 0_
          - suffixed key columns - {userId1_0_0_}

[DEBUG] 2018-02-13 18:36:37.571 [main] EntityLoader - Static select for entity edu.matc.entity.User [READ]: select user0_.userId as userId1_0_0_, user0_.createDate as createDa2_0_0_, user0_.email as email3_0_0_, user0_.firstName as firstNam4_0_0_, user0_.lastName as lastName5_0_0_, user0_.password as password6_0_0_, user0_.updateDate as updateDa7_0_0_, user0_.userName as userName8_0_0_ from user user0_ where user0_.userId=?
[DEBUG] 2018-02-13 18:36:37.571 [main] QuerySpacesImpl - Adding QuerySpace : uid = <gen:0> -> org.hibernate.loader.plan.build.internal.spaces.EntityQuerySpaceImpl@325f7fa9]
[DEBUG] 2018-02-13 18:36:37.571 [main] MetamodelGraphWalker - Visiting attribute path : createDate
[DEBUG] 2018-02-13 18:36:37.571 [main] MetamodelGraphWalker - Visiting attribute path : email
[DEBUG] 2018-02-13 18:36:37.571 [main] MetamodelGraphWalker - Visiting attribute path : firstName
[DEBUG] 2018-02-13 18:36:37.572 [main] MetamodelGraphWalker - Visiting attribute path : lastName
[DEBUG] 2018-02-13 18:36:37.572 [main] MetamodelGraphWalker - Visiting attribute path : password
[DEBUG] 2018-02-13 18:36:37.572 [main] MetamodelGraphWalker - Visiting attribute path : updateDate
[DEBUG] 2018-02-13 18:36:37.572 [main] MetamodelGraphWalker - Visiting attribute path : userName
[DEBUG] 2018-02-13 18:36:37.572 [main] FetchStyleLoadPlanBuildingAssociationVisitationStrategy - Building LoadPlan...
[DEBUG] 2018-02-13 18:36:37.572 [main] LoadQueryJoinAndFetchProcessor - processing queryspace <gen:0>
[DEBUG] 2018-02-13 18:36:37.573 [main] LoadPlanTreePrinter - LoadPlan(entity=edu.matc.entity.User)
    - Returns
       - EntityReturnImpl(entity=edu.matc.entity.User, querySpaceUid=<gen:0>, path=edu.matc.entity.User)
    - QuerySpaces
       - EntityQuerySpaceImpl(uid=<gen:0>, entity=edu.matc.entity.User)
          - SQL table alias mapping - user0_
          - alias suffix - 0_
          - suffixed key columns - {userId1_0_0_}

[DEBUG] 2018-02-13 18:36:37.573 [main] EntityLoader - Static select for entity edu.matc.entity.User [UPGRADE]: select user0_.userId as userId1_0_0_, user0_.createDate as createDa2_0_0_, user0_.email as email3_0_0_, user0_.firstName as firstNam4_0_0_, user0_.lastName as lastName5_0_0_, user0_.password as password6_0_0_, user0_.updateDate as updateDa7_0_0_, user0_.userName as userName8_0_0_ from user user0_ where user0_.userId=? for update
[DEBUG] 2018-02-13 18:36:37.573 [main] QuerySpacesImpl - Adding QuerySpace : uid = <gen:0> -> org.hibernate.loader.plan.build.internal.spaces.EntityQuerySpaceImpl@63a5d002]
[DEBUG] 2018-02-13 18:36:37.573 [main] MetamodelGraphWalker - Visiting attribute path : createDate
[DEBUG] 2018-02-13 18:36:37.573 [main] MetamodelGraphWalker - Visiting attribute path : email
[DEBUG] 2018-02-13 18:36:37.573 [main] MetamodelGraphWalker - Visiting attribute path : firstName
[DEBUG] 2018-02-13 18:36:37.573 [main] MetamodelGraphWalker - Visiting attribute path : lastName
[DEBUG] 2018-02-13 18:36:37.573 [main] MetamodelGraphWalker - Visiting attribute path : password
[DEBUG] 2018-02-13 18:36:37.573 [main] MetamodelGraphWalker - Visiting attribute path : updateDate
[DEBUG] 2018-02-13 18:36:37.574 [main] MetamodelGraphWalker - Visiting attribute path : userName
[DEBUG] 2018-02-13 18:36:37.574 [main] FetchStyleLoadPlanBuildingAssociationVisitationStrategy - Building LoadPlan...
[DEBUG] 2018-02-13 18:36:37.574 [main] LoadQueryJoinAndFetchProcessor - processing queryspace <gen:0>
[DEBUG] 2018-02-13 18:36:37.574 [main] LoadPlanTreePrinter - LoadPlan(entity=edu.matc.entity.User)
    - Returns
       - EntityReturnImpl(entity=edu.matc.entity.User, querySpaceUid=<gen:0>, path=edu.matc.entity.User)
    - QuerySpaces
       - EntityQuerySpaceImpl(uid=<gen:0>, entity=edu.matc.entity.User)
          - SQL table alias mapping - user0_
          - alias suffix - 0_
          - suffixed key columns - {userId1_0_0_}

[DEBUG] 2018-02-13 18:36:37.575 [main] EntityLoader - Static select for entity edu.matc.entity.User [UPGRADE_NOWAIT]: select user0_.userId as userId1_0_0_, user0_.createDate as createDa2_0_0_, user0_.email as email3_0_0_, user0_.firstName as firstNam4_0_0_, user0_.lastName as lastName5_0_0_, user0_.password as password6_0_0_, user0_.updateDate as updateDa7_0_0_, user0_.userName as userName8_0_0_ from user user0_ where user0_.userId=? for update
[DEBUG] 2018-02-13 18:36:37.575 [main] QuerySpacesImpl - Adding QuerySpace : uid = <gen:0> -> org.hibernate.loader.plan.build.internal.spaces.EntityQuerySpaceImpl@5aa6202e]
[DEBUG] 2018-02-13 18:36:37.575 [main] MetamodelGraphWalker - Visiting attribute path : createDate
[DEBUG] 2018-02-13 18:36:37.575 [main] MetamodelGraphWalker - Visiting attribute path : email
[DEBUG] 2018-02-13 18:36:37.575 [main] MetamodelGraphWalker - Visiting attribute path : firstName
[DEBUG] 2018-02-13 18:36:37.575 [main] MetamodelGraphWalker - Visiting attribute path : lastName
[DEBUG] 2018-02-13 18:36:37.575 [main] MetamodelGraphWalker - Visiting attribute path : password
[DEBUG] 2018-02-13 18:36:37.575 [main] MetamodelGraphWalker - Visiting attribute path : updateDate
[DEBUG] 2018-02-13 18:36:37.575 [main] MetamodelGraphWalker - Visiting attribute path : userName
[DEBUG] 2018-02-13 18:36:37.575 [main] FetchStyleLoadPlanBuildingAssociationVisitationStrategy - Building LoadPlan...
[DEBUG] 2018-02-13 18:36:37.576 [main] LoadQueryJoinAndFetchProcessor - processing queryspace <gen:0>
[DEBUG] 2018-02-13 18:36:37.576 [main] LoadPlanTreePrinter - LoadPlan(entity=edu.matc.entity.User)
    - Returns
       - EntityReturnImpl(entity=edu.matc.entity.User, querySpaceUid=<gen:0>, path=edu.matc.entity.User)
    - QuerySpaces
       - EntityQuerySpaceImpl(uid=<gen:0>, entity=edu.matc.entity.User)
          - SQL table alias mapping - user0_
          - alias suffix - 0_
          - suffixed key columns - {userId1_0_0_}

[DEBUG] 2018-02-13 18:36:37.576 [main] EntityLoader - Static select for entity edu.matc.entity.User [UPGRADE_SKIPLOCKED]: select user0_.userId as userId1_0_0_, user0_.createDate as createDa2_0_0_, user0_.email as email3_0_0_, user0_.firstName as firstNam4_0_0_, user0_.lastName as lastName5_0_0_, user0_.password as password6_0_0_, user0_.updateDate as updateDa7_0_0_, user0_.userName as userName8_0_0_ from user user0_ where user0_.userId=? for update
[DEBUG] 2018-02-13 18:36:37.576 [main] QuerySpacesImpl - Adding QuerySpace : uid = <gen:0> -> org.hibernate.loader.plan.build.internal.spaces.EntityQuerySpaceImpl@771158fb]
[DEBUG] 2018-02-13 18:36:37.576 [main] MetamodelGraphWalker - Visiting attribute path : createDate
[DEBUG] 2018-02-13 18:36:37.576 [main] MetamodelGraphWalker - Visiting attribute path : email
[DEBUG] 2018-02-13 18:36:37.576 [main] MetamodelGraphWalker - Visiting attribute path : firstName
[DEBUG] 2018-02-13 18:36:37.577 [main] MetamodelGraphWalker - Visiting attribute path : lastName
[DEBUG] 2018-02-13 18:36:37.577 [main] MetamodelGraphWalker - Visiting attribute path : password
[DEBUG] 2018-02-13 18:36:37.577 [main] MetamodelGraphWalker - Visiting attribute path : updateDate
[DEBUG] 2018-02-13 18:36:37.577 [main] MetamodelGraphWalker - Visiting attribute path : userName
[DEBUG] 2018-02-13 18:36:37.577 [main] FetchStyleLoadPlanBuildingAssociationVisitationStrategy - Building LoadPlan...
[DEBUG] 2018-02-13 18:36:37.577 [main] LoadQueryJoinAndFetchProcessor - processing queryspace <gen:0>
[DEBUG] 2018-02-13 18:36:37.578 [main] LoadPlanTreePrinter - LoadPlan(entity=edu.matc.entity.User)
    - Returns
       - EntityReturnImpl(entity=edu.matc.entity.User, querySpaceUid=<gen:0>, path=edu.matc.entity.User)
    - QuerySpaces
       - EntityQuerySpaceImpl(uid=<gen:0>, entity=edu.matc.entity.User)
          - SQL table alias mapping - user0_
          - alias suffix - 0_
          - suffixed key columns - {userId1_0_0_}

[DEBUG] 2018-02-13 18:36:37.578 [main] EntityLoader - Static select for entity edu.matc.entity.User [FORCE]: select user0_.userId as userId1_0_0_, user0_.createDate as createDa2_0_0_, user0_.email as email3_0_0_, user0_.firstName as firstNam4_0_0_, user0_.lastName as lastName5_0_0_, user0_.password as password6_0_0_, user0_.updateDate as updateDa7_0_0_, user0_.userName as userName8_0_0_ from user user0_ where user0_.userId=? for update
[DEBUG] 2018-02-13 18:36:37.578 [main] QuerySpacesImpl - Adding QuerySpace : uid = <gen:0> -> org.hibernate.loader.plan.build.internal.spaces.EntityQuerySpaceImpl@62d0ac62]
[DEBUG] 2018-02-13 18:36:37.578 [main] MetamodelGraphWalker - Visiting attribute path : createDate
[DEBUG] 2018-02-13 18:36:37.578 [main] MetamodelGraphWalker - Visiting attribute path : email
[DEBUG] 2018-02-13 18:36:37.578 [main] MetamodelGraphWalker - Visiting attribute path : firstName
[DEBUG] 2018-02-13 18:36:37.578 [main] MetamodelGraphWalker - Visiting attribute path : lastName
[DEBUG] 2018-02-13 18:36:37.578 [main] MetamodelGraphWalker - Visiting attribute path : password
[DEBUG] 2018-02-13 18:36:37.578 [main] MetamodelGraphWalker - Visiting attribute path : updateDate
[DEBUG] 2018-02-13 18:36:37.578 [main] MetamodelGraphWalker - Visiting attribute path : userName
[DEBUG] 2018-02-13 18:36:37.579 [main] FetchStyleLoadPlanBuildingAssociationVisitationStrategy - Building LoadPlan...
[DEBUG] 2018-02-13 18:36:37.579 [main] LoadQueryJoinAndFetchProcessor - processing queryspace <gen:0>
[DEBUG] 2018-02-13 18:36:37.579 [main] LoadPlanTreePrinter - LoadPlan(entity=edu.matc.entity.User)
    - Returns
       - EntityReturnImpl(entity=edu.matc.entity.User, querySpaceUid=<gen:0>, path=edu.matc.entity.User)
    - QuerySpaces
       - EntityQuerySpaceImpl(uid=<gen:0>, entity=edu.matc.entity.User)
          - SQL table alias mapping - user0_
          - alias suffix - 0_
          - suffixed key columns - {userId1_0_0_}

[DEBUG] 2018-02-13 18:36:37.579 [main] EntityLoader - Static select for entity edu.matc.entity.User [PESSIMISTIC_READ]: select user0_.userId as userId1_0_0_, user0_.createDate as createDa2_0_0_, user0_.email as email3_0_0_, user0_.firstName as firstNam4_0_0_, user0_.lastName as lastName5_0_0_, user0_.password as password6_0_0_, user0_.updateDate as updateDa7_0_0_, user0_.userName as userName8_0_0_ from user user0_ where user0_.userId=? lock in share mode
[DEBUG] 2018-02-13 18:36:37.579 [main] QuerySpacesImpl - Adding QuerySpace : uid = <gen:0> -> org.hibernate.loader.plan.build.internal.spaces.EntityQuerySpaceImpl@6826c41e]
[DEBUG] 2018-02-13 18:36:37.580 [main] MetamodelGraphWalker - Visiting attribute path : createDate
[DEBUG] 2018-02-13 18:36:37.580 [main] MetamodelGraphWalker - Visiting attribute path : email
[DEBUG] 2018-02-13 18:36:37.580 [main] MetamodelGraphWalker - Visiting attribute path : firstName
[DEBUG] 2018-02-13 18:36:37.580 [main] MetamodelGraphWalker - Visiting attribute path : lastName
[DEBUG] 2018-02-13 18:36:37.580 [main] MetamodelGraphWalker - Visiting attribute path : password
[DEBUG] 2018-02-13 18:36:37.580 [main] MetamodelGraphWalker - Visiting attribute path : updateDate
[DEBUG] 2018-02-13 18:36:37.580 [main] MetamodelGraphWalker - Visiting attribute path : userName
[DEBUG] 2018-02-13 18:36:37.580 [main] FetchStyleLoadPlanBuildingAssociationVisitationStrategy - Building LoadPlan...
[DEBUG] 2018-02-13 18:36:37.580 [main] LoadQueryJoinAndFetchProcessor - processing queryspace <gen:0>
[DEBUG] 2018-02-13 18:36:37.581 [main] LoadPlanTreePrinter - LoadPlan(entity=edu.matc.entity.User)
    - Returns
       - EntityReturnImpl(entity=edu.matc.entity.User, querySpaceUid=<gen:0>, path=edu.matc.entity.User)
    - QuerySpaces
       - EntityQuerySpaceImpl(uid=<gen:0>, entity=edu.matc.entity.User)
          - SQL table alias mapping - user0_
          - alias suffix - 0_
          - suffixed key columns - {userId1_0_0_}

[DEBUG] 2018-02-13 18:36:37.581 [main] EntityLoader - Static select for entity edu.matc.entity.User [PESSIMISTIC_WRITE]: select user0_.userId as userId1_0_0_, user0_.createDate as createDa2_0_0_, user0_.email as email3_0_0_, user0_.firstName as firstNam4_0_0_, user0_.lastName as lastName5_0_0_, user0_.password as password6_0_0_, user0_.updateDate as updateDa7_0_0_, user0_.userName as userName8_0_0_ from user user0_ where user0_.userId=? for update
[DEBUG] 2018-02-13 18:36:37.581 [main] QuerySpacesImpl - Adding QuerySpace : uid = <gen:0> -> org.hibernate.loader.plan.build.internal.spaces.EntityQuerySpaceImpl@64d43929]
[DEBUG] 2018-02-13 18:36:37.581 [main] MetamodelGraphWalker - Visiting attribute path : createDate
[DEBUG] 2018-02-13 18:36:37.581 [main] MetamodelGraphWalker - Visiting attribute path : email
[DEBUG] 2018-02-13 18:36:37.581 [main] MetamodelGraphWalker - Visiting attribute path : firstName
[DEBUG] 2018-02-13 18:36:37.581 [main] MetamodelGraphWalker - Visiting attribute path : lastName
[DEBUG] 2018-02-13 18:36:37.581 [main] MetamodelGraphWalker - Visiting attribute path : password
[DEBUG] 2018-02-13 18:36:37.582 [main] MetamodelGraphWalker - Visiting attribute path : updateDate
[DEBUG] 2018-02-13 18:36:37.582 [main] MetamodelGraphWalker - Visiting attribute path : userName
[DEBUG] 2018-02-13 18:36:37.582 [main] FetchStyleLoadPlanBuildingAssociationVisitationStrategy - Building LoadPlan...
[DEBUG] 2018-02-13 18:36:37.582 [main] LoadQueryJoinAndFetchProcessor - processing queryspace <gen:0>
[DEBUG] 2018-02-13 18:36:37.582 [main] LoadPlanTreePrinter - LoadPlan(entity=edu.matc.entity.User)
    - Returns
       - EntityReturnImpl(entity=edu.matc.entity.User, querySpaceUid=<gen:0>, path=edu.matc.entity.User)
    - QuerySpaces
       - EntityQuerySpaceImpl(uid=<gen:0>, entity=edu.matc.entity.User)
          - SQL table alias mapping - user0_
          - alias suffix - 0_
          - suffixed key columns - {userId1_0_0_}

[DEBUG] 2018-02-13 18:36:37.582 [main] EntityLoader - Static select for entity edu.matc.entity.User [PESSIMISTIC_FORCE_INCREMENT]: select user0_.userId as userId1_0_0_, user0_.createDate as createDa2_0_0_, user0_.email as email3_0_0_, user0_.firstName as firstNam4_0_0_, user0_.lastName as lastName5_0_0_, user0_.password as password6_0_0_, user0_.updateDate as updateDa7_0_0_, user0_.userName as userName8_0_0_ from user user0_ where user0_.userId=? for update
[DEBUG] 2018-02-13 18:36:37.582 [main] QuerySpacesImpl - Adding QuerySpace : uid = <gen:0> -> org.hibernate.loader.plan.build.internal.spaces.EntityQuerySpaceImpl@437ebf59]
[DEBUG] 2018-02-13 18:36:37.583 [main] MetamodelGraphWalker - Visiting attribute path : createDate
[DEBUG] 2018-02-13 18:36:37.583 [main] MetamodelGraphWalker - Visiting attribute path : email
[DEBUG] 2018-02-13 18:36:37.583 [main] MetamodelGraphWalker - Visiting attribute path : firstName
[DEBUG] 2018-02-13 18:36:37.583 [main] MetamodelGraphWalker - Visiting attribute path : lastName
[DEBUG] 2018-02-13 18:36:37.583 [main] MetamodelGraphWalker - Visiting attribute path : password
[DEBUG] 2018-02-13 18:36:37.583 [main] MetamodelGraphWalker - Visiting attribute path : updateDate
[DEBUG] 2018-02-13 18:36:37.583 [main] MetamodelGraphWalker - Visiting attribute path : userName
[DEBUG] 2018-02-13 18:36:37.583 [main] FetchStyleLoadPlanBuildingAssociationVisitationStrategy - Building LoadPlan...
[DEBUG] 2018-02-13 18:36:37.583 [main] LoadQueryJoinAndFetchProcessor - processing queryspace <gen:0>
[DEBUG] 2018-02-13 18:36:37.584 [main] LoadPlanTreePrinter - LoadPlan(entity=edu.matc.entity.User)
    - Returns
       - EntityReturnImpl(entity=edu.matc.entity.User, querySpaceUid=<gen:0>, path=edu.matc.entity.User)
    - QuerySpaces
       - EntityQuerySpaceImpl(uid=<gen:0>, entity=edu.matc.entity.User)
          - SQL table alias mapping - user0_
          - alias suffix - 0_
          - suffixed key columns - {userId1_0_0_}

[DEBUG] 2018-02-13 18:36:37.584 [main] EntityLoader - Static select for entity edu.matc.entity.User [OPTIMISTIC]: select user0_.userId as userId1_0_0_, user0_.createDate as createDa2_0_0_, user0_.email as email3_0_0_, user0_.firstName as firstNam4_0_0_, user0_.lastName as lastName5_0_0_, user0_.password as password6_0_0_, user0_.updateDate as updateDa7_0_0_, user0_.userName as userName8_0_0_ from user user0_ where user0_.userId=?
[DEBUG] 2018-02-13 18:36:37.584 [main] QuerySpacesImpl - Adding QuerySpace : uid = <gen:0> -> org.hibernate.loader.plan.build.internal.spaces.EntityQuerySpaceImpl@410e94e]
[DEBUG] 2018-02-13 18:36:37.584 [main] MetamodelGraphWalker - Visiting attribute path : createDate
[DEBUG] 2018-02-13 18:36:37.584 [main] MetamodelGraphWalker - Visiting attribute path : email
[DEBUG] 2018-02-13 18:36:37.584 [main] MetamodelGraphWalker - Visiting attribute path : firstName
[DEBUG] 2018-02-13 18:36:37.584 [main] MetamodelGraphWalker - Visiting attribute path : lastName
[DEBUG] 2018-02-13 18:36:37.584 [main] MetamodelGraphWalker - Visiting attribute path : password
[DEBUG] 2018-02-13 18:36:37.584 [main] MetamodelGraphWalker - Visiting attribute path : updateDate
[DEBUG] 2018-02-13 18:36:37.585 [main] MetamodelGraphWalker - Visiting attribute path : userName
[DEBUG] 2018-02-13 18:36:37.585 [main] FetchStyleLoadPlanBuildingAssociationVisitationStrategy - Building LoadPlan...
[DEBUG] 2018-02-13 18:36:37.585 [main] LoadQueryJoinAndFetchProcessor - processing queryspace <gen:0>
[DEBUG] 2018-02-13 18:36:37.585 [main] LoadPlanTreePrinter - LoadPlan(entity=edu.matc.entity.User)
    - Returns
       - EntityReturnImpl(entity=edu.matc.entity.User, querySpaceUid=<gen:0>, path=edu.matc.entity.User)
    - QuerySpaces
       - EntityQuerySpaceImpl(uid=<gen:0>, entity=edu.matc.entity.User)
          - SQL table alias mapping - user0_
          - alias suffix - 0_
          - suffixed key columns - {userId1_0_0_}

[DEBUG] 2018-02-13 18:36:37.585 [main] EntityLoader - Static select for entity edu.matc.entity.User [OPTIMISTIC_FORCE_INCREMENT]: select user0_.userId as userId1_0_0_, user0_.createDate as createDa2_0_0_, user0_.email as email3_0_0_, user0_.firstName as firstNam4_0_0_, user0_.lastName as lastName5_0_0_, user0_.password as password6_0_0_, user0_.updateDate as updateDa7_0_0_, user0_.userName as userName8_0_0_ from user user0_ where user0_.userId=?
[DEBUG] 2018-02-13 18:36:37.610 [main] Loader - Static select for action ACTION_MERGE on entity edu.matc.entity.User: select user0_.userId as userId1_0_0_, user0_.createDate as createDa2_0_0_, user0_.email as email3_0_0_, user0_.firstName as firstNam4_0_0_, user0_.lastName as lastName5_0_0_, user0_.password as password6_0_0_, user0_.updateDate as updateDa7_0_0_, user0_.userName as userName8_0_0_ from user user0_ where user0_.userId=?
[DEBUG] 2018-02-13 18:36:37.611 [main] Loader - Static select for action ACTION_REFRESH on entity edu.matc.entity.User: select user0_.userId as userId1_0_0_, user0_.createDate as createDa2_0_0_, user0_.email as email3_0_0_, user0_.firstName as firstNam4_0_0_, user0_.lastName as lastName5_0_0_, user0_.password as password6_0_0_, user0_.updateDate as updateDa7_0_0_, user0_.userName as userName8_0_0_ from user user0_ where user0_.userId=?
[DEBUG] 2018-02-13 18:36:37.646 [main] SchemaManagementToolCoordinator - No actions specified; doing nothing
[DEBUG] 2018-02-13 18:36:37.646 [main] JtaPlatformInitiator - No JtaPlatform was specified, checking resolver
[DEBUG] 2018-02-13 18:36:37.646 [main] JtaPlatformResolverInitiator - No JtaPlatformResolver was specified, using default [org.hibernate.engine.transaction.jta.platform.internal.StandardJtaPlatformResolver]
[DEBUG] 2018-02-13 18:36:37.653 [main] StandardJtaPlatformResolver - Could not resolve JtaPlatform, using default [org.hibernate.engine.transaction.jta.platform.internal.NoJtaPlatform]
[DEBUG] 2018-02-13 18:36:37.654 [main] NamedQueryRepository - Checking 0 named HQL queries
[DEBUG] 2018-02-13 18:36:37.655 [main] NamedQueryRepository - Checking 0 named SQL queries
[DEBUG] 2018-02-13 18:36:37.657 [main] SessionFactoryRegistry - Initializing SessionFactoryRegistry : org.hibernate.internal.SessionFactoryRegistry@607b2792
[DEBUG] 2018-02-13 18:36:37.661 [main] SessionFactoryRegistry - Registering SessionFactory: e24fa19f-12ea-4d95-b2c1-7487d28b8e50 (<unnamed>)
[DEBUG] 2018-02-13 18:36:37.661 [main] SessionFactoryRegistry - Not binding SessionFactory to JNDI, no JNDI name configured
[DEBUG] 2018-02-13 18:36:37.838 [main] StatisticsInitiator - Statistics initialized [enabled=false]
[DEBUG] 2018-02-13 18:36:37.857 [main] SQL - select user0_.userId as userId1_0_0_, user0_.createDate as createDa2_0_0_, user0_.email as email3_0_0_, user0_.firstName as firstNam4_0_0_, user0_.lastName as lastName5_0_0_, user0_.password as password6_0_0_, user0_.updateDate as updateDa7_0_0_, user0_.userName as userName8_0_0_ from user user0_ where user0_.userId=?
[DEBUG] 2018-02-13 18:36:37.968 [main] ResultSetProcessorImpl - Starting ResultSet row #0
[DEBUG] 2018-02-13 18:36:37.970 [main] EntityReferenceInitializerImpl - On call to EntityIdentifierReaderImpl#resolve, EntityKey was already known; should only happen on root returns with an optional identifier specified
[DEBUG] 2018-02-13 18:36:37.987 [main] TwoPhaseLoad - Resolving associations for [edu.matc.entity.User#3]
[DEBUG] 2018-02-13 18:36:37.995 [main] TwoPhaseLoad - Done materializing entity [edu.matc.entity.User#3]
[DEBUG] 2018-02-13 18:36:37.995 [main] ResourceRegistryStandardImpl - HHH000387: ResultSet's statement was not registered
[DEBUG] 2018-02-13 18:36:37.996 [main] AbstractLoadPlanBasedEntityLoader - Done entity load : edu.matc.entity.User#3
[DEBUG] 2018-02-13 18:36:37.997 [main] LogicalConnectionManagedImpl - Initiating JDBC connection release from afterTransaction
[DEBUG] 2018-02-13 18:36:38.003 [main] TransactionImpl - begin
[DEBUG] 2018-02-13 18:36:38.019 [main] TransactionImpl - committing
[DEBUG] 2018-02-13 18:36:38.020 [main] AbstractFlushingEventListener - Processing flush-time cascades
[DEBUG] 2018-02-13 18:36:38.020 [main] AbstractFlushingEventListener - Dirty checking collections
[DEBUG] 2018-02-13 18:36:38.025 [main] AbstractFlushingEventListener - Flushed: 0 insertions, 0 updates, 1 deletions to 1 objects
[DEBUG] 2018-02-13 18:36:38.025 [main] AbstractFlushingEventListener - Flushed: 0 (re)creations, 0 updates, 0 removals to 0 collections
[DEBUG] 2018-02-13 18:36:38.026 [main] EntityPrinter - Listing entities:
[DEBUG] 2018-02-13 18:36:38.027 [main] EntityPrinter - edu.matc.entity.User{firstName=Barney, lastName=Curry, password=supersecret3, updateDate=2018-02-13 18:36:37.0, UserId=3, userName=bcurry, email=bcurry@yahoo.com, createDate=2018-02-13 18:36:37.0}
[DEBUG] 2018-02-13 18:36:38.037 [main] SQL - delete from user where userId=?
[DEBUG] 2018-02-13 18:36:38.042 [main] LogicalConnectionManagedImpl - Initiating JDBC connection release from afterTransaction
[DEBUG] 2018-02-13 18:36:38.043 [main] LogicalConnectionManagedImpl - Initiating JDBC connection release from afterTransaction
[DEBUG] 2018-02-13 18:36:38.043 [main] JdbcCoordinatorImpl - HHH000420: Closing un-released batch
[DEBUG] 2018-02-13 18:36:38.043 [main] SQL - select user0_.userId as userId1_0_0_, user0_.createDate as createDa2_0_0_, user0_.email as email3_0_0_, user0_.firstName as firstNam4_0_0_, user0_.lastName as lastName5_0_0_, user0_.password as password6_0_0_, user0_.updateDate as updateDa7_0_0_, user0_.userName as userName8_0_0_ from user user0_ where user0_.userId=?
[DEBUG] 2018-02-13 18:36:38.046 [main] ResourceRegistryStandardImpl - HHH000387: ResultSet's statement was not registered
[DEBUG] 2018-02-13 18:36:38.046 [main] AbstractLoadPlanBasedEntityLoader - Done entity load : edu.matc.entity.User#3
[DEBUG] 2018-02-13 18:36:38.046 [main] LogicalConnectionManagedImpl - Initiating JDBC connection release from afterTransaction
[DEBUG] 2018-02-13 18:36:38.140 [main] CriteriaQueryImpl - Rendered criteria query -> select generatedAlias0 from User as generatedAlias0 where generatedAlias0.lastName like :param0
[DEBUG] 2018-02-13 18:36:38.170 [main] QueryTranslatorFactoryInitiator - QueryTranslatorFactory : org.hibernate.hql.internal.ast.ASTQueryTranslatorFactory@3c89bb12
[INFO ] 2018-02-13 18:36:38.170 [main] QueryTranslatorFactoryInitiator - HHH000397: Using ASTQueryTranslatorFactory
[DEBUG] 2018-02-13 18:36:38.237 [main] QueryTranslatorImpl - parse() - HQL: select generatedAlias0 from edu.matc.entity.User as generatedAlias0 where generatedAlias0.lastName like :param0
[DEBUG] 2018-02-13 18:36:38.248 [main] ErrorCounter - throwQueryException() : no errors
[DEBUG] 2018-02-13 18:36:38.252 [main] QueryTranslatorImpl - --- HQL AST ---
 \-[QUERY] Node: 'query'
    +-[SELECT_FROM] Node: 'SELECT_FROM'
    |  +-[FROM] Node: 'from'
    |  |  \-[RANGE] Node: 'RANGE'
    |  |     +-[DOT] Node: '.'
    |  |     |  +-[DOT] Node: '.'
    |  |     |  |  +-[DOT] Node: '.'
    |  |     |  |  |  +-[IDENT] Node: 'edu'
    |  |     |  |  |  \-[IDENT] Node: 'matc'
    |  |     |  |  \-[IDENT] Node: 'entity'
    |  |     |  \-[IDENT] Node: 'User'
    |  |     \-[ALIAS] Node: 'generatedAlias0'
    |  \-[SELECT] Node: 'select'
    |     \-[IDENT] Node: 'generatedAlias0'
    \-[WHERE] Node: 'where'
       \-[LIKE] Node: 'like'
          +-[DOT] Node: '.'
          |  +-[IDENT] Node: 'generatedAlias0'
          |  \-[IDENT] Node: 'lastName'
          \-[COLON] Node: ':'
             \-[IDENT] Node: 'param0'

[DEBUG] 2018-02-13 18:36:38.290 [main] HqlSqlBaseWalker - select << begin [level=1, statement=select]
[DEBUG] 2018-02-13 18:36:38.316 [main] FromElement - FromClause{level=1} : edu.matc.entity.User (generatedAlias0) -> user0_
[DEBUG] 2018-02-13 18:36:38.318 [main] FromReferenceNode - Resolved : generatedAlias0 -> user0_.userId
[DEBUG] 2018-02-13 18:36:38.322 [main] FromReferenceNode - Resolved : generatedAlias0 -> user0_.userId
[DEBUG] 2018-02-13 18:36:38.324 [main] DotNode - getDataType() : lastName -> org.hibernate.type.StringType@4bc222e
[DEBUG] 2018-02-13 18:36:38.325 [main] FromReferenceNode - Resolved : generatedAlias0.lastName -> user0_.lastName
[DEBUG] 2018-02-13 18:36:38.327 [main] HqlSqlBaseWalker - select : finishing up [level=1, statement=select]
[DEBUG] 2018-02-13 18:36:38.328 [main] HqlSqlWalker - processQuery() :  ( SELECT ( {select clause} user0_.userId ) ( FromClause{level=1} user user0_ ) ( where ( like ( user0_.lastName user0_.userId lastName ) ? ) ) )
[DEBUG] 2018-02-13 18:36:38.343 [main] JoinProcessor - Using FROM fragment [user user0_]
[DEBUG] 2018-02-13 18:36:38.344 [main] HqlSqlBaseWalker - select >> end [level=1, statement=select]
[DEBUG] 2018-02-13 18:36:38.345 [main] QueryTranslatorImpl - --- SQL AST ---
 \-[SELECT] QueryNode: 'SELECT'  querySpaces (user)
    +-[SELECT_CLAUSE] SelectClause: '{select clause}'
    |  +-[ALIAS_REF] IdentNode: 'user0_.userId as userId1_0_' {alias=generatedAlias0, className=edu.matc.entity.User, tableAlias=user0_}
    |  \-[SQL_TOKEN] SqlFragment: 'user0_.createDate as createDa2_0_, user0_.email as email3_0_, user0_.firstName as firstNam4_0_, user0_.lastName as lastName5_0_, user0_.password as password6_0_, user0_.updateDate as updateDa7_0_, user0_.userName as userName8_0_'
    +-[FROM] FromClause: 'from' FromClause{level=1, fromElementCounter=1, fromElements=1, fromElementByClassAlias=[generatedAlias0], fromElementByTableAlias=[user0_], fromElementsByPath=[], collectionJoinFromElementsByPath=[], impliedElements=[]}
    |  \-[FROM_FRAGMENT] FromElement: 'user user0_' FromElement{explicit,not a collection join,not a fetch join,fetch non-lazy properties,classAlias=generatedAlias0,role=null,tableName=user,tableAlias=user0_,origin=null,columns={,className=edu.matc.entity.User}}
    \-[WHERE] SqlNode: 'where'
       \-[LIKE] BinaryLogicOperatorNode: 'like'
          +-[DOT] DotNode: 'user0_.lastName' {propertyName=lastName,dereferenceType=PRIMITIVE,getPropertyPath=lastName,path=generatedAlias0.lastName,tableAlias=user0_,className=edu.matc.entity.User,classAlias=generatedAlias0}
          |  +-[ALIAS_REF] IdentNode: 'user0_.userId' {alias=generatedAlias0, className=edu.matc.entity.User, tableAlias=user0_}
          |  \-[IDENT] IdentNode: 'lastName' {originalText=lastName}
          \-[NAMED_PARAM] ParameterNode: '?' {name=param0, expectedType=org.hibernate.type.StringType@4bc222e}

[DEBUG] 2018-02-13 18:36:38.346 [main] ErrorCounter - throwQueryException() : no errors
[DEBUG] 2018-02-13 18:36:38.357 [main] QueryTranslatorImpl - HQL: select generatedAlias0 from edu.matc.entity.User as generatedAlias0 where generatedAlias0.lastName like :param0
[DEBUG] 2018-02-13 18:36:38.357 [main] QueryTranslatorImpl - SQL: select user0_.userId as userId1_0_, user0_.createDate as createDa2_0_, user0_.email as email3_0_, user0_.firstName as firstNam4_0_, user0_.lastName as lastName5_0_, user0_.password as password6_0_, user0_.updateDate as updateDa7_0_, user0_.userName as userName8_0_ from user user0_ where user0_.lastName like ?
[DEBUG] 2018-02-13 18:36:38.357 [main] ErrorCounter - throwQueryException() : no errors
[DEBUG] 2018-02-13 18:36:38.581 [main] SQL - select user0_.userId as userId1_0_, user0_.createDate as createDa2_0_, user0_.email as email3_0_, user0_.firstName as firstNam4_0_, user0_.lastName as lastName5_0_, user0_.password as password6_0_, user0_.updateDate as updateDa7_0_, user0_.userName as userName8_0_ from user user0_ where user0_.lastName like ?
[DEBUG] 2018-02-13 18:36:38.585 [main] Loader - Result set row: 0
[DEBUG] 2018-02-13 18:36:38.586 [main] Loader - Result row: EntityKey[edu.matc.entity.User#3]
[DEBUG] 2018-02-13 18:36:38.587 [main] TwoPhaseLoad - Resolving associations for [edu.matc.entity.User#3]
[DEBUG] 2018-02-13 18:36:38.587 [main] TwoPhaseLoad - Done materializing entity [edu.matc.entity.User#3]
[DEBUG] 2018-02-13 18:36:38.590 [main] LogicalConnectionManagedImpl - Initiating JDBC connection release from afterTransaction
[DEBUG] 2018-02-13 18:36:38.624 [main] CriteriaQueryImpl - Rendered criteria query -> select generatedAlias0 from User as generatedAlias0 where generatedAlias0.lastName like :param0
[DEBUG] 2018-02-13 18:36:38.625 [main] SQL - select user0_.userId as userId1_0_, user0_.createDate as createDa2_0_, user0_.email as email3_0_, user0_.firstName as firstNam4_0_, user0_.lastName as lastName5_0_, user0_.password as password6_0_, user0_.updateDate as updateDa7_0_, user0_.userName as userName8_0_ from user user0_ where user0_.lastName like ?
[DEBUG] 2018-02-13 18:36:38.626 [main] Loader - Result set row: 0
[DEBUG] 2018-02-13 18:36:38.627 [main] Loader - Result row: EntityKey[edu.matc.entity.User#1]
[DEBUG] 2018-02-13 18:36:38.627 [main] Loader - Result set row: 1
[DEBUG] 2018-02-13 18:36:38.627 [main] Loader - Result row: EntityKey[edu.matc.entity.User#3]
[DEBUG] 2018-02-13 18:36:38.627 [main] Loader - Result set row: 2
[DEBUG] 2018-02-13 18:36:38.628 [main] Loader - Result row: EntityKey[edu.matc.entity.User#4]
[DEBUG] 2018-02-13 18:36:38.628 [main] TwoPhaseLoad - Resolving associations for [edu.matc.entity.User#1]
[DEBUG] 2018-02-13 18:36:38.628 [main] TwoPhaseLoad - Done materializing entity [edu.matc.entity.User#1]
[DEBUG] 2018-02-13 18:36:38.628 [main] TwoPhaseLoad - Resolving associations for [edu.matc.entity.User#3]
[DEBUG] 2018-02-13 18:36:38.628 [main] TwoPhaseLoad - Done materializing entity [edu.matc.entity.User#3]
[DEBUG] 2018-02-13 18:36:38.628 [main] TwoPhaseLoad - Resolving associations for [edu.matc.entity.User#4]
[DEBUG] 2018-02-13 18:36:38.629 [main] TwoPhaseLoad - Done materializing entity [edu.matc.entity.User#4]
[DEBUG] 2018-02-13 18:36:38.629 [main] LogicalConnectionManagedImpl - Initiating JDBC connection release from afterTransaction
[DEBUG] 2018-02-13 18:36:38.641 [main] SQL - select user0_.userId as userId1_0_0_, user0_.createDate as createDa2_0_0_, user0_.email as email3_0_0_, user0_.firstName as firstNam4_0_0_, user0_.lastName as lastName5_0_0_, user0_.password as password6_0_0_, user0_.updateDate as updateDa7_0_0_, user0_.userName as userName8_0_0_ from user user0_ where user0_.userId=?
[DEBUG] 2018-02-13 18:36:38.643 [main] ResultSetProcessorImpl - Starting ResultSet row #0
[DEBUG] 2018-02-13 18:36:38.643 [main] EntityReferenceInitializerImpl - On call to EntityIdentifierReaderImpl#resolve, EntityKey was already known; should only happen on root returns with an optional identifier specified
[DEBUG] 2018-02-13 18:36:38.644 [main] TwoPhaseLoad - Resolving associations for [edu.matc.entity.User#3]
[DEBUG] 2018-02-13 18:36:38.644 [main] TwoPhaseLoad - Done materializing entity [edu.matc.entity.User#3]
[DEBUG] 2018-02-13 18:36:38.645 [main] ResourceRegistryStandardImpl - HHH000387: ResultSet's statement was not registered
[DEBUG] 2018-02-13 18:36:38.645 [main] AbstractLoadPlanBasedEntityLoader - Done entity load : edu.matc.entity.User#3
[DEBUG] 2018-02-13 18:36:38.645 [main] LogicalConnectionManagedImpl - Initiating JDBC connection release from afterTransaction
[DEBUG] 2018-02-13 18:36:38.659 [main] SQL - select user0_.userId as userId1_0_0_, user0_.createDate as createDa2_0_0_, user0_.email as email3_0_0_, user0_.firstName as firstNam4_0_0_, user0_.lastName as lastName5_0_0_, user0_.password as password6_0_0_, user0_.updateDate as updateDa7_0_0_, user0_.userName as userName8_0_0_ from user user0_ where user0_.userId=?
[DEBUG] 2018-02-13 18:36:38.664 [main] ResultSetProcessorImpl - Starting ResultSet row #0
[DEBUG] 2018-02-13 18:36:38.664 [main] EntityReferenceInitializerImpl - On call to EntityIdentifierReaderImpl#resolve, EntityKey was already known; should only happen on root returns with an optional identifier specified
[DEBUG] 2018-02-13 18:36:38.666 [main] TwoPhaseLoad - Resolving associations for [edu.matc.entity.User#3]
[DEBUG] 2018-02-13 18:36:38.666 [main] TwoPhaseLoad - Done materializing entity [edu.matc.entity.User#3]
[DEBUG] 2018-02-13 18:36:38.666 [main] ResourceRegistryStandardImpl - HHH000387: ResultSet's statement was not registered
[DEBUG] 2018-02-13 18:36:38.666 [main] AbstractLoadPlanBasedEntityLoader - Done entity load : edu.matc.entity.User#3
[DEBUG] 2018-02-13 18:36:38.666 [main] LogicalConnectionManagedImpl - Initiating JDBC connection release from afterTransaction
[DEBUG] 2018-02-13 18:36:38.670 [main] SQL - select user0_.userId as userId1_0_0_, user0_.createDate as createDa2_0_0_, user0_.email as email3_0_0_, user0_.firstName as firstNam4_0_0_, user0_.lastName as lastName5_0_0_, user0_.password as password6_0_0_, user0_.updateDate as updateDa7_0_0_, user0_.userName as userName8_0_0_ from user user0_ where user0_.userId=?
[DEBUG] 2018-02-13 18:36:38.671 [main] ResultSetProcessorImpl - Starting ResultSet row #0
[DEBUG] 2018-02-13 18:36:38.671 [main] EntityReferenceInitializerImpl - On call to EntityIdentifierReaderImpl#resolve, EntityKey was already known; should only happen on root returns with an optional identifier specified
[DEBUG] 2018-02-13 18:36:38.672 [main] TwoPhaseLoad - Resolving associations for [edu.matc.entity.User#3]
[DEBUG] 2018-02-13 18:36:38.672 [main] TwoPhaseLoad - Done materializing entity [edu.matc.entity.User#3]
[DEBUG] 2018-02-13 18:36:38.673 [main] ResourceRegistryStandardImpl - HHH000387: ResultSet's statement was not registered
[DEBUG] 2018-02-13 18:36:38.673 [main] AbstractLoadPlanBasedEntityLoader - Done entity load : edu.matc.entity.User#3
[DEBUG] 2018-02-13 18:36:38.673 [main] LogicalConnectionManagedImpl - Initiating JDBC connection release from afterTransaction
[DEBUG] 2018-02-13 18:36:38.690 [main] CriteriaQueryImpl - Rendered criteria query -> select generatedAlias0 from User as generatedAlias0
[DEBUG] 2018-02-13 18:36:38.691 [main] QueryTranslatorImpl - parse() - HQL: select generatedAlias0 from edu.matc.entity.User as generatedAlias0
[DEBUG] 2018-02-13 18:36:38.692 [main] ErrorCounter - throwQueryException() : no errors
[DEBUG] 2018-02-13 18:36:38.692 [main] QueryTranslatorImpl - --- HQL AST ---
 \-[QUERY] Node: 'query'
    \-[SELECT_FROM] Node: 'SELECT_FROM'
       +-[FROM] Node: 'from'
       |  \-[RANGE] Node: 'RANGE'
       |     +-[DOT] Node: '.'
       |     |  +-[DOT] Node: '.'
       |     |  |  +-[DOT] Node: '.'
       |     |  |  |  +-[IDENT] Node: 'edu'
       |     |  |  |  \-[IDENT] Node: 'matc'
       |     |  |  \-[IDENT] Node: 'entity'
       |     |  \-[IDENT] Node: 'User'
       |     \-[ALIAS] Node: 'generatedAlias0'
       \-[SELECT] Node: 'select'
          \-[IDENT] Node: 'generatedAlias0'

[DEBUG] 2018-02-13 18:36:38.693 [main] HqlSqlBaseWalker - select << begin [level=1, statement=select]
[DEBUG] 2018-02-13 18:36:38.693 [main] FromElement - FromClause{level=1} : edu.matc.entity.User (generatedAlias0) -> user0_
[DEBUG] 2018-02-13 18:36:38.693 [main] FromReferenceNode - Resolved : generatedAlias0 -> user0_.userId
[DEBUG] 2018-02-13 18:36:38.694 [main] HqlSqlBaseWalker - select : finishing up [level=1, statement=select]
[DEBUG] 2018-02-13 18:36:38.694 [main] HqlSqlWalker - processQuery() :  ( SELECT ( {select clause} user0_.userId ) ( FromClause{level=1} user user0_ ) )
[DEBUG] 2018-02-13 18:36:38.694 [main] JoinProcessor - Using FROM fragment [user user0_]
[DEBUG] 2018-02-13 18:36:38.694 [main] HqlSqlBaseWalker - select >> end [level=1, statement=select]
[DEBUG] 2018-02-13 18:36:38.694 [main] QueryTranslatorImpl - --- SQL AST ---
 \-[SELECT] QueryNode: 'SELECT'  querySpaces (user)
    +-[SELECT_CLAUSE] SelectClause: '{select clause}'
    |  +-[ALIAS_REF] IdentNode: 'user0_.userId as userId1_0_' {alias=generatedAlias0, className=edu.matc.entity.User, tableAlias=user0_}
    |  \-[SQL_TOKEN] SqlFragment: 'user0_.createDate as createDa2_0_, user0_.email as email3_0_, user0_.firstName as firstNam4_0_, user0_.lastName as lastName5_0_, user0_.password as password6_0_, user0_.updateDate as updateDa7_0_, user0_.userName as userName8_0_'
    \-[FROM] FromClause: 'from' FromClause{level=1, fromElementCounter=1, fromElements=1, fromElementByClassAlias=[generatedAlias0], fromElementByTableAlias=[user0_], fromElementsByPath=[], collectionJoinFromElementsByPath=[], impliedElements=[]}
       \-[FROM_FRAGMENT] FromElement: 'user user0_' FromElement{explicit,not a collection join,not a fetch join,fetch non-lazy properties,classAlias=generatedAlias0,role=null,tableName=user,tableAlias=user0_,origin=null,columns={,className=edu.matc.entity.User}}

[DEBUG] 2018-02-13 18:36:38.694 [main] ErrorCounter - throwQueryException() : no errors
[DEBUG] 2018-02-13 18:36:38.695 [main] QueryTranslatorImpl - HQL: select generatedAlias0 from edu.matc.entity.User as generatedAlias0
[DEBUG] 2018-02-13 18:36:38.695 [main] QueryTranslatorImpl - SQL: select user0_.userId as userId1_0_, user0_.createDate as createDa2_0_, user0_.email as email3_0_, user0_.firstName as firstNam4_0_, user0_.lastName as lastName5_0_, user0_.password as password6_0_, user0_.updateDate as updateDa7_0_, user0_.userName as userName8_0_ from user user0_
[DEBUG] 2018-02-13 18:36:38.695 [main] ErrorCounter - throwQueryException() : no errors
[DEBUG] 2018-02-13 18:36:38.695 [main] SQL - select user0_.userId as userId1_0_, user0_.createDate as createDa2_0_, user0_.email as email3_0_, user0_.firstName as firstNam4_0_, user0_.lastName as lastName5_0_, user0_.password as password6_0_, user0_.updateDate as updateDa7_0_, user0_.userName as userName8_0_ from user user0_
[DEBUG] 2018-02-13 18:36:38.698 [main] Loader - Result set row: 0
[DEBUG] 2018-02-13 18:36:38.698 [main] Loader - Result row: EntityKey[edu.matc.entity.User#1]
[DEBUG] 2018-02-13 18:36:38.699 [main] Loader - Result set row: 1
[DEBUG] 2018-02-13 18:36:38.699 [main] Loader - Result row: EntityKey[edu.matc.entity.User#2]
[DEBUG] 2018-02-13 18:36:38.699 [main] Loader - Result set row: 2
[DEBUG] 2018-02-13 18:36:38.700 [main] Loader - Result row: EntityKey[edu.matc.entity.User#3]
[DEBUG] 2018-02-13 18:36:38.700 [main] Loader - Result set row: 3
[DEBUG] 2018-02-13 18:36:38.701 [main] Loader - Result row: EntityKey[edu.matc.entity.User#4]
[DEBUG] 2018-02-13 18:36:38.701 [main] Loader - Result set row: 4
[DEBUG] 2018-02-13 18:36:38.701 [main] Loader - Result row: EntityKey[edu.matc.entity.User#5]
[DEBUG] 2018-02-13 18:36:38.701 [main] Loader - Result set row: 5
[DEBUG] 2018-02-13 18:36:38.701 [main] Loader - Result row: EntityKey[edu.matc.entity.User#6]
[DEBUG] 2018-02-13 18:36:38.702 [main] TwoPhaseLoad - Resolving associations for [edu.matc.entity.User#1]
[DEBUG] 2018-02-13 18:36:38.702 [main] TwoPhaseLoad - Done materializing entity [edu.matc.entity.User#1]
[DEBUG] 2018-02-13 18:36:38.702 [main] TwoPhaseLoad - Resolving associations for [edu.matc.entity.User#2]
[DEBUG] 2018-02-13 18:36:38.702 [main] TwoPhaseLoad - Done materializing entity [edu.matc.entity.User#2]
[DEBUG] 2018-02-13 18:36:38.702 [main] TwoPhaseLoad - Resolving associations for [edu.matc.entity.User#3]
[DEBUG] 2018-02-13 18:36:38.702 [main] TwoPhaseLoad - Done materializing entity [edu.matc.entity.User#3]
[DEBUG] 2018-02-13 18:36:38.702 [main] TwoPhaseLoad - Resolving associations for [edu.matc.entity.User#4]
[DEBUG] 2018-02-13 18:36:38.702 [main] TwoPhaseLoad - Done materializing entity [edu.matc.entity.User#4]
[DEBUG] 2018-02-13 18:36:38.702 [main] TwoPhaseLoad - Resolving associations for [edu.matc.entity.User#5]
[DEBUG] 2018-02-13 18:36:38.703 [main] TwoPhaseLoad - Done materializing entity [edu.matc.entity.User#5]
[DEBUG] 2018-02-13 18:36:38.703 [main] TwoPhaseLoad - Resolving associations for [edu.matc.entity.User#6]
[DEBUG] 2018-02-13 18:36:38.703 [main] TwoPhaseLoad - Done materializing entity [edu.matc.entity.User#6]
[DEBUG] 2018-02-13 18:36:38.703 [main] LogicalConnectionManagedImpl - Initiating JDBC connection release from afterTransaction
[DEBUG] 2018-02-13 18:36:38.717 [main] TransactionImpl - begin
[DEBUG] 2018-02-13 18:36:38.722 [main] ActionQueue - Executing identity-insert immediately
[DEBUG] 2018-02-13 18:36:38.723 [main] SQL - insert into user (createDate, email, firstName, lastName, password, updateDate, userName) values (?, ?, ?, ?, ?, ?, ?)
[DEBUG] 2018-02-13 18:36:38.730 [main] IdentifierGeneratorHelper - Natively generated identity: 38
[DEBUG] 2018-02-13 18:36:38.730 [main] ResourceRegistryStandardImpl - HHH000387: ResultSet's statement was not registered
[DEBUG] 2018-02-13 18:36:38.732 [main] TransactionImpl - committing
[DEBUG] 2018-02-13 18:36:38.733 [main] AbstractFlushingEventListener - Processing flush-time cascades
[DEBUG] 2018-02-13 18:36:38.733 [main] AbstractFlushingEventListener - Dirty checking collections
[DEBUG] 2018-02-13 18:36:38.733 [main] AbstractFlushingEventListener - Flushed: 0 insertions, 0 updates, 0 deletions to 1 objects
[DEBUG] 2018-02-13 18:36:38.733 [main] AbstractFlushingEventListener - Flushed: 0 (re)creations, 0 updates, 0 removals to 0 collections
[DEBUG] 2018-02-13 18:36:38.733 [main] EntityPrinter - Listing entities:
[DEBUG] 2018-02-13 18:36:38.733 [main] EntityPrinter - edu.matc.entity.User{firstName=Fred, lastName=Flintstone, password=supersecret7, updateDate=2018-02-13 18:36:38.722, UserId=38, userName=fflintstone, email=fflintstone@gmail.com, createDate=2018-02-13 18:36:38.722}
[DEBUG] 2018-02-13 18:36:38.735 [main] LogicalConnectionManagedImpl - Initiating JDBC connection release from afterTransaction
[DEBUG] 2018-02-13 18:36:38.735 [main] LogicalConnectionManagedImpl - Initiating JDBC connection release from afterTransaction
[DEBUG] 2018-02-13 18:36:38.737 [main] SQL - select user0_.userId as userId1_0_0_, user0_.createDate as createDa2_0_0_, user0_.email as email3_0_0_, user0_.firstName as firstNam4_0_0_, user0_.lastName as lastName5_0_0_, user0_.password as password6_0_0_, user0_.updateDate as updateDa7_0_0_, user0_.userName as userName8_0_0_ from user user0_ where user0_.userId=?
[DEBUG] 2018-02-13 18:36:38.739 [main] ResultSetProcessorImpl - Starting ResultSet row #0
[DEBUG] 2018-02-13 18:36:38.739 [main] EntityReferenceInitializerImpl - On call to EntityIdentifierReaderImpl#resolve, EntityKey was already known; should only happen on root returns with an optional identifier specified
[DEBUG] 2018-02-13 18:36:38.741 [main] TwoPhaseLoad - Resolving associations for [edu.matc.entity.User#38]
[DEBUG] 2018-02-13 18:36:38.741 [main] TwoPhaseLoad - Done materializing entity [edu.matc.entity.User#38]
[DEBUG] 2018-02-13 18:36:38.741 [main] ResourceRegistryStandardImpl - HHH000387: ResultSet's statement was not registered
[DEBUG] 2018-02-13 18:36:38.741 [main] AbstractLoadPlanBasedEntityLoader - Done entity load : edu.matc.entity.User#38
[DEBUG] 2018-02-13 18:36:38.741 [main] LogicalConnectionManagedImpl - Initiating JDBC connection release from afterTransaction
