[DEBUG] 2018-02-13 18:56:36.881 [main] IntegratorServiceImpl - Adding Integrator [org.hibernate.cfg.beanvalidation.BeanValidationIntegrator].
[DEBUG] 2018-02-13 18:56:36.898 [main] IntegratorServiceImpl - Adding Integrator [org.hibernate.secure.spi.JaccIntegrator].
[DEBUG] 2018-02-13 18:56:36.916 [main] IntegratorServiceImpl - Adding Integrator [org.hibernate.cache.internal.CollectionCacheInvalidator].
[INFO ] 2018-02-13 18:56:37.083 [main] Version - HHH000412: Hibernate Core {5.2.12.Final}
[INFO ] 2018-02-13 18:56:37.086 [main] Environment - HHH000206: hibernate.properties not found
[DEBUG] 2018-02-13 18:56:37.338 [main] LocalXmlResourceResolver - Interpreting public/system identifier : [-//Hibernate/Hibernate Configuration DTD//EN] - [http://www.hibernate.org/dtd/hibernate-configuration-3.0.dtd]
[DEBUG] 2018-02-13 18:56:37.345 [main] LocalXmlResourceResolver - Recognized hibernate-configuration identifier; attempting to resolve on classpath under org/hibernate/
[DEBUG] 2018-02-13 18:56:37.352 [main] JaxbCfgProcessor - cfg.xml document did not define namespaces; wrapping in custom event reader to introduce namespace information
[DEBUG] 2018-02-13 18:56:37.758 [main] ServiceBinding - Overriding existing service binding [org.hibernate.secure.spi.JaccService]
[DEBUG] 2018-02-13 18:56:37.830 [main] RegionFactoryInitiator - Cache region factory : org.hibernate.cache.internal.NoCachingRegionFactory
[INFO ] 2018-02-13 18:56:37.920 [main] Version - HCANN000001: Hibernate Commons Annotations {5.0.1.Final}
[DEBUG] 2018-02-13 18:56:37.974 [main] BasicTypeRegistry - Adding type registration boolean -> org.hibernate.type.BooleanType@7d7758be
[DEBUG] 2018-02-13 18:56:37.974 [main] BasicTypeRegistry - Adding type registration boolean -> org.hibernate.type.BooleanType@7d7758be
[DEBUG] 2018-02-13 18:56:37.974 [main] BasicTypeRegistry - Adding type registration java.lang.Boolean -> org.hibernate.type.BooleanType@7d7758be
[DEBUG] 2018-02-13 18:56:37.976 [main] BasicTypeRegistry - Adding type registration numeric_boolean -> org.hibernate.type.NumericBooleanType@68878f6d
[DEBUG] 2018-02-13 18:56:37.978 [main] BasicTypeRegistry - Adding type registration true_false -> org.hibernate.type.TrueFalseType@78fa769e
[DEBUG] 2018-02-13 18:56:37.979 [main] BasicTypeRegistry - Adding type registration yes_no -> org.hibernate.type.YesNoType@2c78324b
[DEBUG] 2018-02-13 18:56:37.981 [main] BasicTypeRegistry - Adding type registration byte -> org.hibernate.type.ByteType@4149c063
[DEBUG] 2018-02-13 18:56:37.981 [main] BasicTypeRegistry - Adding type registration byte -> org.hibernate.type.ByteType@4149c063
[DEBUG] 2018-02-13 18:56:37.982 [main] BasicTypeRegistry - Adding type registration java.lang.Byte -> org.hibernate.type.ByteType@4149c063
[DEBUG] 2018-02-13 18:56:37.983 [main] BasicTypeRegistry - Adding type registration character -> org.hibernate.type.CharacterType@62656be4
[DEBUG] 2018-02-13 18:56:37.983 [main] BasicTypeRegistry - Adding type registration char -> org.hibernate.type.CharacterType@62656be4
[DEBUG] 2018-02-13 18:56:37.983 [main] BasicTypeRegistry - Adding type registration java.lang.Character -> org.hibernate.type.CharacterType@62656be4
[DEBUG] 2018-02-13 18:56:37.986 [main] BasicTypeRegistry - Adding type registration short -> org.hibernate.type.ShortType@4c2bb6e0
[DEBUG] 2018-02-13 18:56:37.986 [main] BasicTypeRegistry - Adding type registration short -> org.hibernate.type.ShortType@4c2bb6e0
[DEBUG] 2018-02-13 18:56:37.986 [main] BasicTypeRegistry - Adding type registration java.lang.Short -> org.hibernate.type.ShortType@4c2bb6e0
[DEBUG] 2018-02-13 18:56:37.988 [main] BasicTypeRegistry - Adding type registration integer -> org.hibernate.type.IntegerType@4bff7da0
[DEBUG] 2018-02-13 18:56:37.988 [main] BasicTypeRegistry - Adding type registration int -> org.hibernate.type.IntegerType@4bff7da0
[DEBUG] 2018-02-13 18:56:37.988 [main] BasicTypeRegistry - Adding type registration java.lang.Integer -> org.hibernate.type.IntegerType@4bff7da0
[DEBUG] 2018-02-13 18:56:37.991 [main] BasicTypeRegistry - Adding type registration long -> org.hibernate.type.LongType@18ece7f4
[DEBUG] 2018-02-13 18:56:37.991 [main] BasicTypeRegistry - Adding type registration long -> org.hibernate.type.LongType@18ece7f4
[DEBUG] 2018-02-13 18:56:37.991 [main] BasicTypeRegistry - Adding type registration java.lang.Long -> org.hibernate.type.LongType@18ece7f4
[DEBUG] 2018-02-13 18:56:37.994 [main] BasicTypeRegistry - Adding type registration float -> org.hibernate.type.FloatType@b86de0d
[DEBUG] 2018-02-13 18:56:37.994 [main] BasicTypeRegistry - Adding type registration float -> org.hibernate.type.FloatType@b86de0d
[DEBUG] 2018-02-13 18:56:37.994 [main] BasicTypeRegistry - Adding type registration java.lang.Float -> org.hibernate.type.FloatType@b86de0d
[DEBUG] 2018-02-13 18:56:37.996 [main] BasicTypeRegistry - Adding type registration double -> org.hibernate.type.DoubleType@2ca923bb
[DEBUG] 2018-02-13 18:56:37.997 [main] BasicTypeRegistry - Adding type registration double -> org.hibernate.type.DoubleType@2ca923bb
[DEBUG] 2018-02-13 18:56:37.997 [main] BasicTypeRegistry - Adding type registration java.lang.Double -> org.hibernate.type.DoubleType@2ca923bb
[DEBUG] 2018-02-13 18:56:37.999 [main] BasicTypeRegistry - Adding type registration big_decimal -> org.hibernate.type.BigDecimalType@35a3d49f
[DEBUG] 2018-02-13 18:56:37.999 [main] BasicTypeRegistry - Adding type registration java.math.BigDecimal -> org.hibernate.type.BigDecimalType@35a3d49f
[DEBUG] 2018-02-13 18:56:38.001 [main] BasicTypeRegistry - Adding type registration big_integer -> org.hibernate.type.BigIntegerType@c667f46
[DEBUG] 2018-02-13 18:56:38.001 [main] BasicTypeRegistry - Adding type registration java.math.BigInteger -> org.hibernate.type.BigIntegerType@c667f46
[DEBUG] 2018-02-13 18:56:38.003 [main] BasicTypeRegistry - Adding type registration string -> org.hibernate.type.StringType@19b843ba
[DEBUG] 2018-02-13 18:56:38.003 [main] BasicTypeRegistry - Adding type registration java.lang.String -> org.hibernate.type.StringType@19b843ba
[DEBUG] 2018-02-13 18:56:38.004 [main] BasicTypeRegistry - Adding type registration nstring -> org.hibernate.type.StringNVarcharType@1ec9bd38
[DEBUG] 2018-02-13 18:56:38.005 [main] BasicTypeRegistry - Adding type registration ncharacter -> org.hibernate.type.CharacterNCharType@928763c
[DEBUG] 2018-02-13 18:56:38.007 [main] BasicTypeRegistry - Adding type registration url -> org.hibernate.type.UrlType@2f666ebb
[DEBUG] 2018-02-13 18:56:38.007 [main] BasicTypeRegistry - Adding type registration java.net.URL -> org.hibernate.type.UrlType@2f666ebb
[DEBUG] 2018-02-13 18:56:38.010 [main] BasicTypeRegistry - Adding type registration Duration -> org.hibernate.type.DurationType@75c56eb9
[DEBUG] 2018-02-13 18:56:38.011 [main] BasicTypeRegistry - Adding type registration java.time.Duration -> org.hibernate.type.DurationType@75c56eb9
[DEBUG] 2018-02-13 18:56:38.042 [main] BasicTypeRegistry - Adding type registration Instant -> org.hibernate.type.InstantType@26adfd2d
[DEBUG] 2018-02-13 18:56:38.042 [main] BasicTypeRegistry - Adding type registration java.time.Instant -> org.hibernate.type.InstantType@26adfd2d
[DEBUG] 2018-02-13 18:56:38.047 [main] BasicTypeRegistry - Adding type registration LocalDateTime -> org.hibernate.type.LocalDateTimeType@6dd7b5a3
[DEBUG] 2018-02-13 18:56:38.047 [main] BasicTypeRegistry - Adding type registration java.time.LocalDateTime -> org.hibernate.type.LocalDateTimeType@6dd7b5a3
[DEBUG] 2018-02-13 18:56:38.141 [main] BasicTypeRegistry - Adding type registration LocalDate -> org.hibernate.type.LocalDateType@39b43d60
[DEBUG] 2018-02-13 18:56:38.142 [main] BasicTypeRegistry - Adding type registration java.time.LocalDate -> org.hibernate.type.LocalDateType@39b43d60
[DEBUG] 2018-02-13 18:56:38.144 [main] BasicTypeRegistry - Adding type registration LocalTime -> org.hibernate.type.LocalTimeType@5f20155b
[DEBUG] 2018-02-13 18:56:38.145 [main] BasicTypeRegistry - Adding type registration java.time.LocalTime -> org.hibernate.type.LocalTimeType@5f20155b
[DEBUG] 2018-02-13 18:56:38.147 [main] BasicTypeRegistry - Adding type registration OffsetDateTime -> org.hibernate.type.OffsetDateTimeType@7d94beb9
[DEBUG] 2018-02-13 18:56:38.147 [main] BasicTypeRegistry - Adding type registration java.time.OffsetDateTime -> org.hibernate.type.OffsetDateTimeType@7d94beb9
[DEBUG] 2018-02-13 18:56:38.149 [main] BasicTypeRegistry - Adding type registration OffsetTime -> org.hibernate.type.OffsetTimeType@37911f88
[DEBUG] 2018-02-13 18:56:38.150 [main] BasicTypeRegistry - Adding type registration java.time.OffsetTime -> org.hibernate.type.OffsetTimeType@37911f88
[DEBUG] 2018-02-13 18:56:38.158 [main] BasicTypeRegistry - Adding type registration ZonedDateTime -> org.hibernate.type.ZonedDateTimeType@4e928fbf
[DEBUG] 2018-02-13 18:56:38.158 [main] BasicTypeRegistry - Adding type registration java.time.ZonedDateTime -> org.hibernate.type.ZonedDateTimeType@4e928fbf
[DEBUG] 2018-02-13 18:56:38.164 [main] BasicTypeRegistry - Adding type registration date -> org.hibernate.type.DateType@1130520d
[DEBUG] 2018-02-13 18:56:38.164 [main] BasicTypeRegistry - Adding type registration java.sql.Date -> org.hibernate.type.DateType@1130520d
[DEBUG] 2018-02-13 18:56:38.166 [main] BasicTypeRegistry - Adding type registration time -> org.hibernate.type.TimeType@7a3793c7
[DEBUG] 2018-02-13 18:56:38.166 [main] BasicTypeRegistry - Adding type registration java.sql.Time -> org.hibernate.type.TimeType@7a3793c7
[DEBUG] 2018-02-13 18:56:38.168 [main] BasicTypeRegistry - Adding type registration timestamp -> org.hibernate.type.TimestampType@5456afaa
[DEBUG] 2018-02-13 18:56:38.168 [main] BasicTypeRegistry - Adding type registration java.sql.Timestamp -> org.hibernate.type.TimestampType@5456afaa
[DEBUG] 2018-02-13 18:56:38.168 [main] BasicTypeRegistry - Adding type registration java.util.Date -> org.hibernate.type.TimestampType@5456afaa
[DEBUG] 2018-02-13 18:56:38.170 [main] BasicTypeRegistry - Adding type registration dbtimestamp -> org.hibernate.type.DbTimestampType@589da3f3
[DEBUG] 2018-02-13 18:56:38.172 [main] BasicTypeRegistry - Adding type registration calendar -> org.hibernate.type.CalendarType@50313382
[DEBUG] 2018-02-13 18:56:38.172 [main] BasicTypeRegistry - Adding type registration java.util.Calendar -> org.hibernate.type.CalendarType@50313382
[DEBUG] 2018-02-13 18:56:38.172 [main] BasicTypeRegistry - Adding type registration java.util.GregorianCalendar -> org.hibernate.type.CalendarType@50313382
[DEBUG] 2018-02-13 18:56:38.173 [main] BasicTypeRegistry - Adding type registration calendar_date -> org.hibernate.type.CalendarDateType@14a50707
[DEBUG] 2018-02-13 18:56:38.174 [main] BasicTypeRegistry - Adding type registration locale -> org.hibernate.type.LocaleType@7354b8c5
[DEBUG] 2018-02-13 18:56:38.174 [main] BasicTypeRegistry - Adding type registration java.util.Locale -> org.hibernate.type.LocaleType@7354b8c5
[DEBUG] 2018-02-13 18:56:38.176 [main] BasicTypeRegistry - Adding type registration currency -> org.hibernate.type.CurrencyType@59e2d8e3
[DEBUG] 2018-02-13 18:56:38.176 [main] BasicTypeRegistry - Adding type registration java.util.Currency -> org.hibernate.type.CurrencyType@59e2d8e3
[DEBUG] 2018-02-13 18:56:38.177 [main] BasicTypeRegistry - Adding type registration timezone -> org.hibernate.type.TimeZoneType@2fba3fc4
[DEBUG] 2018-02-13 18:56:38.177 [main] BasicTypeRegistry - Adding type registration java.util.TimeZone -> org.hibernate.type.TimeZoneType@2fba3fc4
[DEBUG] 2018-02-13 18:56:38.178 [main] BasicTypeRegistry - Adding type registration class -> org.hibernate.type.ClassType@1c852c0f
[DEBUG] 2018-02-13 18:56:38.178 [main] BasicTypeRegistry - Adding type registration java.lang.Class -> org.hibernate.type.ClassType@1c852c0f
[DEBUG] 2018-02-13 18:56:38.180 [main] BasicTypeRegistry - Adding type registration uuid-binary -> org.hibernate.type.UUIDBinaryType@51c693d
[DEBUG] 2018-02-13 18:56:38.180 [main] BasicTypeRegistry - Adding type registration java.util.UUID -> org.hibernate.type.UUIDBinaryType@51c693d
[DEBUG] 2018-02-13 18:56:38.181 [main] BasicTypeRegistry - Adding type registration uuid-char -> org.hibernate.type.UUIDCharType@4e07b95f
[DEBUG] 2018-02-13 18:56:38.182 [main] BasicTypeRegistry - Adding type registration binary -> org.hibernate.type.BinaryType@43599640
[DEBUG] 2018-02-13 18:56:38.182 [main] BasicTypeRegistry - Adding type registration byte[] -> org.hibernate.type.BinaryType@43599640
[DEBUG] 2018-02-13 18:56:38.183 [main] BasicTypeRegistry - Adding type registration [B -> org.hibernate.type.BinaryType@43599640
[DEBUG] 2018-02-13 18:56:38.184 [main] BasicTypeRegistry - Adding type registration wrapper-binary -> org.hibernate.type.WrapperBinaryType@544d57e
[DEBUG] 2018-02-13 18:56:38.184 [main] BasicTypeRegistry - Adding type registration Byte[] -> org.hibernate.type.WrapperBinaryType@544d57e
[DEBUG] 2018-02-13 18:56:38.184 [main] BasicTypeRegistry - Adding type registration [Ljava.lang.Byte; -> org.hibernate.type.WrapperBinaryType@544d57e
[DEBUG] 2018-02-13 18:56:38.185 [main] BasicTypeRegistry - Adding type registration row_version -> org.hibernate.type.RowVersionType@26df6e3a
[DEBUG] 2018-02-13 18:56:38.186 [main] BasicTypeRegistry - Adding type registration image -> org.hibernate.type.ImageType@29a5f4e7
[DEBUG] 2018-02-13 18:56:38.187 [main] BasicTypeRegistry - Adding type registration characters -> org.hibernate.type.CharArrayType@27e47833
[DEBUG] 2018-02-13 18:56:38.188 [main] BasicTypeRegistry - Adding type registration char[] -> org.hibernate.type.CharArrayType@27e47833
[DEBUG] 2018-02-13 18:56:38.188 [main] BasicTypeRegistry - Adding type registration [C -> org.hibernate.type.CharArrayType@27e47833
[DEBUG] 2018-02-13 18:56:38.189 [main] BasicTypeRegistry - Adding type registration wrapper-characters -> org.hibernate.type.CharacterArrayType@1e4d3ce5
[DEBUG] 2018-02-13 18:56:38.189 [main] BasicTypeRegistry - Adding type registration [Ljava.lang.Character; -> org.hibernate.type.CharacterArrayType@1e4d3ce5
[DEBUG] 2018-02-13 18:56:38.189 [main] BasicTypeRegistry - Adding type registration Character[] -> org.hibernate.type.CharacterArrayType@1e4d3ce5
[DEBUG] 2018-02-13 18:56:38.190 [main] BasicTypeRegistry - Adding type registration text -> org.hibernate.type.TextType@1e81f160
[DEBUG] 2018-02-13 18:56:38.191 [main] BasicTypeRegistry - Adding type registration ntext -> org.hibernate.type.NTextType@6e01f9b0
[DEBUG] 2018-02-13 18:56:38.199 [main] BasicTypeRegistry - Adding type registration blob -> org.hibernate.type.BlobType@6e15fe2
[DEBUG] 2018-02-13 18:56:38.199 [main] BasicTypeRegistry - Adding type registration java.sql.Blob -> org.hibernate.type.BlobType@6e15fe2
[DEBUG] 2018-02-13 18:56:38.200 [main] BasicTypeRegistry - Adding type registration materialized_blob -> org.hibernate.type.MaterializedBlobType@57ad2aa7
[DEBUG] 2018-02-13 18:56:38.206 [main] BasicTypeRegistry - Adding type registration clob -> org.hibernate.type.ClobType@490caf5f
[DEBUG] 2018-02-13 18:56:38.206 [main] BasicTypeRegistry - Adding type registration java.sql.Clob -> org.hibernate.type.ClobType@490caf5f
[DEBUG] 2018-02-13 18:56:38.211 [main] BasicTypeRegistry - Adding type registration nclob -> org.hibernate.type.NClobType@30c8681
[DEBUG] 2018-02-13 18:56:38.216 [main] BasicTypeRegistry - Adding type registration java.sql.NClob -> org.hibernate.type.NClobType@30c8681
[DEBUG] 2018-02-13 18:56:38.217 [main] BasicTypeRegistry - Adding type registration materialized_clob -> org.hibernate.type.MaterializedClobType@78aa1f72
[DEBUG] 2018-02-13 18:56:38.218 [main] BasicTypeRegistry - Adding type registration materialized_nclob -> org.hibernate.type.MaterializedNClobType@4b7dc788
[DEBUG] 2018-02-13 18:56:38.225 [main] BasicTypeRegistry - Adding type registration serializable -> org.hibernate.type.SerializableType@27d5a580
[DEBUG] 2018-02-13 18:56:38.229 [main] BasicTypeRegistry - Adding type registration object -> org.hibernate.type.ObjectType@6aa61224
[DEBUG] 2018-02-13 18:56:38.230 [main] BasicTypeRegistry - Adding type registration java.lang.Object -> org.hibernate.type.ObjectType@6aa61224
[DEBUG] 2018-02-13 18:56:38.230 [main] BasicTypeRegistry - Adding type registration imm_date -> org.hibernate.type.AdaptedImmutableType@7e19ebf0
[DEBUG] 2018-02-13 18:56:38.230 [main] BasicTypeRegistry - Adding type registration imm_time -> org.hibernate.type.AdaptedImmutableType@2474f125
[DEBUG] 2018-02-13 18:56:38.230 [main] BasicTypeRegistry - Adding type registration imm_timestamp -> org.hibernate.type.AdaptedImmutableType@7357a011
[DEBUG] 2018-02-13 18:56:38.231 [main] BasicTypeRegistry - Adding type registration imm_dbtimestamp -> org.hibernate.type.AdaptedImmutableType@3406472c
[DEBUG] 2018-02-13 18:56:38.231 [main] BasicTypeRegistry - Adding type registration imm_calendar -> org.hibernate.type.AdaptedImmutableType@5717c37
[DEBUG] 2018-02-13 18:56:38.231 [main] BasicTypeRegistry - Adding type registration imm_calendar_date -> org.hibernate.type.AdaptedImmutableType@68f4865
[DEBUG] 2018-02-13 18:56:38.231 [main] BasicTypeRegistry - Adding type registration imm_binary -> org.hibernate.type.AdaptedImmutableType@4816278d
[DEBUG] 2018-02-13 18:56:38.231 [main] BasicTypeRegistry - Adding type registration imm_serializable -> org.hibernate.type.AdaptedImmutableType@4eaf3684
[INFO ] 2018-02-13 18:56:38.245 [main] C3P0ConnectionProvider - HHH010002: C3P0 using driver: com.mysql.jdbc.Driver at URL: jdbc:mysql://localhost:3306/myBikePlace
[INFO ] 2018-02-13 18:56:38.246 [main] C3P0ConnectionProvider - HHH10001001: Connection properties: {user=root, password=****}
[INFO ] 2018-02-13 18:56:38.246 [main] C3P0ConnectionProvider - HHH10001003: Autocommit mode: false
[INFO ] 2018-02-13 18:56:38.486 [main] C3P0ConnectionProvider - HHH10001007: JDBC isolation level: <unknown>
[DEBUG] 2018-02-13 18:56:39.160 [main] JdbcEnvironmentInitiator - Database ->
       name : MySQL
    version : 5.7.20
      major : 5
      minor : 7
[DEBUG] 2018-02-13 18:56:39.161 [main] JdbcEnvironmentInitiator - Driver ->
       name : MySQL Connector Java
    version : mysql-connector-java-5.1.39 ( Revision: 3289a357af6d09ecc1a10fd3c26e95183e5790ad )
      major : 5
      minor : 1
[DEBUG] 2018-02-13 18:56:39.161 [main] JdbcEnvironmentInitiator - JDBC version : 4.0
[INFO ] 2018-02-13 18:56:39.182 [main] Dialect - HHH000400: Using dialect: org.hibernate.dialect.MySQL5Dialect
[DEBUG] 2018-02-13 18:56:39.253 [main] IdentifierHelperBuilder - JDBC driver metadata reported database stores quoted identifiers in more than one case
[DEBUG] 2018-02-13 18:56:39.256 [main] IdentifierHelperBuilder - IdentifierCaseStrategy for both quoted and unquoted identifiers was set to the same strategy [MIXED]; that will likely lead to problems in schema update and validation if using quoted identifiers
[DEBUG] 2018-02-13 18:56:39.374 [main] DefaultIdentifierGeneratorFactory - Registering IdentifierGenerator strategy [uuid2] -> [org.hibernate.id.UUIDGenerator]
[DEBUG] 2018-02-13 18:56:39.375 [main] DefaultIdentifierGeneratorFactory - Registering IdentifierGenerator strategy [guid] -> [org.hibernate.id.GUIDGenerator]
[DEBUG] 2018-02-13 18:56:39.376 [main] DefaultIdentifierGeneratorFactory - Registering IdentifierGenerator strategy [uuid] -> [org.hibernate.id.UUIDHexGenerator]
[DEBUG] 2018-02-13 18:56:39.376 [main] DefaultIdentifierGeneratorFactory - Registering IdentifierGenerator strategy [uuid.hex] -> [org.hibernate.id.UUIDHexGenerator]
[DEBUG] 2018-02-13 18:56:39.377 [main] DefaultIdentifierGeneratorFactory - Registering IdentifierGenerator strategy [assigned] -> [org.hibernate.id.Assigned]
[DEBUG] 2018-02-13 18:56:39.379 [main] DefaultIdentifierGeneratorFactory - Registering IdentifierGenerator strategy [identity] -> [org.hibernate.id.IdentityGenerator]
[DEBUG] 2018-02-13 18:56:39.380 [main] DefaultIdentifierGeneratorFactory - Registering IdentifierGenerator strategy [select] -> [org.hibernate.id.SelectGenerator]
[DEBUG] 2018-02-13 18:56:39.383 [main] DefaultIdentifierGeneratorFactory - Registering IdentifierGenerator strategy [sequence] -> [org.hibernate.id.enhanced.SequenceStyleGenerator]
[DEBUG] 2018-02-13 18:56:39.384 [main] DefaultIdentifierGeneratorFactory - Registering IdentifierGenerator strategy [seqhilo] -> [org.hibernate.id.SequenceHiLoGenerator]
[DEBUG] 2018-02-13 18:56:39.385 [main] DefaultIdentifierGeneratorFactory - Registering IdentifierGenerator strategy [increment] -> [org.hibernate.id.IncrementGenerator]
[DEBUG] 2018-02-13 18:56:39.385 [main] DefaultIdentifierGeneratorFactory - Registering IdentifierGenerator strategy [foreign] -> [org.hibernate.id.ForeignGenerator]
[DEBUG] 2018-02-13 18:56:39.386 [main] DefaultIdentifierGeneratorFactory - Registering IdentifierGenerator strategy [sequence-identity] -> [org.hibernate.id.SequenceIdentityGenerator]
[DEBUG] 2018-02-13 18:56:39.386 [main] DefaultIdentifierGeneratorFactory - Registering IdentifierGenerator strategy [enhanced-sequence] -> [org.hibernate.id.enhanced.SequenceStyleGenerator]
[DEBUG] 2018-02-13 18:56:39.387 [main] DefaultIdentifierGeneratorFactory - Registering IdentifierGenerator strategy [enhanced-table] -> [org.hibernate.id.enhanced.TableGenerator]
[DEBUG] 2018-02-13 18:56:39.571 [main] Namespace - Created database namespace [logicalName=Name{catalog=null, schema=null}, physicalName=Name{catalog=null, schema=null}]
[DEBUG] 2018-02-13 18:56:39.664 [main] AnnotationBinder - Binding entity from annotated class: edu.matc.entity.User
[DEBUG] 2018-02-13 18:56:39.785 [main] Ejb3Column - Binding column: Ejb3DiscriminatorColumn{logicalColumnName'DTYPE', discriminatorTypeName='string'}
[DEBUG] 2018-02-13 18:56:39.813 [main] EntityBinder - Import with entity name User
[DEBUG] 2018-02-13 18:56:39.843 [main] EntityBinder - Bind entity edu.matc.entity.User on table user
[DEBUG] 2018-02-13 18:56:39.898 [main] Ejb3Column - Binding column: Ejb3Column{table=org.hibernate.mapping.Table(user), mappingColumn=userId, insertable=true, updatable=true, unique=false}
[DEBUG] 2018-02-13 18:56:39.905 [main] PropertyBinder - MetadataSourceProcessor property UserId with lazy=false
[DEBUG] 2018-02-13 18:56:39.917 [main] AbstractPropertyHolder - Attempting to locate auto-apply AttributeConverter for property [edu.matc.entity.User:UserId]
[DEBUG] 2018-02-13 18:56:39.924 [main] SimpleValueBinder - building SimpleValue for UserId
[DEBUG] 2018-02-13 18:56:39.927 [main] PropertyBinder - Building property UserId
[DEBUG] 2018-02-13 18:56:39.935 [main] Ejb3Column - Binding column: Ejb3Column{table=org.hibernate.mapping.Table(user), mappingColumn=createDate, insertable=true, updatable=true, unique=false}
[DEBUG] 2018-02-13 18:56:39.936 [main] PropertyBinder - MetadataSourceProcessor property createDate with lazy=false
[DEBUG] 2018-02-13 18:56:39.936 [main] AbstractPropertyHolder - Attempting to locate auto-apply AttributeConverter for property [edu.matc.entity.User:createDate]
[DEBUG] 2018-02-13 18:56:39.936 [main] SimpleValueBinder - building SimpleValue for createDate
[DEBUG] 2018-02-13 18:56:39.936 [main] PropertyBinder - Building property createDate
[DEBUG] 2018-02-13 18:56:39.959 [main] Ejb3Column - Binding column: Ejb3Column{table=org.hibernate.mapping.Table(user), mappingColumn=email, insertable=true, updatable=true, unique=false}
[DEBUG] 2018-02-13 18:56:39.959 [main] PropertyBinder - MetadataSourceProcessor property email with lazy=false
[DEBUG] 2018-02-13 18:56:39.959 [main] AbstractPropertyHolder - Attempting to locate auto-apply AttributeConverter for property [edu.matc.entity.User:email]
[DEBUG] 2018-02-13 18:56:39.959 [main] SimpleValueBinder - building SimpleValue for email
[DEBUG] 2018-02-13 18:56:39.959 [main] PropertyBinder - Building property email
[DEBUG] 2018-02-13 18:56:39.959 [main] Ejb3Column - Binding column: Ejb3Column{table=org.hibernate.mapping.Table(user), mappingColumn=firstName, insertable=true, updatable=true, unique=false}
[DEBUG] 2018-02-13 18:56:39.960 [main] PropertyBinder - MetadataSourceProcessor property firstName with lazy=false
[DEBUG] 2018-02-13 18:56:39.960 [main] AbstractPropertyHolder - Attempting to locate auto-apply AttributeConverter for property [edu.matc.entity.User:firstName]
[DEBUG] 2018-02-13 18:56:39.960 [main] SimpleValueBinder - building SimpleValue for firstName
[DEBUG] 2018-02-13 18:56:39.960 [main] PropertyBinder - Building property firstName
[DEBUG] 2018-02-13 18:56:39.960 [main] Ejb3Column - Binding column: Ejb3Column{table=org.hibernate.mapping.Table(user), mappingColumn=lastName, insertable=true, updatable=true, unique=false}
[DEBUG] 2018-02-13 18:56:39.960 [main] PropertyBinder - MetadataSourceProcessor property lastName with lazy=false
[DEBUG] 2018-02-13 18:56:39.960 [main] AbstractPropertyHolder - Attempting to locate auto-apply AttributeConverter for property [edu.matc.entity.User:lastName]
[DEBUG] 2018-02-13 18:56:39.960 [main] SimpleValueBinder - building SimpleValue for lastName
[DEBUG] 2018-02-13 18:56:39.960 [main] PropertyBinder - Building property lastName
[DEBUG] 2018-02-13 18:56:39.960 [main] Ejb3Column - Binding column: Ejb3Column{table=org.hibernate.mapping.Table(user), mappingColumn=password, insertable=true, updatable=true, unique=false}
[DEBUG] 2018-02-13 18:56:39.961 [main] PropertyBinder - MetadataSourceProcessor property password with lazy=false
[DEBUG] 2018-02-13 18:56:39.961 [main] AbstractPropertyHolder - Attempting to locate auto-apply AttributeConverter for property [edu.matc.entity.User:password]
[DEBUG] 2018-02-13 18:56:39.961 [main] SimpleValueBinder - building SimpleValue for password
[DEBUG] 2018-02-13 18:56:39.961 [main] PropertyBinder - Building property password
[DEBUG] 2018-02-13 18:56:39.961 [main] Ejb3Column - Binding column: Ejb3Column{table=org.hibernate.mapping.Table(user), mappingColumn=updateDate, insertable=true, updatable=true, unique=false}
[DEBUG] 2018-02-13 18:56:39.961 [main] PropertyBinder - MetadataSourceProcessor property updateDate with lazy=false
[DEBUG] 2018-02-13 18:56:39.961 [main] AbstractPropertyHolder - Attempting to locate auto-apply AttributeConverter for property [edu.matc.entity.User:updateDate]
[DEBUG] 2018-02-13 18:56:39.961 [main] SimpleValueBinder - building SimpleValue for updateDate
[DEBUG] 2018-02-13 18:56:39.961 [main] PropertyBinder - Building property updateDate
[DEBUG] 2018-02-13 18:56:39.964 [main] Ejb3Column - Binding column: Ejb3Column{table=org.hibernate.mapping.Table(user), mappingColumn=userName, insertable=true, updatable=true, unique=false}
[DEBUG] 2018-02-13 18:56:39.964 [main] PropertyBinder - MetadataSourceProcessor property userName with lazy=false
[DEBUG] 2018-02-13 18:56:39.964 [main] AbstractPropertyHolder - Attempting to locate auto-apply AttributeConverter for property [edu.matc.entity.User:userName]
[DEBUG] 2018-02-13 18:56:39.964 [main] SimpleValueBinder - building SimpleValue for userName
[DEBUG] 2018-02-13 18:56:39.964 [main] PropertyBinder - Building property userName
[DEBUG] 2018-02-13 18:56:39.978 [main] SimpleValueBinder - Starting fillSimpleValue for UserId
[DEBUG] 2018-02-13 18:56:39.978 [main] SimpleValueBinder - Starting fillSimpleValue for createDate
[DEBUG] 2018-02-13 18:56:39.978 [main] SimpleValueBinder - Starting fillSimpleValue for email
[DEBUG] 2018-02-13 18:56:39.978 [main] SimpleValueBinder - Starting fillSimpleValue for firstName
[DEBUG] 2018-02-13 18:56:39.978 [main] SimpleValueBinder - Starting fillSimpleValue for lastName
[DEBUG] 2018-02-13 18:56:39.978 [main] SimpleValueBinder - Starting fillSimpleValue for password
[DEBUG] 2018-02-13 18:56:39.978 [main] SimpleValueBinder - Starting fillSimpleValue for updateDate
[DEBUG] 2018-02-13 18:56:39.978 [main] SimpleValueBinder - Starting fillSimpleValue for userName
[DEBUG] 2018-02-13 18:56:39.984 [main] PrimaryKey - Forcing column [userid] to be non-null as it is part of the primary key for table [user]
[DEBUG] 2018-02-13 18:56:40.056 [main] SessionFactoryImpl - Building session factory
[DEBUG] 2018-02-13 18:56:40.057 [main] Settings - SessionFactory name : null
[DEBUG] 2018-02-13 18:56:40.058 [main] Settings - Automatic flush during beforeCompletion(): enabled
[DEBUG] 2018-02-13 18:56:40.058 [main] Settings - Automatic session close at end of transaction: disabled
[DEBUG] 2018-02-13 18:56:40.058 [main] Settings - Statistics: disabled
[DEBUG] 2018-02-13 18:56:40.058 [main] Settings - Deleted entity synthetic identifier rollback: disabled
[DEBUG] 2018-02-13 18:56:40.058 [main] Settings - Default entity-mode: pojo
[DEBUG] 2018-02-13 18:56:40.058 [main] Settings - Check Nullability in Core (should be disabled when Bean Validation is on): enabled
[DEBUG] 2018-02-13 18:56:40.058 [main] Settings - Allow initialization of lazy state outside session : disabled
[DEBUG] 2018-02-13 18:56:40.058 [main] Settings - Using BatchFetchStyle : LEGACY
[DEBUG] 2018-02-13 18:56:40.058 [main] Settings - Default batch fetch size: -1
[DEBUG] 2018-02-13 18:56:40.058 [main] Settings - Maximum outer join fetch depth: 2
[DEBUG] 2018-02-13 18:56:40.059 [main] Settings - Default null ordering: NONE
[DEBUG] 2018-02-13 18:56:40.059 [main] Settings - Order SQL updates by primary key: disabled
[DEBUG] 2018-02-13 18:56:40.059 [main] Settings - Order SQL inserts for batching: disabled
[DEBUG] 2018-02-13 18:56:40.059 [main] Settings - multi-tenancy strategy : NONE
[DEBUG] 2018-02-13 18:56:40.059 [main] Settings - JTA Track by Thread: enabled
[DEBUG] 2018-02-13 18:56:40.059 [main] Settings - Query language substitutions: {}
[DEBUG] 2018-02-13 18:56:40.059 [main] Settings - JPA query language strict compliance: disabled
[DEBUG] 2018-02-13 18:56:40.059 [main] Settings - Named query checking : enabled
[DEBUG] 2018-02-13 18:56:40.059 [main] Settings - Second-level cache: enabled
[DEBUG] 2018-02-13 18:56:40.059 [main] Settings - Second-level query cache: disabled
[DEBUG] 2018-02-13 18:56:40.059 [main] Settings - Second-level query cache factory: org.hibernate.cache.internal.StandardQueryCacheFactory@3ebff828
[DEBUG] 2018-02-13 18:56:40.059 [main] Settings - Second-level cache region prefix: null
[DEBUG] 2018-02-13 18:56:40.059 [main] Settings - Optimize second-level cache for minimal puts: disabled
[DEBUG] 2018-02-13 18:56:40.059 [main] Settings - Structured second-level cache entries: disabled
[DEBUG] 2018-02-13 18:56:40.059 [main] Settings - Second-level cache direct-reference entries: disabled
[DEBUG] 2018-02-13 18:56:40.060 [main] Settings - Automatic eviction of collection cache: disabled
[DEBUG] 2018-02-13 18:56:40.060 [main] Settings - JDBC batch size: 15
[DEBUG] 2018-02-13 18:56:40.060 [main] Settings - JDBC batch updates for versioned data: enabled
[DEBUG] 2018-02-13 18:56:40.060 [main] Settings - Scrollable result sets: enabled
[DEBUG] 2018-02-13 18:56:40.060 [main] Settings - Wrap result sets: disabled
[DEBUG] 2018-02-13 18:56:40.060 [main] Settings - JDBC3 getGeneratedKeys(): enabled
[DEBUG] 2018-02-13 18:56:40.060 [main] Settings - JDBC result set fetch size: null
[DEBUG] 2018-02-13 18:56:40.060 [main] Settings - Connection release mode: AFTER_TRANSACTION
[DEBUG] 2018-02-13 18:56:40.060 [main] Settings - Generate SQL with comments: disabled
[DEBUG] 2018-02-13 18:56:40.196 [main] SessionFactoryImpl - Session factory constructed with filter configurations : {}
[DEBUG] 2018-02-13 18:56:40.197 [main] SessionFactoryImpl - Instantiating session factory with properties: {gopherProxySet=false, awt.toolkit=sun.lwawt.macosx.LWCToolkit, file.encoding.pkg=sun.io, java.specification.version=1.8, hibernate.c3p0.idle_test_period=3000, sun.cpu.isalist=, sun.jnu.encoding=UTF-8, hibernate.c3p0.min_size=5, java.class.path=/Applications/IntelliJ IDEA.app/Contents/lib/idea_rt.jar:/Applications/IntelliJ IDEA.app/Contents/plugins/junit/lib/junit-rt.jar:/Applications/IntelliJ IDEA.app/Contents/plugins/junit/lib/junit5-rt.jar:/Library/Java/JavaVirtualMachines/jdk1.8.0_152.jdk/Contents/Home/jre/lib/charsets.jar:/Library/Java/JavaVirtualMachines/jdk1.8.0_152.jdk/Contents/Home/jre/lib/deploy.jar:/Library/Java/JavaVirtualMachines/jdk1.8.0_152.jdk/Contents/Home/jre/lib/ext/cldrdata.jar:/Library/Java/JavaVirtualMachines/jdk1.8.0_152.jdk/Contents/Home/jre/lib/ext/dnsns.jar:/Library/Java/JavaVirtualMachines/jdk1.8.0_152.jdk/Contents/Home/jre/lib/ext/jaccess.jar:/Library/Java/JavaVirtualMachines/jdk1.8.0_152.jdk/Contents/Home/jre/lib/ext/jfxrt.jar:/Library/Java/JavaVirtualMachines/jdk1.8.0_152.jdk/Contents/Home/jre/lib/ext/localedata.jar:/Library/Java/JavaVirtualMachines/jdk1.8.0_152.jdk/Contents/Home/jre/lib/ext/nashorn.jar:/Library/Java/JavaVirtualMachines/jdk1.8.0_152.jdk/Contents/Home/jre/lib/ext/sunec.jar:/Library/Java/JavaVirtualMachines/jdk1.8.0_152.jdk/Contents/Home/jre/lib/ext/sunjce_provider.jar:/Library/Java/JavaVirtualMachines/jdk1.8.0_152.jdk/Contents/Home/jre/lib/ext/sunpkcs11.jar:/Library/Java/JavaVirtualMachines/jdk1.8.0_152.jdk/Contents/Home/jre/lib/ext/zipfs.jar:/Library/Java/JavaVirtualMachines/jdk1.8.0_152.jdk/Contents/Home/jre/lib/javaws.jar:/Library/Java/JavaVirtualMachines/jdk1.8.0_152.jdk/Contents/Home/jre/lib/jce.jar:/Library/Java/JavaVirtualMachines/jdk1.8.0_152.jdk/Contents/Home/jre/lib/jfr.jar:/Library/Java/JavaVirtualMachines/jdk1.8.0_152.jdk/Contents/Home/jre/lib/jfxswt.jar:/Library/Java/JavaVirtualMachines/jdk1.8.0_152.jdk/Contents/Home/jre/lib/jsse.jar:/Library/Java/JavaVirtualMachines/jdk1.8.0_152.jdk/Contents/Home/jre/lib/management-agent.jar:/Library/Java/JavaVirtualMachines/jdk1.8.0_152.jdk/Contents/Home/jre/lib/plugin.jar:/Library/Java/JavaVirtualMachines/jdk1.8.0_152.jdk/Contents/Home/jre/lib/resources.jar:/Library/Java/JavaVirtualMachines/jdk1.8.0_152.jdk/Contents/Home/jre/lib/rt.jar:/Library/Java/JavaVirtualMachines/jdk1.8.0_152.jdk/Contents/Home/lib/ant-javafx.jar:/Library/Java/JavaVirtualMachines/jdk1.8.0_152.jdk/Contents/Home/lib/dt.jar:/Library/Java/JavaVirtualMachines/jdk1.8.0_152.jdk/Contents/Home/lib/javafx-mx.jar:/Library/Java/JavaVirtualMachines/jdk1.8.0_152.jdk/Contents/Home/lib/jconsole.jar:/Library/Java/JavaVirtualMachines/jdk1.8.0_152.jdk/Contents/Home/lib/packager.jar:/Library/Java/JavaVirtualMachines/jdk1.8.0_152.jdk/Contents/Home/lib/sa-jdi.jar:/Library/Java/JavaVirtualMachines/jdk1.8.0_152.jdk/Contents/Home/lib/tools.jar:/Users/sighguy4/IdeaProjects/myBikePlace/target/test-classes:/Users/sighguy4/IdeaProjects/myBikePlace/target/classes:/Users/sighguy4/.m2/repository/junit/junit/4.12/junit-4.12.jar:/Users/sighguy4/.m2/repository/org/hamcrest/hamcrest-core/1.3/hamcrest-core-1.3.jar:/Users/sighguy4/.m2/repository/javax/javaee-web-api/7.0/javaee-web-api-7.0.jar:/Users/sighguy4/.m2/repository/mysql/mysql-connector-java/5.1.39/mysql-connector-java-5.1.39.jar:/Users/sighguy4/.m2/repository/org/apache/logging/log4j/log4j-api/2.10.0/log4j-api-2.10.0.jar:/Users/sighguy4/.m2/repository/org/apache/logging/log4j/log4j-core/2.10.0/log4j-core-2.10.0.jar:/Users/sighguy4/.m2/repository/org/junit/jupiter/junit-jupiter-engine/5.0.0/junit-jupiter-engine-5.0.0.jar:/Users/sighguy4/.m2/repository/org/apiguardian/apiguardian-api/1.0.0/apiguardian-api-1.0.0.jar:/Users/sighguy4/.m2/repository/org/junit/platform/junit-platform-engine/1.0.0/junit-platform-engine-1.0.0.jar:/Users/sighguy4/.m2/repository/org/junit/platform/junit-platform-commons/1.0.0/junit-platform-commons-1.0.0.jar:/Users/sighguy4/.m2/repository/org/opentest4j/opentest4j/1.0.0/opentest4j-1.0.0.jar:/Users/sighguy4/.m2/repository/org/junit/jupiter/junit-jupiter-api/5.0.0/junit-jupiter-api-5.0.0.jar:/Users/sighguy4/.m2/repository/org/junit/platform/junit-platform-runner/1.0.0/junit-platform-runner-1.0.0.jar:/Users/sighguy4/.m2/repository/org/junit/platform/junit-platform-launcher/1.0.0/junit-platform-launcher-1.0.0.jar:/Users/sighguy4/.m2/repository/org/junit/platform/junit-platform-suite-api/1.0.0/junit-platform-suite-api-1.0.0.jar:/Users/sighguy4/.m2/repository/org/junit/vintage/junit-vintage-engine/4.12.0/junit-vintage-engine-4.12.0.jar:/Users/sighguy4/.m2/repository/org/hibernate/hibernate-core/5.2.12.Final/hibernate-core-5.2.12.Final.jar:/Users/sighguy4/.m2/repository/org/jboss/logging/jboss-logging/3.3.0.Final/jboss-logging-3.3.0.Final.jar:/Users/sighguy4/.m2/repository/org/hibernate/javax/persistence/hibernate-jpa-2.1-api/1.0.0.Final/hibernate-jpa-2.1-api-1.0.0.Final.jar:/Users/sighguy4/.m2/repository/org/javassist/javassist/3.20.0-GA/javassist-3.20.0-GA.jar:/Users/sighguy4/.m2/repository/antlr/antlr/2.7.7/antlr-2.7.7.jar:/Users/sighguy4/.m2/repository/org/jboss/spec/javax/transaction/jboss-transaction-api_1.2_spec/1.0.1.Final/jboss-transaction-api_1.2_spec-1.0.1.Final.jar:/Users/sighguy4/.m2/repository/org/jboss/jandex/2.0.3.Final/jandex-2.0.3.Final.jar:/Users/sighguy4/.m2/repository/com/fasterxml/classmate/1.3.0/classmate-1.3.0.jar:/Users/sighguy4/.m2/repository/dom4j/dom4j/1.6.1/dom4j-1.6.1.jar:/Users/sighguy4/.m2/repository/org/hibernate/common/hibernate-commons-annotations/5.0.1.Final/hibernate-commons-annotations-5.0.1.Final.jar:/Users/sighguy4/.m2/repository/org/hibernate/hibernate-c3p0/5.2.12.Final/hibernate-c3p0-5.2.12.Final.jar:/Users/sighguy4/.m2/repository/com/mchange/c3p0/0.9.5.2/c3p0-0.9.5.2.jar:/Users/sighguy4/.m2/repository/com/mchange/mchange-commons-java/0.2.11/mchange-commons-java-0.2.11.jar:/Users/sighguy4/Library/Caches/IntelliJIdea2017.3/coverageJars/coverage-agent.jar:/Applications/IntelliJ IDEA.app/Contents/lib/idea_rt.jar, java.vm.vendor=Oracle Corporation, sun.arch.data.model=64, idea.test.cyclic.buffer.size=1048576, java.vendor.url=http://java.oracle.com/, user.timezone=America/Chicago, os.name=Mac OS X, java.vm.specification.version=1.8, user.country=US, sun.java.launcher=SUN_STANDARD, sun.boot.library.path=/Library/Java/JavaVirtualMachines/jdk1.8.0_152.jdk/Contents/Home/jre/lib, sun.java.command=com.intellij.rt.execution.junit.JUnitStarter -ideVersion5 -junit5 edu.matc.persistence.UserDaoTest, http.nonProxyHosts=local|*.local|169.254/16|*.169.254/16, sun.cpu.endian=little, hibernate.c3p0.max_statements=50, user.home=/Users/sighguy4, user.language=en, java.specification.vendor=Oracle Corporation, java.home=/Library/Java/JavaVirtualMachines/jdk1.8.0_152.jdk/Contents/Home/jre, file.separator=/, line.separator=
, hibernate.c3p0.timeout=300, java.vm.specification.vendor=Oracle Corporation, java.specification.name=Java Platform API Specification, java.awt.graphicsenv=sun.awt.CGraphicsEnvironment, sun.boot.class.path=/Library/Java/JavaVirtualMachines/jdk1.8.0_152.jdk/Contents/Home/jre/lib/resources.jar:/Library/Java/JavaVirtualMachines/jdk1.8.0_152.jdk/Contents/Home/jre/lib/rt.jar:/Library/Java/JavaVirtualMachines/jdk1.8.0_152.jdk/Contents/Home/jre/lib/sunrsasign.jar:/Library/Java/JavaVirtualMachines/jdk1.8.0_152.jdk/Contents/Home/jre/lib/jsse.jar:/Library/Java/JavaVirtualMachines/jdk1.8.0_152.jdk/Contents/Home/jre/lib/jce.jar:/Library/Java/JavaVirtualMachines/jdk1.8.0_152.jdk/Contents/Home/jre/lib/charsets.jar:/Library/Java/JavaVirtualMachines/jdk1.8.0_152.jdk/Contents/Home/jre/lib/jfr.jar:/Library/Java/JavaVirtualMachines/jdk1.8.0_152.jdk/Contents/Home/jre/classes:/Users/sighguy4/Library/Caches/IntelliJIdea2017.3/coverageJars/coverage-agent.jar, connection.password=Belguim#66, sun.management.compiler=HotSpot 64-Bit Tiered Compilers, hibernate.c3p0.max_size=20, ftp.nonProxyHosts=local|*.local|169.254/16|*.169.254/16, java.runtime.version=1.8.0_152-b16, user.name=sighguy4, path.separator=:, hibernate.connection.username=root, os.version=10.12.6, java.endorsed.dirs=/Library/Java/JavaVirtualMachines/jdk1.8.0_152.jdk/Contents/Home/jre/lib/endorsed, java.runtime.name=Java(TM) SE Runtime Environment, hibernate.connection.url=jdbc:mysql://localhost:3306/myBikePlace, file.encoding=UTF-8, java.vm.name=Java HotSpot(TM) 64-Bit Server VM, hibernate.connection.driver_class=com.mysql.jdbc.Driver, java.vendor.url.bug=http://bugreport.sun.com/bugreport/, java.io.tmpdir=/var/folders/9d/xsg98tsj1dn630h6j241zf3h0000gn/T/, java.version=1.8.0_152, user.dir=/Users/sighguy4/IdeaProjects/myBikePlace, os.arch=x86_64, connection.username=root, java.vm.specification.name=Java Virtual Machine Specification, hibernate.connection.password=****, java.awt.printerjob=sun.lwawt.macosx.CPrinterJob, sun.os.patch.level=unknown, connection.driver_class=com.mysql.jdbc.Driver, hibernate.boot.CfgXmlAccessService.key=org.hibernate.boot.cfgxml.spi.LoadedConfig@4cc547a, java.library.path=/Users/sighguy4/Library/Java/Extensions:/Library/Java/Extensions:/Network/Library/Java/Extensions:/System/Library/Java/Extensions:/usr/lib/java:., java.vm.info=mixed mode, java.vendor=Oracle Corporation, java.vm.version=25.152-b16, hibernate.bytecode.use_reflection_optimizer=false, java.ext.dirs=/Users/sighguy4/Library/Java/Extensions:/Library/Java/JavaVirtualMachines/jdk1.8.0_152.jdk/Contents/Home/jre/lib/ext:/Library/Java/Extensions:/Network/Library/Java/Extensions:/System/Library/Java/Extensions:/usr/lib/java, sun.io.unicode.encoding=UnicodeBig, connection.url=jdbc:mysql://localhost:3306/myBikePlace, java.class.version=52.0, socksNonProxyHosts=local|*.local|169.254/16|*.169.254/16}
[DEBUG] 2018-02-13 18:56:40.244 [main] TypeSafeActivator - Unable to acquire Bean Validation ValidatorFactory, skipping activation
[DEBUG] 2018-02-13 18:56:40.244 [main] JaccIntegrator - Skipping JACC integration as it was not enabled
[DEBUG] 2018-02-13 18:56:40.247 [main] SessionFactoryImpl - Instantiated session factory
[DEBUG] 2018-02-13 18:56:40.357 [main] ClassLoaderAccessImpl - Not known whether passed class name [edu.matc.entity.User] is safe
[DEBUG] 2018-02-13 18:56:40.358 [main] ClassLoaderAccessImpl - No temp ClassLoader provided; using live ClassLoader for loading potentially unsafe class : edu.matc.entity.User
[DEBUG] 2018-02-13 18:56:40.561 [main] ClassLoaderAccessImpl - Not known whether passed class name [edu.matc.entity.User] is safe
[DEBUG] 2018-02-13 18:56:40.568 [main] ClassLoaderAccessImpl - No temp ClassLoader provided; using live ClassLoader for loading potentially unsafe class : edu.matc.entity.User
[DEBUG] 2018-02-13 18:56:40.735 [main] AbstractEntityPersister - Static SQL for entity: edu.matc.entity.User
[DEBUG] 2018-02-13 18:56:40.736 [main] AbstractEntityPersister -  Version select: select userId from user where userId =?
[DEBUG] 2018-02-13 18:56:40.736 [main] AbstractEntityPersister -  Snapshot select: select user_.userId, user_.createDate as createDa2_0_, user_.email as email3_0_, user_.firstName as firstNam4_0_, user_.lastName as lastName5_0_, user_.password as password6_0_, user_.updateDate as updateDa7_0_, user_.userName as userName8_0_ from user user_ where user_.userId=?
[DEBUG] 2018-02-13 18:56:40.736 [main] AbstractEntityPersister -  Insert 0: insert into user (createDate, email, firstName, lastName, password, updateDate, userName, userId) values (?, ?, ?, ?, ?, ?, ?, ?)
[DEBUG] 2018-02-13 18:56:40.736 [main] AbstractEntityPersister -  Update 0: update user set createDate=?, email=?, firstName=?, lastName=?, password=?, updateDate=?, userName=? where userId=?
[DEBUG] 2018-02-13 18:56:40.736 [main] AbstractEntityPersister -  Delete 0: delete from user where userId=?
[DEBUG] 2018-02-13 18:56:40.736 [main] AbstractEntityPersister -  Identity insert: insert into user (createDate, email, firstName, lastName, password, updateDate, userName) values (?, ?, ?, ?, ?, ?, ?)
[DEBUG] 2018-02-13 18:56:40.800 [main] QuerySpacesImpl - Adding QuerySpace : uid = <gen:0> -> org.hibernate.loader.plan.build.internal.spaces.EntityQuerySpaceImpl@553f3b6e]
[DEBUG] 2018-02-13 18:56:40.803 [main] MetamodelGraphWalker - Visiting attribute path : createDate
[DEBUG] 2018-02-13 18:56:40.803 [main] MetamodelGraphWalker - Visiting attribute path : email
[DEBUG] 2018-02-13 18:56:40.803 [main] MetamodelGraphWalker - Visiting attribute path : firstName
[DEBUG] 2018-02-13 18:56:40.803 [main] MetamodelGraphWalker - Visiting attribute path : lastName
[DEBUG] 2018-02-13 18:56:40.803 [main] MetamodelGraphWalker - Visiting attribute path : password
[DEBUG] 2018-02-13 18:56:40.803 [main] MetamodelGraphWalker - Visiting attribute path : updateDate
[DEBUG] 2018-02-13 18:56:40.803 [main] MetamodelGraphWalker - Visiting attribute path : userName
[DEBUG] 2018-02-13 18:56:40.804 [main] FetchStyleLoadPlanBuildingAssociationVisitationStrategy - Building LoadPlan...
[DEBUG] 2018-02-13 18:56:40.847 [main] LoadQueryJoinAndFetchProcessor - processing queryspace <gen:0>
[DEBUG] 2018-02-13 18:56:40.856 [main] LoadPlanTreePrinter - LoadPlan(entity=edu.matc.entity.User)
    - Returns
       - EntityReturnImpl(entity=edu.matc.entity.User, querySpaceUid=<gen:0>, path=edu.matc.entity.User)
    - QuerySpaces
       - EntityQuerySpaceImpl(uid=<gen:0>, entity=edu.matc.entity.User)
          - SQL table alias mapping - user0_
          - alias suffix - 0_
          - suffixed key columns - {userId1_0_0_}

[DEBUG] 2018-02-13 18:56:40.889 [main] EntityLoader - Static select for entity edu.matc.entity.User [NONE]: select user0_.userId as userId1_0_0_, user0_.createDate as createDa2_0_0_, user0_.email as email3_0_0_, user0_.firstName as firstNam4_0_0_, user0_.lastName as lastName5_0_0_, user0_.password as password6_0_0_, user0_.updateDate as updateDa7_0_0_, user0_.userName as userName8_0_0_ from user user0_ where user0_.userId=?
[DEBUG] 2018-02-13 18:56:40.889 [main] QuerySpacesImpl - Adding QuerySpace : uid = <gen:0> -> org.hibernate.loader.plan.build.internal.spaces.EntityQuerySpaceImpl@33a053d]
[DEBUG] 2018-02-13 18:56:40.889 [main] MetamodelGraphWalker - Visiting attribute path : createDate
[DEBUG] 2018-02-13 18:56:40.890 [main] MetamodelGraphWalker - Visiting attribute path : email
[DEBUG] 2018-02-13 18:56:40.890 [main] MetamodelGraphWalker - Visiting attribute path : firstName
[DEBUG] 2018-02-13 18:56:40.890 [main] MetamodelGraphWalker - Visiting attribute path : lastName
[DEBUG] 2018-02-13 18:56:40.890 [main] MetamodelGraphWalker - Visiting attribute path : password
[DEBUG] 2018-02-13 18:56:40.890 [main] MetamodelGraphWalker - Visiting attribute path : updateDate
[DEBUG] 2018-02-13 18:56:40.890 [main] MetamodelGraphWalker - Visiting attribute path : userName
[DEBUG] 2018-02-13 18:56:40.891 [main] FetchStyleLoadPlanBuildingAssociationVisitationStrategy - Building LoadPlan...
[DEBUG] 2018-02-13 18:56:40.892 [main] LoadQueryJoinAndFetchProcessor - processing queryspace <gen:0>
[DEBUG] 2018-02-13 18:56:40.893 [main] LoadPlanTreePrinter - LoadPlan(entity=edu.matc.entity.User)
    - Returns
       - EntityReturnImpl(entity=edu.matc.entity.User, querySpaceUid=<gen:0>, path=edu.matc.entity.User)
    - QuerySpaces
       - EntityQuerySpaceImpl(uid=<gen:0>, entity=edu.matc.entity.User)
          - SQL table alias mapping - user0_
          - alias suffix - 0_
          - suffixed key columns - {userId1_0_0_}

[DEBUG] 2018-02-13 18:56:40.893 [main] EntityLoader - Static select for entity edu.matc.entity.User [READ]: select user0_.userId as userId1_0_0_, user0_.createDate as createDa2_0_0_, user0_.email as email3_0_0_, user0_.firstName as firstNam4_0_0_, user0_.lastName as lastName5_0_0_, user0_.password as password6_0_0_, user0_.updateDate as updateDa7_0_0_, user0_.userName as userName8_0_0_ from user user0_ where user0_.userId=?
[DEBUG] 2018-02-13 18:56:40.893 [main] QuerySpacesImpl - Adding QuerySpace : uid = <gen:0> -> org.hibernate.loader.plan.build.internal.spaces.EntityQuerySpaceImpl@20921b9b]
[DEBUG] 2018-02-13 18:56:40.893 [main] MetamodelGraphWalker - Visiting attribute path : createDate
[DEBUG] 2018-02-13 18:56:40.893 [main] MetamodelGraphWalker - Visiting attribute path : email
[DEBUG] 2018-02-13 18:56:40.893 [main] MetamodelGraphWalker - Visiting attribute path : firstName
[DEBUG] 2018-02-13 18:56:40.893 [main] MetamodelGraphWalker - Visiting attribute path : lastName
[DEBUG] 2018-02-13 18:56:40.893 [main] MetamodelGraphWalker - Visiting attribute path : password
[DEBUG] 2018-02-13 18:56:40.894 [main] MetamodelGraphWalker - Visiting attribute path : updateDate
[DEBUG] 2018-02-13 18:56:40.894 [main] MetamodelGraphWalker - Visiting attribute path : userName
[DEBUG] 2018-02-13 18:56:40.894 [main] FetchStyleLoadPlanBuildingAssociationVisitationStrategy - Building LoadPlan...
[DEBUG] 2018-02-13 18:56:40.894 [main] LoadQueryJoinAndFetchProcessor - processing queryspace <gen:0>
[DEBUG] 2018-02-13 18:56:40.894 [main] LoadPlanTreePrinter - LoadPlan(entity=edu.matc.entity.User)
    - Returns
       - EntityReturnImpl(entity=edu.matc.entity.User, querySpaceUid=<gen:0>, path=edu.matc.entity.User)
    - QuerySpaces
       - EntityQuerySpaceImpl(uid=<gen:0>, entity=edu.matc.entity.User)
          - SQL table alias mapping - user0_
          - alias suffix - 0_
          - suffixed key columns - {userId1_0_0_}

[DEBUG] 2018-02-13 18:56:40.895 [main] EntityLoader - Static select for entity edu.matc.entity.User [UPGRADE]: select user0_.userId as userId1_0_0_, user0_.createDate as createDa2_0_0_, user0_.email as email3_0_0_, user0_.firstName as firstNam4_0_0_, user0_.lastName as lastName5_0_0_, user0_.password as password6_0_0_, user0_.updateDate as updateDa7_0_0_, user0_.userName as userName8_0_0_ from user user0_ where user0_.userId=? for update
[DEBUG] 2018-02-13 18:56:40.895 [main] QuerySpacesImpl - Adding QuerySpace : uid = <gen:0> -> org.hibernate.loader.plan.build.internal.spaces.EntityQuerySpaceImpl@5ba745bc]
[DEBUG] 2018-02-13 18:56:40.895 [main] MetamodelGraphWalker - Visiting attribute path : createDate
[DEBUG] 2018-02-13 18:56:40.895 [main] MetamodelGraphWalker - Visiting attribute path : email
[DEBUG] 2018-02-13 18:56:40.895 [main] MetamodelGraphWalker - Visiting attribute path : firstName
[DEBUG] 2018-02-13 18:56:40.895 [main] MetamodelGraphWalker - Visiting attribute path : lastName
[DEBUG] 2018-02-13 18:56:40.895 [main] MetamodelGraphWalker - Visiting attribute path : password
[DEBUG] 2018-02-13 18:56:40.895 [main] MetamodelGraphWalker - Visiting attribute path : updateDate
[DEBUG] 2018-02-13 18:56:40.895 [main] MetamodelGraphWalker - Visiting attribute path : userName
[DEBUG] 2018-02-13 18:56:40.897 [main] FetchStyleLoadPlanBuildingAssociationVisitationStrategy - Building LoadPlan...
[DEBUG] 2018-02-13 18:56:40.898 [main] LoadQueryJoinAndFetchProcessor - processing queryspace <gen:0>
[DEBUG] 2018-02-13 18:56:40.898 [main] LoadPlanTreePrinter - LoadPlan(entity=edu.matc.entity.User)
    - Returns
       - EntityReturnImpl(entity=edu.matc.entity.User, querySpaceUid=<gen:0>, path=edu.matc.entity.User)
    - QuerySpaces
       - EntityQuerySpaceImpl(uid=<gen:0>, entity=edu.matc.entity.User)
          - SQL table alias mapping - user0_
          - alias suffix - 0_
          - suffixed key columns - {userId1_0_0_}

[DEBUG] 2018-02-13 18:56:40.899 [main] EntityLoader - Static select for entity edu.matc.entity.User [UPGRADE_NOWAIT]: select user0_.userId as userId1_0_0_, user0_.createDate as createDa2_0_0_, user0_.email as email3_0_0_, user0_.firstName as firstNam4_0_0_, user0_.lastName as lastName5_0_0_, user0_.password as password6_0_0_, user0_.updateDate as updateDa7_0_0_, user0_.userName as userName8_0_0_ from user user0_ where user0_.userId=? for update
[DEBUG] 2018-02-13 18:56:40.899 [main] QuerySpacesImpl - Adding QuerySpace : uid = <gen:0> -> org.hibernate.loader.plan.build.internal.spaces.EntityQuerySpaceImpl@55b5e331]
[DEBUG] 2018-02-13 18:56:40.899 [main] MetamodelGraphWalker - Visiting attribute path : createDate
[DEBUG] 2018-02-13 18:56:40.899 [main] MetamodelGraphWalker - Visiting attribute path : email
[DEBUG] 2018-02-13 18:56:40.899 [main] MetamodelGraphWalker - Visiting attribute path : firstName
[DEBUG] 2018-02-13 18:56:40.899 [main] MetamodelGraphWalker - Visiting attribute path : lastName
[DEBUG] 2018-02-13 18:56:40.899 [main] MetamodelGraphWalker - Visiting attribute path : password
[DEBUG] 2018-02-13 18:56:40.899 [main] MetamodelGraphWalker - Visiting attribute path : updateDate
[DEBUG] 2018-02-13 18:56:40.899 [main] MetamodelGraphWalker - Visiting attribute path : userName
[DEBUG] 2018-02-13 18:56:40.899 [main] FetchStyleLoadPlanBuildingAssociationVisitationStrategy - Building LoadPlan...
[DEBUG] 2018-02-13 18:56:40.900 [main] LoadQueryJoinAndFetchProcessor - processing queryspace <gen:0>
[DEBUG] 2018-02-13 18:56:40.900 [main] LoadPlanTreePrinter - LoadPlan(entity=edu.matc.entity.User)
    - Returns
       - EntityReturnImpl(entity=edu.matc.entity.User, querySpaceUid=<gen:0>, path=edu.matc.entity.User)
    - QuerySpaces
       - EntityQuerySpaceImpl(uid=<gen:0>, entity=edu.matc.entity.User)
          - SQL table alias mapping - user0_
          - alias suffix - 0_
          - suffixed key columns - {userId1_0_0_}

[DEBUG] 2018-02-13 18:56:40.900 [main] EntityLoader - Static select for entity edu.matc.entity.User [UPGRADE_SKIPLOCKED]: select user0_.userId as userId1_0_0_, user0_.createDate as createDa2_0_0_, user0_.email as email3_0_0_, user0_.firstName as firstNam4_0_0_, user0_.lastName as lastName5_0_0_, user0_.password as password6_0_0_, user0_.updateDate as updateDa7_0_0_, user0_.userName as userName8_0_0_ from user user0_ where user0_.userId=? for update
[DEBUG] 2018-02-13 18:56:40.900 [main] QuerySpacesImpl - Adding QuerySpace : uid = <gen:0> -> org.hibernate.loader.plan.build.internal.spaces.EntityQuerySpaceImpl@15fc442]
[DEBUG] 2018-02-13 18:56:40.900 [main] MetamodelGraphWalker - Visiting attribute path : createDate
[DEBUG] 2018-02-13 18:56:40.900 [main] MetamodelGraphWalker - Visiting attribute path : email
[DEBUG] 2018-02-13 18:56:40.901 [main] MetamodelGraphWalker - Visiting attribute path : firstName
[DEBUG] 2018-02-13 18:56:40.901 [main] MetamodelGraphWalker - Visiting attribute path : lastName
[DEBUG] 2018-02-13 18:56:40.901 [main] MetamodelGraphWalker - Visiting attribute path : password
[DEBUG] 2018-02-13 18:56:40.901 [main] MetamodelGraphWalker - Visiting attribute path : updateDate
[DEBUG] 2018-02-13 18:56:40.901 [main] MetamodelGraphWalker - Visiting attribute path : userName
[DEBUG] 2018-02-13 18:56:40.901 [main] FetchStyleLoadPlanBuildingAssociationVisitationStrategy - Building LoadPlan...
[DEBUG] 2018-02-13 18:56:40.901 [main] LoadQueryJoinAndFetchProcessor - processing queryspace <gen:0>
[DEBUG] 2018-02-13 18:56:40.901 [main] LoadPlanTreePrinter - LoadPlan(entity=edu.matc.entity.User)
    - Returns
       - EntityReturnImpl(entity=edu.matc.entity.User, querySpaceUid=<gen:0>, path=edu.matc.entity.User)
    - QuerySpaces
       - EntityQuerySpaceImpl(uid=<gen:0>, entity=edu.matc.entity.User)
          - SQL table alias mapping - user0_
          - alias suffix - 0_
          - suffixed key columns - {userId1_0_0_}

[DEBUG] 2018-02-13 18:56:40.902 [main] EntityLoader - Static select for entity edu.matc.entity.User [FORCE]: select user0_.userId as userId1_0_0_, user0_.createDate as createDa2_0_0_, user0_.email as email3_0_0_, user0_.firstName as firstNam4_0_0_, user0_.lastName as lastName5_0_0_, user0_.password as password6_0_0_, user0_.updateDate as updateDa7_0_0_, user0_.userName as userName8_0_0_ from user user0_ where user0_.userId=? for update
[DEBUG] 2018-02-13 18:56:40.902 [main] QuerySpacesImpl - Adding QuerySpace : uid = <gen:0> -> org.hibernate.loader.plan.build.internal.spaces.EntityQuerySpaceImpl@456abb66]
[DEBUG] 2018-02-13 18:56:40.902 [main] MetamodelGraphWalker - Visiting attribute path : createDate
[DEBUG] 2018-02-13 18:56:40.902 [main] MetamodelGraphWalker - Visiting attribute path : email
[DEBUG] 2018-02-13 18:56:40.902 [main] MetamodelGraphWalker - Visiting attribute path : firstName
[DEBUG] 2018-02-13 18:56:40.902 [main] MetamodelGraphWalker - Visiting attribute path : lastName
[DEBUG] 2018-02-13 18:56:40.902 [main] MetamodelGraphWalker - Visiting attribute path : password
[DEBUG] 2018-02-13 18:56:40.902 [main] MetamodelGraphWalker - Visiting attribute path : updateDate
[DEBUG] 2018-02-13 18:56:40.902 [main] MetamodelGraphWalker - Visiting attribute path : userName
[DEBUG] 2018-02-13 18:56:40.902 [main] FetchStyleLoadPlanBuildingAssociationVisitationStrategy - Building LoadPlan...
[DEBUG] 2018-02-13 18:56:40.903 [main] LoadQueryJoinAndFetchProcessor - processing queryspace <gen:0>
[DEBUG] 2018-02-13 18:56:40.903 [main] LoadPlanTreePrinter - LoadPlan(entity=edu.matc.entity.User)
    - Returns
       - EntityReturnImpl(entity=edu.matc.entity.User, querySpaceUid=<gen:0>, path=edu.matc.entity.User)
    - QuerySpaces
       - EntityQuerySpaceImpl(uid=<gen:0>, entity=edu.matc.entity.User)
          - SQL table alias mapping - user0_
          - alias suffix - 0_
          - suffixed key columns - {userId1_0_0_}

[DEBUG] 2018-02-13 18:56:40.903 [main] EntityLoader - Static select for entity edu.matc.entity.User [PESSIMISTIC_READ]: select user0_.userId as userId1_0_0_, user0_.createDate as createDa2_0_0_, user0_.email as email3_0_0_, user0_.firstName as firstNam4_0_0_, user0_.lastName as lastName5_0_0_, user0_.password as password6_0_0_, user0_.updateDate as updateDa7_0_0_, user0_.userName as userName8_0_0_ from user user0_ where user0_.userId=? lock in share mode
[DEBUG] 2018-02-13 18:56:40.903 [main] QuerySpacesImpl - Adding QuerySpace : uid = <gen:0> -> org.hibernate.loader.plan.build.internal.spaces.EntityQuerySpaceImpl@7da10b5b]
[DEBUG] 2018-02-13 18:56:40.913 [main] MetamodelGraphWalker - Visiting attribute path : createDate
[DEBUG] 2018-02-13 18:56:40.914 [main] MetamodelGraphWalker - Visiting attribute path : email
[DEBUG] 2018-02-13 18:56:40.914 [main] MetamodelGraphWalker - Visiting attribute path : firstName
[DEBUG] 2018-02-13 18:56:40.914 [main] MetamodelGraphWalker - Visiting attribute path : lastName
[DEBUG] 2018-02-13 18:56:40.914 [main] MetamodelGraphWalker - Visiting attribute path : password
[DEBUG] 2018-02-13 18:56:40.914 [main] MetamodelGraphWalker - Visiting attribute path : updateDate
[DEBUG] 2018-02-13 18:56:40.914 [main] MetamodelGraphWalker - Visiting attribute path : userName
[DEBUG] 2018-02-13 18:56:40.914 [main] FetchStyleLoadPlanBuildingAssociationVisitationStrategy - Building LoadPlan...
[DEBUG] 2018-02-13 18:56:40.914 [main] LoadQueryJoinAndFetchProcessor - processing queryspace <gen:0>
[DEBUG] 2018-02-13 18:56:40.915 [main] LoadPlanTreePrinter - LoadPlan(entity=edu.matc.entity.User)
    - Returns
       - EntityReturnImpl(entity=edu.matc.entity.User, querySpaceUid=<gen:0>, path=edu.matc.entity.User)
    - QuerySpaces
       - EntityQuerySpaceImpl(uid=<gen:0>, entity=edu.matc.entity.User)
          - SQL table alias mapping - user0_
          - alias suffix - 0_
          - suffixed key columns - {userId1_0_0_}

[DEBUG] 2018-02-13 18:56:40.915 [main] EntityLoader - Static select for entity edu.matc.entity.User [PESSIMISTIC_WRITE]: select user0_.userId as userId1_0_0_, user0_.createDate as createDa2_0_0_, user0_.email as email3_0_0_, user0_.firstName as firstNam4_0_0_, user0_.lastName as lastName5_0_0_, user0_.password as password6_0_0_, user0_.updateDate as updateDa7_0_0_, user0_.userName as userName8_0_0_ from user user0_ where user0_.userId=? for update
[DEBUG] 2018-02-13 18:56:40.915 [main] QuerySpacesImpl - Adding QuerySpace : uid = <gen:0> -> org.hibernate.loader.plan.build.internal.spaces.EntityQuerySpaceImpl@31be6b49]
[DEBUG] 2018-02-13 18:56:40.915 [main] MetamodelGraphWalker - Visiting attribute path : createDate
[DEBUG] 2018-02-13 18:56:40.915 [main] MetamodelGraphWalker - Visiting attribute path : email
[DEBUG] 2018-02-13 18:56:40.915 [main] MetamodelGraphWalker - Visiting attribute path : firstName
[DEBUG] 2018-02-13 18:56:40.915 [main] MetamodelGraphWalker - Visiting attribute path : lastName
[DEBUG] 2018-02-13 18:56:40.915 [main] MetamodelGraphWalker - Visiting attribute path : password
[DEBUG] 2018-02-13 18:56:40.915 [main] MetamodelGraphWalker - Visiting attribute path : updateDate
[DEBUG] 2018-02-13 18:56:40.915 [main] MetamodelGraphWalker - Visiting attribute path : userName
[DEBUG] 2018-02-13 18:56:40.915 [main] FetchStyleLoadPlanBuildingAssociationVisitationStrategy - Building LoadPlan...
[DEBUG] 2018-02-13 18:56:40.916 [main] LoadQueryJoinAndFetchProcessor - processing queryspace <gen:0>
[DEBUG] 2018-02-13 18:56:40.917 [main] LoadPlanTreePrinter - LoadPlan(entity=edu.matc.entity.User)
    - Returns
       - EntityReturnImpl(entity=edu.matc.entity.User, querySpaceUid=<gen:0>, path=edu.matc.entity.User)
    - QuerySpaces
       - EntityQuerySpaceImpl(uid=<gen:0>, entity=edu.matc.entity.User)
          - SQL table alias mapping - user0_
          - alias suffix - 0_
          - suffixed key columns - {userId1_0_0_}

[DEBUG] 2018-02-13 18:56:40.917 [main] EntityLoader - Static select for entity edu.matc.entity.User [PESSIMISTIC_FORCE_INCREMENT]: select user0_.userId as userId1_0_0_, user0_.createDate as createDa2_0_0_, user0_.email as email3_0_0_, user0_.firstName as firstNam4_0_0_, user0_.lastName as lastName5_0_0_, user0_.password as password6_0_0_, user0_.updateDate as updateDa7_0_0_, user0_.userName as userName8_0_0_ from user user0_ where user0_.userId=? for update
[DEBUG] 2018-02-13 18:56:40.917 [main] QuerySpacesImpl - Adding QuerySpace : uid = <gen:0> -> org.hibernate.loader.plan.build.internal.spaces.EntityQuerySpaceImpl@5b989dc7]
[DEBUG] 2018-02-13 18:56:40.917 [main] MetamodelGraphWalker - Visiting attribute path : createDate
[DEBUG] 2018-02-13 18:56:40.917 [main] MetamodelGraphWalker - Visiting attribute path : email
[DEBUG] 2018-02-13 18:56:40.917 [main] MetamodelGraphWalker - Visiting attribute path : firstName
[DEBUG] 2018-02-13 18:56:40.918 [main] MetamodelGraphWalker - Visiting attribute path : lastName
[DEBUG] 2018-02-13 18:56:40.918 [main] MetamodelGraphWalker - Visiting attribute path : password
[DEBUG] 2018-02-13 18:56:40.918 [main] MetamodelGraphWalker - Visiting attribute path : updateDate
[DEBUG] 2018-02-13 18:56:40.918 [main] MetamodelGraphWalker - Visiting attribute path : userName
[DEBUG] 2018-02-13 18:56:40.918 [main] FetchStyleLoadPlanBuildingAssociationVisitationStrategy - Building LoadPlan...
[DEBUG] 2018-02-13 18:56:40.918 [main] LoadQueryJoinAndFetchProcessor - processing queryspace <gen:0>
[DEBUG] 2018-02-13 18:56:40.918 [main] LoadPlanTreePrinter - LoadPlan(entity=edu.matc.entity.User)
    - Returns
       - EntityReturnImpl(entity=edu.matc.entity.User, querySpaceUid=<gen:0>, path=edu.matc.entity.User)
    - QuerySpaces
       - EntityQuerySpaceImpl(uid=<gen:0>, entity=edu.matc.entity.User)
          - SQL table alias mapping - user0_
          - alias suffix - 0_
          - suffixed key columns - {userId1_0_0_}

[DEBUG] 2018-02-13 18:56:40.918 [main] EntityLoader - Static select for entity edu.matc.entity.User [OPTIMISTIC]: select user0_.userId as userId1_0_0_, user0_.createDate as createDa2_0_0_, user0_.email as email3_0_0_, user0_.firstName as firstNam4_0_0_, user0_.lastName as lastName5_0_0_, user0_.password as password6_0_0_, user0_.updateDate as updateDa7_0_0_, user0_.userName as userName8_0_0_ from user user0_ where user0_.userId=?
[DEBUG] 2018-02-13 18:56:40.919 [main] QuerySpacesImpl - Adding QuerySpace : uid = <gen:0> -> org.hibernate.loader.plan.build.internal.spaces.EntityQuerySpaceImpl@42561fba]
[DEBUG] 2018-02-13 18:56:40.919 [main] MetamodelGraphWalker - Visiting attribute path : createDate
[DEBUG] 2018-02-13 18:56:40.919 [main] MetamodelGraphWalker - Visiting attribute path : email
[DEBUG] 2018-02-13 18:56:40.919 [main] MetamodelGraphWalker - Visiting attribute path : firstName
[DEBUG] 2018-02-13 18:56:40.919 [main] MetamodelGraphWalker - Visiting attribute path : lastName
[DEBUG] 2018-02-13 18:56:40.919 [main] MetamodelGraphWalker - Visiting attribute path : password
[DEBUG] 2018-02-13 18:56:40.919 [main] MetamodelGraphWalker - Visiting attribute path : updateDate
[DEBUG] 2018-02-13 18:56:40.919 [main] MetamodelGraphWalker - Visiting attribute path : userName
[DEBUG] 2018-02-13 18:56:40.919 [main] FetchStyleLoadPlanBuildingAssociationVisitationStrategy - Building LoadPlan...
[DEBUG] 2018-02-13 18:56:40.919 [main] LoadQueryJoinAndFetchProcessor - processing queryspace <gen:0>
[DEBUG] 2018-02-13 18:56:40.920 [main] LoadPlanTreePrinter - LoadPlan(entity=edu.matc.entity.User)
    - Returns
       - EntityReturnImpl(entity=edu.matc.entity.User, querySpaceUid=<gen:0>, path=edu.matc.entity.User)
    - QuerySpaces
       - EntityQuerySpaceImpl(uid=<gen:0>, entity=edu.matc.entity.User)
          - SQL table alias mapping - user0_
          - alias suffix - 0_
          - suffixed key columns - {userId1_0_0_}

[DEBUG] 2018-02-13 18:56:40.920 [main] EntityLoader - Static select for entity edu.matc.entity.User [OPTIMISTIC_FORCE_INCREMENT]: select user0_.userId as userId1_0_0_, user0_.createDate as createDa2_0_0_, user0_.email as email3_0_0_, user0_.firstName as firstNam4_0_0_, user0_.lastName as lastName5_0_0_, user0_.password as password6_0_0_, user0_.updateDate as updateDa7_0_0_, user0_.userName as userName8_0_0_ from user user0_ where user0_.userId=?
[DEBUG] 2018-02-13 18:56:40.966 [main] Loader - Static select for action ACTION_MERGE on entity edu.matc.entity.User: select user0_.userId as userId1_0_0_, user0_.createDate as createDa2_0_0_, user0_.email as email3_0_0_, user0_.firstName as firstNam4_0_0_, user0_.lastName as lastName5_0_0_, user0_.password as password6_0_0_, user0_.updateDate as updateDa7_0_0_, user0_.userName as userName8_0_0_ from user user0_ where user0_.userId=?
[DEBUG] 2018-02-13 18:56:40.967 [main] Loader - Static select for action ACTION_REFRESH on entity edu.matc.entity.User: select user0_.userId as userId1_0_0_, user0_.createDate as createDa2_0_0_, user0_.email as email3_0_0_, user0_.firstName as firstNam4_0_0_, user0_.lastName as lastName5_0_0_, user0_.password as password6_0_0_, user0_.updateDate as updateDa7_0_0_, user0_.userName as userName8_0_0_ from user user0_ where user0_.userId=?
[DEBUG] 2018-02-13 18:56:41.104 [main] SchemaManagementToolCoordinator - No actions specified; doing nothing
[DEBUG] 2018-02-13 18:56:41.104 [main] JtaPlatformInitiator - No JtaPlatform was specified, checking resolver
[DEBUG] 2018-02-13 18:56:41.114 [main] JtaPlatformResolverInitiator - No JtaPlatformResolver was specified, using default [org.hibernate.engine.transaction.jta.platform.internal.StandardJtaPlatformResolver]
[DEBUG] 2018-02-13 18:56:41.134 [main] StandardJtaPlatformResolver - Could not resolve JtaPlatform, using default [org.hibernate.engine.transaction.jta.platform.internal.NoJtaPlatform]
[DEBUG] 2018-02-13 18:56:41.137 [main] NamedQueryRepository - Checking 0 named HQL queries
[DEBUG] 2018-02-13 18:56:41.137 [main] NamedQueryRepository - Checking 0 named SQL queries
[DEBUG] 2018-02-13 18:56:41.141 [main] SessionFactoryRegistry - Initializing SessionFactoryRegistry : org.hibernate.internal.SessionFactoryRegistry@470a9030
[DEBUG] 2018-02-13 18:56:41.146 [main] SessionFactoryRegistry - Registering SessionFactory: 6ffed4d9-516c-4cec-b5f9-470f67c4e487 (<unnamed>)
[DEBUG] 2018-02-13 18:56:41.147 [main] SessionFactoryRegistry - Not binding SessionFactory to JNDI, no JNDI name configured
[DEBUG] 2018-02-13 18:56:41.382 [main] StatisticsInitiator - Statistics initialized [enabled=false]
[DEBUG] 2018-02-13 18:56:41.411 [main] SQL - select user0_.userId as userId1_0_0_, user0_.createDate as createDa2_0_0_, user0_.email as email3_0_0_, user0_.firstName as firstNam4_0_0_, user0_.lastName as lastName5_0_0_, user0_.password as password6_0_0_, user0_.updateDate as updateDa7_0_0_, user0_.userName as userName8_0_0_ from user user0_ where user0_.userId=?
[DEBUG] 2018-02-13 18:56:41.458 [main] ResultSetProcessorImpl - Starting ResultSet row #0
[DEBUG] 2018-02-13 18:56:41.459 [main] EntityReferenceInitializerImpl - On call to EntityIdentifierReaderImpl#resolve, EntityKey was already known; should only happen on root returns with an optional identifier specified
[DEBUG] 2018-02-13 18:56:41.483 [main] TwoPhaseLoad - Resolving associations for [edu.matc.entity.User#3]
[DEBUG] 2018-02-13 18:56:41.495 [main] TwoPhaseLoad - Done materializing entity [edu.matc.entity.User#3]
[DEBUG] 2018-02-13 18:56:41.496 [main] ResourceRegistryStandardImpl - HHH000387: ResultSet's statement was not registered
[DEBUG] 2018-02-13 18:56:41.496 [main] AbstractLoadPlanBasedEntityLoader - Done entity load : edu.matc.entity.User#3
[DEBUG] 2018-02-13 18:56:41.496 [main] LogicalConnectionManagedImpl - Initiating JDBC connection release from afterTransaction
[DEBUG] 2018-02-13 18:56:41.504 [main] TransactionImpl - begin
[DEBUG] 2018-02-13 18:56:41.550 [main] TransactionImpl - committing
[DEBUG] 2018-02-13 18:56:41.551 [main] AbstractFlushingEventListener - Processing flush-time cascades
[DEBUG] 2018-02-13 18:56:41.551 [main] AbstractFlushingEventListener - Dirty checking collections
[DEBUG] 2018-02-13 18:56:41.554 [main] AbstractFlushingEventListener - Flushed: 0 insertions, 0 updates, 1 deletions to 1 objects
[DEBUG] 2018-02-13 18:56:41.554 [main] AbstractFlushingEventListener - Flushed: 0 (re)creations, 0 updates, 0 removals to 0 collections
[DEBUG] 2018-02-13 18:56:41.556 [main] EntityPrinter - Listing entities:
[DEBUG] 2018-02-13 18:56:41.556 [main] EntityPrinter - edu.matc.entity.User{firstName=Barney, lastName=Curry, password=supersecret3, updateDate=2018-02-13 18:56:41.0, UserId=3, userName=bcurry, email=bcurry@yahoo.com, createDate=2018-02-13 18:56:41.0}
[DEBUG] 2018-02-13 18:56:41.567 [main] SQL - delete from user where userId=?
[DEBUG] 2018-02-13 18:56:41.632 [main] LogicalConnectionManagedImpl - Initiating JDBC connection release from afterTransaction
[DEBUG] 2018-02-13 18:56:41.633 [main] LogicalConnectionManagedImpl - Initiating JDBC connection release from afterTransaction
[DEBUG] 2018-02-13 18:56:41.633 [main] JdbcCoordinatorImpl - HHH000420: Closing un-released batch
[DEBUG] 2018-02-13 18:56:41.634 [main] SQL - select user0_.userId as userId1_0_0_, user0_.createDate as createDa2_0_0_, user0_.email as email3_0_0_, user0_.firstName as firstNam4_0_0_, user0_.lastName as lastName5_0_0_, user0_.password as password6_0_0_, user0_.updateDate as updateDa7_0_0_, user0_.userName as userName8_0_0_ from user user0_ where user0_.userId=?
[DEBUG] 2018-02-13 18:56:41.637 [main] ResourceRegistryStandardImpl - HHH000387: ResultSet's statement was not registered
[DEBUG] 2018-02-13 18:56:41.637 [main] AbstractLoadPlanBasedEntityLoader - Done entity load : edu.matc.entity.User#3
[DEBUG] 2018-02-13 18:56:41.637 [main] LogicalConnectionManagedImpl - Initiating JDBC connection release from afterTransaction
[DEBUG] 2018-02-13 18:56:41.758 [main] CriteriaQueryImpl - Rendered criteria query -> select generatedAlias0 from User as generatedAlias0 where generatedAlias0.lastName like :param0
[DEBUG] 2018-02-13 18:56:41.799 [main] QueryTranslatorFactoryInitiator - QueryTranslatorFactory : org.hibernate.hql.internal.ast.ASTQueryTranslatorFactory@66596a88
[INFO ] 2018-02-13 18:56:41.799 [main] QueryTranslatorFactoryInitiator - HHH000397: Using ASTQueryTranslatorFactory
[DEBUG] 2018-02-13 18:56:41.854 [main] QueryTranslatorImpl - parse() - HQL: select generatedAlias0 from edu.matc.entity.User as generatedAlias0 where generatedAlias0.lastName like :param0
[DEBUG] 2018-02-13 18:56:41.901 [main] ErrorCounter - throwQueryException() : no errors
[DEBUG] 2018-02-13 18:56:41.905 [main] QueryTranslatorImpl - --- HQL AST ---
 \-[QUERY] Node: 'query'
    +-[SELECT_FROM] Node: 'SELECT_FROM'
    |  +-[FROM] Node: 'from'
    |  |  \-[RANGE] Node: 'RANGE'
    |  |     +-[DOT] Node: '.'
    |  |     |  +-[DOT] Node: '.'
    |  |     |  |  +-[DOT] Node: '.'
    |  |     |  |  |  +-[IDENT] Node: 'edu'
    |  |     |  |  |  \-[IDENT] Node: 'matc'
    |  |     |  |  \-[IDENT] Node: 'entity'
    |  |     |  \-[IDENT] Node: 'User'
    |  |     \-[ALIAS] Node: 'generatedAlias0'
    |  \-[SELECT] Node: 'select'
    |     \-[IDENT] Node: 'generatedAlias0'
    \-[WHERE] Node: 'where'
       \-[LIKE] Node: 'like'
          +-[DOT] Node: '.'
          |  +-[IDENT] Node: 'generatedAlias0'
          |  \-[IDENT] Node: 'lastName'
          \-[COLON] Node: ':'
             \-[IDENT] Node: 'param0'

[DEBUG] 2018-02-13 18:56:42.007 [main] HqlSqlBaseWalker - select << begin [level=1, statement=select]
[DEBUG] 2018-02-13 18:56:42.149 [main] FromElement - FromClause{level=1} : edu.matc.entity.User (generatedAlias0) -> user0_
[DEBUG] 2018-02-13 18:56:42.150 [main] FromReferenceNode - Resolved : generatedAlias0 -> user0_.userId
[DEBUG] 2018-02-13 18:56:42.156 [main] FromReferenceNode - Resolved : generatedAlias0 -> user0_.userId
[DEBUG] 2018-02-13 18:56:42.158 [main] DotNode - getDataType() : lastName -> org.hibernate.type.StringType@19b843ba
[DEBUG] 2018-02-13 18:56:42.159 [main] FromReferenceNode - Resolved : generatedAlias0.lastName -> user0_.lastName
[DEBUG] 2018-02-13 18:56:42.162 [main] HqlSqlBaseWalker - select : finishing up [level=1, statement=select]
[DEBUG] 2018-02-13 18:56:42.162 [main] HqlSqlWalker - processQuery() :  ( SELECT ( {select clause} user0_.userId ) ( FromClause{level=1} user user0_ ) ( where ( like ( user0_.lastName user0_.userId lastName ) ? ) ) )
[DEBUG] 2018-02-13 18:56:42.218 [main] JoinProcessor - Using FROM fragment [user user0_]
[DEBUG] 2018-02-13 18:56:42.219 [main] HqlSqlBaseWalker - select >> end [level=1, statement=select]
[DEBUG] 2018-02-13 18:56:42.221 [main] QueryTranslatorImpl - --- SQL AST ---
 \-[SELECT] QueryNode: 'SELECT'  querySpaces (user)
    +-[SELECT_CLAUSE] SelectClause: '{select clause}'
    |  +-[ALIAS_REF] IdentNode: 'user0_.userId as userId1_0_' {alias=generatedAlias0, className=edu.matc.entity.User, tableAlias=user0_}
    |  \-[SQL_TOKEN] SqlFragment: 'user0_.createDate as createDa2_0_, user0_.email as email3_0_, user0_.firstName as firstNam4_0_, user0_.lastName as lastName5_0_, user0_.password as password6_0_, user0_.updateDate as updateDa7_0_, user0_.userName as userName8_0_'
    +-[FROM] FromClause: 'from' FromClause{level=1, fromElementCounter=1, fromElements=1, fromElementByClassAlias=[generatedAlias0], fromElementByTableAlias=[user0_], fromElementsByPath=[], collectionJoinFromElementsByPath=[], impliedElements=[]}
    |  \-[FROM_FRAGMENT] FromElement: 'user user0_' FromElement{explicit,not a collection join,not a fetch join,fetch non-lazy properties,classAlias=generatedAlias0,role=null,tableName=user,tableAlias=user0_,origin=null,columns={,className=edu.matc.entity.User}}
    \-[WHERE] SqlNode: 'where'
       \-[LIKE] BinaryLogicOperatorNode: 'like'
          +-[DOT] DotNode: 'user0_.lastName' {propertyName=lastName,dereferenceType=PRIMITIVE,getPropertyPath=lastName,path=generatedAlias0.lastName,tableAlias=user0_,className=edu.matc.entity.User,classAlias=generatedAlias0}
          |  +-[ALIAS_REF] IdentNode: 'user0_.userId' {alias=generatedAlias0, className=edu.matc.entity.User, tableAlias=user0_}
          |  \-[IDENT] IdentNode: 'lastName' {originalText=lastName}
          \-[NAMED_PARAM] ParameterNode: '?' {name=param0, expectedType=org.hibernate.type.StringType@19b843ba}

[DEBUG] 2018-02-13 18:56:42.221 [main] ErrorCounter - throwQueryException() : no errors
[DEBUG] 2018-02-13 18:56:42.240 [main] QueryTranslatorImpl - HQL: select generatedAlias0 from edu.matc.entity.User as generatedAlias0 where generatedAlias0.lastName like :param0
[DEBUG] 2018-02-13 18:56:42.240 [main] QueryTranslatorImpl - SQL: select user0_.userId as userId1_0_, user0_.createDate as createDa2_0_, user0_.email as email3_0_, user0_.firstName as firstNam4_0_, user0_.lastName as lastName5_0_, user0_.password as password6_0_, user0_.updateDate as updateDa7_0_, user0_.userName as userName8_0_ from user user0_ where user0_.lastName like ?
[DEBUG] 2018-02-13 18:56:42.240 [main] ErrorCounter - throwQueryException() : no errors
[DEBUG] 2018-02-13 18:56:42.263 [main] SQL - select user0_.userId as userId1_0_, user0_.createDate as createDa2_0_, user0_.email as email3_0_, user0_.firstName as firstNam4_0_, user0_.lastName as lastName5_0_, user0_.password as password6_0_, user0_.updateDate as updateDa7_0_, user0_.userName as userName8_0_ from user user0_ where user0_.lastName like ?
[DEBUG] 2018-02-13 18:56:42.267 [main] Loader - Result set row: 0
[DEBUG] 2018-02-13 18:56:42.268 [main] Loader - Result row: EntityKey[edu.matc.entity.User#3]
[DEBUG] 2018-02-13 18:56:42.269 [main] TwoPhaseLoad - Resolving associations for [edu.matc.entity.User#3]
[DEBUG] 2018-02-13 18:56:42.270 [main] TwoPhaseLoad - Done materializing entity [edu.matc.entity.User#3]
[DEBUG] 2018-02-13 18:56:42.275 [main] LogicalConnectionManagedImpl - Initiating JDBC connection release from afterTransaction
[DEBUG] 2018-02-13 18:56:42.349 [main] CriteriaQueryImpl - Rendered criteria query -> select generatedAlias0 from User as generatedAlias0 where generatedAlias0.lastName like :param0
[DEBUG] 2018-02-13 18:56:42.349 [main] SQL - select user0_.userId as userId1_0_, user0_.createDate as createDa2_0_, user0_.email as email3_0_, user0_.firstName as firstNam4_0_, user0_.lastName as lastName5_0_, user0_.password as password6_0_, user0_.updateDate as updateDa7_0_, user0_.userName as userName8_0_ from user user0_ where user0_.lastName like ?
[DEBUG] 2018-02-13 18:56:42.353 [main] Loader - Result set row: 0
[DEBUG] 2018-02-13 18:56:42.354 [main] Loader - Result row: EntityKey[edu.matc.entity.User#1]
[DEBUG] 2018-02-13 18:56:42.355 [main] Loader - Result set row: 1
[DEBUG] 2018-02-13 18:56:42.355 [main] Loader - Result row: EntityKey[edu.matc.entity.User#3]
[DEBUG] 2018-02-13 18:56:42.355 [main] Loader - Result set row: 2
[DEBUG] 2018-02-13 18:56:42.355 [main] Loader - Result row: EntityKey[edu.matc.entity.User#4]
[DEBUG] 2018-02-13 18:56:42.355 [main] TwoPhaseLoad - Resolving associations for [edu.matc.entity.User#1]
[DEBUG] 2018-02-13 18:56:42.356 [main] TwoPhaseLoad - Done materializing entity [edu.matc.entity.User#1]
[DEBUG] 2018-02-13 18:56:42.356 [main] TwoPhaseLoad - Resolving associations for [edu.matc.entity.User#3]
[DEBUG] 2018-02-13 18:56:42.356 [main] TwoPhaseLoad - Done materializing entity [edu.matc.entity.User#3]
[DEBUG] 2018-02-13 18:56:42.356 [main] TwoPhaseLoad - Resolving associations for [edu.matc.entity.User#4]
[DEBUG] 2018-02-13 18:56:42.356 [main] TwoPhaseLoad - Done materializing entity [edu.matc.entity.User#4]
[DEBUG] 2018-02-13 18:56:42.356 [main] LogicalConnectionManagedImpl - Initiating JDBC connection release from afterTransaction
[DEBUG] 2018-02-13 18:56:42.469 [main] SQL - select user0_.userId as userId1_0_0_, user0_.createDate as createDa2_0_0_, user0_.email as email3_0_0_, user0_.firstName as firstNam4_0_0_, user0_.lastName as lastName5_0_0_, user0_.password as password6_0_0_, user0_.updateDate as updateDa7_0_0_, user0_.userName as userName8_0_0_ from user user0_ where user0_.userId=?
[DEBUG] 2018-02-13 18:56:42.474 [main] ResultSetProcessorImpl - Starting ResultSet row #0
[DEBUG] 2018-02-13 18:56:42.474 [main] EntityReferenceInitializerImpl - On call to EntityIdentifierReaderImpl#resolve, EntityKey was already known; should only happen on root returns with an optional identifier specified
[DEBUG] 2018-02-13 18:56:42.475 [main] TwoPhaseLoad - Resolving associations for [edu.matc.entity.User#3]
[DEBUG] 2018-02-13 18:56:42.475 [main] TwoPhaseLoad - Done materializing entity [edu.matc.entity.User#3]
[DEBUG] 2018-02-13 18:56:42.476 [main] ResourceRegistryStandardImpl - HHH000387: ResultSet's statement was not registered
[DEBUG] 2018-02-13 18:56:42.476 [main] AbstractLoadPlanBasedEntityLoader - Done entity load : edu.matc.entity.User#3
[DEBUG] 2018-02-13 18:56:42.476 [main] LogicalConnectionManagedImpl - Initiating JDBC connection release from afterTransaction
[DEBUG] 2018-02-13 18:56:42.566 [main] SQL - select user0_.userId as userId1_0_0_, user0_.createDate as createDa2_0_0_, user0_.email as email3_0_0_, user0_.firstName as firstNam4_0_0_, user0_.lastName as lastName5_0_0_, user0_.password as password6_0_0_, user0_.updateDate as updateDa7_0_0_, user0_.userName as userName8_0_0_ from user user0_ where user0_.userId=?
[DEBUG] 2018-02-13 18:56:42.568 [main] ResultSetProcessorImpl - Starting ResultSet row #0
[DEBUG] 2018-02-13 18:56:42.568 [main] EntityReferenceInitializerImpl - On call to EntityIdentifierReaderImpl#resolve, EntityKey was already known; should only happen on root returns with an optional identifier specified
[DEBUG] 2018-02-13 18:56:42.569 [main] TwoPhaseLoad - Resolving associations for [edu.matc.entity.User#3]
[DEBUG] 2018-02-13 18:56:42.569 [main] TwoPhaseLoad - Done materializing entity [edu.matc.entity.User#3]
[DEBUG] 2018-02-13 18:56:42.570 [main] ResourceRegistryStandardImpl - HHH000387: ResultSet's statement was not registered
[DEBUG] 2018-02-13 18:56:42.570 [main] AbstractLoadPlanBasedEntityLoader - Done entity load : edu.matc.entity.User#3
[DEBUG] 2018-02-13 18:56:42.570 [main] LogicalConnectionManagedImpl - Initiating JDBC connection release from afterTransaction
[DEBUG] 2018-02-13 18:56:42.574 [main] SQL - select user0_.userId as userId1_0_0_, user0_.createDate as createDa2_0_0_, user0_.email as email3_0_0_, user0_.firstName as firstNam4_0_0_, user0_.lastName as lastName5_0_0_, user0_.password as password6_0_0_, user0_.updateDate as updateDa7_0_0_, user0_.userName as userName8_0_0_ from user user0_ where user0_.userId=?
[DEBUG] 2018-02-13 18:56:42.576 [main] ResultSetProcessorImpl - Starting ResultSet row #0
[DEBUG] 2018-02-13 18:56:42.576 [main] EntityReferenceInitializerImpl - On call to EntityIdentifierReaderImpl#resolve, EntityKey was already known; should only happen on root returns with an optional identifier specified
[DEBUG] 2018-02-13 18:56:42.577 [main] TwoPhaseLoad - Resolving associations for [edu.matc.entity.User#3]
[DEBUG] 2018-02-13 18:56:42.577 [main] TwoPhaseLoad - Done materializing entity [edu.matc.entity.User#3]
[DEBUG] 2018-02-13 18:56:42.578 [main] ResourceRegistryStandardImpl - HHH000387: ResultSet's statement was not registered
[DEBUG] 2018-02-13 18:56:42.578 [main] AbstractLoadPlanBasedEntityLoader - Done entity load : edu.matc.entity.User#3
[DEBUG] 2018-02-13 18:56:42.578 [main] LogicalConnectionManagedImpl - Initiating JDBC connection release from afterTransaction
[DEBUG] 2018-02-13 18:56:42.601 [main] CriteriaQueryImpl - Rendered criteria query -> select generatedAlias0 from User as generatedAlias0
[DEBUG] 2018-02-13 18:56:42.602 [main] QueryTranslatorImpl - parse() - HQL: select generatedAlias0 from edu.matc.entity.User as generatedAlias0
[DEBUG] 2018-02-13 18:56:42.602 [main] ErrorCounter - throwQueryException() : no errors
[DEBUG] 2018-02-13 18:56:42.603 [main] QueryTranslatorImpl - --- HQL AST ---
 \-[QUERY] Node: 'query'
    \-[SELECT_FROM] Node: 'SELECT_FROM'
       +-[FROM] Node: 'from'
       |  \-[RANGE] Node: 'RANGE'
       |     +-[DOT] Node: '.'
       |     |  +-[DOT] Node: '.'
       |     |  |  +-[DOT] Node: '.'
       |     |  |  |  +-[IDENT] Node: 'edu'
       |     |  |  |  \-[IDENT] Node: 'matc'
       |     |  |  \-[IDENT] Node: 'entity'
       |     |  \-[IDENT] Node: 'User'
       |     \-[ALIAS] Node: 'generatedAlias0'
       \-[SELECT] Node: 'select'
          \-[IDENT] Node: 'generatedAlias0'

[DEBUG] 2018-02-13 18:56:42.605 [main] HqlSqlBaseWalker - select << begin [level=1, statement=select]
[DEBUG] 2018-02-13 18:56:42.606 [main] FromElement - FromClause{level=1} : edu.matc.entity.User (generatedAlias0) -> user0_
[DEBUG] 2018-02-13 18:56:42.606 [main] FromReferenceNode - Resolved : generatedAlias0 -> user0_.userId
[DEBUG] 2018-02-13 18:56:42.606 [main] HqlSqlBaseWalker - select : finishing up [level=1, statement=select]
[DEBUG] 2018-02-13 18:56:42.607 [main] HqlSqlWalker - processQuery() :  ( SELECT ( {select clause} user0_.userId ) ( FromClause{level=1} user user0_ ) )
[DEBUG] 2018-02-13 18:56:42.607 [main] JoinProcessor - Using FROM fragment [user user0_]
[DEBUG] 2018-02-13 18:56:42.607 [main] HqlSqlBaseWalker - select >> end [level=1, statement=select]
[DEBUG] 2018-02-13 18:56:42.607 [main] QueryTranslatorImpl - --- SQL AST ---
 \-[SELECT] QueryNode: 'SELECT'  querySpaces (user)
    +-[SELECT_CLAUSE] SelectClause: '{select clause}'
    |  +-[ALIAS_REF] IdentNode: 'user0_.userId as userId1_0_' {alias=generatedAlias0, className=edu.matc.entity.User, tableAlias=user0_}
    |  \-[SQL_TOKEN] SqlFragment: 'user0_.createDate as createDa2_0_, user0_.email as email3_0_, user0_.firstName as firstNam4_0_, user0_.lastName as lastName5_0_, user0_.password as password6_0_, user0_.updateDate as updateDa7_0_, user0_.userName as userName8_0_'
    \-[FROM] FromClause: 'from' FromClause{level=1, fromElementCounter=1, fromElements=1, fromElementByClassAlias=[generatedAlias0], fromElementByTableAlias=[user0_], fromElementsByPath=[], collectionJoinFromElementsByPath=[], impliedElements=[]}
       \-[FROM_FRAGMENT] FromElement: 'user user0_' FromElement{explicit,not a collection join,not a fetch join,fetch non-lazy properties,classAlias=generatedAlias0,role=null,tableName=user,tableAlias=user0_,origin=null,columns={,className=edu.matc.entity.User}}

[DEBUG] 2018-02-13 18:56:42.607 [main] ErrorCounter - throwQueryException() : no errors
[DEBUG] 2018-02-13 18:56:42.607 [main] QueryTranslatorImpl - HQL: select generatedAlias0 from edu.matc.entity.User as generatedAlias0
[DEBUG] 2018-02-13 18:56:42.608 [main] QueryTranslatorImpl - SQL: select user0_.userId as userId1_0_, user0_.createDate as createDa2_0_, user0_.email as email3_0_, user0_.firstName as firstNam4_0_, user0_.lastName as lastName5_0_, user0_.password as password6_0_, user0_.updateDate as updateDa7_0_, user0_.userName as userName8_0_ from user user0_
[DEBUG] 2018-02-13 18:56:42.610 [main] ErrorCounter - throwQueryException() : no errors
[DEBUG] 2018-02-13 18:56:42.611 [main] SQL - select user0_.userId as userId1_0_, user0_.createDate as createDa2_0_, user0_.email as email3_0_, user0_.firstName as firstNam4_0_, user0_.lastName as lastName5_0_, user0_.password as password6_0_, user0_.updateDate as updateDa7_0_, user0_.userName as userName8_0_ from user user0_
[DEBUG] 2018-02-13 18:56:42.614 [main] Loader - Result set row: 0
[DEBUG] 2018-02-13 18:56:42.614 [main] Loader - Result row: EntityKey[edu.matc.entity.User#1]
[DEBUG] 2018-02-13 18:56:42.615 [main] Loader - Result set row: 1
[DEBUG] 2018-02-13 18:56:42.615 [main] Loader - Result row: EntityKey[edu.matc.entity.User#2]
[DEBUG] 2018-02-13 18:56:42.616 [main] Loader - Result set row: 2
[DEBUG] 2018-02-13 18:56:42.616 [main] Loader - Result row: EntityKey[edu.matc.entity.User#3]
[DEBUG] 2018-02-13 18:56:42.617 [main] Loader - Result set row: 3
[DEBUG] 2018-02-13 18:56:42.617 [main] Loader - Result row: EntityKey[edu.matc.entity.User#4]
[DEBUG] 2018-02-13 18:56:42.617 [main] Loader - Result set row: 4
[DEBUG] 2018-02-13 18:56:42.618 [main] Loader - Result row: EntityKey[edu.matc.entity.User#5]
[DEBUG] 2018-02-13 18:56:42.618 [main] Loader - Result set row: 5
[DEBUG] 2018-02-13 18:56:42.618 [main] Loader - Result row: EntityKey[edu.matc.entity.User#6]
[DEBUG] 2018-02-13 18:56:42.619 [main] TwoPhaseLoad - Resolving associations for [edu.matc.entity.User#1]
[DEBUG] 2018-02-13 18:56:42.619 [main] TwoPhaseLoad - Done materializing entity [edu.matc.entity.User#1]
[DEBUG] 2018-02-13 18:56:42.619 [main] TwoPhaseLoad - Resolving associations for [edu.matc.entity.User#2]
[DEBUG] 2018-02-13 18:56:42.619 [main] TwoPhaseLoad - Done materializing entity [edu.matc.entity.User#2]
[DEBUG] 2018-02-13 18:56:42.619 [main] TwoPhaseLoad - Resolving associations for [edu.matc.entity.User#3]
[DEBUG] 2018-02-13 18:56:42.619 [main] TwoPhaseLoad - Done materializing entity [edu.matc.entity.User#3]
[DEBUG] 2018-02-13 18:56:42.619 [main] TwoPhaseLoad - Resolving associations for [edu.matc.entity.User#4]
[DEBUG] 2018-02-13 18:56:42.619 [main] TwoPhaseLoad - Done materializing entity [edu.matc.entity.User#4]
[DEBUG] 2018-02-13 18:56:42.619 [main] TwoPhaseLoad - Resolving associations for [edu.matc.entity.User#5]
[DEBUG] 2018-02-13 18:56:42.619 [main] TwoPhaseLoad - Done materializing entity [edu.matc.entity.User#5]
[DEBUG] 2018-02-13 18:56:42.620 [main] TwoPhaseLoad - Resolving associations for [edu.matc.entity.User#6]
[DEBUG] 2018-02-13 18:56:42.620 [main] TwoPhaseLoad - Done materializing entity [edu.matc.entity.User#6]
[DEBUG] 2018-02-13 18:56:42.620 [main] LogicalConnectionManagedImpl - Initiating JDBC connection release from afterTransaction
[DEBUG] 2018-02-13 18:56:42.647 [main] TransactionImpl - begin
[DEBUG] 2018-02-13 18:56:42.654 [main] ActionQueue - Executing identity-insert immediately
[DEBUG] 2018-02-13 18:56:42.655 [main] SQL - insert into user (createDate, email, firstName, lastName, password, updateDate, userName) values (?, ?, ?, ?, ?, ?, ?)
[DEBUG] 2018-02-13 18:56:42.661 [main] IdentifierGeneratorHelper - Natively generated identity: 41
[DEBUG] 2018-02-13 18:56:42.661 [main] ResourceRegistryStandardImpl - HHH000387: ResultSet's statement was not registered
[DEBUG] 2018-02-13 18:56:42.663 [main] TransactionImpl - committing
[DEBUG] 2018-02-13 18:56:42.663 [main] AbstractFlushingEventListener - Processing flush-time cascades
[DEBUG] 2018-02-13 18:56:42.663 [main] AbstractFlushingEventListener - Dirty checking collections
[DEBUG] 2018-02-13 18:56:42.663 [main] AbstractFlushingEventListener - Flushed: 0 insertions, 0 updates, 0 deletions to 1 objects
[DEBUG] 2018-02-13 18:56:42.663 [main] AbstractFlushingEventListener - Flushed: 0 (re)creations, 0 updates, 0 removals to 0 collections
[DEBUG] 2018-02-13 18:56:42.663 [main] EntityPrinter - Listing entities:
[DEBUG] 2018-02-13 18:56:42.663 [main] EntityPrinter - edu.matc.entity.User{firstName=Fred, lastName=Flintstone, password=supersecret7, updateDate=2018-02-13 18:56:42.654, UserId=41, userName=fflintstone, email=fflintstone@gmail.com, createDate=2018-02-13 18:56:42.654}
[DEBUG] 2018-02-13 18:56:42.664 [main] LogicalConnectionManagedImpl - Initiating JDBC connection release from afterTransaction
[DEBUG] 2018-02-13 18:56:42.665 [main] LogicalConnectionManagedImpl - Initiating JDBC connection release from afterTransaction
[DEBUG] 2018-02-13 18:56:42.668 [main] SQL - select user0_.userId as userId1_0_0_, user0_.createDate as createDa2_0_0_, user0_.email as email3_0_0_, user0_.firstName as firstNam4_0_0_, user0_.lastName as lastName5_0_0_, user0_.password as password6_0_0_, user0_.updateDate as updateDa7_0_0_, user0_.userName as userName8_0_0_ from user user0_ where user0_.userId=?
[DEBUG] 2018-02-13 18:56:42.669 [main] ResultSetProcessorImpl - Starting ResultSet row #0
[DEBUG] 2018-02-13 18:56:42.670 [main] EntityReferenceInitializerImpl - On call to EntityIdentifierReaderImpl#resolve, EntityKey was already known; should only happen on root returns with an optional identifier specified
[DEBUG] 2018-02-13 18:56:42.671 [main] TwoPhaseLoad - Resolving associations for [edu.matc.entity.User#41]
[DEBUG] 2018-02-13 18:56:42.671 [main] TwoPhaseLoad - Done materializing entity [edu.matc.entity.User#41]
[DEBUG] 2018-02-13 18:56:42.671 [main] ResourceRegistryStandardImpl - HHH000387: ResultSet's statement was not registered
[DEBUG] 2018-02-13 18:56:42.671 [main] AbstractLoadPlanBasedEntityLoader - Done entity load : edu.matc.entity.User#41
[DEBUG] 2018-02-13 18:56:42.672 [main] LogicalConnectionManagedImpl - Initiating JDBC connection release from afterTransaction
