[DEBUG] 2018-02-17 17:06:08.748 [main] IntegratorServiceImpl - Adding Integrator [org.hibernate.cfg.beanvalidation.BeanValidationIntegrator].
[DEBUG] 2018-02-17 17:06:08.780 [main] IntegratorServiceImpl - Adding Integrator [org.hibernate.secure.spi.JaccIntegrator].
[DEBUG] 2018-02-17 17:06:08.790 [main] IntegratorServiceImpl - Adding Integrator [org.hibernate.cache.internal.CollectionCacheInvalidator].
[INFO ] 2018-02-17 17:06:09.036 [main] Version - HHH000412: Hibernate Core {5.2.12.Final}
[INFO ] 2018-02-17 17:06:09.038 [main] Environment - HHH000206: hibernate.properties not found
[DEBUG] 2018-02-17 17:06:09.158 [main] LocalXmlResourceResolver - Interpreting public/system identifier : [-//Hibernate/Hibernate Configuration DTD//EN] - [http://www.hibernate.org/dtd/hibernate-configuration-3.0.dtd]
[DEBUG] 2018-02-17 17:06:09.160 [main] LocalXmlResourceResolver - Recognized hibernate-configuration identifier; attempting to resolve on classpath under org/hibernate/
[DEBUG] 2018-02-17 17:06:09.167 [main] JaxbCfgProcessor - cfg.xml document did not define namespaces; wrapping in custom event reader to introduce namespace information
[DEBUG] 2018-02-17 17:06:09.857 [main] ServiceBinding - Overriding existing service binding [org.hibernate.secure.spi.JaccService]
[DEBUG] 2018-02-17 17:06:09.897 [main] RegionFactoryInitiator - Cache region factory : org.hibernate.cache.internal.NoCachingRegionFactory
[INFO ] 2018-02-17 17:06:09.922 [main] Version - HCANN000001: Hibernate Commons Annotations {5.0.1.Final}
[DEBUG] 2018-02-17 17:06:09.981 [main] BasicTypeRegistry - Adding type registration boolean -> org.hibernate.type.BooleanType@46d59067
[DEBUG] 2018-02-17 17:06:09.982 [main] BasicTypeRegistry - Adding type registration boolean -> org.hibernate.type.BooleanType@46d59067
[DEBUG] 2018-02-17 17:06:09.982 [main] BasicTypeRegistry - Adding type registration java.lang.Boolean -> org.hibernate.type.BooleanType@46d59067
[DEBUG] 2018-02-17 17:06:09.984 [main] BasicTypeRegistry - Adding type registration numeric_boolean -> org.hibernate.type.NumericBooleanType@5dafbe45
[DEBUG] 2018-02-17 17:06:09.986 [main] BasicTypeRegistry - Adding type registration true_false -> org.hibernate.type.TrueFalseType@12591ac8
[DEBUG] 2018-02-17 17:06:09.987 [main] BasicTypeRegistry - Adding type registration yes_no -> org.hibernate.type.YesNoType@41330d4f
[DEBUG] 2018-02-17 17:06:09.989 [main] BasicTypeRegistry - Adding type registration byte -> org.hibernate.type.ByteType@37313c65
[DEBUG] 2018-02-17 17:06:09.989 [main] BasicTypeRegistry - Adding type registration byte -> org.hibernate.type.ByteType@37313c65
[DEBUG] 2018-02-17 17:06:09.989 [main] BasicTypeRegistry - Adding type registration java.lang.Byte -> org.hibernate.type.ByteType@37313c65
[DEBUG] 2018-02-17 17:06:09.991 [main] BasicTypeRegistry - Adding type registration character -> org.hibernate.type.CharacterType@7486b455
[DEBUG] 2018-02-17 17:06:09.991 [main] BasicTypeRegistry - Adding type registration char -> org.hibernate.type.CharacterType@7486b455
[DEBUG] 2018-02-17 17:06:09.991 [main] BasicTypeRegistry - Adding type registration java.lang.Character -> org.hibernate.type.CharacterType@7486b455
[DEBUG] 2018-02-17 17:06:09.993 [main] BasicTypeRegistry - Adding type registration short -> org.hibernate.type.ShortType@49c90a9c
[DEBUG] 2018-02-17 17:06:09.994 [main] BasicTypeRegistry - Adding type registration short -> org.hibernate.type.ShortType@49c90a9c
[DEBUG] 2018-02-17 17:06:09.994 [main] BasicTypeRegistry - Adding type registration java.lang.Short -> org.hibernate.type.ShortType@49c90a9c
[DEBUG] 2018-02-17 17:06:09.995 [main] BasicTypeRegistry - Adding type registration integer -> org.hibernate.type.IntegerType@f58853c
[DEBUG] 2018-02-17 17:06:09.996 [main] BasicTypeRegistry - Adding type registration int -> org.hibernate.type.IntegerType@f58853c
[DEBUG] 2018-02-17 17:06:09.996 [main] BasicTypeRegistry - Adding type registration java.lang.Integer -> org.hibernate.type.IntegerType@f58853c
[DEBUG] 2018-02-17 17:06:10.000 [main] BasicTypeRegistry - Adding type registration long -> org.hibernate.type.LongType@13d73f29
[DEBUG] 2018-02-17 17:06:10.001 [main] BasicTypeRegistry - Adding type registration long -> org.hibernate.type.LongType@13d73f29
[DEBUG] 2018-02-17 17:06:10.001 [main] BasicTypeRegistry - Adding type registration java.lang.Long -> org.hibernate.type.LongType@13d73f29
[DEBUG] 2018-02-17 17:06:10.007 [main] BasicTypeRegistry - Adding type registration float -> org.hibernate.type.FloatType@6d5620ce
[DEBUG] 2018-02-17 17:06:10.007 [main] BasicTypeRegistry - Adding type registration float -> org.hibernate.type.FloatType@6d5620ce
[DEBUG] 2018-02-17 17:06:10.007 [main] BasicTypeRegistry - Adding type registration java.lang.Float -> org.hibernate.type.FloatType@6d5620ce
[DEBUG] 2018-02-17 17:06:10.010 [main] BasicTypeRegistry - Adding type registration double -> org.hibernate.type.DoubleType@147e2ae7
[DEBUG] 2018-02-17 17:06:10.010 [main] BasicTypeRegistry - Adding type registration double -> org.hibernate.type.DoubleType@147e2ae7
[DEBUG] 2018-02-17 17:06:10.010 [main] BasicTypeRegistry - Adding type registration java.lang.Double -> org.hibernate.type.DoubleType@147e2ae7
[DEBUG] 2018-02-17 17:06:10.012 [main] BasicTypeRegistry - Adding type registration big_decimal -> org.hibernate.type.BigDecimalType@3bcd05cb
[DEBUG] 2018-02-17 17:06:10.012 [main] BasicTypeRegistry - Adding type registration java.math.BigDecimal -> org.hibernate.type.BigDecimalType@3bcd05cb
[DEBUG] 2018-02-17 17:06:10.013 [main] BasicTypeRegistry - Adding type registration big_integer -> org.hibernate.type.BigIntegerType@24959ca4
[DEBUG] 2018-02-17 17:06:10.014 [main] BasicTypeRegistry - Adding type registration java.math.BigInteger -> org.hibernate.type.BigIntegerType@24959ca4
[DEBUG] 2018-02-17 17:06:10.015 [main] BasicTypeRegistry - Adding type registration string -> org.hibernate.type.StringType@1a5a4e19
[DEBUG] 2018-02-17 17:06:10.015 [main] BasicTypeRegistry - Adding type registration java.lang.String -> org.hibernate.type.StringType@1a5a4e19
[DEBUG] 2018-02-17 17:06:10.017 [main] BasicTypeRegistry - Adding type registration nstring -> org.hibernate.type.StringNVarcharType@41f69e84
[DEBUG] 2018-02-17 17:06:10.018 [main] BasicTypeRegistry - Adding type registration ncharacter -> org.hibernate.type.CharacterNCharType@64b0598
[DEBUG] 2018-02-17 17:06:10.019 [main] BasicTypeRegistry - Adding type registration url -> org.hibernate.type.UrlType@50f6ac94
[DEBUG] 2018-02-17 17:06:10.019 [main] BasicTypeRegistry - Adding type registration java.net.URL -> org.hibernate.type.UrlType@50f6ac94
[DEBUG] 2018-02-17 17:06:10.020 [main] BasicTypeRegistry - Adding type registration Duration -> org.hibernate.type.DurationType@5038d0b5
[DEBUG] 2018-02-17 17:06:10.021 [main] BasicTypeRegistry - Adding type registration java.time.Duration -> org.hibernate.type.DurationType@5038d0b5
[DEBUG] 2018-02-17 17:06:10.045 [main] BasicTypeRegistry - Adding type registration Instant -> org.hibernate.type.InstantType@18317edc
[DEBUG] 2018-02-17 17:06:10.045 [main] BasicTypeRegistry - Adding type registration java.time.Instant -> org.hibernate.type.InstantType@18317edc
[DEBUG] 2018-02-17 17:06:10.048 [main] BasicTypeRegistry - Adding type registration LocalDateTime -> org.hibernate.type.LocalDateTimeType@4149c063
[DEBUG] 2018-02-17 17:06:10.048 [main] BasicTypeRegistry - Adding type registration java.time.LocalDateTime -> org.hibernate.type.LocalDateTimeType@4149c063
[DEBUG] 2018-02-17 17:06:10.050 [main] BasicTypeRegistry - Adding type registration LocalDate -> org.hibernate.type.LocalDateType@53f3bdbd
[DEBUG] 2018-02-17 17:06:10.050 [main] BasicTypeRegistry - Adding type registration java.time.LocalDate -> org.hibernate.type.LocalDateType@53f3bdbd
[DEBUG] 2018-02-17 17:06:10.052 [main] BasicTypeRegistry - Adding type registration LocalTime -> org.hibernate.type.LocalTimeType@4ef74c30
[DEBUG] 2018-02-17 17:06:10.053 [main] BasicTypeRegistry - Adding type registration java.time.LocalTime -> org.hibernate.type.LocalTimeType@4ef74c30
[DEBUG] 2018-02-17 17:06:10.055 [main] BasicTypeRegistry - Adding type registration OffsetDateTime -> org.hibernate.type.OffsetDateTimeType@536dbea0
[DEBUG] 2018-02-17 17:06:10.055 [main] BasicTypeRegistry - Adding type registration java.time.OffsetDateTime -> org.hibernate.type.OffsetDateTimeType@536dbea0
[DEBUG] 2018-02-17 17:06:10.057 [main] BasicTypeRegistry - Adding type registration OffsetTime -> org.hibernate.type.OffsetTimeType@18ece7f4
[DEBUG] 2018-02-17 17:06:10.057 [main] BasicTypeRegistry - Adding type registration java.time.OffsetTime -> org.hibernate.type.OffsetTimeType@18ece7f4
[DEBUG] 2018-02-17 17:06:10.063 [main] BasicTypeRegistry - Adding type registration ZonedDateTime -> org.hibernate.type.ZonedDateTimeType@1ebea008
[DEBUG] 2018-02-17 17:06:10.063 [main] BasicTypeRegistry - Adding type registration java.time.ZonedDateTime -> org.hibernate.type.ZonedDateTimeType@1ebea008
[DEBUG] 2018-02-17 17:06:10.066 [main] BasicTypeRegistry - Adding type registration date -> org.hibernate.type.DateType@35a3d49f
[DEBUG] 2018-02-17 17:06:10.066 [main] BasicTypeRegistry - Adding type registration java.sql.Date -> org.hibernate.type.DateType@35a3d49f
[DEBUG] 2018-02-17 17:06:10.068 [main] BasicTypeRegistry - Adding type registration time -> org.hibernate.type.TimeType@c667f46
[DEBUG] 2018-02-17 17:06:10.068 [main] BasicTypeRegistry - Adding type registration java.sql.Time -> org.hibernate.type.TimeType@c667f46
[DEBUG] 2018-02-17 17:06:10.069 [main] BasicTypeRegistry - Adding type registration timestamp -> org.hibernate.type.TimestampType@19b843ba
[DEBUG] 2018-02-17 17:06:10.070 [main] BasicTypeRegistry - Adding type registration java.sql.Timestamp -> org.hibernate.type.TimestampType@19b843ba
[DEBUG] 2018-02-17 17:06:10.070 [main] BasicTypeRegistry - Adding type registration java.util.Date -> org.hibernate.type.TimestampType@19b843ba
[DEBUG] 2018-02-17 17:06:10.072 [main] BasicTypeRegistry - Adding type registration dbtimestamp -> org.hibernate.type.DbTimestampType@456d6c1e
[DEBUG] 2018-02-17 17:06:10.074 [main] BasicTypeRegistry - Adding type registration calendar -> org.hibernate.type.CalendarType@6f8e8894
[DEBUG] 2018-02-17 17:06:10.074 [main] BasicTypeRegistry - Adding type registration java.util.Calendar -> org.hibernate.type.CalendarType@6f8e8894
[DEBUG] 2018-02-17 17:06:10.074 [main] BasicTypeRegistry - Adding type registration java.util.GregorianCalendar -> org.hibernate.type.CalendarType@6f8e8894
[DEBUG] 2018-02-17 17:06:10.075 [main] BasicTypeRegistry - Adding type registration calendar_date -> org.hibernate.type.CalendarDateType@e25951c
[DEBUG] 2018-02-17 17:06:10.076 [main] BasicTypeRegistry - Adding type registration locale -> org.hibernate.type.LocaleType@19976a65
[DEBUG] 2018-02-17 17:06:10.076 [main] BasicTypeRegistry - Adding type registration java.util.Locale -> org.hibernate.type.LocaleType@19976a65
[DEBUG] 2018-02-17 17:06:10.078 [main] BasicTypeRegistry - Adding type registration currency -> org.hibernate.type.CurrencyType@4bc222e
[DEBUG] 2018-02-17 17:06:10.078 [main] BasicTypeRegistry - Adding type registration java.util.Currency -> org.hibernate.type.CurrencyType@4bc222e
[DEBUG] 2018-02-17 17:06:10.080 [main] BasicTypeRegistry - Adding type registration timezone -> org.hibernate.type.TimeZoneType@3eb91815
[DEBUG] 2018-02-17 17:06:10.080 [main] BasicTypeRegistry - Adding type registration java.util.TimeZone -> org.hibernate.type.TimeZoneType@3eb91815
[DEBUG] 2018-02-17 17:06:10.085 [main] BasicTypeRegistry - Adding type registration class -> org.hibernate.type.ClassType@34b9f960
[DEBUG] 2018-02-17 17:06:10.085 [main] BasicTypeRegistry - Adding type registration java.lang.Class -> org.hibernate.type.ClassType@34b9f960
[DEBUG] 2018-02-17 17:06:10.087 [main] BasicTypeRegistry - Adding type registration uuid-binary -> org.hibernate.type.UUIDBinaryType@24c22fe
[DEBUG] 2018-02-17 17:06:10.087 [main] BasicTypeRegistry - Adding type registration java.util.UUID -> org.hibernate.type.UUIDBinaryType@24c22fe
[DEBUG] 2018-02-17 17:06:10.089 [main] BasicTypeRegistry - Adding type registration uuid-char -> org.hibernate.type.UUIDCharType@7ba8c737
[DEBUG] 2018-02-17 17:06:10.091 [main] BasicTypeRegistry - Adding type registration binary -> org.hibernate.type.BinaryType@31edaa7d
[DEBUG] 2018-02-17 17:06:10.091 [main] BasicTypeRegistry - Adding type registration byte[] -> org.hibernate.type.BinaryType@31edaa7d
[DEBUG] 2018-02-17 17:06:10.091 [main] BasicTypeRegistry - Adding type registration [B -> org.hibernate.type.BinaryType@31edaa7d
[DEBUG] 2018-02-17 17:06:10.093 [main] BasicTypeRegistry - Adding type registration wrapper-binary -> org.hibernate.type.WrapperBinaryType@6950ed69
[DEBUG] 2018-02-17 17:06:10.093 [main] BasicTypeRegistry - Adding type registration Byte[] -> org.hibernate.type.WrapperBinaryType@6950ed69
[DEBUG] 2018-02-17 17:06:10.093 [main] BasicTypeRegistry - Adding type registration [Ljava.lang.Byte; -> org.hibernate.type.WrapperBinaryType@6950ed69
[DEBUG] 2018-02-17 17:06:10.094 [main] BasicTypeRegistry - Adding type registration row_version -> org.hibernate.type.RowVersionType@189cbd7c
[DEBUG] 2018-02-17 17:06:10.095 [main] BasicTypeRegistry - Adding type registration image -> org.hibernate.type.ImageType@2205a05d
[DEBUG] 2018-02-17 17:06:10.104 [main] BasicTypeRegistry - Adding type registration characters -> org.hibernate.type.CharArrayType@5f20155b
[DEBUG] 2018-02-17 17:06:10.104 [main] BasicTypeRegistry - Adding type registration char[] -> org.hibernate.type.CharArrayType@5f20155b
[DEBUG] 2018-02-17 17:06:10.104 [main] BasicTypeRegistry - Adding type registration [C -> org.hibernate.type.CharArrayType@5f20155b
[DEBUG] 2018-02-17 17:06:10.105 [main] BasicTypeRegistry - Adding type registration wrapper-characters -> org.hibernate.type.CharacterArrayType@7d94beb9
[DEBUG] 2018-02-17 17:06:10.106 [main] BasicTypeRegistry - Adding type registration [Ljava.lang.Character; -> org.hibernate.type.CharacterArrayType@7d94beb9
[DEBUG] 2018-02-17 17:06:10.106 [main] BasicTypeRegistry - Adding type registration Character[] -> org.hibernate.type.CharacterArrayType@7d94beb9
[DEBUG] 2018-02-17 17:06:10.110 [main] BasicTypeRegistry - Adding type registration text -> org.hibernate.type.TextType@37911f88
[DEBUG] 2018-02-17 17:06:10.111 [main] BasicTypeRegistry - Adding type registration ntext -> org.hibernate.type.NTextType@4ea5b703
[DEBUG] 2018-02-17 17:06:10.126 [main] BasicTypeRegistry - Adding type registration blob -> org.hibernate.type.BlobType@651aed93
[DEBUG] 2018-02-17 17:06:10.127 [main] BasicTypeRegistry - Adding type registration java.sql.Blob -> org.hibernate.type.BlobType@651aed93
[DEBUG] 2018-02-17 17:06:10.131 [main] BasicTypeRegistry - Adding type registration materialized_blob -> org.hibernate.type.MaterializedBlobType@5456afaa
[DEBUG] 2018-02-17 17:06:10.138 [main] BasicTypeRegistry - Adding type registration clob -> org.hibernate.type.ClobType@12299890
[DEBUG] 2018-02-17 17:06:10.138 [main] BasicTypeRegistry - Adding type registration java.sql.Clob -> org.hibernate.type.ClobType@12299890
[DEBUG] 2018-02-17 17:06:10.143 [main] BasicTypeRegistry - Adding type registration nclob -> org.hibernate.type.NClobType@3b79fd76
[DEBUG] 2018-02-17 17:06:10.143 [main] BasicTypeRegistry - Adding type registration java.sql.NClob -> org.hibernate.type.NClobType@3b79fd76
[DEBUG] 2018-02-17 17:06:10.144 [main] BasicTypeRegistry - Adding type registration materialized_clob -> org.hibernate.type.MaterializedClobType@1f81aa00
[DEBUG] 2018-02-17 17:06:10.145 [main] BasicTypeRegistry - Adding type registration materialized_nclob -> org.hibernate.type.MaterializedNClobType@1787bc24
[DEBUG] 2018-02-17 17:06:10.249 [main] BasicTypeRegistry - Adding type registration serializable -> org.hibernate.type.SerializableType@4a3631f8
[DEBUG] 2018-02-17 17:06:10.253 [main] BasicTypeRegistry - Adding type registration object -> org.hibernate.type.ObjectType@3ddc6915
[DEBUG] 2018-02-17 17:06:10.253 [main] BasicTypeRegistry - Adding type registration java.lang.Object -> org.hibernate.type.ObjectType@3ddc6915
[DEBUG] 2018-02-17 17:06:10.254 [main] BasicTypeRegistry - Adding type registration imm_date -> org.hibernate.type.AdaptedImmutableType@404bbcbd
[DEBUG] 2018-02-17 17:06:10.254 [main] BasicTypeRegistry - Adding type registration imm_time -> org.hibernate.type.AdaptedImmutableType@1e81f160
[DEBUG] 2018-02-17 17:06:10.254 [main] BasicTypeRegistry - Adding type registration imm_timestamp -> org.hibernate.type.AdaptedImmutableType@1acaf3d
[DEBUG] 2018-02-17 17:06:10.254 [main] BasicTypeRegistry - Adding type registration imm_dbtimestamp -> org.hibernate.type.AdaptedImmutableType@6986852
[DEBUG] 2018-02-17 17:06:10.254 [main] BasicTypeRegistry - Adding type registration imm_calendar -> org.hibernate.type.AdaptedImmutableType@1bab8268
[DEBUG] 2018-02-17 17:06:10.254 [main] BasicTypeRegistry - Adding type registration imm_calendar_date -> org.hibernate.type.AdaptedImmutableType@a307a8c
[DEBUG] 2018-02-17 17:06:10.255 [main] BasicTypeRegistry - Adding type registration imm_binary -> org.hibernate.type.AdaptedImmutableType@6e01f9b0
[DEBUG] 2018-02-17 17:06:10.255 [main] BasicTypeRegistry - Adding type registration imm_serializable -> org.hibernate.type.AdaptedImmutableType@2b9ed6da
[INFO ] 2018-02-17 17:06:10.268 [main] C3P0ConnectionProvider - HHH010002: C3P0 using driver: com.mysql.jdbc.Driver at URL: jdbc:mysql://localhost:3306/myBikePlace
[INFO ] 2018-02-17 17:06:10.268 [main] C3P0ConnectionProvider - HHH10001001: Connection properties: {user=root, password=****}
[INFO ] 2018-02-17 17:06:10.269 [main] C3P0ConnectionProvider - HHH10001003: Autocommit mode: false
[INFO ] 2018-02-17 17:06:10.566 [main] C3P0ConnectionProvider - HHH10001007: JDBC isolation level: <unknown>
[DEBUG] 2018-02-17 17:06:11.185 [main] JdbcEnvironmentInitiator - Database ->
       name : MySQL
    version : 5.7.20
      major : 5
      minor : 7
[DEBUG] 2018-02-17 17:06:11.187 [main] JdbcEnvironmentInitiator - Driver ->
       name : MySQL Connector Java
    version : mysql-connector-java-5.1.39 ( Revision: 3289a357af6d09ecc1a10fd3c26e95183e5790ad )
      major : 5
      minor : 1
[DEBUG] 2018-02-17 17:06:11.187 [main] JdbcEnvironmentInitiator - JDBC version : 4.0
[INFO ] 2018-02-17 17:06:11.236 [main] Dialect - HHH000400: Using dialect: org.hibernate.dialect.MySQL5Dialect
[DEBUG] 2018-02-17 17:06:11.338 [main] IdentifierHelperBuilder - JDBC driver metadata reported database stores quoted identifiers in more than one case
[DEBUG] 2018-02-17 17:06:11.341 [main] IdentifierHelperBuilder - IdentifierCaseStrategy for both quoted and unquoted identifiers was set to the same strategy [MIXED]; that will likely lead to problems in schema update and validation if using quoted identifiers
[DEBUG] 2018-02-17 17:06:11.458 [main] DefaultIdentifierGeneratorFactory - Registering IdentifierGenerator strategy [uuid2] -> [org.hibernate.id.UUIDGenerator]
[DEBUG] 2018-02-17 17:06:11.459 [main] DefaultIdentifierGeneratorFactory - Registering IdentifierGenerator strategy [guid] -> [org.hibernate.id.GUIDGenerator]
[DEBUG] 2018-02-17 17:06:11.460 [main] DefaultIdentifierGeneratorFactory - Registering IdentifierGenerator strategy [uuid] -> [org.hibernate.id.UUIDHexGenerator]
[DEBUG] 2018-02-17 17:06:11.461 [main] DefaultIdentifierGeneratorFactory - Registering IdentifierGenerator strategy [uuid.hex] -> [org.hibernate.id.UUIDHexGenerator]
[DEBUG] 2018-02-17 17:06:11.462 [main] DefaultIdentifierGeneratorFactory - Registering IdentifierGenerator strategy [assigned] -> [org.hibernate.id.Assigned]
[DEBUG] 2018-02-17 17:06:11.464 [main] DefaultIdentifierGeneratorFactory - Registering IdentifierGenerator strategy [identity] -> [org.hibernate.id.IdentityGenerator]
[DEBUG] 2018-02-17 17:06:11.465 [main] DefaultIdentifierGeneratorFactory - Registering IdentifierGenerator strategy [select] -> [org.hibernate.id.SelectGenerator]
[DEBUG] 2018-02-17 17:06:11.472 [main] DefaultIdentifierGeneratorFactory - Registering IdentifierGenerator strategy [sequence] -> [org.hibernate.id.enhanced.SequenceStyleGenerator]
[DEBUG] 2018-02-17 17:06:11.474 [main] DefaultIdentifierGeneratorFactory - Registering IdentifierGenerator strategy [seqhilo] -> [org.hibernate.id.SequenceHiLoGenerator]
[DEBUG] 2018-02-17 17:06:11.475 [main] DefaultIdentifierGeneratorFactory - Registering IdentifierGenerator strategy [increment] -> [org.hibernate.id.IncrementGenerator]
[DEBUG] 2018-02-17 17:06:11.475 [main] DefaultIdentifierGeneratorFactory - Registering IdentifierGenerator strategy [foreign] -> [org.hibernate.id.ForeignGenerator]
[DEBUG] 2018-02-17 17:06:11.476 [main] DefaultIdentifierGeneratorFactory - Registering IdentifierGenerator strategy [sequence-identity] -> [org.hibernate.id.SequenceIdentityGenerator]
[DEBUG] 2018-02-17 17:06:11.476 [main] DefaultIdentifierGeneratorFactory - Registering IdentifierGenerator strategy [enhanced-sequence] -> [org.hibernate.id.enhanced.SequenceStyleGenerator]
[DEBUG] 2018-02-17 17:06:11.492 [main] DefaultIdentifierGeneratorFactory - Registering IdentifierGenerator strategy [enhanced-table] -> [org.hibernate.id.enhanced.TableGenerator]
[DEBUG] 2018-02-17 17:06:11.557 [main] Namespace - Created database namespace [logicalName=Name{catalog=null, schema=null}, physicalName=Name{catalog=null, schema=null}]
[DEBUG] 2018-02-17 17:06:11.648 [main] AnnotationBinder - Binding entity from annotated class: edu.matc.entity.User
[DEBUG] 2018-02-17 17:06:11.689 [main] Ejb3Column - Binding column: Ejb3DiscriminatorColumn{logicalColumnName'DTYPE', discriminatorTypeName='string'}
[DEBUG] 2018-02-17 17:06:11.700 [main] EntityBinder - Import with entity name User
[DEBUG] 2018-02-17 17:06:11.706 [main] EntityBinder - Bind entity edu.matc.entity.User on table user
[DEBUG] 2018-02-17 17:06:11.754 [main] Ejb3Column - Binding column: Ejb3Column{table=org.hibernate.mapping.Table(user), mappingColumn=userId, insertable=true, updatable=true, unique=false}
[DEBUG] 2018-02-17 17:06:11.760 [main] PropertyBinder - MetadataSourceProcessor property UserId with lazy=false
[DEBUG] 2018-02-17 17:06:11.776 [main] AbstractPropertyHolder - Attempting to locate auto-apply AttributeConverter for property [edu.matc.entity.User:UserId]
[DEBUG] 2018-02-17 17:06:11.778 [main] SimpleValueBinder - building SimpleValue for UserId
[DEBUG] 2018-02-17 17:06:11.782 [main] PropertyBinder - Building property UserId
[DEBUG] 2018-02-17 17:06:11.790 [main] Ejb3Column - Binding column: Ejb3Column{table=org.hibernate.mapping.Table(user), mappingColumn=createDate, insertable=true, updatable=true, unique=false}
[DEBUG] 2018-02-17 17:06:11.790 [main] PropertyBinder - MetadataSourceProcessor property createDate with lazy=false
[DEBUG] 2018-02-17 17:06:11.790 [main] AbstractPropertyHolder - Attempting to locate auto-apply AttributeConverter for property [edu.matc.entity.User:createDate]
[DEBUG] 2018-02-17 17:06:11.790 [main] SimpleValueBinder - building SimpleValue for createDate
[DEBUG] 2018-02-17 17:06:11.790 [main] PropertyBinder - Building property createDate
[DEBUG] 2018-02-17 17:06:11.805 [main] Ejb3Column - Binding column: Ejb3Column{table=org.hibernate.mapping.Table(user), mappingColumn=email, insertable=true, updatable=true, unique=false}
[DEBUG] 2018-02-17 17:06:11.806 [main] PropertyBinder - MetadataSourceProcessor property email with lazy=false
[DEBUG] 2018-02-17 17:06:11.806 [main] AbstractPropertyHolder - Attempting to locate auto-apply AttributeConverter for property [edu.matc.entity.User:email]
[DEBUG] 2018-02-17 17:06:11.806 [main] SimpleValueBinder - building SimpleValue for email
[DEBUG] 2018-02-17 17:06:11.806 [main] PropertyBinder - Building property email
[DEBUG] 2018-02-17 17:06:11.806 [main] Ejb3Column - Binding column: Ejb3Column{table=org.hibernate.mapping.Table(user), mappingColumn=firstName, insertable=true, updatable=true, unique=false}
[DEBUG] 2018-02-17 17:06:11.806 [main] PropertyBinder - MetadataSourceProcessor property firstName with lazy=false
[DEBUG] 2018-02-17 17:06:11.806 [main] AbstractPropertyHolder - Attempting to locate auto-apply AttributeConverter for property [edu.matc.entity.User:firstName]
[DEBUG] 2018-02-17 17:06:11.806 [main] SimpleValueBinder - building SimpleValue for firstName
[DEBUG] 2018-02-17 17:06:11.806 [main] PropertyBinder - Building property firstName
[DEBUG] 2018-02-17 17:06:11.807 [main] Ejb3Column - Binding column: Ejb3Column{table=org.hibernate.mapping.Table(user), mappingColumn=lastName, insertable=true, updatable=true, unique=false}
[DEBUG] 2018-02-17 17:06:11.807 [main] PropertyBinder - MetadataSourceProcessor property lastName with lazy=false
[DEBUG] 2018-02-17 17:06:11.807 [main] AbstractPropertyHolder - Attempting to locate auto-apply AttributeConverter for property [edu.matc.entity.User:lastName]
[DEBUG] 2018-02-17 17:06:11.807 [main] SimpleValueBinder - building SimpleValue for lastName
[DEBUG] 2018-02-17 17:06:11.807 [main] PropertyBinder - Building property lastName
[DEBUG] 2018-02-17 17:06:11.807 [main] Ejb3Column - Binding column: Ejb3Column{table=org.hibernate.mapping.Table(user), mappingColumn=password, insertable=true, updatable=true, unique=false}
[DEBUG] 2018-02-17 17:06:11.807 [main] PropertyBinder - MetadataSourceProcessor property password with lazy=false
[DEBUG] 2018-02-17 17:06:11.808 [main] AbstractPropertyHolder - Attempting to locate auto-apply AttributeConverter for property [edu.matc.entity.User:password]
[DEBUG] 2018-02-17 17:06:11.808 [main] SimpleValueBinder - building SimpleValue for password
[DEBUG] 2018-02-17 17:06:11.808 [main] PropertyBinder - Building property password
[DEBUG] 2018-02-17 17:06:11.808 [main] Ejb3Column - Binding column: Ejb3Column{table=org.hibernate.mapping.Table(user), mappingColumn=updateDate, insertable=true, updatable=true, unique=false}
[DEBUG] 2018-02-17 17:06:11.808 [main] PropertyBinder - MetadataSourceProcessor property updateDate with lazy=false
[DEBUG] 2018-02-17 17:06:11.808 [main] AbstractPropertyHolder - Attempting to locate auto-apply AttributeConverter for property [edu.matc.entity.User:updateDate]
[DEBUG] 2018-02-17 17:06:11.808 [main] SimpleValueBinder - building SimpleValue for updateDate
[DEBUG] 2018-02-17 17:06:11.808 [main] PropertyBinder - Building property updateDate
[DEBUG] 2018-02-17 17:06:11.810 [main] Ejb3Column - Binding column: Ejb3Column{table=org.hibernate.mapping.Table(user), mappingColumn=userName, insertable=true, updatable=true, unique=false}
[DEBUG] 2018-02-17 17:06:11.810 [main] PropertyBinder - MetadataSourceProcessor property userName with lazy=false
[DEBUG] 2018-02-17 17:06:11.810 [main] AbstractPropertyHolder - Attempting to locate auto-apply AttributeConverter for property [edu.matc.entity.User:userName]
[DEBUG] 2018-02-17 17:06:11.811 [main] SimpleValueBinder - building SimpleValue for userName
[DEBUG] 2018-02-17 17:06:11.811 [main] PropertyBinder - Building property userName
[DEBUG] 2018-02-17 17:06:11.813 [main] SimpleValueBinder - Starting fillSimpleValue for UserId
[DEBUG] 2018-02-17 17:06:11.814 [main] SimpleValueBinder - Starting fillSimpleValue for createDate
[DEBUG] 2018-02-17 17:06:11.814 [main] SimpleValueBinder - Starting fillSimpleValue for email
[DEBUG] 2018-02-17 17:06:11.814 [main] SimpleValueBinder - Starting fillSimpleValue for firstName
[DEBUG] 2018-02-17 17:06:11.814 [main] SimpleValueBinder - Starting fillSimpleValue for lastName
[DEBUG] 2018-02-17 17:06:11.814 [main] SimpleValueBinder - Starting fillSimpleValue for password
[DEBUG] 2018-02-17 17:06:11.814 [main] SimpleValueBinder - Starting fillSimpleValue for updateDate
[DEBUG] 2018-02-17 17:06:11.814 [main] SimpleValueBinder - Starting fillSimpleValue for userName
[DEBUG] 2018-02-17 17:06:11.816 [main] PrimaryKey - Forcing column [userid] to be non-null as it is part of the primary key for table [user]
[DEBUG] 2018-02-17 17:06:11.919 [main] SessionFactoryImpl - Building session factory
[DEBUG] 2018-02-17 17:06:11.920 [main] Settings - SessionFactory name : null
[DEBUG] 2018-02-17 17:06:11.921 [main] Settings - Automatic flush during beforeCompletion(): enabled
[DEBUG] 2018-02-17 17:06:11.921 [main] Settings - Automatic session close at end of transaction: disabled
[DEBUG] 2018-02-17 17:06:11.921 [main] Settings - Statistics: disabled
[DEBUG] 2018-02-17 17:06:11.921 [main] Settings - Deleted entity synthetic identifier rollback: disabled
[DEBUG] 2018-02-17 17:06:11.921 [main] Settings - Default entity-mode: pojo
[DEBUG] 2018-02-17 17:06:11.921 [main] Settings - Check Nullability in Core (should be disabled when Bean Validation is on): enabled
[DEBUG] 2018-02-17 17:06:11.921 [main] Settings - Allow initialization of lazy state outside session : disabled
[DEBUG] 2018-02-17 17:06:11.921 [main] Settings - Using BatchFetchStyle : LEGACY
[DEBUG] 2018-02-17 17:06:11.922 [main] Settings - Default batch fetch size: -1
[DEBUG] 2018-02-17 17:06:11.922 [main] Settings - Maximum outer join fetch depth: 2
[DEBUG] 2018-02-17 17:06:11.922 [main] Settings - Default null ordering: NONE
[DEBUG] 2018-02-17 17:06:11.922 [main] Settings - Order SQL updates by primary key: disabled
[DEBUG] 2018-02-17 17:06:11.922 [main] Settings - Order SQL inserts for batching: disabled
[DEBUG] 2018-02-17 17:06:11.922 [main] Settings - multi-tenancy strategy : NONE
[DEBUG] 2018-02-17 17:06:11.922 [main] Settings - JTA Track by Thread: enabled
[DEBUG] 2018-02-17 17:06:11.922 [main] Settings - Query language substitutions: {}
[DEBUG] 2018-02-17 17:06:11.922 [main] Settings - JPA query language strict compliance: disabled
[DEBUG] 2018-02-17 17:06:11.922 [main] Settings - Named query checking : enabled
[DEBUG] 2018-02-17 17:06:11.922 [main] Settings - Second-level cache: enabled
[DEBUG] 2018-02-17 17:06:11.922 [main] Settings - Second-level query cache: disabled
[DEBUG] 2018-02-17 17:06:11.922 [main] Settings - Second-level query cache factory: org.hibernate.cache.internal.StandardQueryCacheFactory@2a1edad4
[DEBUG] 2018-02-17 17:06:11.922 [main] Settings - Second-level cache region prefix: null
[DEBUG] 2018-02-17 17:06:11.923 [main] Settings - Optimize second-level cache for minimal puts: disabled
[DEBUG] 2018-02-17 17:06:11.923 [main] Settings - Structured second-level cache entries: disabled
[DEBUG] 2018-02-17 17:06:11.923 [main] Settings - Second-level cache direct-reference entries: disabled
[DEBUG] 2018-02-17 17:06:11.923 [main] Settings - Automatic eviction of collection cache: disabled
[DEBUG] 2018-02-17 17:06:11.923 [main] Settings - JDBC batch size: 15
[DEBUG] 2018-02-17 17:06:11.923 [main] Settings - JDBC batch updates for versioned data: enabled
[DEBUG] 2018-02-17 17:06:11.923 [main] Settings - Scrollable result sets: enabled
[DEBUG] 2018-02-17 17:06:11.923 [main] Settings - Wrap result sets: disabled
[DEBUG] 2018-02-17 17:06:11.923 [main] Settings - JDBC3 getGeneratedKeys(): enabled
[DEBUG] 2018-02-17 17:06:11.923 [main] Settings - JDBC result set fetch size: null
[DEBUG] 2018-02-17 17:06:11.923 [main] Settings - Connection release mode: AFTER_TRANSACTION
[DEBUG] 2018-02-17 17:06:11.923 [main] Settings - Generate SQL with comments: disabled
[DEBUG] 2018-02-17 17:06:12.079 [main] SessionFactoryImpl - Session factory constructed with filter configurations : {}
[DEBUG] 2018-02-17 17:06:12.079 [main] SessionFactoryImpl - Instantiating session factory with properties: {gopherProxySet=false, awt.toolkit=sun.lwawt.macosx.LWCToolkit, file.encoding.pkg=sun.io, java.specification.version=1.8, hibernate.c3p0.idle_test_period=3000, sun.cpu.isalist=, sun.jnu.encoding=UTF-8, hibernate.c3p0.min_size=5, java.class.path=/Applications/IntelliJ IDEA.app/Contents/lib/idea_rt.jar:/Applications/IntelliJ IDEA.app/Contents/plugins/junit/lib/junit-rt.jar:/Applications/IntelliJ IDEA.app/Contents/plugins/junit/lib/junit5-rt.jar:/Library/Java/JavaVirtualMachines/jdk1.8.0_152.jdk/Contents/Home/jre/lib/charsets.jar:/Library/Java/JavaVirtualMachines/jdk1.8.0_152.jdk/Contents/Home/jre/lib/deploy.jar:/Library/Java/JavaVirtualMachines/jdk1.8.0_152.jdk/Contents/Home/jre/lib/ext/cldrdata.jar:/Library/Java/JavaVirtualMachines/jdk1.8.0_152.jdk/Contents/Home/jre/lib/ext/dnsns.jar:/Library/Java/JavaVirtualMachines/jdk1.8.0_152.jdk/Contents/Home/jre/lib/ext/jaccess.jar:/Library/Java/JavaVirtualMachines/jdk1.8.0_152.jdk/Contents/Home/jre/lib/ext/jfxrt.jar:/Library/Java/JavaVirtualMachines/jdk1.8.0_152.jdk/Contents/Home/jre/lib/ext/localedata.jar:/Library/Java/JavaVirtualMachines/jdk1.8.0_152.jdk/Contents/Home/jre/lib/ext/nashorn.jar:/Library/Java/JavaVirtualMachines/jdk1.8.0_152.jdk/Contents/Home/jre/lib/ext/sunec.jar:/Library/Java/JavaVirtualMachines/jdk1.8.0_152.jdk/Contents/Home/jre/lib/ext/sunjce_provider.jar:/Library/Java/JavaVirtualMachines/jdk1.8.0_152.jdk/Contents/Home/jre/lib/ext/sunpkcs11.jar:/Library/Java/JavaVirtualMachines/jdk1.8.0_152.jdk/Contents/Home/jre/lib/ext/zipfs.jar:/Library/Java/JavaVirtualMachines/jdk1.8.0_152.jdk/Contents/Home/jre/lib/javaws.jar:/Library/Java/JavaVirtualMachines/jdk1.8.0_152.jdk/Contents/Home/jre/lib/jce.jar:/Library/Java/JavaVirtualMachines/jdk1.8.0_152.jdk/Contents/Home/jre/lib/jfr.jar:/Library/Java/JavaVirtualMachines/jdk1.8.0_152.jdk/Contents/Home/jre/lib/jfxswt.jar:/Library/Java/JavaVirtualMachines/jdk1.8.0_152.jdk/Contents/Home/jre/lib/jsse.jar:/Library/Java/JavaVirtualMachines/jdk1.8.0_152.jdk/Contents/Home/jre/lib/management-agent.jar:/Library/Java/JavaVirtualMachines/jdk1.8.0_152.jdk/Contents/Home/jre/lib/plugin.jar:/Library/Java/JavaVirtualMachines/jdk1.8.0_152.jdk/Contents/Home/jre/lib/resources.jar:/Library/Java/JavaVirtualMachines/jdk1.8.0_152.jdk/Contents/Home/jre/lib/rt.jar:/Library/Java/JavaVirtualMachines/jdk1.8.0_152.jdk/Contents/Home/lib/ant-javafx.jar:/Library/Java/JavaVirtualMachines/jdk1.8.0_152.jdk/Contents/Home/lib/dt.jar:/Library/Java/JavaVirtualMachines/jdk1.8.0_152.jdk/Contents/Home/lib/javafx-mx.jar:/Library/Java/JavaVirtualMachines/jdk1.8.0_152.jdk/Contents/Home/lib/jconsole.jar:/Library/Java/JavaVirtualMachines/jdk1.8.0_152.jdk/Contents/Home/lib/packager.jar:/Library/Java/JavaVirtualMachines/jdk1.8.0_152.jdk/Contents/Home/lib/sa-jdi.jar:/Library/Java/JavaVirtualMachines/jdk1.8.0_152.jdk/Contents/Home/lib/tools.jar:/Users/sighguy4/IdeaProjects/myBikePlace/target/test-classes:/Users/sighguy4/IdeaProjects/myBikePlace/target/classes:/Users/sighguy4/.m2/repository/junit/junit/4.12/junit-4.12.jar:/Users/sighguy4/.m2/repository/org/hamcrest/hamcrest-core/1.3/hamcrest-core-1.3.jar:/Users/sighguy4/.m2/repository/javax/javaee-web-api/7.0/javaee-web-api-7.0.jar:/Users/sighguy4/.m2/repository/mysql/mysql-connector-java/5.1.39/mysql-connector-java-5.1.39.jar:/Users/sighguy4/.m2/repository/org/apache/logging/log4j/log4j-api/2.10.0/log4j-api-2.10.0.jar:/Users/sighguy4/.m2/repository/org/apache/logging/log4j/log4j-core/2.10.0/log4j-core-2.10.0.jar:/Users/sighguy4/.m2/repository/org/junit/jupiter/junit-jupiter-engine/5.0.0/junit-jupiter-engine-5.0.0.jar:/Users/sighguy4/.m2/repository/org/apiguardian/apiguardian-api/1.0.0/apiguardian-api-1.0.0.jar:/Users/sighguy4/.m2/repository/org/junit/platform/junit-platform-engine/1.0.0/junit-platform-engine-1.0.0.jar:/Users/sighguy4/.m2/repository/org/junit/platform/junit-platform-commons/1.0.0/junit-platform-commons-1.0.0.jar:/Users/sighguy4/.m2/repository/org/opentest4j/opentest4j/1.0.0/opentest4j-1.0.0.jar:/Users/sighguy4/.m2/repository/org/junit/jupiter/junit-jupiter-api/5.0.0/junit-jupiter-api-5.0.0.jar:/Users/sighguy4/.m2/repository/org/junit/platform/junit-platform-runner/1.0.0/junit-platform-runner-1.0.0.jar:/Users/sighguy4/.m2/repository/org/junit/platform/junit-platform-launcher/1.0.0/junit-platform-launcher-1.0.0.jar:/Users/sighguy4/.m2/repository/org/junit/platform/junit-platform-suite-api/1.0.0/junit-platform-suite-api-1.0.0.jar:/Users/sighguy4/.m2/repository/org/junit/vintage/junit-vintage-engine/4.12.0/junit-vintage-engine-4.12.0.jar:/Users/sighguy4/.m2/repository/org/hibernate/hibernate-core/5.2.12.Final/hibernate-core-5.2.12.Final.jar:/Users/sighguy4/.m2/repository/org/jboss/logging/jboss-logging/3.3.0.Final/jboss-logging-3.3.0.Final.jar:/Users/sighguy4/.m2/repository/org/hibernate/javax/persistence/hibernate-jpa-2.1-api/1.0.0.Final/hibernate-jpa-2.1-api-1.0.0.Final.jar:/Users/sighguy4/.m2/repository/org/javassist/javassist/3.20.0-GA/javassist-3.20.0-GA.jar:/Users/sighguy4/.m2/repository/antlr/antlr/2.7.7/antlr-2.7.7.jar:/Users/sighguy4/.m2/repository/org/jboss/spec/javax/transaction/jboss-transaction-api_1.2_spec/1.0.1.Final/jboss-transaction-api_1.2_spec-1.0.1.Final.jar:/Users/sighguy4/.m2/repository/org/jboss/jandex/2.0.3.Final/jandex-2.0.3.Final.jar:/Users/sighguy4/.m2/repository/com/fasterxml/classmate/1.3.0/classmate-1.3.0.jar:/Users/sighguy4/.m2/repository/dom4j/dom4j/1.6.1/dom4j-1.6.1.jar:/Users/sighguy4/.m2/repository/org/hibernate/common/hibernate-commons-annotations/5.0.1.Final/hibernate-commons-annotations-5.0.1.Final.jar:/Users/sighguy4/.m2/repository/org/hibernate/hibernate-c3p0/5.2.12.Final/hibernate-c3p0-5.2.12.Final.jar:/Users/sighguy4/.m2/repository/com/mchange/c3p0/0.9.5.2/c3p0-0.9.5.2.jar:/Users/sighguy4/.m2/repository/com/mchange/mchange-commons-java/0.2.11/mchange-commons-java-0.2.11.jar:/Applications/IntelliJ IDEA.app/Contents/lib/idea_rt.jar, java.vm.vendor=Oracle Corporation, sun.arch.data.model=64, idea.test.cyclic.buffer.size=1048576, java.vendor.url=http://java.oracle.com/, user.timezone=America/Chicago, os.name=Mac OS X, java.vm.specification.version=1.8, user.country=US, sun.java.launcher=SUN_STANDARD, sun.boot.library.path=/Library/Java/JavaVirtualMachines/jdk1.8.0_152.jdk/Contents/Home/jre/lib, sun.java.command=com.intellij.rt.execution.junit.JUnitStarter -ideVersion5 -junit5 edu.matc.persistence.UserDaoTest,insertSuccess, http.nonProxyHosts=local|*.local|169.254/16|*.169.254/16, sun.cpu.endian=little, hibernate.c3p0.max_statements=50, user.home=/Users/sighguy4, user.language=en, java.specification.vendor=Oracle Corporation, java.home=/Library/Java/JavaVirtualMachines/jdk1.8.0_152.jdk/Contents/Home/jre, file.separator=/, line.separator=
, hibernate.c3p0.timeout=300, java.vm.specification.vendor=Oracle Corporation, java.specification.name=Java Platform API Specification, java.awt.graphicsenv=sun.awt.CGraphicsEnvironment, sun.boot.class.path=/Library/Java/JavaVirtualMachines/jdk1.8.0_152.jdk/Contents/Home/jre/lib/resources.jar:/Library/Java/JavaVirtualMachines/jdk1.8.0_152.jdk/Contents/Home/jre/lib/rt.jar:/Library/Java/JavaVirtualMachines/jdk1.8.0_152.jdk/Contents/Home/jre/lib/sunrsasign.jar:/Library/Java/JavaVirtualMachines/jdk1.8.0_152.jdk/Contents/Home/jre/lib/jsse.jar:/Library/Java/JavaVirtualMachines/jdk1.8.0_152.jdk/Contents/Home/jre/lib/jce.jar:/Library/Java/JavaVirtualMachines/jdk1.8.0_152.jdk/Contents/Home/jre/lib/charsets.jar:/Library/Java/JavaVirtualMachines/jdk1.8.0_152.jdk/Contents/Home/jre/lib/jfr.jar:/Library/Java/JavaVirtualMachines/jdk1.8.0_152.jdk/Contents/Home/jre/classes, connection.password=Belguim#66, sun.management.compiler=HotSpot 64-Bit Tiered Compilers, hibernate.c3p0.max_size=20, ftp.nonProxyHosts=local|*.local|169.254/16|*.169.254/16, java.runtime.version=1.8.0_152-b16, user.name=sighguy4, path.separator=:, hibernate.connection.username=root, os.version=10.12.6, java.endorsed.dirs=/Library/Java/JavaVirtualMachines/jdk1.8.0_152.jdk/Contents/Home/jre/lib/endorsed, java.runtime.name=Java(TM) SE Runtime Environment, hibernate.connection.url=jdbc:mysql://localhost:3306/myBikePlace, file.encoding=UTF-8, java.vm.name=Java HotSpot(TM) 64-Bit Server VM, hibernate.connection.driver_class=com.mysql.jdbc.Driver, java.vendor.url.bug=http://bugreport.sun.com/bugreport/, java.io.tmpdir=/var/folders/9d/xsg98tsj1dn630h6j241zf3h0000gn/T/, java.version=1.8.0_152, user.dir=/Users/sighguy4/IdeaProjects/myBikePlace, os.arch=x86_64, connection.username=root, java.vm.specification.name=Java Virtual Machine Specification, hibernate.connection.password=****, java.awt.printerjob=sun.lwawt.macosx.CPrinterJob, sun.os.patch.level=unknown, connection.driver_class=com.mysql.jdbc.Driver, hibernate.boot.CfgXmlAccessService.key=org.hibernate.boot.cfgxml.spi.LoadedConfig@37eeec90, java.library.path=/Users/sighguy4/Library/Java/Extensions:/Library/Java/Extensions:/Network/Library/Java/Extensions:/System/Library/Java/Extensions:/usr/lib/java:., java.vm.info=mixed mode, java.vendor=Oracle Corporation, java.vm.version=25.152-b16, hibernate.bytecode.use_reflection_optimizer=false, java.ext.dirs=/Users/sighguy4/Library/Java/Extensions:/Library/Java/JavaVirtualMachines/jdk1.8.0_152.jdk/Contents/Home/jre/lib/ext:/Library/Java/Extensions:/Network/Library/Java/Extensions:/System/Library/Java/Extensions:/usr/lib/java, sun.io.unicode.encoding=UnicodeBig, connection.url=jdbc:mysql://localhost:3306/myBikePlace, java.class.version=52.0, socksNonProxyHosts=local|*.local|169.254/16|*.169.254/16}
[DEBUG] 2018-02-17 17:06:12.118 [main] TypeSafeActivator - Unable to acquire Bean Validation ValidatorFactory, skipping activation
[DEBUG] 2018-02-17 17:06:12.118 [main] JaccIntegrator - Skipping JACC integration as it was not enabled
[DEBUG] 2018-02-17 17:06:12.122 [main] SessionFactoryImpl - Instantiated session factory
[DEBUG] 2018-02-17 17:06:12.221 [main] ClassLoaderAccessImpl - Not known whether passed class name [edu.matc.entity.User] is safe
[DEBUG] 2018-02-17 17:06:12.222 [main] ClassLoaderAccessImpl - No temp ClassLoader provided; using live ClassLoader for loading potentially unsafe class : edu.matc.entity.User
[DEBUG] 2018-02-17 17:06:12.249 [main] ClassLoaderAccessImpl - Not known whether passed class name [edu.matc.entity.User] is safe
[DEBUG] 2018-02-17 17:06:12.250 [main] ClassLoaderAccessImpl - No temp ClassLoader provided; using live ClassLoader for loading potentially unsafe class : edu.matc.entity.User
[DEBUG] 2018-02-17 17:06:12.356 [main] AbstractEntityPersister - Static SQL for entity: edu.matc.entity.User
[DEBUG] 2018-02-17 17:06:12.356 [main] AbstractEntityPersister -  Version select: select userId from user where userId =?
[DEBUG] 2018-02-17 17:06:12.356 [main] AbstractEntityPersister -  Snapshot select: select user_.userId, user_.createDate as createDa2_0_, user_.email as email3_0_, user_.firstName as firstNam4_0_, user_.lastName as lastName5_0_, user_.password as password6_0_, user_.updateDate as updateDa7_0_, user_.userName as userName8_0_ from user user_ where user_.userId=?
[DEBUG] 2018-02-17 17:06:12.356 [main] AbstractEntityPersister -  Insert 0: insert into user (createDate, email, firstName, lastName, password, updateDate, userName, userId) values (?, ?, ?, ?, ?, ?, ?, ?)
[DEBUG] 2018-02-17 17:06:12.356 [main] AbstractEntityPersister -  Update 0: update user set createDate=?, email=?, firstName=?, lastName=?, password=?, updateDate=?, userName=? where userId=?
[DEBUG] 2018-02-17 17:06:12.357 [main] AbstractEntityPersister -  Delete 0: delete from user where userId=?
[DEBUG] 2018-02-17 17:06:12.357 [main] AbstractEntityPersister -  Identity insert: insert into user (createDate, email, firstName, lastName, password, updateDate, userName) values (?, ?, ?, ?, ?, ?, ?)
[DEBUG] 2018-02-17 17:06:12.394 [main] QuerySpacesImpl - Adding QuerySpace : uid = <gen:0> -> org.hibernate.loader.plan.build.internal.spaces.EntityQuerySpaceImpl@1db0ec27]
[DEBUG] 2018-02-17 17:06:12.397 [main] MetamodelGraphWalker - Visiting attribute path : createDate
[DEBUG] 2018-02-17 17:06:12.397 [main] MetamodelGraphWalker - Visiting attribute path : email
[DEBUG] 2018-02-17 17:06:12.397 [main] MetamodelGraphWalker - Visiting attribute path : firstName
[DEBUG] 2018-02-17 17:06:12.397 [main] MetamodelGraphWalker - Visiting attribute path : lastName
[DEBUG] 2018-02-17 17:06:12.397 [main] MetamodelGraphWalker - Visiting attribute path : password
[DEBUG] 2018-02-17 17:06:12.397 [main] MetamodelGraphWalker - Visiting attribute path : updateDate
[DEBUG] 2018-02-17 17:06:12.397 [main] MetamodelGraphWalker - Visiting attribute path : userName
[DEBUG] 2018-02-17 17:06:12.397 [main] FetchStyleLoadPlanBuildingAssociationVisitationStrategy - Building LoadPlan...
[DEBUG] 2018-02-17 17:06:12.422 [main] LoadQueryJoinAndFetchProcessor - processing queryspace <gen:0>
[DEBUG] 2018-02-17 17:06:12.428 [main] LoadPlanTreePrinter - LoadPlan(entity=edu.matc.entity.User)
    - Returns
       - EntityReturnImpl(entity=edu.matc.entity.User, querySpaceUid=<gen:0>, path=edu.matc.entity.User)
    - QuerySpaces
       - EntityQuerySpaceImpl(uid=<gen:0>, entity=edu.matc.entity.User)
          - SQL table alias mapping - user0_
          - alias suffix - 0_
          - suffixed key columns - {userId1_0_0_}

[DEBUG] 2018-02-17 17:06:12.436 [main] EntityLoader - Static select for entity edu.matc.entity.User [NONE]: select user0_.userId as userId1_0_0_, user0_.createDate as createDa2_0_0_, user0_.email as email3_0_0_, user0_.firstName as firstNam4_0_0_, user0_.lastName as lastName5_0_0_, user0_.password as password6_0_0_, user0_.updateDate as updateDa7_0_0_, user0_.userName as userName8_0_0_ from user user0_ where user0_.userId=?
[DEBUG] 2018-02-17 17:06:12.437 [main] QuerySpacesImpl - Adding QuerySpace : uid = <gen:0> -> org.hibernate.loader.plan.build.internal.spaces.EntityQuerySpaceImpl@66f66866]
[DEBUG] 2018-02-17 17:06:12.437 [main] MetamodelGraphWalker - Visiting attribute path : createDate
[DEBUG] 2018-02-17 17:06:12.437 [main] MetamodelGraphWalker - Visiting attribute path : email
[DEBUG] 2018-02-17 17:06:12.437 [main] MetamodelGraphWalker - Visiting attribute path : firstName
[DEBUG] 2018-02-17 17:06:12.437 [main] MetamodelGraphWalker - Visiting attribute path : lastName
[DEBUG] 2018-02-17 17:06:12.437 [main] MetamodelGraphWalker - Visiting attribute path : password
[DEBUG] 2018-02-17 17:06:12.437 [main] MetamodelGraphWalker - Visiting attribute path : updateDate
[DEBUG] 2018-02-17 17:06:12.437 [main] MetamodelGraphWalker - Visiting attribute path : userName
[DEBUG] 2018-02-17 17:06:12.439 [main] FetchStyleLoadPlanBuildingAssociationVisitationStrategy - Building LoadPlan...
[DEBUG] 2018-02-17 17:06:12.439 [main] LoadQueryJoinAndFetchProcessor - processing queryspace <gen:0>
[DEBUG] 2018-02-17 17:06:12.439 [main] LoadPlanTreePrinter - LoadPlan(entity=edu.matc.entity.User)
    - Returns
       - EntityReturnImpl(entity=edu.matc.entity.User, querySpaceUid=<gen:0>, path=edu.matc.entity.User)
    - QuerySpaces
       - EntityQuerySpaceImpl(uid=<gen:0>, entity=edu.matc.entity.User)
          - SQL table alias mapping - user0_
          - alias suffix - 0_
          - suffixed key columns - {userId1_0_0_}

[DEBUG] 2018-02-17 17:06:12.439 [main] EntityLoader - Static select for entity edu.matc.entity.User [READ]: select user0_.userId as userId1_0_0_, user0_.createDate as createDa2_0_0_, user0_.email as email3_0_0_, user0_.firstName as firstNam4_0_0_, user0_.lastName as lastName5_0_0_, user0_.password as password6_0_0_, user0_.updateDate as updateDa7_0_0_, user0_.userName as userName8_0_0_ from user user0_ where user0_.userId=?
[DEBUG] 2018-02-17 17:06:12.439 [main] QuerySpacesImpl - Adding QuerySpace : uid = <gen:0> -> org.hibernate.loader.plan.build.internal.spaces.EntityQuerySpaceImpl@4d666b41]
[DEBUG] 2018-02-17 17:06:12.440 [main] MetamodelGraphWalker - Visiting attribute path : createDate
[DEBUG] 2018-02-17 17:06:12.440 [main] MetamodelGraphWalker - Visiting attribute path : email
[DEBUG] 2018-02-17 17:06:12.440 [main] MetamodelGraphWalker - Visiting attribute path : firstName
[DEBUG] 2018-02-17 17:06:12.440 [main] MetamodelGraphWalker - Visiting attribute path : lastName
[DEBUG] 2018-02-17 17:06:12.440 [main] MetamodelGraphWalker - Visiting attribute path : password
[DEBUG] 2018-02-17 17:06:12.440 [main] MetamodelGraphWalker - Visiting attribute path : updateDate
[DEBUG] 2018-02-17 17:06:12.440 [main] MetamodelGraphWalker - Visiting attribute path : userName
[DEBUG] 2018-02-17 17:06:12.440 [main] FetchStyleLoadPlanBuildingAssociationVisitationStrategy - Building LoadPlan...
[DEBUG] 2018-02-17 17:06:12.440 [main] LoadQueryJoinAndFetchProcessor - processing queryspace <gen:0>
[DEBUG] 2018-02-17 17:06:12.441 [main] LoadPlanTreePrinter - LoadPlan(entity=edu.matc.entity.User)
    - Returns
       - EntityReturnImpl(entity=edu.matc.entity.User, querySpaceUid=<gen:0>, path=edu.matc.entity.User)
    - QuerySpaces
       - EntityQuerySpaceImpl(uid=<gen:0>, entity=edu.matc.entity.User)
          - SQL table alias mapping - user0_
          - alias suffix - 0_
          - suffixed key columns - {userId1_0_0_}

[DEBUG] 2018-02-17 17:06:12.441 [main] EntityLoader - Static select for entity edu.matc.entity.User [UPGRADE]: select user0_.userId as userId1_0_0_, user0_.createDate as createDa2_0_0_, user0_.email as email3_0_0_, user0_.firstName as firstNam4_0_0_, user0_.lastName as lastName5_0_0_, user0_.password as password6_0_0_, user0_.updateDate as updateDa7_0_0_, user0_.userName as userName8_0_0_ from user user0_ where user0_.userId=? for update
[DEBUG] 2018-02-17 17:06:12.441 [main] QuerySpacesImpl - Adding QuerySpace : uid = <gen:0> -> org.hibernate.loader.plan.build.internal.spaces.EntityQuerySpaceImpl@30f4b1a6]
[DEBUG] 2018-02-17 17:06:12.441 [main] MetamodelGraphWalker - Visiting attribute path : createDate
[DEBUG] 2018-02-17 17:06:12.441 [main] MetamodelGraphWalker - Visiting attribute path : email
[DEBUG] 2018-02-17 17:06:12.441 [main] MetamodelGraphWalker - Visiting attribute path : firstName
[DEBUG] 2018-02-17 17:06:12.441 [main] MetamodelGraphWalker - Visiting attribute path : lastName
[DEBUG] 2018-02-17 17:06:12.441 [main] MetamodelGraphWalker - Visiting attribute path : password
[DEBUG] 2018-02-17 17:06:12.441 [main] MetamodelGraphWalker - Visiting attribute path : updateDate
[DEBUG] 2018-02-17 17:06:12.441 [main] MetamodelGraphWalker - Visiting attribute path : userName
[DEBUG] 2018-02-17 17:06:12.441 [main] FetchStyleLoadPlanBuildingAssociationVisitationStrategy - Building LoadPlan...
[DEBUG] 2018-02-17 17:06:12.441 [main] LoadQueryJoinAndFetchProcessor - processing queryspace <gen:0>
[DEBUG] 2018-02-17 17:06:12.442 [main] LoadPlanTreePrinter - LoadPlan(entity=edu.matc.entity.User)
    - Returns
       - EntityReturnImpl(entity=edu.matc.entity.User, querySpaceUid=<gen:0>, path=edu.matc.entity.User)
    - QuerySpaces
       - EntityQuerySpaceImpl(uid=<gen:0>, entity=edu.matc.entity.User)
          - SQL table alias mapping - user0_
          - alias suffix - 0_
          - suffixed key columns - {userId1_0_0_}

[DEBUG] 2018-02-17 17:06:12.442 [main] EntityLoader - Static select for entity edu.matc.entity.User [UPGRADE_NOWAIT]: select user0_.userId as userId1_0_0_, user0_.createDate as createDa2_0_0_, user0_.email as email3_0_0_, user0_.firstName as firstNam4_0_0_, user0_.lastName as lastName5_0_0_, user0_.password as password6_0_0_, user0_.updateDate as updateDa7_0_0_, user0_.userName as userName8_0_0_ from user user0_ where user0_.userId=? for update
[DEBUG] 2018-02-17 17:06:12.442 [main] QuerySpacesImpl - Adding QuerySpace : uid = <gen:0> -> org.hibernate.loader.plan.build.internal.spaces.EntityQuerySpaceImpl@3e1162e7]
[DEBUG] 2018-02-17 17:06:12.442 [main] MetamodelGraphWalker - Visiting attribute path : createDate
[DEBUG] 2018-02-17 17:06:12.442 [main] MetamodelGraphWalker - Visiting attribute path : email
[DEBUG] 2018-02-17 17:06:12.442 [main] MetamodelGraphWalker - Visiting attribute path : firstName
[DEBUG] 2018-02-17 17:06:12.442 [main] MetamodelGraphWalker - Visiting attribute path : lastName
[DEBUG] 2018-02-17 17:06:12.442 [main] MetamodelGraphWalker - Visiting attribute path : password
[DEBUG] 2018-02-17 17:06:12.442 [main] MetamodelGraphWalker - Visiting attribute path : updateDate
[DEBUG] 2018-02-17 17:06:12.442 [main] MetamodelGraphWalker - Visiting attribute path : userName
[DEBUG] 2018-02-17 17:06:12.442 [main] FetchStyleLoadPlanBuildingAssociationVisitationStrategy - Building LoadPlan...
[DEBUG] 2018-02-17 17:06:12.443 [main] LoadQueryJoinAndFetchProcessor - processing queryspace <gen:0>
[DEBUG] 2018-02-17 17:06:12.447 [main] LoadPlanTreePrinter - LoadPlan(entity=edu.matc.entity.User)
    - Returns
       - EntityReturnImpl(entity=edu.matc.entity.User, querySpaceUid=<gen:0>, path=edu.matc.entity.User)
    - QuerySpaces
       - EntityQuerySpaceImpl(uid=<gen:0>, entity=edu.matc.entity.User)
          - SQL table alias mapping - user0_
          - alias suffix - 0_
          - suffixed key columns - {userId1_0_0_}

[DEBUG] 2018-02-17 17:06:12.447 [main] EntityLoader - Static select for entity edu.matc.entity.User [UPGRADE_SKIPLOCKED]: select user0_.userId as userId1_0_0_, user0_.createDate as createDa2_0_0_, user0_.email as email3_0_0_, user0_.firstName as firstNam4_0_0_, user0_.lastName as lastName5_0_0_, user0_.password as password6_0_0_, user0_.updateDate as updateDa7_0_0_, user0_.userName as userName8_0_0_ from user user0_ where user0_.userId=? for update
[DEBUG] 2018-02-17 17:06:12.449 [main] QuerySpacesImpl - Adding QuerySpace : uid = <gen:0> -> org.hibernate.loader.plan.build.internal.spaces.EntityQuerySpaceImpl@6c2f1700]
[DEBUG] 2018-02-17 17:06:12.449 [main] MetamodelGraphWalker - Visiting attribute path : createDate
[DEBUG] 2018-02-17 17:06:12.454 [main] MetamodelGraphWalker - Visiting attribute path : email
[DEBUG] 2018-02-17 17:06:12.454 [main] MetamodelGraphWalker - Visiting attribute path : firstName
[DEBUG] 2018-02-17 17:06:12.454 [main] MetamodelGraphWalker - Visiting attribute path : lastName
[DEBUG] 2018-02-17 17:06:12.454 [main] MetamodelGraphWalker - Visiting attribute path : password
[DEBUG] 2018-02-17 17:06:12.454 [main] MetamodelGraphWalker - Visiting attribute path : updateDate
[DEBUG] 2018-02-17 17:06:12.455 [main] MetamodelGraphWalker - Visiting attribute path : userName
[DEBUG] 2018-02-17 17:06:12.455 [main] FetchStyleLoadPlanBuildingAssociationVisitationStrategy - Building LoadPlan...
[DEBUG] 2018-02-17 17:06:12.455 [main] LoadQueryJoinAndFetchProcessor - processing queryspace <gen:0>
[DEBUG] 2018-02-17 17:06:12.459 [main] LoadPlanTreePrinter - LoadPlan(entity=edu.matc.entity.User)
    - Returns
       - EntityReturnImpl(entity=edu.matc.entity.User, querySpaceUid=<gen:0>, path=edu.matc.entity.User)
    - QuerySpaces
       - EntityQuerySpaceImpl(uid=<gen:0>, entity=edu.matc.entity.User)
          - SQL table alias mapping - user0_
          - alias suffix - 0_
          - suffixed key columns - {userId1_0_0_}

[DEBUG] 2018-02-17 17:06:12.459 [main] EntityLoader - Static select for entity edu.matc.entity.User [FORCE]: select user0_.userId as userId1_0_0_, user0_.createDate as createDa2_0_0_, user0_.email as email3_0_0_, user0_.firstName as firstNam4_0_0_, user0_.lastName as lastName5_0_0_, user0_.password as password6_0_0_, user0_.updateDate as updateDa7_0_0_, user0_.userName as userName8_0_0_ from user user0_ where user0_.userId=? for update
[DEBUG] 2018-02-17 17:06:12.459 [main] QuerySpacesImpl - Adding QuerySpace : uid = <gen:0> -> org.hibernate.loader.plan.build.internal.spaces.EntityQuerySpaceImpl@38600b]
[DEBUG] 2018-02-17 17:06:12.459 [main] MetamodelGraphWalker - Visiting attribute path : createDate
[DEBUG] 2018-02-17 17:06:12.459 [main] MetamodelGraphWalker - Visiting attribute path : email
[DEBUG] 2018-02-17 17:06:12.459 [main] MetamodelGraphWalker - Visiting attribute path : firstName
[DEBUG] 2018-02-17 17:06:12.459 [main] MetamodelGraphWalker - Visiting attribute path : lastName
[DEBUG] 2018-02-17 17:06:12.459 [main] MetamodelGraphWalker - Visiting attribute path : password
[DEBUG] 2018-02-17 17:06:12.460 [main] MetamodelGraphWalker - Visiting attribute path : updateDate
[DEBUG] 2018-02-17 17:06:12.460 [main] MetamodelGraphWalker - Visiting attribute path : userName
[DEBUG] 2018-02-17 17:06:12.460 [main] FetchStyleLoadPlanBuildingAssociationVisitationStrategy - Building LoadPlan...
[DEBUG] 2018-02-17 17:06:12.460 [main] LoadQueryJoinAndFetchProcessor - processing queryspace <gen:0>
[DEBUG] 2018-02-17 17:06:12.461 [main] LoadPlanTreePrinter - LoadPlan(entity=edu.matc.entity.User)
    - Returns
       - EntityReturnImpl(entity=edu.matc.entity.User, querySpaceUid=<gen:0>, path=edu.matc.entity.User)
    - QuerySpaces
       - EntityQuerySpaceImpl(uid=<gen:0>, entity=edu.matc.entity.User)
          - SQL table alias mapping - user0_
          - alias suffix - 0_
          - suffixed key columns - {userId1_0_0_}

[DEBUG] 2018-02-17 17:06:12.461 [main] EntityLoader - Static select for entity edu.matc.entity.User [PESSIMISTIC_READ]: select user0_.userId as userId1_0_0_, user0_.createDate as createDa2_0_0_, user0_.email as email3_0_0_, user0_.firstName as firstNam4_0_0_, user0_.lastName as lastName5_0_0_, user0_.password as password6_0_0_, user0_.updateDate as updateDa7_0_0_, user0_.userName as userName8_0_0_ from user user0_ where user0_.userId=? lock in share mode
[DEBUG] 2018-02-17 17:06:12.461 [main] QuerySpacesImpl - Adding QuerySpace : uid = <gen:0> -> org.hibernate.loader.plan.build.internal.spaces.EntityQuerySpaceImpl@721eb7df]
[DEBUG] 2018-02-17 17:06:12.461 [main] MetamodelGraphWalker - Visiting attribute path : createDate
[DEBUG] 2018-02-17 17:06:12.461 [main] MetamodelGraphWalker - Visiting attribute path : email
[DEBUG] 2018-02-17 17:06:12.461 [main] MetamodelGraphWalker - Visiting attribute path : firstName
[DEBUG] 2018-02-17 17:06:12.462 [main] MetamodelGraphWalker - Visiting attribute path : lastName
[DEBUG] 2018-02-17 17:06:12.462 [main] MetamodelGraphWalker - Visiting attribute path : password
[DEBUG] 2018-02-17 17:06:12.462 [main] MetamodelGraphWalker - Visiting attribute path : updateDate
[DEBUG] 2018-02-17 17:06:12.465 [main] MetamodelGraphWalker - Visiting attribute path : userName
[DEBUG] 2018-02-17 17:06:12.465 [main] FetchStyleLoadPlanBuildingAssociationVisitationStrategy - Building LoadPlan...
[DEBUG] 2018-02-17 17:06:12.466 [main] LoadQueryJoinAndFetchProcessor - processing queryspace <gen:0>
[DEBUG] 2018-02-17 17:06:12.466 [main] LoadPlanTreePrinter - LoadPlan(entity=edu.matc.entity.User)
    - Returns
       - EntityReturnImpl(entity=edu.matc.entity.User, querySpaceUid=<gen:0>, path=edu.matc.entity.User)
    - QuerySpaces
       - EntityQuerySpaceImpl(uid=<gen:0>, entity=edu.matc.entity.User)
          - SQL table alias mapping - user0_
          - alias suffix - 0_
          - suffixed key columns - {userId1_0_0_}

[DEBUG] 2018-02-17 17:06:12.466 [main] EntityLoader - Static select for entity edu.matc.entity.User [PESSIMISTIC_WRITE]: select user0_.userId as userId1_0_0_, user0_.createDate as createDa2_0_0_, user0_.email as email3_0_0_, user0_.firstName as firstNam4_0_0_, user0_.lastName as lastName5_0_0_, user0_.password as password6_0_0_, user0_.updateDate as updateDa7_0_0_, user0_.userName as userName8_0_0_ from user user0_ where user0_.userId=? for update
[DEBUG] 2018-02-17 17:06:12.466 [main] QuerySpacesImpl - Adding QuerySpace : uid = <gen:0> -> org.hibernate.loader.plan.build.internal.spaces.EntityQuerySpaceImpl@5d52e3ef]
[DEBUG] 2018-02-17 17:06:12.466 [main] MetamodelGraphWalker - Visiting attribute path : createDate
[DEBUG] 2018-02-17 17:06:12.467 [main] MetamodelGraphWalker - Visiting attribute path : email
[DEBUG] 2018-02-17 17:06:12.467 [main] MetamodelGraphWalker - Visiting attribute path : firstName
[DEBUG] 2018-02-17 17:06:12.467 [main] MetamodelGraphWalker - Visiting attribute path : lastName
[DEBUG] 2018-02-17 17:06:12.467 [main] MetamodelGraphWalker - Visiting attribute path : password
[DEBUG] 2018-02-17 17:06:12.467 [main] MetamodelGraphWalker - Visiting attribute path : updateDate
[DEBUG] 2018-02-17 17:06:12.467 [main] MetamodelGraphWalker - Visiting attribute path : userName
[DEBUG] 2018-02-17 17:06:12.467 [main] FetchStyleLoadPlanBuildingAssociationVisitationStrategy - Building LoadPlan...
[DEBUG] 2018-02-17 17:06:12.468 [main] LoadQueryJoinAndFetchProcessor - processing queryspace <gen:0>
[DEBUG] 2018-02-17 17:06:12.468 [main] LoadPlanTreePrinter - LoadPlan(entity=edu.matc.entity.User)
    - Returns
       - EntityReturnImpl(entity=edu.matc.entity.User, querySpaceUid=<gen:0>, path=edu.matc.entity.User)
    - QuerySpaces
       - EntityQuerySpaceImpl(uid=<gen:0>, entity=edu.matc.entity.User)
          - SQL table alias mapping - user0_
          - alias suffix - 0_
          - suffixed key columns - {userId1_0_0_}

[DEBUG] 2018-02-17 17:06:12.468 [main] EntityLoader - Static select for entity edu.matc.entity.User [PESSIMISTIC_FORCE_INCREMENT]: select user0_.userId as userId1_0_0_, user0_.createDate as createDa2_0_0_, user0_.email as email3_0_0_, user0_.firstName as firstNam4_0_0_, user0_.lastName as lastName5_0_0_, user0_.password as password6_0_0_, user0_.updateDate as updateDa7_0_0_, user0_.userName as userName8_0_0_ from user user0_ where user0_.userId=? for update
[DEBUG] 2018-02-17 17:06:12.468 [main] QuerySpacesImpl - Adding QuerySpace : uid = <gen:0> -> org.hibernate.loader.plan.build.internal.spaces.EntityQuerySpaceImpl@553f3b6e]
[DEBUG] 2018-02-17 17:06:12.469 [main] MetamodelGraphWalker - Visiting attribute path : createDate
[DEBUG] 2018-02-17 17:06:12.469 [main] MetamodelGraphWalker - Visiting attribute path : email
[DEBUG] 2018-02-17 17:06:12.469 [main] MetamodelGraphWalker - Visiting attribute path : firstName
[DEBUG] 2018-02-17 17:06:12.469 [main] MetamodelGraphWalker - Visiting attribute path : lastName
[DEBUG] 2018-02-17 17:06:12.469 [main] MetamodelGraphWalker - Visiting attribute path : password
[DEBUG] 2018-02-17 17:06:12.469 [main] MetamodelGraphWalker - Visiting attribute path : updateDate
[DEBUG] 2018-02-17 17:06:12.469 [main] MetamodelGraphWalker - Visiting attribute path : userName
[DEBUG] 2018-02-17 17:06:12.470 [main] FetchStyleLoadPlanBuildingAssociationVisitationStrategy - Building LoadPlan...
[DEBUG] 2018-02-17 17:06:12.470 [main] LoadQueryJoinAndFetchProcessor - processing queryspace <gen:0>
[DEBUG] 2018-02-17 17:06:12.470 [main] LoadPlanTreePrinter - LoadPlan(entity=edu.matc.entity.User)
    - Returns
       - EntityReturnImpl(entity=edu.matc.entity.User, querySpaceUid=<gen:0>, path=edu.matc.entity.User)
    - QuerySpaces
       - EntityQuerySpaceImpl(uid=<gen:0>, entity=edu.matc.entity.User)
          - SQL table alias mapping - user0_
          - alias suffix - 0_
          - suffixed key columns - {userId1_0_0_}

[DEBUG] 2018-02-17 17:06:12.471 [main] EntityLoader - Static select for entity edu.matc.entity.User [OPTIMISTIC]: select user0_.userId as userId1_0_0_, user0_.createDate as createDa2_0_0_, user0_.email as email3_0_0_, user0_.firstName as firstNam4_0_0_, user0_.lastName as lastName5_0_0_, user0_.password as password6_0_0_, user0_.updateDate as updateDa7_0_0_, user0_.userName as userName8_0_0_ from user user0_ where user0_.userId=?
[DEBUG] 2018-02-17 17:06:12.471 [main] QuerySpacesImpl - Adding QuerySpace : uid = <gen:0> -> org.hibernate.loader.plan.build.internal.spaces.EntityQuerySpaceImpl@4e406694]
[DEBUG] 2018-02-17 17:06:12.471 [main] MetamodelGraphWalker - Visiting attribute path : createDate
[DEBUG] 2018-02-17 17:06:12.471 [main] MetamodelGraphWalker - Visiting attribute path : email
[DEBUG] 2018-02-17 17:06:12.471 [main] MetamodelGraphWalker - Visiting attribute path : firstName
[DEBUG] 2018-02-17 17:06:12.471 [main] MetamodelGraphWalker - Visiting attribute path : lastName
[DEBUG] 2018-02-17 17:06:12.471 [main] MetamodelGraphWalker - Visiting attribute path : password
[DEBUG] 2018-02-17 17:06:12.471 [main] MetamodelGraphWalker - Visiting attribute path : updateDate
[DEBUG] 2018-02-17 17:06:12.471 [main] MetamodelGraphWalker - Visiting attribute path : userName
[DEBUG] 2018-02-17 17:06:12.472 [main] FetchStyleLoadPlanBuildingAssociationVisitationStrategy - Building LoadPlan...
[DEBUG] 2018-02-17 17:06:12.472 [main] LoadQueryJoinAndFetchProcessor - processing queryspace <gen:0>
[DEBUG] 2018-02-17 17:06:12.472 [main] LoadPlanTreePrinter - LoadPlan(entity=edu.matc.entity.User)
    - Returns
       - EntityReturnImpl(entity=edu.matc.entity.User, querySpaceUid=<gen:0>, path=edu.matc.entity.User)
    - QuerySpaces
       - EntityQuerySpaceImpl(uid=<gen:0>, entity=edu.matc.entity.User)
          - SQL table alias mapping - user0_
          - alias suffix - 0_
          - suffixed key columns - {userId1_0_0_}

[DEBUG] 2018-02-17 17:06:12.472 [main] EntityLoader - Static select for entity edu.matc.entity.User [OPTIMISTIC_FORCE_INCREMENT]: select user0_.userId as userId1_0_0_, user0_.createDate as createDa2_0_0_, user0_.email as email3_0_0_, user0_.firstName as firstNam4_0_0_, user0_.lastName as lastName5_0_0_, user0_.password as password6_0_0_, user0_.updateDate as updateDa7_0_0_, user0_.userName as userName8_0_0_ from user user0_ where user0_.userId=?
[DEBUG] 2018-02-17 17:06:12.507 [main] Loader - Static select for action ACTION_MERGE on entity edu.matc.entity.User: select user0_.userId as userId1_0_0_, user0_.createDate as createDa2_0_0_, user0_.email as email3_0_0_, user0_.firstName as firstNam4_0_0_, user0_.lastName as lastName5_0_0_, user0_.password as password6_0_0_, user0_.updateDate as updateDa7_0_0_, user0_.userName as userName8_0_0_ from user user0_ where user0_.userId=?
[DEBUG] 2018-02-17 17:06:12.508 [main] Loader - Static select for action ACTION_REFRESH on entity edu.matc.entity.User: select user0_.userId as userId1_0_0_, user0_.createDate as createDa2_0_0_, user0_.email as email3_0_0_, user0_.firstName as firstNam4_0_0_, user0_.lastName as lastName5_0_0_, user0_.password as password6_0_0_, user0_.updateDate as updateDa7_0_0_, user0_.userName as userName8_0_0_ from user user0_ where user0_.userId=?
[DEBUG] 2018-02-17 17:06:12.552 [main] SchemaManagementToolCoordinator - No actions specified; doing nothing
[DEBUG] 2018-02-17 17:06:12.552 [main] JtaPlatformInitiator - No JtaPlatform was specified, checking resolver
[DEBUG] 2018-02-17 17:06:12.555 [main] JtaPlatformResolverInitiator - No JtaPlatformResolver was specified, using default [org.hibernate.engine.transaction.jta.platform.internal.StandardJtaPlatformResolver]
[DEBUG] 2018-02-17 17:06:12.567 [main] StandardJtaPlatformResolver - Could not resolve JtaPlatform, using default [org.hibernate.engine.transaction.jta.platform.internal.NoJtaPlatform]
[DEBUG] 2018-02-17 17:06:12.572 [main] NamedQueryRepository - Checking 0 named HQL queries
[DEBUG] 2018-02-17 17:06:12.572 [main] NamedQueryRepository - Checking 0 named SQL queries
[DEBUG] 2018-02-17 17:06:12.574 [main] SessionFactoryRegistry - Initializing SessionFactoryRegistry : org.hibernate.internal.SessionFactoryRegistry@6d868997
[DEBUG] 2018-02-17 17:06:12.583 [main] SessionFactoryRegistry - Registering SessionFactory: 28c77160-c03f-498c-8673-54f817668534 (<unnamed>)
[DEBUG] 2018-02-17 17:06:12.583 [main] SessionFactoryRegistry - Not binding SessionFactory to JNDI, no JNDI name configured
[DEBUG] 2018-02-17 17:06:12.822 [main] StatisticsInitiator - Statistics initialized [enabled=false]
[DEBUG] 2018-02-17 17:06:12.835 [main] TransactionImpl - begin
[DEBUG] 2018-02-17 17:06:12.858 [main] ActionQueue - Executing identity-insert immediately
[DEBUG] 2018-02-17 17:06:12.871 [main] SQL - insert into user (createDate, email, firstName, lastName, password, updateDate, userName) values (?, ?, ?, ?, ?, ?, ?)
[DEBUG] 2018-02-17 17:06:12.929 [main] IdentifierGeneratorHelper - Natively generated identity: 47
[DEBUG] 2018-02-17 17:06:12.929 [main] ResourceRegistryStandardImpl - HHH000387: ResultSet's statement was not registered
[DEBUG] 2018-02-17 17:06:12.933 [main] TransactionImpl - committing
[DEBUG] 2018-02-17 17:06:12.934 [main] AbstractFlushingEventListener - Processing flush-time cascades
[DEBUG] 2018-02-17 17:06:12.935 [main] AbstractFlushingEventListener - Dirty checking collections
[DEBUG] 2018-02-17 17:06:12.938 [main] AbstractFlushingEventListener - Flushed: 0 insertions, 0 updates, 0 deletions to 1 objects
[DEBUG] 2018-02-17 17:06:12.938 [main] AbstractFlushingEventListener - Flushed: 0 (re)creations, 0 updates, 0 removals to 0 collections
[DEBUG] 2018-02-17 17:06:12.940 [main] EntityPrinter - Listing entities:
[DEBUG] 2018-02-17 17:06:12.940 [main] EntityPrinter - edu.matc.entity.User{firstName=Fred, lastName=Flintstone, password=supersecret7, updateDate=2018-02-17 17:06:12.86, UserId=47, userName=fflintstone, email=fflintstone@gmail.com, createDate=2018-02-17 17:06:12.86}
[DEBUG] 2018-02-17 17:06:12.943 [main] LogicalConnectionManagedImpl - Initiating JDBC connection release from afterTransaction
[DEBUG] 2018-02-17 17:06:12.944 [main] LogicalConnectionManagedImpl - Initiating JDBC connection release from afterTransaction
[DEBUG] 2018-02-17 17:06:12.965 [main] SQL - select user0_.userId as userId1_0_0_, user0_.createDate as createDa2_0_0_, user0_.email as email3_0_0_, user0_.firstName as firstNam4_0_0_, user0_.lastName as lastName5_0_0_, user0_.password as password6_0_0_, user0_.updateDate as updateDa7_0_0_, user0_.userName as userName8_0_0_ from user user0_ where user0_.userId=?
[DEBUG] 2018-02-17 17:06:12.974 [main] ResultSetProcessorImpl - Starting ResultSet row #0
[DEBUG] 2018-02-17 17:06:12.976 [main] EntityReferenceInitializerImpl - On call to EntityIdentifierReaderImpl#resolve, EntityKey was already known; should only happen on root returns with an optional identifier specified
[DEBUG] 2018-02-17 17:06:12.991 [main] TwoPhaseLoad - Resolving associations for [edu.matc.entity.User#47]
[DEBUG] 2018-02-17 17:06:12.992 [main] TwoPhaseLoad - Done materializing entity [edu.matc.entity.User#47]
[DEBUG] 2018-02-17 17:06:12.992 [main] ResourceRegistryStandardImpl - HHH000387: ResultSet's statement was not registered
[DEBUG] 2018-02-17 17:06:12.992 [main] AbstractLoadPlanBasedEntityLoader - Done entity load : edu.matc.entity.User#47
[DEBUG] 2018-02-17 17:06:12.992 [main] LogicalConnectionManagedImpl - Initiating JDBC connection release from afterTransaction
