[DEBUG] 2018-02-25 15:54:56.364 [main] IntegratorServiceImpl - Adding Integrator [org.hibernate.cfg.beanvalidation.BeanValidationIntegrator].
[DEBUG] 2018-02-25 15:54:56.373 [main] IntegratorServiceImpl - Adding Integrator [org.hibernate.secure.spi.JaccIntegrator].
[DEBUG] 2018-02-25 15:54:56.380 [main] IntegratorServiceImpl - Adding Integrator [org.hibernate.cache.internal.CollectionCacheInvalidator].
[INFO ] 2018-02-25 15:54:56.510 [main] Version - HHH000412: Hibernate Core {5.2.12.Final}
[INFO ] 2018-02-25 15:54:56.512 [main] Environment - HHH000206: hibernate.properties not found
[DEBUG] 2018-02-25 15:54:56.613 [main] LocalXmlResourceResolver - Interpreting public/system identifier : [-//Hibernate/Hibernate Configuration DTD//EN] - [http://www.hibernate.org/dtd/hibernate-configuration-3.0.dtd]
[DEBUG] 2018-02-25 15:54:56.614 [main] LocalXmlResourceResolver - Recognized hibernate-configuration identifier; attempting to resolve on classpath under org/hibernate/
[DEBUG] 2018-02-25 15:54:56.627 [main] JaxbCfgProcessor - cfg.xml document did not define namespaces; wrapping in custom event reader to introduce namespace information
[DEBUG] 2018-02-25 15:54:57.095 [main] ServiceBinding - Overriding existing service binding [org.hibernate.secure.spi.JaccService]
[DEBUG] 2018-02-25 15:54:57.135 [main] RegionFactoryInitiator - Cache region factory : org.hibernate.cache.internal.NoCachingRegionFactory
[INFO ] 2018-02-25 15:54:57.154 [main] Version - HCANN000001: Hibernate Commons Annotations {5.0.1.Final}
[DEBUG] 2018-02-25 15:54:57.191 [main] BasicTypeRegistry - Adding type registration boolean -> org.hibernate.type.BooleanType@5f20155b
[DEBUG] 2018-02-25 15:54:57.192 [main] BasicTypeRegistry - Adding type registration boolean -> org.hibernate.type.BooleanType@5f20155b
[DEBUG] 2018-02-25 15:54:57.193 [main] BasicTypeRegistry - Adding type registration java.lang.Boolean -> org.hibernate.type.BooleanType@5f20155b
[DEBUG] 2018-02-25 15:54:57.194 [main] BasicTypeRegistry - Adding type registration numeric_boolean -> org.hibernate.type.NumericBooleanType@7d94beb9
[DEBUG] 2018-02-25 15:54:57.196 [main] BasicTypeRegistry - Adding type registration true_false -> org.hibernate.type.TrueFalseType@4d6025c5
[DEBUG] 2018-02-25 15:54:57.197 [main] BasicTypeRegistry - Adding type registration yes_no -> org.hibernate.type.YesNoType@4ea5b703
[DEBUG] 2018-02-25 15:54:57.199 [main] BasicTypeRegistry - Adding type registration byte -> org.hibernate.type.ByteType@64e7619d
[DEBUG] 2018-02-25 15:54:57.199 [main] BasicTypeRegistry - Adding type registration byte -> org.hibernate.type.ByteType@64e7619d
[DEBUG] 2018-02-25 15:54:57.199 [main] BasicTypeRegistry - Adding type registration java.lang.Byte -> org.hibernate.type.ByteType@64e7619d
[DEBUG] 2018-02-25 15:54:57.209 [main] BasicTypeRegistry - Adding type registration character -> org.hibernate.type.CharacterType@f627d13
[DEBUG] 2018-02-25 15:54:57.210 [main] BasicTypeRegistry - Adding type registration char -> org.hibernate.type.CharacterType@f627d13
[DEBUG] 2018-02-25 15:54:57.210 [main] BasicTypeRegistry - Adding type registration java.lang.Character -> org.hibernate.type.CharacterType@f627d13
[DEBUG] 2018-02-25 15:54:57.215 [main] BasicTypeRegistry - Adding type registration short -> org.hibernate.type.ShortType@295cf707
[DEBUG] 2018-02-25 15:54:57.215 [main] BasicTypeRegistry - Adding type registration short -> org.hibernate.type.ShortType@295cf707
[DEBUG] 2018-02-25 15:54:57.215 [main] BasicTypeRegistry - Adding type registration java.lang.Short -> org.hibernate.type.ShortType@295cf707
[DEBUG] 2018-02-25 15:54:57.220 [main] BasicTypeRegistry - Adding type registration integer -> org.hibernate.type.IntegerType@1b266842
[DEBUG] 2018-02-25 15:54:57.220 [main] BasicTypeRegistry - Adding type registration int -> org.hibernate.type.IntegerType@1b266842
[DEBUG] 2018-02-25 15:54:57.220 [main] BasicTypeRegistry - Adding type registration java.lang.Integer -> org.hibernate.type.IntegerType@1b266842
[DEBUG] 2018-02-25 15:54:57.223 [main] BasicTypeRegistry - Adding type registration long -> org.hibernate.type.LongType@6692b6c6
[DEBUG] 2018-02-25 15:54:57.223 [main] BasicTypeRegistry - Adding type registration long -> org.hibernate.type.LongType@6692b6c6
[DEBUG] 2018-02-25 15:54:57.223 [main] BasicTypeRegistry - Adding type registration java.lang.Long -> org.hibernate.type.LongType@6692b6c6
[DEBUG] 2018-02-25 15:54:57.227 [main] BasicTypeRegistry - Adding type registration float -> org.hibernate.type.FloatType@4c012563
[DEBUG] 2018-02-25 15:54:57.228 [main] BasicTypeRegistry - Adding type registration float -> org.hibernate.type.FloatType@4c012563
[DEBUG] 2018-02-25 15:54:57.228 [main] BasicTypeRegistry - Adding type registration java.lang.Float -> org.hibernate.type.FloatType@4c012563
[DEBUG] 2018-02-25 15:54:57.230 [main] BasicTypeRegistry - Adding type registration double -> org.hibernate.type.DoubleType@20d7d6fb
[DEBUG] 2018-02-25 15:54:57.230 [main] BasicTypeRegistry - Adding type registration double -> org.hibernate.type.DoubleType@20d7d6fb
[DEBUG] 2018-02-25 15:54:57.230 [main] BasicTypeRegistry - Adding type registration java.lang.Double -> org.hibernate.type.DoubleType@20d7d6fb
[DEBUG] 2018-02-25 15:54:57.233 [main] BasicTypeRegistry - Adding type registration big_decimal -> org.hibernate.type.BigDecimalType@2fba3fc4
[DEBUG] 2018-02-25 15:54:57.233 [main] BasicTypeRegistry - Adding type registration java.math.BigDecimal -> org.hibernate.type.BigDecimalType@2fba3fc4
[DEBUG] 2018-02-25 15:54:57.235 [main] BasicTypeRegistry - Adding type registration big_integer -> org.hibernate.type.BigIntegerType@1c852c0f
[DEBUG] 2018-02-25 15:54:57.235 [main] BasicTypeRegistry - Adding type registration java.math.BigInteger -> org.hibernate.type.BigIntegerType@1c852c0f
[DEBUG] 2018-02-25 15:54:57.237 [main] BasicTypeRegistry - Adding type registration string -> org.hibernate.type.StringType@24c4ddae
[DEBUG] 2018-02-25 15:54:57.237 [main] BasicTypeRegistry - Adding type registration java.lang.String -> org.hibernate.type.StringType@24c4ddae
[DEBUG] 2018-02-25 15:54:57.241 [main] BasicTypeRegistry - Adding type registration nstring -> org.hibernate.type.StringNVarcharType@6a57ae10
[DEBUG] 2018-02-25 15:54:57.242 [main] BasicTypeRegistry - Adding type registration ncharacter -> org.hibernate.type.CharacterNCharType@3b79fd76
[DEBUG] 2018-02-25 15:54:57.243 [main] BasicTypeRegistry - Adding type registration url -> org.hibernate.type.UrlType@1863d2fe
[DEBUG] 2018-02-25 15:54:57.244 [main] BasicTypeRegistry - Adding type registration java.net.URL -> org.hibernate.type.UrlType@1863d2fe
[DEBUG] 2018-02-25 15:54:57.247 [main] BasicTypeRegistry - Adding type registration Duration -> org.hibernate.type.DurationType@797b0699
[DEBUG] 2018-02-25 15:54:57.247 [main] BasicTypeRegistry - Adding type registration java.time.Duration -> org.hibernate.type.DurationType@797b0699
[DEBUG] 2018-02-25 15:54:57.267 [main] BasicTypeRegistry - Adding type registration Instant -> org.hibernate.type.InstantType@6c61a903
[DEBUG] 2018-02-25 15:54:57.268 [main] BasicTypeRegistry - Adding type registration java.time.Instant -> org.hibernate.type.InstantType@6c61a903
[DEBUG] 2018-02-25 15:54:57.270 [main] BasicTypeRegistry - Adding type registration LocalDateTime -> org.hibernate.type.LocalDateTimeType@3fc79729
[DEBUG] 2018-02-25 15:54:57.270 [main] BasicTypeRegistry - Adding type registration java.time.LocalDateTime -> org.hibernate.type.LocalDateTimeType@3fc79729
[DEBUG] 2018-02-25 15:54:57.273 [main] BasicTypeRegistry - Adding type registration LocalDate -> org.hibernate.type.LocalDateType@57c03d88
[DEBUG] 2018-02-25 15:54:57.273 [main] BasicTypeRegistry - Adding type registration java.time.LocalDate -> org.hibernate.type.LocalDateType@57c03d88
[DEBUG] 2018-02-25 15:54:57.275 [main] BasicTypeRegistry - Adding type registration LocalTime -> org.hibernate.type.LocalTimeType@4f74980d
[DEBUG] 2018-02-25 15:54:57.275 [main] BasicTypeRegistry - Adding type registration java.time.LocalTime -> org.hibernate.type.LocalTimeType@4f74980d
[DEBUG] 2018-02-25 15:54:57.277 [main] BasicTypeRegistry - Adding type registration OffsetDateTime -> org.hibernate.type.OffsetDateTimeType@14fa86ae
[DEBUG] 2018-02-25 15:54:57.277 [main] BasicTypeRegistry - Adding type registration java.time.OffsetDateTime -> org.hibernate.type.OffsetDateTimeType@14fa86ae
[DEBUG] 2018-02-25 15:54:57.279 [main] BasicTypeRegistry - Adding type registration OffsetTime -> org.hibernate.type.OffsetTimeType@5b3f61ff
[DEBUG] 2018-02-25 15:54:57.280 [main] BasicTypeRegistry - Adding type registration java.time.OffsetTime -> org.hibernate.type.OffsetTimeType@5b3f61ff
[DEBUG] 2018-02-25 15:54:57.284 [main] BasicTypeRegistry - Adding type registration ZonedDateTime -> org.hibernate.type.ZonedDateTimeType@6fa34d52
[DEBUG] 2018-02-25 15:54:57.284 [main] BasicTypeRegistry - Adding type registration java.time.ZonedDateTime -> org.hibernate.type.ZonedDateTimeType@6fa34d52
[DEBUG] 2018-02-25 15:54:57.286 [main] BasicTypeRegistry - Adding type registration date -> org.hibernate.type.DateType@6337c201
[DEBUG] 2018-02-25 15:54:57.287 [main] BasicTypeRegistry - Adding type registration java.sql.Date -> org.hibernate.type.DateType@6337c201
[DEBUG] 2018-02-25 15:54:57.289 [main] BasicTypeRegistry - Adding type registration time -> org.hibernate.type.TimeType@28d18df5
[DEBUG] 2018-02-25 15:54:57.289 [main] BasicTypeRegistry - Adding type registration java.sql.Time -> org.hibernate.type.TimeType@28d18df5
[DEBUG] 2018-02-25 15:54:57.291 [main] BasicTypeRegistry - Adding type registration timestamp -> org.hibernate.type.TimestampType@b83a9be
[DEBUG] 2018-02-25 15:54:57.291 [main] BasicTypeRegistry - Adding type registration java.sql.Timestamp -> org.hibernate.type.TimestampType@b83a9be
[DEBUG] 2018-02-25 15:54:57.291 [main] BasicTypeRegistry - Adding type registration java.util.Date -> org.hibernate.type.TimestampType@b83a9be
[DEBUG] 2018-02-25 15:54:57.292 [main] BasicTypeRegistry - Adding type registration dbtimestamp -> org.hibernate.type.DbTimestampType@563e4951
[DEBUG] 2018-02-25 15:54:57.294 [main] BasicTypeRegistry - Adding type registration calendar -> org.hibernate.type.CalendarType@6cdba6dc
[DEBUG] 2018-02-25 15:54:57.294 [main] BasicTypeRegistry - Adding type registration java.util.Calendar -> org.hibernate.type.CalendarType@6cdba6dc
[DEBUG] 2018-02-25 15:54:57.294 [main] BasicTypeRegistry - Adding type registration java.util.GregorianCalendar -> org.hibernate.type.CalendarType@6cdba6dc
[DEBUG] 2018-02-25 15:54:57.295 [main] BasicTypeRegistry - Adding type registration calendar_date -> org.hibernate.type.CalendarDateType@5cdec700
[DEBUG] 2018-02-25 15:54:57.296 [main] BasicTypeRegistry - Adding type registration locale -> org.hibernate.type.LocaleType@4b7dc788
[DEBUG] 2018-02-25 15:54:57.296 [main] BasicTypeRegistry - Adding type registration java.util.Locale -> org.hibernate.type.LocaleType@4b7dc788
[DEBUG] 2018-02-25 15:54:57.298 [main] BasicTypeRegistry - Adding type registration currency -> org.hibernate.type.CurrencyType@4e31276e
[DEBUG] 2018-02-25 15:54:57.298 [main] BasicTypeRegistry - Adding type registration java.util.Currency -> org.hibernate.type.CurrencyType@4e31276e
[DEBUG] 2018-02-25 15:54:57.299 [main] BasicTypeRegistry - Adding type registration timezone -> org.hibernate.type.TimeZoneType@5117dd67
[DEBUG] 2018-02-25 15:54:57.299 [main] BasicTypeRegistry - Adding type registration java.util.TimeZone -> org.hibernate.type.TimeZoneType@5117dd67
[DEBUG] 2018-02-25 15:54:57.300 [main] BasicTypeRegistry - Adding type registration class -> org.hibernate.type.ClassType@662706a7
[DEBUG] 2018-02-25 15:54:57.300 [main] BasicTypeRegistry - Adding type registration java.lang.Class -> org.hibernate.type.ClassType@662706a7
[DEBUG] 2018-02-25 15:54:57.302 [main] BasicTypeRegistry - Adding type registration uuid-binary -> org.hibernate.type.UUIDBinaryType@3e6f3f28
[DEBUG] 2018-02-25 15:54:57.302 [main] BasicTypeRegistry - Adding type registration java.util.UUID -> org.hibernate.type.UUIDBinaryType@3e6f3f28
[DEBUG] 2018-02-25 15:54:57.303 [main] BasicTypeRegistry - Adding type registration uuid-char -> org.hibernate.type.UUIDCharType@7357a011
[DEBUG] 2018-02-25 15:54:57.304 [main] BasicTypeRegistry - Adding type registration binary -> org.hibernate.type.BinaryType@4eaf3684
[DEBUG] 2018-02-25 15:54:57.304 [main] BasicTypeRegistry - Adding type registration byte[] -> org.hibernate.type.BinaryType@4eaf3684
[DEBUG] 2018-02-25 15:54:57.304 [main] BasicTypeRegistry - Adding type registration [B -> org.hibernate.type.BinaryType@4eaf3684
[DEBUG] 2018-02-25 15:54:57.306 [main] BasicTypeRegistry - Adding type registration wrapper-binary -> org.hibernate.type.WrapperBinaryType@39d9314d
[DEBUG] 2018-02-25 15:54:57.306 [main] BasicTypeRegistry - Adding type registration Byte[] -> org.hibernate.type.WrapperBinaryType@39d9314d
[DEBUG] 2018-02-25 15:54:57.306 [main] BasicTypeRegistry - Adding type registration [Ljava.lang.Byte; -> org.hibernate.type.WrapperBinaryType@39d9314d
[DEBUG] 2018-02-25 15:54:57.309 [main] BasicTypeRegistry - Adding type registration row_version -> org.hibernate.type.RowVersionType@1bae316d
[DEBUG] 2018-02-25 15:54:57.311 [main] BasicTypeRegistry - Adding type registration image -> org.hibernate.type.ImageType@5026735c
[DEBUG] 2018-02-25 15:54:57.314 [main] BasicTypeRegistry - Adding type registration characters -> org.hibernate.type.CharArrayType@50dfbc58
[DEBUG] 2018-02-25 15:54:57.314 [main] BasicTypeRegistry - Adding type registration char[] -> org.hibernate.type.CharArrayType@50dfbc58
[DEBUG] 2018-02-25 15:54:57.314 [main] BasicTypeRegistry - Adding type registration [C -> org.hibernate.type.CharArrayType@50dfbc58
[DEBUG] 2018-02-25 15:54:57.319 [main] BasicTypeRegistry - Adding type registration wrapper-characters -> org.hibernate.type.CharacterArrayType@1fb19a0
[DEBUG] 2018-02-25 15:54:57.319 [main] BasicTypeRegistry - Adding type registration [Ljava.lang.Character; -> org.hibernate.type.CharacterArrayType@1fb19a0
[DEBUG] 2018-02-25 15:54:57.319 [main] BasicTypeRegistry - Adding type registration Character[] -> org.hibernate.type.CharacterArrayType@1fb19a0
[DEBUG] 2018-02-25 15:54:57.321 [main] BasicTypeRegistry - Adding type registration text -> org.hibernate.type.TextType@5082d622
[DEBUG] 2018-02-25 15:54:57.322 [main] BasicTypeRegistry - Adding type registration ntext -> org.hibernate.type.NTextType@4278284b
[DEBUG] 2018-02-25 15:54:57.327 [main] BasicTypeRegistry - Adding type registration blob -> org.hibernate.type.BlobType@7b8b43c7
[DEBUG] 2018-02-25 15:54:57.327 [main] BasicTypeRegistry - Adding type registration java.sql.Blob -> org.hibernate.type.BlobType@7b8b43c7
[DEBUG] 2018-02-25 15:54:57.328 [main] BasicTypeRegistry - Adding type registration materialized_blob -> org.hibernate.type.MaterializedBlobType@41005828
[DEBUG] 2018-02-25 15:54:57.336 [main] BasicTypeRegistry - Adding type registration clob -> org.hibernate.type.ClobType@3561c410
[DEBUG] 2018-02-25 15:54:57.336 [main] BasicTypeRegistry - Adding type registration java.sql.Clob -> org.hibernate.type.ClobType@3561c410
[DEBUG] 2018-02-25 15:54:57.341 [main] BasicTypeRegistry - Adding type registration nclob -> org.hibernate.type.NClobType@3f67593e
[DEBUG] 2018-02-25 15:54:57.341 [main] BasicTypeRegistry - Adding type registration java.sql.NClob -> org.hibernate.type.NClobType@3f67593e
[DEBUG] 2018-02-25 15:54:57.342 [main] BasicTypeRegistry - Adding type registration materialized_clob -> org.hibernate.type.MaterializedClobType@14bee915
[DEBUG] 2018-02-25 15:54:57.343 [main] BasicTypeRegistry - Adding type registration materialized_nclob -> org.hibernate.type.MaterializedNClobType@59e505b2
[DEBUG] 2018-02-25 15:54:57.346 [main] BasicTypeRegistry - Adding type registration serializable -> org.hibernate.type.SerializableType@74a6f9c1
[DEBUG] 2018-02-25 15:54:57.351 [main] BasicTypeRegistry - Adding type registration object -> org.hibernate.type.ObjectType@60410cd
[DEBUG] 2018-02-25 15:54:57.351 [main] BasicTypeRegistry - Adding type registration java.lang.Object -> org.hibernate.type.ObjectType@60410cd
[DEBUG] 2018-02-25 15:54:57.352 [main] BasicTypeRegistry - Adding type registration imm_date -> org.hibernate.type.AdaptedImmutableType@38604b81
[DEBUG] 2018-02-25 15:54:57.352 [main] BasicTypeRegistry - Adding type registration imm_time -> org.hibernate.type.AdaptedImmutableType@1e44b638
[DEBUG] 2018-02-25 15:54:57.352 [main] BasicTypeRegistry - Adding type registration imm_timestamp -> org.hibernate.type.AdaptedImmutableType@7393222f
[DEBUG] 2018-02-25 15:54:57.352 [main] BasicTypeRegistry - Adding type registration imm_dbtimestamp -> org.hibernate.type.AdaptedImmutableType@babafc2
[DEBUG] 2018-02-25 15:54:57.352 [main] BasicTypeRegistry - Adding type registration imm_calendar -> org.hibernate.type.AdaptedImmutableType@31add175
[DEBUG] 2018-02-25 15:54:57.352 [main] BasicTypeRegistry - Adding type registration imm_calendar_date -> org.hibernate.type.AdaptedImmutableType@ae3540e
[DEBUG] 2018-02-25 15:54:57.353 [main] BasicTypeRegistry - Adding type registration imm_binary -> org.hibernate.type.AdaptedImmutableType@600b9d27
[DEBUG] 2018-02-25 15:54:57.353 [main] BasicTypeRegistry - Adding type registration imm_serializable -> org.hibernate.type.AdaptedImmutableType@3688eb5b
[INFO ] 2018-02-25 15:54:57.369 [main] C3P0ConnectionProvider - HHH010002: C3P0 using driver: com.mysql.jdbc.Driver at URL: jdbc:mysql://localhost:3306/myBikePlace
[INFO ] 2018-02-25 15:54:57.370 [main] C3P0ConnectionProvider - HHH10001001: Connection properties: {user=root, password=****}
[INFO ] 2018-02-25 15:54:57.370 [main] C3P0ConnectionProvider - HHH10001003: Autocommit mode: false
[INFO ] 2018-02-25 15:54:57.660 [main] C3P0ConnectionProvider - HHH10001007: JDBC isolation level: <unknown>
[DEBUG] 2018-02-25 15:54:57.829 [main] JdbcEnvironmentInitiator - Database ->
       name : MySQL
    version : 5.7.20
      major : 5
      minor : 7
[DEBUG] 2018-02-25 15:54:57.830 [main] JdbcEnvironmentInitiator - Driver ->
       name : MySQL Connector Java
    version : mysql-connector-java-5.1.39 ( Revision: 3289a357af6d09ecc1a10fd3c26e95183e5790ad )
      major : 5
      minor : 1
[DEBUG] 2018-02-25 15:54:57.830 [main] JdbcEnvironmentInitiator - JDBC version : 4.0
[INFO ] 2018-02-25 15:54:57.854 [main] Dialect - HHH000400: Using dialect: org.hibernate.dialect.MySQL5Dialect
[DEBUG] 2018-02-25 15:54:58.000 [main] IdentifierHelperBuilder - JDBC driver metadata reported database stores quoted identifiers in more than one case
[DEBUG] 2018-02-25 15:54:58.004 [main] IdentifierHelperBuilder - IdentifierCaseStrategy for both quoted and unquoted identifiers was set to the same strategy [MIXED]; that will likely lead to problems in schema update and validation if using quoted identifiers
[DEBUG] 2018-02-25 15:54:58.130 [main] DefaultIdentifierGeneratorFactory - Registering IdentifierGenerator strategy [uuid2] -> [org.hibernate.id.UUIDGenerator]
[DEBUG] 2018-02-25 15:54:58.131 [main] DefaultIdentifierGeneratorFactory - Registering IdentifierGenerator strategy [guid] -> [org.hibernate.id.GUIDGenerator]
[DEBUG] 2018-02-25 15:54:58.132 [main] DefaultIdentifierGeneratorFactory - Registering IdentifierGenerator strategy [uuid] -> [org.hibernate.id.UUIDHexGenerator]
[DEBUG] 2018-02-25 15:54:58.132 [main] DefaultIdentifierGeneratorFactory - Registering IdentifierGenerator strategy [uuid.hex] -> [org.hibernate.id.UUIDHexGenerator]
[DEBUG] 2018-02-25 15:54:58.133 [main] DefaultIdentifierGeneratorFactory - Registering IdentifierGenerator strategy [assigned] -> [org.hibernate.id.Assigned]
[DEBUG] 2018-02-25 15:54:58.135 [main] DefaultIdentifierGeneratorFactory - Registering IdentifierGenerator strategy [identity] -> [org.hibernate.id.IdentityGenerator]
[DEBUG] 2018-02-25 15:54:58.136 [main] DefaultIdentifierGeneratorFactory - Registering IdentifierGenerator strategy [select] -> [org.hibernate.id.SelectGenerator]
[DEBUG] 2018-02-25 15:54:58.138 [main] DefaultIdentifierGeneratorFactory - Registering IdentifierGenerator strategy [sequence] -> [org.hibernate.id.enhanced.SequenceStyleGenerator]
[DEBUG] 2018-02-25 15:54:58.139 [main] DefaultIdentifierGeneratorFactory - Registering IdentifierGenerator strategy [seqhilo] -> [org.hibernate.id.SequenceHiLoGenerator]
[DEBUG] 2018-02-25 15:54:58.140 [main] DefaultIdentifierGeneratorFactory - Registering IdentifierGenerator strategy [increment] -> [org.hibernate.id.IncrementGenerator]
[DEBUG] 2018-02-25 15:54:58.141 [main] DefaultIdentifierGeneratorFactory - Registering IdentifierGenerator strategy [foreign] -> [org.hibernate.id.ForeignGenerator]
[DEBUG] 2018-02-25 15:54:58.142 [main] DefaultIdentifierGeneratorFactory - Registering IdentifierGenerator strategy [sequence-identity] -> [org.hibernate.id.SequenceIdentityGenerator]
[DEBUG] 2018-02-25 15:54:58.142 [main] DefaultIdentifierGeneratorFactory - Registering IdentifierGenerator strategy [enhanced-sequence] -> [org.hibernate.id.enhanced.SequenceStyleGenerator]
[DEBUG] 2018-02-25 15:54:58.143 [main] DefaultIdentifierGeneratorFactory - Registering IdentifierGenerator strategy [enhanced-table] -> [org.hibernate.id.enhanced.TableGenerator]
[DEBUG] 2018-02-25 15:54:58.201 [main] Namespace - Created database namespace [logicalName=Name{catalog=null, schema=null}, physicalName=Name{catalog=null, schema=null}]
[DEBUG] 2018-02-25 15:54:58.292 [main] AnnotationBinder - Binding entity from annotated class: edu.matc.entity.User
[DEBUG] 2018-02-25 15:54:58.336 [main] Ejb3Column - Binding column: Ejb3DiscriminatorColumn{logicalColumnName'DTYPE', discriminatorTypeName='string'}
[DEBUG] 2018-02-25 15:54:58.345 [main] EntityBinder - Import with entity name User
[DEBUG] 2018-02-25 15:54:58.351 [main] EntityBinder - Bind entity edu.matc.entity.User on table user
[DEBUG] 2018-02-25 15:54:58.438 [main] Ejb3Column - Binding column: Ejb3Column{table=org.hibernate.mapping.Table(user), mappingColumn=id, insertable=true, updatable=true, unique=false}
[DEBUG] 2018-02-25 15:54:58.443 [main] PropertyBinder - MetadataSourceProcessor property UserId with lazy=false
[DEBUG] 2018-02-25 15:54:58.446 [main] AbstractPropertyHolder - Attempting to locate auto-apply AttributeConverter for property [edu.matc.entity.User:UserId]
[DEBUG] 2018-02-25 15:54:58.448 [main] SimpleValueBinder - building SimpleValue for UserId
[DEBUG] 2018-02-25 15:54:58.452 [main] PropertyBinder - Building property UserId
[DEBUG] 2018-02-25 15:54:58.461 [main] Ejb3Column - Binding column: Ejb3Column{table=org.hibernate.mapping.Table(user), mappingColumn=bikeRides, insertable=true, updatable=true, unique=false}
[DEBUG] 2018-02-25 15:54:58.461 [main] PropertyBinder - MetadataSourceProcessor property bikeRides with lazy=false
[DEBUG] 2018-02-25 15:54:58.461 [main] AbstractPropertyHolder - Attempting to locate auto-apply AttributeConverter for property [edu.matc.entity.User:bikeRides]
[DEBUG] 2018-02-25 15:54:58.461 [main] SimpleValueBinder - building SimpleValue for bikeRides
[DEBUG] 2018-02-25 15:54:58.462 [main] PropertyBinder - Building property bikeRides
[DEBUG] 2018-02-25 15:54:58.464 [main] Ejb3Column - Binding column: Ejb3JoinColumn{logicalColumnName='null', referencedColumn='null', mappedBy='user'}
[DEBUG] 2018-02-25 15:54:58.464 [main] Ejb3Column - Binding column: Ejb3Column{table=org.hibernate.mapping.Table(user), mappingColumn=bikes, insertable=true, updatable=true, unique=false}
[DEBUG] 2018-02-25 15:54:58.466 [main] Ejb3Column - Binding column: Ejb3Column{table=org.hibernate.mapping.Table(user), mappingColumn=null, insertable=true, updatable=true, unique=false}
[DEBUG] 2018-02-25 15:54:58.479 [main] Ejb3Column - Binding column: Ejb3Column{table=org.hibernate.mapping.Table(user), mappingColumn=element, insertable=true, updatable=true, unique=false}
[DEBUG] 2018-02-25 15:54:58.480 [main] Ejb3Column - Binding column: Ejb3Column{table=org.hibernate.mapping.Table(user), mappingColumn=bikes_KEY, insertable=true, updatable=true, unique=false}
[DEBUG] 2018-02-25 15:54:58.481 [main] Ejb3Column - Binding column: Ejb3JoinColumn{logicalColumnName='bikes_KEY', referencedColumn='null', mappedBy='null'}
[DEBUG] 2018-02-25 15:54:58.482 [main] Ejb3Column - Binding column: Ejb3JoinColumn{logicalColumnName='null', referencedColumn='null', mappedBy='user'}
[DEBUG] 2018-02-25 15:54:58.482 [main] Ejb3Column - Binding column: Ejb3JoinColumn{logicalColumnName='null', referencedColumn='null', mappedBy='user'}
[DEBUG] 2018-02-25 15:54:58.483 [main] CollectionBinder - Collection role: edu.matc.entity.User.bikes
[DEBUG] 2018-02-25 15:54:58.487 [main] PropertyBinder - Building property bikes
[DEBUG] 2018-02-25 15:54:58.488 [main] Ejb3Column - Binding column: Ejb3Column{table=org.hibernate.mapping.Table(user), mappingColumn=createDate, insertable=true, updatable=true, unique=false}
[DEBUG] 2018-02-25 15:54:58.488 [main] PropertyBinder - MetadataSourceProcessor property createDate with lazy=false
[DEBUG] 2018-02-25 15:54:58.488 [main] AbstractPropertyHolder - Attempting to locate auto-apply AttributeConverter for property [edu.matc.entity.User:createDate]
[DEBUG] 2018-02-25 15:54:58.488 [main] SimpleValueBinder - building SimpleValue for createDate
[DEBUG] 2018-02-25 15:54:58.488 [main] PropertyBinder - Building property createDate
[DEBUG] 2018-02-25 15:54:58.504 [main] Ejb3Column - Binding column: Ejb3Column{table=org.hibernate.mapping.Table(user), mappingColumn=email, insertable=true, updatable=true, unique=false}
[DEBUG] 2018-02-25 15:54:58.504 [main] PropertyBinder - MetadataSourceProcessor property email with lazy=false
[DEBUG] 2018-02-25 15:54:58.505 [main] AbstractPropertyHolder - Attempting to locate auto-apply AttributeConverter for property [edu.matc.entity.User:email]
[DEBUG] 2018-02-25 15:54:58.505 [main] SimpleValueBinder - building SimpleValue for email
[DEBUG] 2018-02-25 15:54:58.505 [main] PropertyBinder - Building property email
[DEBUG] 2018-02-25 15:54:58.505 [main] Ejb3Column - Binding column: Ejb3Column{table=org.hibernate.mapping.Table(user), mappingColumn=firstName, insertable=true, updatable=true, unique=false}
[DEBUG] 2018-02-25 15:54:58.505 [main] PropertyBinder - MetadataSourceProcessor property firstName with lazy=false
[DEBUG] 2018-02-25 15:54:58.506 [main] AbstractPropertyHolder - Attempting to locate auto-apply AttributeConverter for property [edu.matc.entity.User:firstName]
[DEBUG] 2018-02-25 15:54:58.506 [main] SimpleValueBinder - building SimpleValue for firstName
[DEBUG] 2018-02-25 15:54:58.506 [main] PropertyBinder - Building property firstName
[DEBUG] 2018-02-25 15:54:58.506 [main] Ejb3Column - Binding column: Ejb3Column{table=org.hibernate.mapping.Table(user), mappingColumn=lastName, insertable=true, updatable=true, unique=false}
[DEBUG] 2018-02-25 15:54:58.506 [main] PropertyBinder - MetadataSourceProcessor property lastName with lazy=false
[DEBUG] 2018-02-25 15:54:58.506 [main] AbstractPropertyHolder - Attempting to locate auto-apply AttributeConverter for property [edu.matc.entity.User:lastName]
[DEBUG] 2018-02-25 15:54:58.506 [main] SimpleValueBinder - building SimpleValue for lastName
[DEBUG] 2018-02-25 15:54:58.506 [main] PropertyBinder - Building property lastName
[DEBUG] 2018-02-25 15:54:58.506 [main] Ejb3Column - Binding column: Ejb3Column{table=org.hibernate.mapping.Table(user), mappingColumn=password, insertable=true, updatable=true, unique=false}
[DEBUG] 2018-02-25 15:54:58.506 [main] PropertyBinder - MetadataSourceProcessor property password with lazy=false
[DEBUG] 2018-02-25 15:54:58.507 [main] AbstractPropertyHolder - Attempting to locate auto-apply AttributeConverter for property [edu.matc.entity.User:password]
[DEBUG] 2018-02-25 15:54:58.507 [main] SimpleValueBinder - building SimpleValue for password
[DEBUG] 2018-02-25 15:54:58.507 [main] PropertyBinder - Building property password
[DEBUG] 2018-02-25 15:54:58.507 [main] Ejb3Column - Binding column: Ejb3Column{table=org.hibernate.mapping.Table(user), mappingColumn=updateDate, insertable=true, updatable=true, unique=false}
[DEBUG] 2018-02-25 15:54:58.507 [main] PropertyBinder - MetadataSourceProcessor property updateDate with lazy=false
[DEBUG] 2018-02-25 15:54:58.507 [main] AbstractPropertyHolder - Attempting to locate auto-apply AttributeConverter for property [edu.matc.entity.User:updateDate]
[DEBUG] 2018-02-25 15:54:58.507 [main] SimpleValueBinder - building SimpleValue for updateDate
[DEBUG] 2018-02-25 15:54:58.507 [main] PropertyBinder - Building property updateDate
[DEBUG] 2018-02-25 15:54:58.508 [main] Ejb3Column - Binding column: Ejb3Column{table=org.hibernate.mapping.Table(user), mappingColumn=userName, insertable=true, updatable=true, unique=false}
[DEBUG] 2018-02-25 15:54:58.509 [main] PropertyBinder - MetadataSourceProcessor property userName with lazy=false
[DEBUG] 2018-02-25 15:54:58.509 [main] AbstractPropertyHolder - Attempting to locate auto-apply AttributeConverter for property [edu.matc.entity.User:userName]
[DEBUG] 2018-02-25 15:54:58.509 [main] SimpleValueBinder - building SimpleValue for userName
[DEBUG] 2018-02-25 15:54:58.509 [main] PropertyBinder - Building property userName
[DEBUG] 2018-02-25 15:54:58.510 [main] AnnotationBinder - Binding entity from annotated class: edu.matc.entity.Bike
[DEBUG] 2018-02-25 15:54:58.510 [main] Ejb3Column - Binding column: Ejb3DiscriminatorColumn{logicalColumnName'DTYPE', discriminatorTypeName='string'}
[DEBUG] 2018-02-25 15:54:58.510 [main] EntityBinder - Import with entity name Bike
[DEBUG] 2018-02-25 15:54:58.510 [main] EntityBinder - Bind entity edu.matc.entity.Bike on table bike
[DEBUG] 2018-02-25 15:54:58.513 [main] Ejb3Column - Binding column: Ejb3Column{table=org.hibernate.mapping.Table(bike), mappingColumn=id, insertable=true, updatable=true, unique=false}
[DEBUG] 2018-02-25 15:54:58.514 [main] PropertyBinder - MetadataSourceProcessor property id with lazy=false
[DEBUG] 2018-02-25 15:54:58.514 [main] AbstractPropertyHolder - Attempting to locate auto-apply AttributeConverter for property [edu.matc.entity.Bike:id]
[DEBUG] 2018-02-25 15:54:58.514 [main] SimpleValueBinder - building SimpleValue for id
[DEBUG] 2018-02-25 15:54:58.514 [main] PropertyBinder - Building property id
[DEBUG] 2018-02-25 15:54:58.514 [main] Ejb3Column - Binding column: Ejb3Column{table=org.hibernate.mapping.Table(bike), mappingColumn=accessories, insertable=true, updatable=true, unique=false}
[DEBUG] 2018-02-25 15:54:58.514 [main] PropertyBinder - MetadataSourceProcessor property accessories with lazy=false
[DEBUG] 2018-02-25 15:54:58.515 [main] AbstractPropertyHolder - Attempting to locate auto-apply AttributeConverter for property [edu.matc.entity.Bike:accessories]
[DEBUG] 2018-02-25 15:54:58.515 [main] SimpleValueBinder - building SimpleValue for accessories
[DEBUG] 2018-02-25 15:54:58.515 [main] PropertyBinder - Building property accessories
[DEBUG] 2018-02-25 15:54:58.515 [main] Ejb3Column - Binding column: Ejb3Column{table=org.hibernate.mapping.Table(bike), mappingColumn=bikeBrand, insertable=true, updatable=true, unique=false}
[DEBUG] 2018-02-25 15:54:58.515 [main] PropertyBinder - MetadataSourceProcessor property bikeBrand with lazy=false
[DEBUG] 2018-02-25 15:54:58.515 [main] AbstractPropertyHolder - Attempting to locate auto-apply AttributeConverter for property [edu.matc.entity.Bike:bikeBrand]
[DEBUG] 2018-02-25 15:54:58.515 [main] SimpleValueBinder - building SimpleValue for bikeBrand
[DEBUG] 2018-02-25 15:54:58.515 [main] PropertyBinder - Building property bikeBrand
[DEBUG] 2018-02-25 15:54:58.515 [main] Ejb3Column - Binding column: Ejb3Column{table=org.hibernate.mapping.Table(bike), mappingColumn=bikeName, insertable=true, updatable=true, unique=false}
[DEBUG] 2018-02-25 15:54:58.516 [main] PropertyBinder - MetadataSourceProcessor property bikeName with lazy=false
[DEBUG] 2018-02-25 15:54:58.516 [main] AbstractPropertyHolder - Attempting to locate auto-apply AttributeConverter for property [edu.matc.entity.Bike:bikeName]
[DEBUG] 2018-02-25 15:54:58.516 [main] SimpleValueBinder - building SimpleValue for bikeName
[DEBUG] 2018-02-25 15:54:58.516 [main] PropertyBinder - Building property bikeName
[DEBUG] 2018-02-25 15:54:58.516 [main] Ejb3Column - Binding column: Ejb3Column{table=org.hibernate.mapping.Table(bike), mappingColumn=modelYear, insertable=true, updatable=true, unique=false}
[DEBUG] 2018-02-25 15:54:58.516 [main] PropertyBinder - MetadataSourceProcessor property modelYear with lazy=false
[DEBUG] 2018-02-25 15:54:58.516 [main] AbstractPropertyHolder - Attempting to locate auto-apply AttributeConverter for property [edu.matc.entity.Bike:modelYear]
[DEBUG] 2018-02-25 15:54:58.516 [main] SimpleValueBinder - building SimpleValue for modelYear
[DEBUG] 2018-02-25 15:54:58.517 [main] PropertyBinder - Building property modelYear
[DEBUG] 2018-02-25 15:54:58.517 [main] Ejb3Column - Binding column: Ejb3JoinColumn{logicalColumnName='null', referencedColumn='null', mappedBy='null'}
[DEBUG] 2018-02-25 15:54:58.517 [main] Ejb3Column - Binding column: Ejb3Column{table=org.hibernate.mapping.Table(bike), mappingColumn=user, insertable=true, updatable=true, unique=false}
[DEBUG] 2018-02-25 15:54:58.520 [main] PropertyBinder - Building property user
[DEBUG] 2018-02-25 15:54:58.520 [main] AnnotationBinder - Binding entity from annotated class: edu.matc.entity.BikeRides
[DEBUG] 2018-02-25 15:54:58.520 [main] Ejb3Column - Binding column: Ejb3DiscriminatorColumn{logicalColumnName'DTYPE', discriminatorTypeName='string'}
[DEBUG] 2018-02-25 15:54:58.521 [main] EntityBinder - Import with entity name BikeRides
[DEBUG] 2018-02-25 15:54:58.521 [main] EntityBinder - Bind entity edu.matc.entity.BikeRides on table bikeRides
[DEBUG] 2018-02-25 15:54:58.527 [main] Ejb3Column - Binding column: Ejb3Column{table=org.hibernate.mapping.Table(bikeRides), mappingColumn=id, insertable=true, updatable=true, unique=false}
[DEBUG] 2018-02-25 15:54:58.528 [main] PropertyBinder - MetadataSourceProcessor property id with lazy=false
[DEBUG] 2018-02-25 15:54:58.528 [main] AbstractPropertyHolder - Attempting to locate auto-apply AttributeConverter for property [edu.matc.entity.BikeRides:id]
[DEBUG] 2018-02-25 15:54:58.528 [main] SimpleValueBinder - building SimpleValue for id
[DEBUG] 2018-02-25 15:54:58.528 [main] PropertyBinder - Building property id
[DEBUG] 2018-02-25 15:54:58.529 [main] Ejb3Column - Binding column: Ejb3Column{table=org.hibernate.mapping.Table(bikeRides), mappingColumn=milesRidden, insertable=true, updatable=true, unique=false}
[DEBUG] 2018-02-25 15:54:58.529 [main] PropertyBinder - MetadataSourceProcessor property milesRidden with lazy=false
[DEBUG] 2018-02-25 15:54:58.529 [main] AbstractPropertyHolder - Attempting to locate auto-apply AttributeConverter for property [edu.matc.entity.BikeRides:milesRidden]
[DEBUG] 2018-02-25 15:54:58.529 [main] SimpleValueBinder - building SimpleValue for milesRidden
[DEBUG] 2018-02-25 15:54:58.529 [main] PropertyBinder - Building property milesRidden
[DEBUG] 2018-02-25 15:54:58.529 [main] Ejb3Column - Binding column: Ejb3Column{table=org.hibernate.mapping.Table(bikeRides), mappingColumn=rideDescription, insertable=true, updatable=true, unique=false}
[DEBUG] 2018-02-25 15:54:58.529 [main] PropertyBinder - MetadataSourceProcessor property rideDescription with lazy=false
[DEBUG] 2018-02-25 15:54:58.530 [main] AbstractPropertyHolder - Attempting to locate auto-apply AttributeConverter for property [edu.matc.entity.BikeRides:rideDescription]
[DEBUG] 2018-02-25 15:54:58.530 [main] SimpleValueBinder - building SimpleValue for rideDescription
[DEBUG] 2018-02-25 15:54:58.533 [main] PropertyBinder - Building property rideDescription
[DEBUG] 2018-02-25 15:54:58.534 [main] Ejb3Column - Binding column: Ejb3JoinColumn{logicalColumnName='null', referencedColumn='null', mappedBy='null'}
[DEBUG] 2018-02-25 15:54:58.536 [main] Ejb3Column - Binding column: Ejb3Column{table=org.hibernate.mapping.Table(bikeRides), mappingColumn=user, insertable=true, updatable=true, unique=false}
[DEBUG] 2018-02-25 15:54:58.537 [main] PropertyBinder - Building property user
[DEBUG] 2018-02-25 15:54:58.539 [main] SimpleValueBinder - Starting fillSimpleValue for UserId
[DEBUG] 2018-02-25 15:54:58.540 [main] SimpleValueBinder - Starting fillSimpleValue for bikeRides
[DEBUG] 2018-02-25 15:54:58.541 [main] SimpleValueBinder - Starting fillSimpleValue for createDate
[DEBUG] 2018-02-25 15:54:58.541 [main] SimpleValueBinder - Starting fillSimpleValue for email
[DEBUG] 2018-02-25 15:54:58.541 [main] SimpleValueBinder - Starting fillSimpleValue for firstName
[DEBUG] 2018-02-25 15:54:58.541 [main] SimpleValueBinder - Starting fillSimpleValue for lastName
[DEBUG] 2018-02-25 15:54:58.541 [main] SimpleValueBinder - Starting fillSimpleValue for password
[DEBUG] 2018-02-25 15:54:58.541 [main] SimpleValueBinder - Starting fillSimpleValue for updateDate
[DEBUG] 2018-02-25 15:54:58.541 [main] SimpleValueBinder - Starting fillSimpleValue for userName
[DEBUG] 2018-02-25 15:54:58.541 [main] SimpleValueBinder - Starting fillSimpleValue for id
[DEBUG] 2018-02-25 15:54:58.541 [main] SimpleValueBinder - Starting fillSimpleValue for accessories
[DEBUG] 2018-02-25 15:54:58.541 [main] SimpleValueBinder - Starting fillSimpleValue for bikeBrand
[DEBUG] 2018-02-25 15:54:58.541 [main] SimpleValueBinder - Starting fillSimpleValue for bikeName
[DEBUG] 2018-02-25 15:54:58.541 [main] SimpleValueBinder - Starting fillSimpleValue for modelYear
[DEBUG] 2018-02-25 15:54:58.542 [main] SimpleValueBinder - Starting fillSimpleValue for id
[DEBUG] 2018-02-25 15:54:58.542 [main] SimpleValueBinder - Starting fillSimpleValue for milesRidden
[DEBUG] 2018-02-25 15:54:58.542 [main] SimpleValueBinder - Starting fillSimpleValue for rideDescription
[DEBUG] 2018-02-25 15:54:58.549 [main] PrimaryKey - Forcing column [id] to be non-null as it is part of the primary key for table [user]
[DEBUG] 2018-02-25 15:54:58.549 [main] PrimaryKey - Forcing column [id] to be non-null as it is part of the primary key for table [bike]
[DEBUG] 2018-02-25 15:54:58.549 [main] PrimaryKey - Forcing column [id] to be non-null as it is part of the primary key for table [bikerides]
[DEBUG] 2018-02-25 15:54:58.549 [main] CollectionSecondPass - Second pass for collection: edu.matc.entity.User.bikes
[DEBUG] 2018-02-25 15:54:58.554 [main] CollectionBinder - Binding a OneToMany: edu.matc.entity.User.bikes through a foreign key
[DEBUG] 2018-02-25 15:54:58.555 [main] CollectionBinder - Mapping collection: edu.matc.entity.User.bikes -> bike
[DEBUG] 2018-02-25 15:54:58.557 [main] TableBinder - Retrieving property edu.matc.entity.Bike.user
[DEBUG] 2018-02-25 15:54:58.557 [main] CollectionSecondPass - Mapped collection key: user_id, one-to-many: edu.matc.entity.Bike
[DEBUG] 2018-02-25 15:54:58.557 [main] InFlightMetadataCollectorImpl - Resolving reference to class: edu.matc.entity.User
[DEBUG] 2018-02-25 15:54:58.561 [main] InFlightMetadataCollectorImpl - Resolving reference to class: edu.matc.entity.User
[DEBUG] 2018-02-25 15:54:58.562 [main] InFlightMetadataCollectorImpl - Resolving reference to class: edu.matc.entity.User
[DEBUG] 2018-02-25 15:54:58.563 [main] InFlightMetadataCollectorImpl - Resolving reference to class: edu.matc.entity.User
