[DEBUG] 2018-02-12 17:52:36.996 [main] UserDao - Searching for: c
[DEBUG] 2018-02-12 17:52:37.644 [main] UserDao - Searching for user with lastName = Curry
[DEBUG] 2018-02-12 17:52:37.669 [main] UserDao - Searching for user with lastName = c
[DEBUG] 2018-02-12 17:55:12.984 [main] UserDao - Searching for: c
[DEBUG] 2018-02-12 17:55:13.954 [main] UserDao - Searching for user with lastName = Curry
[DEBUG] 2018-02-12 17:55:13.974 [main] UserDao - Searching for user with lastName = c
[DEBUG] 2018-02-12 17:56:33.404 [main] UserDao - Searching for: c
[DEBUG] 2018-02-12 17:56:34.142 [main] UserDao - Searching for user with lastName = Curry
[DEBUG] 2018-02-12 17:56:34.197 [main] UserDao - Searching for user with lastName = c
[DEBUG] 2018-02-12 17:57:38.759 [main] UserDao - Searching for: c
[DEBUG] 2018-02-12 17:57:39.343 [main] UserDao - Searching for user with lastName = Curry
[DEBUG] 2018-02-12 17:57:39.387 [main] UserDao - Searching for user with lastName = c
[DEBUG] 2018-02-12 17:58:45.354 [main] UserDao - Searching for: c
[DEBUG] 2018-02-12 17:58:45.968 [main] UserDao - Searching for user with lastName = Curry
[DEBUG] 2018-02-12 17:58:45.995 [main] UserDao - Searching for user with lastName = c
[DEBUG] 2018-02-12 18:10:08.083 [main] UserDao - Searching for: c
[DEBUG] 2018-02-12 18:10:08.619 [main] UserDao - Searching for user with lastName = Curry
[DEBUG] 2018-02-12 18:10:08.664 [main] UserDao - Searching for user with lastName = c
[DEBUG] 2018-02-12 18:16:17.675 [main] UserDao - Searching for: c
[DEBUG] 2018-02-12 18:16:18.301 [main] UserDao - Searching for user with lastName = Curry
[DEBUG] 2018-02-12 18:16:18.320 [main] UserDao - Searching for user with lastName = c
[DEBUG] 2018-02-12 18:22:59.157 [main] UserDao - Searching for: c
[DEBUG] 2018-02-12 18:22:59.738 [main] UserDao - Searching for user with lastName = Curry
[DEBUG] 2018-02-12 18:22:59.795 [main] UserDao - Searching for user with lastName = c
[DEBUG] 2018-02-12 18:24:11.137 [main] UserDao - Searching for: c
[DEBUG] 2018-02-12 18:24:11.808 [main] UserDao - Searching for user with lastName = Curry
[DEBUG] 2018-02-12 18:24:11.839 [main] UserDao - Searching for user with lastName = c
[DEBUG] 2018-02-12 18:26:54.462 [main] UserDao - Searching for: c
[DEBUG] 2018-02-12 18:26:55.146 [main] UserDao - Searching for user with lastName = Curry
[DEBUG] 2018-02-12 18:26:55.191 [main] UserDao - Searching for user with lastName = c
[DEBUG] 2018-02-12 18:28:10.207 [main] UserDao - Searching for: c
[DEBUG] 2018-02-12 18:28:10.848 [main] UserDao - Searching for user with lastName = Curry
[DEBUG] 2018-02-12 18:28:10.895 [main] UserDao - Searching for user with lastName = c
[DEBUG] 2018-02-12 18:39:24.462 [main] UserDao - Searching for: c
[DEBUG] 2018-02-12 18:39:25.225 [main] UserDao - Searching for user with lastName = Curry
[DEBUG] 2018-02-12 18:39:25.257 [main] UserDao - Searching for user with lastName = c
[DEBUG] 2018-02-12 19:36:57.191 [main] UserDao - Searching for: c
[DEBUG] 2018-02-12 19:36:57.887 [main] UserDao - Searching for user with lastName = Curry
[DEBUG] 2018-02-12 19:36:57.914 [main] UserDao - Searching for user with lastName = c
[DEBUG] 2018-02-12 19:45:43.173 [main] UserDao - Searching for: c
[DEBUG] 2018-02-12 19:45:43.790 [main] UserDao - Searching for user with lastName = Curry
[DEBUG] 2018-02-12 19:45:43.809 [main] UserDao - Searching for user with lastName = c
[DEBUG] 2018-02-12 19:47:29.939 [main] UserDao - Searching for: c
[DEBUG] 2018-02-12 19:47:30.600 [main] UserDao - Searching for user with lastName = Curry
[DEBUG] 2018-02-12 19:47:30.621 [main] UserDao - Searching for user with lastName = c
[DEBUG] 2018-02-12 19:51:22.244 [main] UserDao - Searching for: c
[DEBUG] 2018-02-12 19:51:22.842 [main] UserDao - Searching for user with lastName = Curry
[DEBUG] 2018-02-12 19:51:22.890 [main] UserDao - Searching for user with lastName = c
[DEBUG] 2018-02-12 19:57:24.687 [main] UserDao - Searching for: c
[DEBUG] 2018-02-12 19:57:25.132 [main] UserDao - Searching for user with lastName = Curry
[DEBUG] 2018-02-12 19:57:25.160 [main] UserDao - Searching for user with lastName = c
[DEBUG] 2018-02-12 20:02:19.300 [main] UserDao - Searching for: c
[DEBUG] 2018-02-12 20:02:19.686 [main] UserDao - Searching for user with lastName = Curry
[DEBUG] 2018-02-12 20:02:19.719 [main] UserDao - Searching for user with lastName = c
[DEBUG] 2018-02-12 20:03:39.340 [main] UserDao - Searching for: c
[DEBUG] 2018-02-12 20:03:39.726 [main] UserDao - Searching for user with lastName = Curry
[DEBUG] 2018-02-12 20:03:39.860 [main] UserDao - Searching for user with lastName = c
[DEBUG] 2018-02-12 20:04:52.880 [main] UserDao - Searching for: c
[DEBUG] 2018-02-12 20:04:53.569 [main] UserDao - Searching for user with lastName = Curry
[DEBUG] 2018-02-12 20:04:53.630 [main] UserDao - Searching for user with lastName = c
[DEBUG] 2018-02-12 20:05:51.657 [main] UserDao - Searching for: c
[DEBUG] 2018-02-12 20:05:52.300 [main] UserDao - Searching for user with lastName = Curry
[DEBUG] 2018-02-12 20:05:52.328 [main] UserDao - Searching for user with lastName = c
[DEBUG] 2018-02-12 20:07:02.075 [main] UserDao - Searching for: c
[DEBUG] 2018-02-12 20:07:02.785 [main] UserDao - Searching for user with lastName = Curry
[DEBUG] 2018-02-12 20:07:02.841 [main] UserDao - Searching for user with lastName = c
[DEBUG] 2018-02-12 20:09:55.403 [main] UserDao - Searching for: c
[DEBUG] 2018-02-12 20:09:56.155 [main] UserDao - Searching for user with lastName = Curry
[DEBUG] 2018-02-12 20:09:56.192 [main] UserDao - Searching for user with lastName = c
[DEBUG] 2018-02-13 17:16:45.558 [main] UserDao - Searching for user with lastName = Curry
[DEBUG] 2018-02-13 17:16:46.114 [main] UserDao - Searching for user with lastName = c
[DEBUG] 2018-02-13 18:23:23.880 [main] UserDao - Searching for user with lastName = Curry
[DEBUG] 2018-02-13 18:23:24.486 [main] UserDao - Searching for user with lastName = c
[DEBUG] 2018-02-13 18:28:01.206 [main] UserDao - Searching for user with lastName = Curry
[DEBUG] 2018-02-13 18:28:01.670 [main] UserDao - Searching for user with lastName = c
[DEBUG] 2018-02-13 18:36:38.088 [main] UserDao - Searching for user with lastName = Curry
[DEBUG] 2018-02-13 18:36:38.624 [main] UserDao - Searching for user with lastName = c
[DEBUG] 2018-02-13 18:37:50.287 [main] UserDao - Searching for user with lastName = Curry
[DEBUG] 2018-02-13 18:37:50.775 [main] UserDao - Searching for user with lastName = c
[DEBUG] 2018-02-13 18:52:19.659 [main] UserDao - Searching for user with lastName = Curry
[DEBUG] 2018-02-13 18:52:20.098 [main] UserDao - Searching for user with lastName = c
[DEBUG] 2018-02-13 18:56:41.710 [main] UserDao - Searching for user with lastName = Curry
[DEBUG] 2018-02-13 18:56:42.349 [main] UserDao - Searching for user with lastName = c
[DEBUG] 2018-02-17 17:21:49.974 [main] UserDao - Searching for user with lastName = Curry
[DEBUG] 2018-02-17 17:21:50.413 [main] UserDao - Searching for user with lastName = c
[DEBUG] 2018-02-18 12:51:48.232 [main] UserDao - Searching for user with lastName = Curry
[DEBUG] 2018-02-18 12:51:48.814 [main] UserDao - Searching for user with lastName = c
[DEBUG] 2018-02-18 15:52:26.356 [main] GenericDao - Searching for order with lastName = Curry
[DEBUG] 2018-02-18 15:52:27.228 [main] GenericDao - Searching for order with lastName = c
[DEBUG] 2018-02-18 16:51:13.870 [main] GenericDao - Searching for order with lastName = Curry
[DEBUG] 2018-02-18 16:51:14.531 [main] GenericDao - Searching for order with lastName = c
[ERROR] 2018-02-18 17:41:07.447 [main] Database - java.sql.SQLException: Column count doesn't match value count at row 2
[ERROR] 2018-02-18 17:41:11.176 [main] Database - java.sql.SQLException: Column count doesn't match value count at row 2
[DEBUG] 2018-02-18 17:41:11.180 [main] GenericDao - Searching for order with bikeBrand = Trek
[ERROR] 2018-02-18 17:41:11.797 [main] Database - java.sql.SQLException: Column count doesn't match value count at row 2
[DEBUG] 2018-02-18 17:41:11.798 [main] GenericDao - Searching for order with bikeBrand = T
[ERROR] 2018-02-18 17:41:11.829 [main] Database - java.sql.SQLException: Column count doesn't match value count at row 2
[ERROR] 2018-02-18 17:41:11.884 [main] Database - java.sql.SQLException: Column count doesn't match value count at row 2
[ERROR] 2018-02-18 17:42:50.630 [main] Database - java.sql.SQLException: Column count doesn't match value count at row 2
[DEBUG] 2018-02-18 18:02:18.418 [main] GenericDao - Searching for order with bikeBrand = Trek
[DEBUG] 2018-02-18 18:02:19.004 [main] GenericDao - Searching for order with bikeBrand = T
[DEBUG] 2018-02-18 18:05:59.095 [main] GenericDao - Searching for order with bikeBrand = Trek
[DEBUG] 2018-02-18 18:06:59.743 [main] GenericDao - Searching for order with bikeBrand = Trek
[DEBUG] 2018-02-18 18:07:44.106 [main] GenericDao - Searching for order with bikeBrand = Trek
[DEBUG] 2018-02-18 18:08:14.710 [main] GenericDao - Searching for order with bikeBrand = Trek
[DEBUG] 2018-02-18 18:08:39.029 [main] GenericDao - Searching for order with bikeBrand = Trek
[DEBUG] 2018-02-18 18:09:04.968 [main] GenericDao - Searching for order with bikeBrand = T
[DEBUG] 2018-02-18 18:09:46.183 [main] GenericDao - Searching for order with bikeBrand = T
[DEBUG] 2018-02-18 18:40:14.762 [main] GenericDao - Searching for order with bikeBrand = Trek
[DEBUG] 2018-02-18 18:40:15.333 [main] GenericDao - Searching for order with bikeBrand = T
[DEBUG] 2018-02-18 18:42:09.293 [main] GenericDao - Searching for order with bikeBrand = Trek
[DEBUG] 2018-02-18 18:42:09.807 [main] GenericDao - Searching for order with bikeBrand = T
[DEBUG] 2018-02-18 18:42:26.864 [main] GenericDao - Searching for order with bikeBrand = Trek
[DEBUG] 2018-02-18 18:42:27.594 [main] GenericDao - Searching for order with bikeBrand = T
[DEBUG] 2018-02-18 18:43:42.197 [main] GenericDao - Searching for order with bikeBrand = Trek
[DEBUG] 2018-02-18 18:43:42.685 [main] GenericDao - Searching for order with bikeBrand = T
[DEBUG] 2018-02-18 18:44:05.286 [main] GenericDao - Searching for order with lastName = Curry
[DEBUG] 2018-02-18 18:44:05.800 [main] GenericDao - Searching for order with lastName = c
[DEBUG] 2018-02-18 18:44:20.229 [main] GenericDao - Searching for order with lastName = Curry
[DEBUG] 2018-02-18 18:44:20.738 [main] GenericDao - Searching for order with lastName = c
[DEBUG] 2018-02-18 18:45:41.784 [main] GenericDao - Searching for order with bikeBrand = Trek
[DEBUG] 2018-02-18 18:45:42.542 [main] GenericDao - Searching for order with bikeBrand = T
[DEBUG] 2018-02-18 18:45:42.876 [main] GenericDao - Searching for order with lastName = Curry
[DEBUG] 2018-02-18 18:45:42.904 [main] GenericDao - Searching for order with lastName = c
[ERROR] 2018-02-19 18:13:20.153 [main] Database - com.mysql.jdbc.exceptions.jdbc4.MySQLIntegrityConstraintViolationException: Duplicate entry '2' for key 'bike_user_id_uindex'
[ERROR] 2018-02-19 18:13:24.789 [main] Database - com.mysql.jdbc.exceptions.jdbc4.MySQLIntegrityConstraintViolationException: Duplicate entry '2' for key 'bike_user_id_uindex'
[DEBUG] 2018-02-19 18:13:24.793 [main] GenericDao - Searching for order with bikeBrand = Trek
[ERROR] 2018-02-19 18:13:25.427 [main] Database - com.mysql.jdbc.exceptions.jdbc4.MySQLIntegrityConstraintViolationException: Duplicate entry '2' for key 'bike_user_id_uindex'
[DEBUG] 2018-02-19 18:13:25.428 [main] GenericDao - Searching for order with bikeBrand = T
[ERROR] 2018-02-19 18:13:25.492 [main] Database - com.mysql.jdbc.exceptions.jdbc4.MySQLIntegrityConstraintViolationException: Duplicate entry '2' for key 'bike_user_id_uindex'
[ERROR] 2018-02-19 18:13:25.535 [main] Database - com.mysql.jdbc.exceptions.jdbc4.MySQLIntegrityConstraintViolationException: Duplicate entry '2' for key 'bike_user_id_uindex'
[DEBUG] 2018-02-20 17:23:56.172 [main] GenericDao - Searching for order with bikeBrand = Trek
[DEBUG] 2018-02-20 17:23:56.823 [main] GenericDao - Searching for order with bikeBrand = T
[DEBUG] 2018-02-20 21:03:44.139 [main] GenericDao - Searching for order with bikeBrand = Trek
[DEBUG] 2018-02-20 21:03:44.696 [main] GenericDao - Searching for order with bikeBrand = T
[DEBUG] 2018-02-20 21:04:04.336 [main] GenericDao - Searching for order with lastName = Curry
[DEBUG] 2018-02-20 21:04:04.859 [main] GenericDao - Searching for order with lastName = c
[DEBUG] 2018-02-20 21:16:53.494 [main] GenericDao - Searching for order with bikeBrand = Trek
[DEBUG] 2018-02-20 21:16:54.068 [main] GenericDao - Searching for order with bikeBrand = T
[DEBUG] 2018-02-20 21:17:34.332 [main] GenericDao - Searching for order with lastName = Curry
[DEBUG] 2018-02-20 21:17:34.807 [main] GenericDao - Searching for order with lastName = c
[DEBUG] 2018-02-23 10:40:53.383 [main] GenericDao - Searching for order with bikeBrand = Trek
[DEBUG] 2018-02-23 10:40:54.013 [main] GenericDao - Searching for order with bikeBrand = T
[DEBUG] 2018-02-23 10:41:32.140 [main] GenericDao - Searching for order with lastName = Curry
[DEBUG] 2018-02-23 10:41:32.953 [main] GenericDao - Searching for order with lastName = c
[DEBUG] 2018-02-25 10:40:17.518 [main] GenericDao - Searching for order with bikeBrand = Trek
[DEBUG] 2018-02-25 10:40:18.150 [main] GenericDao - Searching for order with bikeBrand = T
[DEBUG] 2018-02-25 11:07:22.557 [main] GenericDao - Searching for order with bikeBrand = Trek
[DEBUG] 2018-02-25 11:07:23.077 [main] GenericDao - Searching for order with bikeBrand = T
[DEBUG] 2018-02-25 11:08:37.155 [main] GenericDao - Searching for order with lastName = Curry
[DEBUG] 2018-02-25 11:08:37.645 [main] GenericDao - Searching for order with lastName = c
[DEBUG] 2018-02-25 13:39:52.996 [main] GenericDao - Searching for order with lastName = Curry
[DEBUG] 2018-02-25 13:39:53.876 [main] GenericDao - Searching for order with lastName = c
[DEBUG] 2018-02-25 20:07:44.731 [main] GenericDao - Searching for order with bikeBrand = Trek
[DEBUG] 2018-02-25 20:07:45.327 [main] GenericDao - Searching for order with bikeBrand = T
[DEBUG] 2018-02-25 20:07:45.730 [main] GenericDao - Searching for order with rideDescription = Military Ridge Trail Round Trip
[DEBUG] 2018-02-25 20:07:45.758 [main] GenericDao - Searching for order with rideDescription = C
[DEBUG] 2018-02-25 20:07:46.102 [main] GenericDao - Searching for order with lastName = Curry
[DEBUG] 2018-02-25 20:07:46.127 [main] GenericDao - Searching for order with lastName = c
[DEBUG] 2018-02-25 20:08:22.816 [main] GenericDao - Searching for order with bikeBrand = Trek
[DEBUG] 2018-02-25 20:08:23.402 [main] GenericDao - Searching for order with bikeBrand = T
[DEBUG] 2018-02-25 20:08:43.447 [main] GenericDao - Searching for order with rideDescription = Military Ridge Trail Round Trip
[DEBUG] 2018-02-25 20:08:43.958 [main] GenericDao - Searching for order with rideDescription = C
[DEBUG] 2018-02-25 20:09:03.186 [main] GenericDao - Searching for order with lastName = Curry
[DEBUG] 2018-02-25 20:09:03.777 [main] GenericDao - Searching for order with lastName = c
[DEBUG] 2018-02-25 20:10:24.929 [main] GenericDao - Searching for order with lastName = Curry
[DEBUG] 2018-02-25 20:10:25.511 [main] GenericDao - Searching for order with lastName = c
[DEBUG] 2018-02-25 20:11:00.741 [main] GenericDao - Searching for order with bikeBrand = Trek
[DEBUG] 2018-02-25 20:11:01.333 [main] GenericDao - Searching for order with bikeBrand = T
[DEBUG] 2018-02-25 20:11:01.817 [main] GenericDao - Searching for order with rideDescription = Military Ridge Trail Round Trip
[DEBUG] 2018-02-25 20:11:01.877 [main] GenericDao - Searching for order with rideDescription = C
[DEBUG] 2018-02-25 20:11:02.202 [main] GenericDao - Searching for order with lastName = Curry
[DEBUG] 2018-02-25 20:11:02.231 [main] GenericDao - Searching for order with lastName = c
[DEBUG] 2018-02-25 20:43:34.606 [main] GenericDao - Searching for order with bikeBrand = Trek
[DEBUG] 2018-02-25 20:43:35.275 [main] GenericDao - Searching for order with bikeBrand = T
[DEBUG] 2018-02-25 20:43:35.724 [main] GenericDao - Searching for order with rideDescription = Military Ridge Trail Round Trip
[DEBUG] 2018-02-25 20:43:35.758 [main] GenericDao - Searching for order with rideDescription = C
[DEBUG] 2018-02-25 20:43:36.066 [main] GenericDao - Searching for order with lastName = Curry
[DEBUG] 2018-02-25 20:43:36.138 [main] GenericDao - Searching for order with lastName = c
[DEBUG] 2018-02-26 17:30:37.254 [main] GenericDao - Searching for order with bikeBrand = Trek
[DEBUG] 2018-02-26 17:30:37.944 [main] GenericDao - Searching for order with bikeBrand = T
[DEBUG] 2018-02-26 17:30:38.390 [main] GenericDao - Searching for order with rideDescription = Military Ridge Trail Round Trip
[DEBUG] 2018-02-26 17:30:38.443 [main] GenericDao - Searching for order with rideDescription = C
[DEBUG] 2018-02-26 17:30:38.803 [main] GenericDao - Searching for order with lastName = Curry
[DEBUG] 2018-02-26 17:30:38.831 [main] GenericDao - Searching for order with lastName = c
[DEBUG] 2018-02-26 17:32:30.728 [main] GenericDao - Searching for order with bikeBrand = Trek
[DEBUG] 2018-02-26 17:32:31.319 [main] GenericDao - Searching for order with bikeBrand = T
[DEBUG] 2018-02-26 17:33:19.254 [main] GenericDao - Searching for order with rideDescription = Military Ridge Trail Round Trip
[DEBUG] 2018-02-26 17:33:19.838 [main] GenericDao - Searching for order with rideDescription = C
[DEBUG] 2018-02-26 17:33:59.398 [main] GenericDao - Searching for order with lastName = Curry
[DEBUG] 2018-02-26 17:33:59.974 [main] GenericDao - Searching for order with lastName = c
[DEBUG] 2018-02-26 19:14:47.306 [main] GenericDao - Searching for order with bikeBrand = Trek
[DEBUG] 2018-02-26 19:14:47.842 [main] GenericDao - Searching for order with bikeBrand = T
[DEBUG] 2018-02-26 19:14:48.215 [main] GenericDao - Searching for order with rideDescription = Military Ridge Trail Round Trip
[DEBUG] 2018-02-26 19:14:48.277 [main] GenericDao - Searching for order with rideDescription = C
[DEBUG] 2018-02-26 19:14:48.690 [main] GenericDao - Searching for order with lastName = Curry
[DEBUG] 2018-02-26 19:14:48.717 [main] GenericDao - Searching for order with lastName = c
[DEBUG] 2018-02-27 16:52:52.672 [main] GenericDao - Searching for order with bikeBrand = Trek
[DEBUG] 2018-02-27 16:52:53.410 [main] GenericDao - Searching for order with bikeBrand = T
[DEBUG] 2018-02-27 16:53:13.490 [main] GenericDao - Searching for order with lastName = Curry
[DEBUG] 2018-02-27 16:53:14.188 [main] GenericDao - Searching for order with lastName = c
[DEBUG] 2018-02-27 16:54:58.636 [main] GenericDao - Searching for order with rideDescription = Military Ridge Trail Round Trip
[DEBUG] 2018-02-27 16:54:59.338 [main] GenericDao - Searching for order with rideDescription = C
[DEBUG] 2018-02-27 18:16:07.757 [main] GenericDao - Searching for order with bikeBrand = Trek
[DEBUG] 2018-02-27 18:16:08.321 [main] GenericDao - Searching for order with bikeBrand = T
[DEBUG] 2018-02-27 18:16:08.722 [main] GenericDao - Searching for order with rideDescription = Military Ridge Trail Round Trip
[DEBUG] 2018-02-27 18:16:08.785 [main] GenericDao - Searching for order with rideDescription = C
[DEBUG] 2018-02-27 18:16:09.170 [main] GenericDao - Searching for order with lastName = Curry
[DEBUG] 2018-02-27 18:16:09.251 [main] GenericDao - Searching for order with lastName = c
